--------------------------------------------------------------------------
A requested component was not found, or was unable to be opened.  This
means that this component is either not installed or is unable to be
used on your system (e.g., sometimes this means that shared libraries
that the component requires are unable to be found/loaded).  Note that
PMIX stopped checking at the first component that it did not find.

Host:      RTXWS
Framework: gds
Component: shmem
--------------------------------------------------------------------------

--------------------------------------------------------------------------
A requested component was not found, or was unable to be opened.  This
means that this component is either not installed or is unable to be
used on your system (e.g., sometimes this means that shared libraries
that the component requires are unable to be found/loaded).  Note that
PMIX stopped checking at the first component that it did not find.

Host:      RTXWS
Framework: gds
Component: shmem
--------------------------------------------------------------------------

--------------------------------------------------------------------------
A requested component was not found, or was unable to be opened.  This
means that this component is either not installed or is unable to be
used on your system (e.g., sometimes this means that shared libraries
that the component requires are unable to be found/loaded).  Note that
PMIX stopped checking at the first component that it did not find.

Host:      RTXWS
Framework: gds
Component: shmem
--------------------------------------------------------------------------

--------------------------------------------------------------------------
A requested component was not found, or was unable to be opened.  This
means that this component is either not installed or is unable to be
used on your system (e.g., sometimes this means that shared libraries
that the component requires are unable to be found/loaded).  Note that
PMIX stopped checking at the first component that it did not find.

Host:      RTXWS
Framework: gds
Component: shmem
--------------------------------------------------------------------------

--------------------------------------------------------------------------
A requested component was not found, or was unable to be opened.  This
means that this component is either not installed or is unable to be
used on your system (e.g., sometimes this means that shared libraries
that the component requires are unable to be found/loaded).  Note that
PMIX stopped checking at the first component that it did not find.

Host:      RTXWS
Framework: gds
Component: shmem
--------------------------------------------------------------------------

--------------------------------------------------------------------------
A requested component was not found, or was unable to be opened.  This
means that this component is either not installed or is unable to be
used on your system (e.g., sometimes this means that shared libraries
that the component requires are unable to be found/loaded).  Note that
PMIX stopped checking at the first component that it did not find.

Host:      RTXWS
Framework: gds
Component: shmem
--------------------------------------------------------------------------

--------------------------------------------------------------------------
A requested component was not found, or was unable to be opened.  This
means that this component is either not installed or is unable to be
used on your system (e.g., sometimes this means that shared libraries
that the component requires are unable to be found/loaded).  Note that
PMIX stopped checking at the first component that it did not find.

Host:      RTXWS
Framework: gds
Component: shmem
--------------------------------------------------------------------------

--------------------------------------------------------------------------
A requested component was not found, or was unable to be opened.  This
means that this component is either not installed or is unable to be
used on your system (e.g., sometimes this means that shared libraries
that the component requires are unable to be found/loaded).  Note that
PMIX stopped checking at the first component that it did not find.

Host:      RTXWS
Framework: gds
Component: shmem
--------------------------------------------------------------------------


[36m
*** Info ***
/home/ubuntu/MSR-project/MSFR/stage3_cardinal/th_laminar.i:82.1:
The following occurred in the Problem 'MOOSE Problem' of type FEProblem.

Using /home/ubuntu/MSR-project/MSFR/stage3_cardinal/th_stokes_checkpoint_cp/0001 for restart.[39m
Finished Setting Up                                                                      [[33m  1.92 s[39m] [[33m  272 MB[39m]
Framework Information:
MOOSE Version:           git commit b1e271b638 on 2025-10-10
LibMesh Version:         
PETSc Version:           3.23.4
SLEPc Version:           3.23.2
Current Time:            Fri Apr 24 08:14:55 2026
Executable Timestamp:    Tue Apr 14 14:29:53 2026

Input File(s):
  /home/ubuntu/MSR-project/MSFR/stage3_cardinal/th_laminar.i

Checkpoint:
  Wall Time Interval:      Every 3600 s
  User Checkpoint:         Disabled
  # Checkpoints Kept:      2
  Execute On:              TIMESTEP_END 

Parallelism:
  Num Processors:          4
  Num Threads:             1

Mesh: 
  Parallel Type:           replicated
  Mesh Dimension:          3
  Spatial Dimension:       3
  Nodes:                   
    Total:                 9245
    Local:                 2162
    Min/Max/Avg:           2004/2614/2311
  Elems:                   
    Total:                 35186
    Local:                 8797
    Min/Max/Avg:           8796/8797/8796
  Num Subdomains:          1
  Num Partitions:          4
  Partitioner:             metis

Nonlinear System [u_system]:
  Num DOFs:                35186
  Num Local DOFs:          8797
  Variables:               "vel_x" 
  Finite Element Types:    "MONOMIAL" 
  Approximation Orders:    "CONSTANT" 

Nonlinear System [v_system]:
  Num DOFs:                35186
  Num Local DOFs:          8797
  Variables:               "vel_y" 
  Finite Element Types:    "MONOMIAL" 
  Approximation Orders:    "CONSTANT" 

Nonlinear System [w_system]:
  Num DOFs:                35186
  Num Local DOFs:          8797
  Variables:               "vel_z" 
  Finite Element Types:    "MONOMIAL" 
  Approximation Orders:    "CONSTANT" 

Nonlinear System [pressure_system]:
  Num DOFs:                35186
  Num Local DOFs:          8797
  Variables:               "pressure" 
  Finite Element Types:    "MONOMIAL" 
  Approximation Orders:    "CONSTANT" 

Auxiliary System:
  Num DOFs:                35186
  Num Local DOFs:          8797
  Variables:               "power_density" 
  Finite Element Types:    "MONOMIAL" 
  Approximation Orders:    "CONSTANT" 

Execution Information:
  Executioner:             SIMPLENonlinearAssembly
  Solver Mode:             [u_system]: Preconditioned JFNK [v_system]: Preconditioned JFNK [w_system]: Preconditioned JFNK [pressure_system]: Preconditioned JFNK 

[33m
*** Warning ***
/home/ubuntu/MSR-project/MSFR/stage3_cardinal/th_laminar.i:36.1: unused parameter 'cp'
/home/ubuntu/MSR-project/MSFR/stage3_cardinal/th_laminar.i:37.1: unused parameter 'k'[39m
Iteration 1 Initial residual norms:
 Momentum equation: Component 1 [32m0[39m
 Momentum equation: Component 2 [32m0[39m
 Momentum equation: Component 3 [32m1[39m
 Pressure equation: [32m1[39m
Iteration 2 Initial residual norms:
 Momentum equation: Component 1 [32m0.0264561[39m
 Momentum equation: Component 2 [32m0.0339367[39m
 Momentum equation: Component 3 [32m0.0275237[39m
 Pressure equation: [32m0.999272[39m
Iteration 3 Initial residual norms:
 Momentum equation: Component 1 [32m0.1028[39m
 Momentum equation: Component 2 [32m0.0916414[39m
 Momentum equation: Component 3 [32m0.0273453[39m
 Pressure equation: [32m0.00729135[39m
Iteration 4 Initial residual norms:
 Momentum equation: Component 1 [32m0.152166[39m
 Momentum equation: Component 2 [32m0.166753[39m
 Momentum equation: Component 3 [32m0.0298441[39m
 Pressure equation: [32m0.0051915[39m
Iteration 5 Initial residual norms:
 Momentum equation: Component 1 [32m0.0984494[39m
 Momentum equation: Component 2 [32m0.111611[39m
 Momentum equation: Component 3 [32m0.0337135[39m
 Pressure equation: [32m0.0012247[39m
Iteration 6 Initial residual norms:
 Momentum equation: Component 1 [32m0.110094[39m
 Momentum equation: Component 2 [32m0.133299[39m
 Momentum equation: Component 3 [32m0.0412036[39m
 Pressure equation: [32m0.00116357[39m
Iteration 7 Initial residual norms:
 Momentum equation: Component 1 [32m0.0903955[39m
 Momentum equation: Component 2 [32m0.0905765[39m
 Momentum equation: Component 3 [32m0.0464397[39m
 Pressure equation: [32m0.00180724[39m
Iteration 8 Initial residual norms:
 Momentum equation: Component 1 [32m0.0852378[39m
 Momentum equation: Component 2 [32m0.0897705[39m
 Momentum equation: Component 3 [32m0.0549705[39m
 Pressure equation: [32m0.0343887[39m
Iteration 9 Initial residual norms:
 Momentum equation: Component 1 [32m0.0218039[39m
 Momentum equation: Component 2 [32m0.0277807[39m
 Momentum equation: Component 3 [32m0.022033[39m
 Pressure equation: [32m0.0590889[39m
Iteration 10 Initial residual norms:
 Momentum equation: Component 1 [32m0.0260185[39m
 Momentum equation: Component 2 [32m0.0473013[39m
 Momentum equation: Component 3 [32m0.0431019[39m
 Pressure equation: [32m0.00266447[39m
Iteration 11 Initial residual norms:
 Momentum equation: Component 1 [32m0.0483504[39m
 Momentum equation: Component 2 [32m0.063164[39m
 Momentum equation: Component 3 [32m0.0413171[39m
 Pressure equation: [32m0.828406[39m
Iteration 12 Initial residual norms:
 Momentum equation: Component 1 [32m0.0256398[39m
 Momentum equation: Component 2 [32m0.0256907[39m
 Momentum equation: Component 3 [32m0.0251703[39m
 Pressure equation: [32m0.425885[39m
Iteration 13 Initial residual norms:
 Momentum equation: Component 1 [32m0.0256788[39m
 Momentum equation: Component 2 [32m0.0256413[39m
 Momentum equation: Component 3 [32m0.0256389[39m
 Pressure equation: [32m0.0172411[39m
Iteration 14 Initial residual norms:
 Momentum equation: Component 1 [32m0.0256423[39m
 Momentum equation: Component 2 [32m0.0272007[39m
 Momentum equation: Component 3 [32m0.025621[39m
 Pressure equation: [32m0.999999[39m
Iteration 15 Initial residual norms:
 Momentum equation: Component 1 [32m0.0247412[39m
 Momentum equation: Component 2 [32m0.0227488[39m
 Momentum equation: Component 3 [32m0.0233305[39m
 Pressure equation: [32m0.0002276[39m
Iteration 16 Initial residual norms:
 Momentum equation: Component 1 [32m0.0849547[39m
 Momentum equation: Component 2 [32m0.0770344[39m
 Momentum equation: Component 3 [32m0.0849004[39m
 Pressure equation: [32m1[39m
Iteration 17 Initial residual norms:
 Momentum equation: Component 1 [32m0.0853577[39m
 Momentum equation: Component 2 [32m0.14192[39m
 Momentum equation: Component 3 [32m0.0533598[39m
 Pressure equation: [32m0.055932[39m
Iteration 18 Initial residual norms:
 Momentum equation: Component 1 [32m0.026494[39m
 Momentum equation: Component 2 [32m0.0265447[39m
 Momentum equation: Component 3 [32m0.0264938[39m
 Pressure equation: [32m0.365382[39m
Iteration 19 Initial residual norms:
 Momentum equation: Component 1 [32m0.0404197[39m
 Momentum equation: Component 2 [32m0.0381607[39m
 Momentum equation: Component 3 [32m0.0409745[39m
 Pressure equation: [32m1.19568e-07[39m
Iteration 20 Initial residual norms:
 Momentum equation: Component 1 [32m0.952783[39m
 Momentum equation: Component 2 [32m0.876437[39m
 Momentum equation: Component 3 [32m0.899195[39m
 Pressure equation: [32m0.999747[39m
Iteration 21 Initial residual norms:
 Momentum equation: Component 1 [32m0.0244974[39m
 Momentum equation: Component 2 [32m0.0243305[39m
 Momentum equation: Component 3 [32m0.024954[39m
 Pressure equation: [32m0.00594131[39m
Iteration 22 Initial residual norms:
 Momentum equation: Component 1 [32m0.0331751[39m
 Momentum equation: Component 2 [32m0.0331751[39m
 Momentum equation: Component 3 [32m0.0331751[39m
 Pressure equation: [32m1[39m
Iteration 23 Initial residual norms:
 Momentum equation: Component 1 [32m0.0674991[39m
 Momentum equation: Component 2 [32m0.067499[39m
 Momentum equation: Component 3 [32m0.0674991[39m
 Pressure equation: [32m1[39m
Iteration 24 Initial residual norms:
 Momentum equation: Component 1 [32m0.0736662[39m
 Momentum equation: Component 2 [32m0.0736657[39m
 Momentum equation: Component 3 [32m0.0736662[39m
 Pressure equation: [32m0.999999[39m
Iteration 25 Initial residual norms:
 Momentum equation: Component 1 [32m0.0294405[39m
 Momentum equation: Component 2 [32m0.0406357[39m
 Momentum equation: Component 3 [32m0.0305544[39m
 Pressure equation: [32m1.25278e-05[39m
[0]PETSC ERROR: --------------------- Error Message --------------------------------------------------------------
[0]PETSC ERROR: Argument out of range
[0]PETSC ERROR: Current value inf. greater than allowed bound 1.79769e+308
[0]PETSC ERROR: WARNING! There are unused option(s) set! Could be the program crashed before usage or a spelling mistake, etc!
[0]PETSC ERROR:   Option left: name:--snes_linesearch_type value: basic source: code
[0]PETSC ERROR:   Option left: name:--snes_monitor_cancel (no value) source: code
[0]PETSC ERROR:   Option left: name:--snes_type value: ksponly source: code
[0]PETSC ERROR:   Option left: name:-i value: th_laminar.i source: command line
[0]PETSC ERROR: See https://petsc.org/release/faq/ for trouble shooting.
[0]PETSC ERROR: PETSc Release Version 3.23.4, unknown
[0]PETSC ERROR: /home/ubuntu/cardinal/cardinal-opt with 4 MPI process(es) and PETSC_ARCH  on RTXWS by ubuntu Fri Apr 24 08:14:53 2026
[0]PETSC ERROR: Configure options: --with-64-bit-indices --with-cxx-dialect=C++17 --with-debugging=no --with-fortran-bindings=0 --with-mpi=1 --with-openmp=1 --with-strict-petscerrorcode=1 --with-shared-libraries=1 --with-sowing=0 --download-fblaslapack=1 --download-hpddm=1 --download-hypre=1 --download-metis=1 --download-mumps=1 --download-ptscotch=1 --download-parmetis=1 --download-scalapack=1 --download-slepc=1 --download-strumpack=1 --download-superlu_dist=1 --download-kokkos=1 --download-kokkos-kernels=1 --download-libceed=1 --with-make-np=14 --with-hdf5-dir=/home/ubuntu/miniconda3/envs/moose --COPTFLAGS=-O3 --CXXOPTFLAGS=-O3 --FOPTFLAGS=-O3 --with-x=0 --with-ssl=0 --with-mpi-dir=/home/ubuntu/miniconda3/envs/moose AR=/home/ubuntu/miniconda3/envs/moose/bin/x86_64-conda-linux-gnu-ar RANLIB=/home/ubuntu/miniconda3/envs/moose/bin/x86_64-conda-linux-gnu-ranlib CFLAGS="-march=nocona -mtune=haswell -ftree-vectorize -fPIC -fstack-protector-strong -fno-plt -O2 -ffunction-sections -pipe -isystem /home/ubuntu/miniconda3/envs/moose/include -fdebug-prefix-map=/tmp/build/_env/conda-bld/moose-mpi_1758458599522/work=/usr/local/src/conda/moose-mpi-base-2025.09.18 -fdebug-prefix-map=/home/ubuntu/miniconda3/envs/moose=/usr/local/src/conda-prefix " CXXFLAGS="-fvisibility-inlines-hidden -fmessage-length=0 -march=nocona -mtune=haswell -ftree-vectorize -fPIC -fstack-protector-strong -fno-plt -O2 -ffunction-sections -pipe -isystem /home/ubuntu/miniconda3/envs/moose/include -fdebug-prefix-map=/tmp/build/_env/conda-bld/moose-mpi_1758458599522/work=/usr/local/src/conda/moose-mpi-base-2025.09.18 -fdebug-prefix-map=/home/ubuntu/miniconda3/envs/moose=/usr/local/src/conda-prefix  " CPPFLAGS="-DNDEBUG -D_FORTIFY_SOURCE=2 -O2 -isystem /home/ubuntu/miniconda3/envs/moose/include " FFLAGS="-march=nocona -mtune=haswell -ftree-vectorize -fPIC -fstack-protector-strong -fno-plt -O2 -ffunction-sections -pipe -isystem /home/ubuntu/miniconda3/envs/moose/include -fdebug-prefix-map=/tmp/build/_env/conda-bld/moose-mpi_1758458599522/work=/usr/local/src/conda/moose-mpi-base-2025.09.18 -fdebug-prefix-map=/home/ubuntu/miniconda3/envs/moose=/usr/local/src/conda-prefix " FCFLAGS="-march=nocona -mtune=haswell -ftree-vectorize -fPIC -fstack-protector-strong -fno-plt -O2 -ffunction-sections -pipe -isystem /home/ubuntu/miniconda3/envs/moose/include -fdebug-prefix-map=/tmp/build/_env/conda-bld/moose-mpi_1758458599522/work=/usr/local/src/conda/moose-mpi-base-2025.09.18 -fdebug-prefix-map=/home/ubuntu/miniconda3/envs/moose=/usr/local/src/conda-prefix " LDFLAGS="-Wl,-O2 -Wl,--sort-common -Wl,--as-needed -Wl,-z,relro -Wl,-z,now -Wl,--disable-new-dtags -Wl,--gc-sections -Wl,--allow-shlib-undefined -Wl,-rpath,/home/ubuntu/miniconda3/envs/moose/lib -Wl,-rpath-link,/home/ubuntu/miniconda3/envs/moose/lib -L/home/ubuntu/miniconda3/envs/moose/lib " --prefix=/home/ubuntu/miniconda3/envs/moose/petsc
[0]PETSC ERROR: #1 PetscOptionsReal_Private() at /tmp/build/_env/conda-bld/moose-petsc_1758459344677/work/src/sys/objects/aoptions.c:782
[1]PETSC ERROR: --------------------- Error Message --------------------------------------------------------------
[1]PETSC ERROR: Argument out of range
[1]PETSC ERROR: Current value inf. greater than allowed bound 1.79769e+308
[1]PETSC ERROR: WARNING! There are unused option(s) set! Could be the program crashed before usage or a spelling mistake, etc!
[1]PETSC ERROR:   Option left: name:--snes_linesearch_type value: basic source: code
[1]PETSC ERROR:   Option left: name:--snes_monitor_cancel (no value) source: code
[1]PETSC ERROR:   Option left: name:--snes_type value: ksponly source: code
[1]PETSC ERROR:   Option left: name:-i value: th_laminar.i source: command line
[1]PETSC ERROR: See https://petsc.org/release/faq/ for trouble shooting.
[1]PETSC ERROR: PETSc Release Version 3.23.4, unknown
[1]PETSC ERROR: /home/ubuntu/cardinal/cardinal-opt with 4 MPI process(es) and PETSC_ARCH  on RTXWS by ubuntu Fri Apr 24 08:14:53 2026
[1]PETSC ERROR: Configure options: --with-64-bit-indices --with-cxx-dialect=C++17 --with-debugging=no --with-fortran-bindings=0 --with-mpi=1 --with-openmp=1 --with-strict-petscerrorcode=1 --with-shared-libraries=1 --with-sowing=0 --download-fblaslapack=1 --download-hpddm=1 --download-hypre=1 --download-metis=1 --download-mumps=1 --download-ptscotch=1 --download-parmetis=1 --download-scalapack=1 --download-slepc=1 --download-strumpack=1 --download-superlu_dist=1 --download-kokkos=1 --download-kokkos-kernels=1 --download-libceed=1 --with-make-np=14 --with-hdf5-dir=/home/ubuntu/miniconda3/envs/moose --COPTFLAGS=-O3 --CXXOPTFLAGS=-O3 --FOPTFLAGS=-O3 --with-x=0 --with-ssl=0 --with-mpi-dir=/home/ubuntu/miniconda3/envs/moose AR=/home/ubuntu/miniconda3/envs/moose/bin/x86_64-conda-linux-gnu-ar RANLIB=/home/ubuntu/miniconda3/envs/moose/bin/x86_64-conda-linux-gnu-ranlib CFLAGS="-march=nocona -mtune=haswell -ftree-vectorize -fPIC -fstack-protector-strong -fno-plt -O2 -ffunction-sections -pipe -isystem /home/ubuntu/miniconda3/envs/moose/include -fdebug-prefix-map=/tmp/build/_env/conda-bld/moose-mpi_1758458599522/work=/usr/local/src/conda/moose-mpi-base-2025.09.18 -fdebug-prefix-map=/home/ubuntu/miniconda3/envs/moose=/usr/local/src/conda-prefix " CXXFLAGS="-fvisibility-inlines-hidden -fmessage-length=0 -march=nocona -mtune=haswell -ftree-vectorize -fPIC -fstack-protector-strong -fno-plt -O2 -ffunction-sections -pipe -isystem /home/ubuntu/miniconda3/envs/moose/include -fdebug-prefix-map=/tmp/build/_env/conda-bld/moose-mpi_1758458599522/work=/usr/local/src/conda/moose-mpi-base-2025.09.18 -fdebug-prefix-map=/home/ubuntu/miniconda3/envs/moose=/usr/local/src/conda-prefix  " CPPFLAGS="-DNDEBUG -D_FORTIFY_SOURCE=2 -O2 -isystem /home/ubuntu/miniconda3/envs/moose/include " FFLAGS="-march=nocona -mtune=haswell -ftree-vectorize -fPIC -fstack-protector-strong -fno-plt -O2 -ffunction-sections -pipe -isystem /home/ubuntu/miniconda3/envs/moose/include -fdebug-prefix-map=/tmp/build/_env/conda-bld/moose-mpi_1758458599522/work=/usr/local/src/conda/moose-mpi-base-2025.09.18 -fdebug-prefix-map=/home/ubuntu/miniconda3/envs/moose=/usr/local/src/conda-prefix " FCFLAGS="-march=nocona -mtune=haswell -ftree-vectorize -fPIC -fstack-protector-strong -fno-plt -O2 -ffunction-sections -pipe -isystem /home/ubuntu/miniconda3/envs/moose/include -fdebug-prefix-map=/tmp/build/_env/conda-bld/moose-mpi_1758458599522/work=/usr/local/src/conda/moose-mpi-base-2025.09.18 -fdebug-prefix-map=/home/ubuntu/miniconda3/envs/moose=/usr/local/src/conda-prefix " LDFLAGS="-Wl,-O2 -Wl,--sort-common -Wl,--as-needed -Wl,-z,relro -Wl,-z,now -Wl,--disable-new-dtags -Wl,--gc-sections -Wl,--allow-shlib-undefined -Wl,-rpath,/home/ubuntu/miniconda3/envs/moose/lib -Wl,-rpath-link,/home/ubuntu/miniconda3/envs/moose/lib -L/home/ubuntu/miniconda3/envs/moose/lib " --prefix=/home/ubuntu/miniconda3/envs/moose/petsc
[1]PETSC ERROR: #1 PetscOptionsReal_Private() at /tmp/build/_env/conda-bld/moose-petsc_1758459344677/work/src/sys/objects/aoptions.c:782
[1]PETSC ERROR: #2 KSPSetFromOptions() at /tmp/build/_env/conda-bld/moose-petsc_1758459344677/work/src/ksp/ksp/interface/itcl.c:422
[2]PETSC ERROR: --------------------- Error Message --------------------------------------------------------------
[2]PETSC ERROR: Argument out of range
[2]PETSC ERROR: Current value inf. greater than allowed bound 1.79769e+308
[2]PETSC ERROR: WARNING! There are unused option(s) set! Could be the program crashed before usage or a spelling mistake, etc!
[2]PETSC ERROR:   Option left: name:--snes_linesearch_type value: basic source: code
[2]PETSC ERROR:   Option left: name:--snes_monitor_cancel (no value) source: code
[2]PETSC ERROR:   Option left: name:--snes_type value: ksponly source: code
[2]PETSC ERROR:   Option left: name:-i value: th_laminar.i source: command line
[2]PETSC ERROR: See https://petsc.org/release/faq/ for trouble shooting.
[2]PETSC ERROR: PETSc Release Version 3.23.4, unknown
[2]PETSC ERROR: /home/ubuntu/cardinal/cardinal-opt with 4 MPI process(es) and PETSC_ARCH  on RTXWS by ubuntu Fri Apr 24 08:14:53 2026
[2]PETSC ERROR: Configure options: --with-64-bit-indices --with-cxx-dialect=C++17 --with-debugging=no --with-fortran-bindings=0 --with-mpi=1 --with-openmp=1 --with-strict-petscerrorcode=1 --with-shared-libraries=1 --with-sowing=0 --download-fblaslapack=1 --download-hpddm=1 --download-hypre=1 --download-metis=1 --download-mumps=1 --download-ptscotch=1 --download-parmetis=1 --download-scalapack=1 --download-slepc=1 --download-strumpack=1 --download-superlu_dist=1 --download-kokkos=1 --download-kokkos-kernels=1 --download-libceed=1 --with-make-np=14 --with-hdf5-dir=/home/ubuntu/miniconda3/envs/moose --COPTFLAGS=-O3 --CXXOPTFLAGS=-O3 --FOPTFLAGS=-O3 --with-x=0 --with-ssl=0 --with-mpi-dir=/home/ubuntu/miniconda3/envs/moose AR=/home/ubuntu/miniconda3/envs/moose/bin/x86_64-conda-linux-gnu-ar RANLIB=/home/ubuntu/miniconda3/envs/moose/bin/x86_64-conda-linux-gnu-ranlib CFLAGS="-march=nocona -mtune=haswell -ftree-vectorize -fPIC -fstack-protector-strong -fno-plt -O2 -ffunction-sections -pipe -isystem /home/ubuntu/miniconda3/envs/moose/include -fdebug-prefix-map=/tmp/build/_env/conda-bld/moose-mpi_1758458599522/work=/usr/local/src/conda/moose-mpi-base-2025.09.18 -fdebug-prefix-map=/home/ubuntu/miniconda3/envs/moose=/usr/local/src/conda-prefix " CXXFLAGS="-fvisibility-inlines-hidden -fmessage-length=0 -march=nocona -mtune=haswell -ftree-vectorize -fPIC -fstack-protector-strong -fno-plt -O2 -ffunction-sections -pipe -isystem /home/ubuntu/miniconda3/envs/moose/include -fdebug-prefix-map=/tmp/build/_env/conda-bld/moose-mpi_1758458599522/work=/usr/local/src/conda/moose-mpi-base-2025.09.18 -fdebug-prefix-map=/home/ubuntu/miniconda3/envs/moose=/usr/local/src/conda-prefix  " CPPFLAGS="-DNDEBUG -D_FORTIFY_SOURCE=2 -O2 -isystem /home/ubuntu/miniconda3/envs/moose/include " FFLAGS="-march=nocona -mtune=haswell -ftree-vectorize -fPIC -fstack-protector-strong -fno-plt -O2 -ffunction-sections -pipe -isystem /home/ubuntu/miniconda3/envs/moose/include -fdebug-prefix-map=/tmp/build/_env/conda-bld/moose-mpi_1758458599522/work=/usr/local/src/conda/moose-mpi-base-2025.09.18 -fdebug-prefix-map=/home/ubuntu/miniconda3/envs/moose=/usr/local/src/conda-prefix " FCFLAGS="-march=nocona -mtune=haswell -ftree-vectorize -fPIC -fstack-protector-strong -fno-plt -O2 -ffunction-sections -pipe -isystem /home/ubuntu/miniconda3/envs/moose/include -fdebug-prefix-map=/tmp/build/_env/conda-bld/moose-mpi_1758458599522/work=/usr/local/src/conda/moose-mpi-base-2025.09.18 -fdebug-prefix-map=/home/ubuntu/miniconda3/envs/moose=/usr/local/src/conda-prefix " LDFLAGS="-Wl,-O2 -Wl,--sort-common -Wl,--as-needed -Wl,-z,relro -Wl,-z,now -Wl,--disable-new-dtags -Wl,--gc-sections -Wl,--allow-shlib-undefined -Wl,-rpath,/home/ubuntu/miniconda3/envs/moose/lib -Wl,-rpath-link,/home/ubuntu/miniconda3/envs/moose/lib -L/home/ubuntu/miniconda3/envs/moose/lib " --prefix=/home/ubuntu/miniconda3/envs/moose/petsc
[2]PETSC ERROR: #1 PetscOptionsReal_Private() at /tmp/build/_env/conda-bld/moose-petsc_1758459344677/work/src/sys/objects/aoptions.c:782
[2]PETSC ERROR: #2 KSPSetFromOptions() at /tmp/build/_env/conda-bld/moose-petsc_1758459344677/work/src/ksp/ksp/interface/itcl.c:422
[3]PETSC ERROR: --------------------- Error Message --------------------------------------------------------------
[3]PETSC ERROR: Argument out of range
[3]PETSC ERROR: Current value inf. greater than allowed bound 1.79769e+308
[3]PETSC ERROR: WARNING! There are unused option(s) set! Could be the program crashed before usage or a spelling mistake, etc!
[3]PETSC ERROR:   Option left: name:--snes_linesearch_type value: basic source: code
[3]PETSC ERROR:   Option left: name:--snes_monitor_cancel (no value) source: code
[3]PETSC ERROR:   Option left: name:--snes_type value: ksponly source: code
[3]PETSC ERROR:   Option left: name:-i value: th_laminar.i source: command line
[3]PETSC ERROR: See https://petsc.org/release/faq/ for trouble shooting.
[3]PETSC ERROR: PETSc Release Version 3.23.4, unknown
[3]PETSC ERROR: /home/ubuntu/cardinal/cardinal-opt with 4 MPI process(es) and PETSC_ARCH  on RTXWS by ubuntu Fri Apr 24 08:14:53 2026
[3]PETSC ERROR: Configure options: --with-64-bit-indices --with-cxx-dialect=C++17 --with-debugging=no --with-fortran-bindings=0 --with-mpi=1 --with-openmp=1 --with-strict-petscerrorcode=1 --with-shared-libraries=1 --with-sowing=0 --download-fblaslapack=1 --download-hpddm=1 --download-hypre=1 --download-metis=1 --download-mumps=1 --download-ptscotch=1 --download-parmetis=1 --download-scalapack=1 --download-slepc=1 --download-strumpack=1 --download-superlu_dist=1 --download-kokkos=1 --download-kokkos-kernels=1 --download-libceed=1 --with-make-np=14 --with-hdf5-dir=/home/ubuntu/miniconda3/envs/moose --COPTFLAGS=-O3 --CXXOPTFLAGS=-O3 --FOPTFLAGS=-O3 --with-x=0 --with-ssl=0 --with-mpi-dir=/home/ubuntu/miniconda3/envs/moose AR=/home/ubuntu/miniconda3/envs/moose/bin/x86_64-conda-linux-gnu-ar RANLIB=/home/ubuntu/miniconda3/envs/moose/bin/x86_64-conda-linux-gnu-ranlib CFLAGS="-march=nocona -mtune=haswell -ftree-vectorize -fPIC -fstack-protector-strong -fno-plt -O2 -ffunction-sections -pipe -isystem /home/ubuntu/miniconda3/envs/moose/include -fdebug-prefix-map=/tmp/build/_env/conda-bld/moose-mpi_1758458599522/work=/usr/local/src/conda/moose-mpi-base-2025.09.18 -fdebug-prefix-map=/home/ubuntu/miniconda3/envs/moose=/usr/local/src/conda-prefix " CXXFLAGS="-fvisibility-inlines-hidden -fmessage-length=0 -march=nocona -mtune=haswell -ftree-vectorize -fPIC -fstack-protector-strong -fno-plt -O2 -ffunction-sections -pipe -isystem /home/ubuntu/miniconda3/envs/moose/include -fdebug-prefix-map=/tmp/build/_env/conda-bld/moose-mpi_1758458599522/work=/usr/local/src/conda/moose-mpi-base-2025.09.18 -fdebug-prefix-map=/home/ubuntu/miniconda3/envs/moose=/usr/local/src/conda-prefix  " CPPFLAGS="-DNDEBUG -D_FORTIFY_SOURCE=2 -O2 -isystem /home/ubuntu/miniconda3/envs/moose/include " FFLAGS="-march=nocona -mtune=haswell -ftree-vectorize -fPIC -fstack-protector-strong -fno-plt -O2 -ffunction-sections -pipe -isystem /home/ubuntu/miniconda3/envs/moose/include -fdebug-prefix-map=/tmp/build/_env/conda-bld/moose-mpi_1758458599522/work=/usr/local/src/conda/moose-mpi-base-2025.09.18 -fdebug-prefix-map=/home/ubuntu/miniconda3/envs/moose=/usr/local/src/conda-prefix " FCFLAGS="-march=nocona -mtune=haswell -ftree-vectorize -fPIC -fstack-protector-strong -fno-plt -O2 -ffunction-sections -pipe -isystem /home/ubuntu/miniconda3/envs/moose/include -fdebug-prefix-map=/tmp/build/_env/conda-bld/moose-mpi_1758458599522/work=/usr/local/src/conda/moose-mpi-base-2025.09.18 -fdebug-prefix-map=/home/ubuntu/miniconda3/envs/moose=/usr/local/src/conda-prefix " LDFLAGS="-Wl,-O2 -Wl,--sort-common -Wl,--as-needed -Wl,-z,relro -Wl,-z,now -Wl,--disable-new-dtags -Wl,--gc-sections -Wl,--allow-shlib-undefined -Wl,-rpath,/home/ubuntu/miniconda3/envs/moose/lib -Wl,-rpath-link,/home/ubuntu/miniconda3/envs/moose/lib -L/home/ubuntu/miniconda3/envs/moose/lib " --prefix=/home/ubuntu/miniconda3/envs/moose/petsc
[3]PETSC ERROR: #1 PetscOptionsReal_Private() at /tmp/build/_env/conda-bld/moose-petsc_1758459344677/work/src/sys/objects/aoptions.c:782
[3]PETSC ERROR: #2 KSPSetFromOptions() at /tmp/build/_env/conda-bld/moose-petsc_1758459344677/work/src/ksp/ksp/interface/itcl.c:422
[0]PETSC ERROR: #2 KSPSetFromOptions() at /tmp/build/_env/conda-bld/moose-petsc_1758459344677/work/src/ksp/ksp/interface/itcl.c:422
libMesh terminatinglibMesh terminatinglibMesh terminatinglibMesh terminating:
Current value inf. greater than allowed bound 1.79769e+308
:
Current value inf. greater than allowed bound 1.79769e+308
:
Current value inf. greater than allowed bound 1.79769e+308
:
Current value inf. greater than allowed bound 1.79769e+308
--------------------------------------------------------------------------
MPI_ABORT was invoked on rank 2 in communicator MPI_COMM_WORLD
with errorcode 1.

NOTE: invoking MPI_ABORT causes Open MPI to kill all MPI processes.
You may or may not see output from other processes, depending on
exactly when Open MPI kills them.
--------------------------------------------------------------------------
[RTXWS:121515] 3 more processes have sent help message help-mpi-api.txt / mpi-abort
[RTXWS:121515] Set MCA parameter "orte_base_help_aggregate" to 0 to see all help / error messages
