--------------------------------------------------------------------------
A requested component was not found, or was unable to be opened.  This
means that this component is either not installed or is unable to be
used on your system (e.g., sometimes this means that shared libraries
that the component requires are unable to be found/loaded).  Note that
PMIX stopped checking at the first component that it did not find.

Host:      RTXWS
Framework: gds
Component: shmem
--------------------------------------------------------------------------

--------------------------------------------------------------------------
A requested component was not found, or was unable to be opened.  This
means that this component is either not installed or is unable to be
used on your system (e.g., sometimes this means that shared libraries
that the component requires are unable to be found/loaded).  Note that
PMIX stopped checking at the first component that it did not find.

Host:      RTXWS
Framework: gds
Component: shmem
--------------------------------------------------------------------------

--------------------------------------------------------------------------
A requested component was not found, or was unable to be opened.  This
means that this component is either not installed or is unable to be
used on your system (e.g., sometimes this means that shared libraries
that the component requires are unable to be found/loaded).  Note that
PMIX stopped checking at the first component that it did not find.

Host:      RTXWS
Framework: gds
Component: shmem
--------------------------------------------------------------------------

--------------------------------------------------------------------------
A requested component was not found, or was unable to be opened.  This
means that this component is either not installed or is unable to be
used on your system (e.g., sometimes this means that shared libraries
that the component requires are unable to be found/loaded).  Note that
PMIX stopped checking at the first component that it did not find.

Host:      RTXWS
Framework: gds
Component: shmem
--------------------------------------------------------------------------

--------------------------------------------------------------------------
A requested component was not found, or was unable to be opened.  This
means that this component is either not installed or is unable to be
used on your system (e.g., sometimes this means that shared libraries
that the component requires are unable to be found/loaded).  Note that
PMIX stopped checking at the first component that it did not find.

Host:      RTXWS
Framework: gds
Component: shmem
--------------------------------------------------------------------------

--------------------------------------------------------------------------
A requested component was not found, or was unable to be opened.  This
means that this component is either not installed or is unable to be
used on your system (e.g., sometimes this means that shared libraries
that the component requires are unable to be found/loaded).  Note that
PMIX stopped checking at the first component that it did not find.

Host:      RTXWS
Framework: gds
Component: shmem
--------------------------------------------------------------------------

--------------------------------------------------------------------------
A requested component was not found, or was unable to be opened.  This
means that this component is either not installed or is unable to be
used on your system (e.g., sometimes this means that shared libraries
that the component requires are unable to be found/loaded).  Note that
PMIX stopped checking at the first component that it did not find.

Host:      RTXWS
Framework: gds
Component: shmem
--------------------------------------------------------------------------

--------------------------------------------------------------------------
A requested component was not found, or was unable to be opened.  This
means that this component is either not installed or is unable to be
used on your system (e.g., sometimes this means that shared libraries
that the component requires are unable to be found/loaded).  Note that
PMIX stopped checking at the first component that it did not find.

Host:      RTXWS
Framework: gds
Component: shmem
--------------------------------------------------------------------------

                                                                               [[33m  1.94 s[39m] [[33m  272 MB[39m]
Framework Information:
MOOSE Version:           git commit b1e271b638 on 2025-10-10
LibMesh Version:         
PETSc Version:           3.23.4
SLEPc Version:           3.23.2
Current Time:            Thu Apr 23 09:33:13 2026
Executable Timestamp:    Tue Apr 14 14:29:53 2026

Input File(s):
  /home/ubuntu/MSR-project/MSFR/stage3_cardinal/th_laminar.i

Checkpoint:
  Wall Time Interval:      Every 3600 s
  User Checkpoint:         Disabled
  # Checkpoints Kept:      2
  Execute On:              TIMESTEP_END 

Parallelism:
  Num Processors:          4
  Num Threads:             1

Mesh: 
  Parallel Type:           replicated
  Mesh Dimension:          3
  Spatial Dimension:       3
  Nodes:                   
    Total:                 9245
    Local:                 2162
    Min/Max/Avg:           2004/2614/2311
  Elems:                   
    Total:                 35186
    Local:                 8797
    Min/Max/Avg:           8796/8797/8796
  Num Subdomains:          1
  Num Partitions:          4
  Partitioner:             metis

Nonlinear System [u_system]:
  Num DOFs:                35186
  Num Local DOFs:          8797
  Variables:               "vel_x" 
  Finite Element Types:    "MONOMIAL" 
  Approximation Orders:    "CONSTANT" 

Nonlinear System [v_system]:
  Num DOFs:                35186
  Num Local DOFs:          8797
  Variables:               "vel_y" 
  Finite Element Types:    "MONOMIAL" 
  Approximation Orders:    "CONSTANT" 

Nonlinear System [w_system]:
  Num DOFs:                35186
  Num Local DOFs:          8797
  Variables:               "vel_z" 
  Finite Element Types:    "MONOMIAL" 
  Approximation Orders:    "CONSTANT" 

Nonlinear System [pressure_system]:
  Num DOFs:                35186
  Num Local DOFs:          8797
  Variables:               "pressure" 
  Finite Element Types:    "MONOMIAL" 
  Approximation Orders:    "CONSTANT" 

Auxiliary System:
  Num DOFs:                35186
  Num Local DOFs:          8797
  Variables:               "power_density" 
  Finite Element Types:    "MONOMIAL" 
  Approximation Orders:    "CONSTANT" 

Execution Information:
  Executioner:             SIMPLENonlinearAssembly
  Solver Mode:             [u_system]: Preconditioned JFNK [v_system]: Preconditioned JFNK [w_system]: Preconditioned JFNK [pressure_system]: Preconditioned JFNK 

[33m
*** Warning ***
/home/ubuntu/MSR-project/MSFR/stage3_cardinal/th_laminar.i:36.1: unused parameter 'cp'
/home/ubuntu/MSR-project/MSFR/stage3_cardinal/th_laminar.i:37.1: unused parameter 'k'[39m
Iteration 1 Initial residual norms:
 Momentum equation: Component 1 [32m0[39m
 Momentum equation: Component 2 [32m0[39m
 Momentum equation: Component 3 [32m1[39m
 Pressure equation: [32m1[39m
Iteration 2 Initial residual norms:
 Momentum equation: Component 1 [32m0.148936[39m
 Momentum equation: Component 2 [32m0.216991[39m
 Momentum equation: Component 3 [32m0.0382067[39m
 Pressure equation: [32m0.509411[39m
Iteration 3 Initial residual norms:
 Momentum equation: Component 1 [32m0.311776[39m
 Momentum equation: Component 2 [32m0.865378[39m
 Momentum equation: Component 3 [32m0.21547[39m
 Pressure equation: [32m0.0186928[39m
Iteration 4 Initial residual norms:
 Momentum equation: Component 1 [32m0.239682[39m
 Momentum equation: Component 2 [32m0.239515[39m
 Momentum equation: Component 3 [32m0.23957[39m
 Pressure equation: [32m1[39m
Iteration 5 Initial residual norms:
 Momentum equation: Component 1 [32m0.19596[39m
 Momentum equation: Component 2 [32m0.195264[39m
 Momentum equation: Component 3 [32m0.197156[39m
 Pressure equation: [32m0.396619[39m
Iteration 6 Initial residual norms:
 Momentum equation: Component 1 [32m0.253794[39m
 Momentum equation: Component 2 [32m0.390634[39m
 Momentum equation: Component 3 [32m0.229106[39m
 Pressure equation: [32m1[39m
Iteration 7 Initial residual norms:
 Momentum equation: Component 1 [32m0.202055[39m
 Momentum equation: Component 2 [32m0.234601[39m
 Momentum equation: Component 3 [32m0.244571[39m
 Pressure equation: [32m0.997748[39m
Iteration 8 Initial residual norms:
 Momentum equation: Component 1 [32m0.000117872[39m
 Momentum equation: Component 2 [32m0.000118511[39m
 Momentum equation: Component 3 [32m0.00011787[39m
 Pressure equation: [32m1[39m
Iteration 9 Initial residual norms:
 Momentum equation: Component 1 [32m0.219397[39m
 Momentum equation: Component 2 [32m0.252088[39m
 Momentum equation: Component 3 [32m0.253553[39m
 Pressure equation: [32m0.977404[39m
Iteration 10 Initial residual norms:
 Momentum equation: Component 1 [32m0.130611[39m
 Momentum equation: Component 2 [32m0.127738[39m
 Momentum equation: Component 3 [32m0.127603[39m
 Pressure equation: [32m0.986671[39m
[2]PETSC ERROR: --------------------- Error Message --------------------------------------------------------------
[2]PETSC ERROR: Argument out of range
[2]PETSC ERROR: Current value inf. greater than allowed bound 1.79769e+308
[2]PETSC ERROR: WARNING! There are unused option(s) set! Could be the program crashed before usage or a spelling mistake, etc!
[2]PETSC ERROR:   Option left: name:--snes_linesearch_type value: basic source: code
[2]PETSC ERROR:   Option left: name:--snes_monitor_cancel (no value) source: code
[2]PETSC ERROR:   Option left: name:--snes_type value: ksponly source: code
[2]PETSC ERROR:   Option left: name:-i value: th_laminar.i source: command line
[2]PETSC ERROR: See https://petsc.org/release/faq/ for trouble shooting.
[2]PETSC ERROR: PETSc Release Version 3.23.4, unknown
[2]PETSC ERROR: /home/ubuntu/cardinal/cardinal-opt with 4 MPI process(es) and PETSC_ARCH  on RTXWS by ubuntu Thu Apr 23 09:33:11 2026
[2]PETSC ERROR: Configure options: --with-64-bit-indices --with-cxx-dialect=C++17 --with-debugging=no --with-fortran-bindings=0 --with-mpi=1 --with-openmp=1 --with-strict-petscerrorcode=1 --with-shared-libraries=1 --with-sowing=0 --download-fblaslapack=1 --download-hpddm=1 --download-hypre=1 --download-metis=1 --download-mumps=1 --download-ptscotch=1 --download-parmetis=1 --download-scalapack=1 --download-slepc=1 --download-strumpack=1 --download-superlu_dist=1 --download-kokkos=1 --download-kokkos-kernels=1 --download-libceed=1 --with-make-np=14 --with-hdf5-dir=/home/ubuntu/miniconda3/envs/moose --COPTFLAGS=-O3 --CXXOPTFLAGS=-O3 --FOPTFLAGS=-O3 --with-x=0 --with-ssl=0 --with-mpi-dir=/home/ubuntu/miniconda3/envs/moose AR=/home/ubuntu/miniconda3/envs/moose/bin/x86_64-conda-linux-gnu-ar RANLIB=/home/ubuntu/miniconda3/envs/moose/bin/x86_64-conda-linux-gnu-ranlib CFLAGS="-march=nocona -mtune=haswell -ftree-vectorize -fPIC -fstack-protector-strong -fno-plt -O2 -ffunction-sections -pipe -isystem /home/ubuntu/miniconda3/envs/moose/include -fdebug-prefix-map=/tmp/build/_env/conda-bld/moose-mpi_1758458599522/work=/usr/local/src/conda/moose-mpi-base-2025.09.18 -fdebug-prefix-map=/home/ubuntu/miniconda3/envs/moose=/usr/local/src/conda-prefix " CXXFLAGS="-fvisibility-inlines-hidden -fmessage-length=0 -march=nocona -mtune=haswell -ftree-vectorize -fPIC -fstack-protector-strong -fno-plt -O2 -ffunction-sections -pipe -isystem /home/ubuntu/miniconda3/envs/moose/include -fdebug-prefix-map=/tmp/build/_env/conda-bld/moose-mpi_1758458599522/work=/usr/local/src/conda/moose-mpi-base-2025.09.18 -fdebug-prefix-map=/home/ubuntu/miniconda3/envs/moose=/usr/local/src/conda-prefix  " CPPFLAGS="-DNDEBUG -D_FORTIFY_SOURCE=2 -O2 -isystem /home/ubuntu/miniconda3/envs/moose/include " FFLAGS="-march=nocona -mtune=haswell -ftree-vectorize -fPIC -fstack-protector-strong -fno-plt -O2 -ffunction-sections -pipe -isystem /home/ubuntu/miniconda3/envs/moose/include -fdebug-prefix-map=/tmp/build/_env/conda-bld/moose-mpi_1758458599522/work=/usr/local/src/conda/moose-mpi-base-2025.09.18 -fdebug-prefix-map=/home/ubuntu/miniconda3/envs/moose=/usr/local/src/conda-prefix " FCFLAGS="-march=nocona -mtune=haswell -ftree-vectorize -fPIC -fstack-protector-strong -fno-plt -O2 -ffunction-sections -pipe -isystem /home/ubuntu/miniconda3/envs/moose/include -fdebug-prefix-map=/tmp/build/_env/conda-bld/moose-mpi_1758458599522/work=/usr/local/src/conda/moose-mpi-base-2025.09.18 -fdebug-prefix-map=/home/ubuntu/miniconda3/envs/moose=/usr/local/src/conda-prefix " LDFLAGS="-Wl,-O2 -Wl,--sort-common -Wl,--as-needed -Wl,-z,relro -Wl,-z,now -Wl,--disable-new-dtags -Wl,--gc-sections -Wl,--allow-shlib-undefined -Wl,-rpath,/home/ubuntu/miniconda3/envs/moose/lib -Wl,-rpath-link,/home/ubuntu/miniconda3/envs/moose/lib -L/home/ubuntu/miniconda3/envs/moose/lib " --prefix=/home/ubuntu/miniconda3/envs/moose/petsc
[2]PETSC ERROR: #1 PetscOptionsReal_Private() at /tmp/build/_env/conda-bld/moose-petsc_1758459344677/work/src/sys/objects/aoptions.c:782
[2]PETSC ERROR: #2 KSPSetFromOptions() at /tmp/build/_env/conda-bld/moose-petsc_1758459344677/work/src/ksp/ksp/interface/itcl.c:422
[0]PETSC ERROR: --------------------- Error Message --------------------------------------------------------------
[0]PETSC ERROR: Argument out of range
[0]PETSC ERROR: Current value inf. greater than allowed bound 1.79769e+308
[0]PETSC ERROR: WARNING! There are unused option(s) set! Could be the program crashed before usage or a spelling mistake, etc!
[0]PETSC ERROR:   Option left: name:--snes_linesearch_type value: basic source: code
[0]PETSC ERROR:   Option left: name:--snes_monitor_cancel (no value) source: code
[0]PETSC ERROR:   Option left: name:--snes_type value: ksponly source: code
[0]PETSC ERROR:   Option left: name:-i value: th_laminar.i source: command line
[0]PETSC ERROR: See https://petsc.org/release/faq/ for trouble shooting.
[0]PETSC ERROR: PETSc Release Version 3.23.4, unknown
[0]PETSC ERROR: /home/ubuntu/cardinal/cardinal-opt with 4 MPI process(es) and PETSC_ARCH  on RTXWS by ubuntu Thu Apr 23 09:33:11 2026
[0]PETSC ERROR: Configure options: --with-64-bit-indices --with-cxx-dialect=C++17 --with-debugging=no --with-fortran-bindings=0 --with-mpi=1 --with-openmp=1 --with-strict-petscerrorcode=1 --with-shared-libraries=1 --with-sowing=0 --download-fblaslapack=1 --download-hpddm=1 --download-hypre=1 --download-metis=1 --download-mumps=1 --download-ptscotch=1 --download-parmetis=1 --download-scalapack=1 --download-slepc=1 --download-strumpack=1 --download-superlu_dist=1 --download-kokkos=1 --download-kokkos-kernels=1 --download-libceed=1 --with-make-np=14 --with-hdf5-dir=/home/ubuntu/miniconda3/envs/moose --COPTFLAGS=-O3 --CXXOPTFLAGS=-O3 --FOPTFLAGS=-O3 --with-x=0 --with-ssl=0 --with-mpi-dir=/home/ubuntu/miniconda3/envs/moose AR=/home/ubuntu/miniconda3/envs/moose/bin/x86_64-conda-linux-gnu-ar RANLIB=/home/ubuntu/miniconda3/envs/moose/bin/x86_64-conda-linux-gnu-ranlib CFLAGS="-march=nocona -mtune=haswell -ftree-vectorize -fPIC -fstack-protector-strong -fno-plt -O2 -ffunction-sections -pipe -isystem /home/ubuntu/miniconda3/envs/moose/include -fdebug-prefix-map=/tmp/build/_env/conda-bld/moose-mpi_1758458599522/work=/usr/local/src/conda/moose-mpi-base-2025.09.18 -fdebug-prefix-map=/home/ubuntu/miniconda3/envs/moose=/usr/local/src/conda-prefix " CXXFLAGS="-fvisibility-inlines-hidden -fmessage-length=0 -march=nocona -mtune=haswell -ftree-vectorize -fPIC -fstack-protector-strong -fno-plt -O2 -ffunction-sections -pipe -isystem /home/ubuntu/miniconda3/envs/moose/include -fdebug-prefix-map=/tmp/build/_env/conda-bld/moose-mpi_1758458599522/work=/usr/local/src/conda/moose-mpi-base-2025.09.18 -fdebug-prefix-map=/home/ubuntu/miniconda3/envs/moose=/usr/local/src/conda-prefix  " CPPFLAGS="-DNDEBUG -D_FORTIFY_SOURCE=2 -O2 -isystem /home/ubuntu/miniconda3/envs/moose/include " FFLAGS="-march=nocona -mtune=haswell -ftree-vectorize -fPIC -fstack-protector-strong -fno-plt -O2 -ffunction-sections -pipe -isystem /home/ubuntu/miniconda3/envs/moose/include -fdebug-prefix-map=/tmp/build/_env/conda-bld/moose-mpi_1758458599522/work=/usr/local/src/conda/moose-mpi-base-2025.09.18 -fdebug-prefix-map=/home/ubuntu/miniconda3/envs/moose=/usr/local/src/conda-prefix " FCFLAGS="-march=nocona -mtune=haswell -ftree-vectorize -fPIC -fstack-protector-strong -fno-plt -O2 -ffunction-sections -pipe -isystem /home/ubuntu/miniconda3/envs/moose/include -fdebug-prefix-map=/tmp/build/_env/conda-bld/moose-mpi_1758458599522/work=/usr/local/src/conda/moose-mpi-base-2025.09.18 -fdebug-prefix-map=/home/ubuntu/miniconda3/envs/moose=/usr/local/src/conda-prefix " LDFLAGS="-Wl,-O2 -Wl,--sort-common -Wl,--as-needed -Wl,-z,relro -Wl,-z,now -Wl,--disable-new-dtags -Wl,--gc-sections -Wl,--allow-shlib-undefined -Wl,-rpath,/home/ubuntu/miniconda3/envs/moose/lib -Wl,-rpath-link,/home/ubuntu/miniconda3/envs/moose/lib -L/home/ubuntu/miniconda3/envs/moose/lib " --prefix=/home/ubuntu/miniconda3/envs/moose/petsc
[0]PETSC ERROR: #1 PetscOptionsReal_Private() at /tmp/build/_env/conda-bld/moose-petsc_1758459344677/work/src/sys/objects/aoptions.c:782
[0]PETSC ERROR: #2 KSPSetFromOptions() at /tmp/build/_env/conda-bld/moose-petsc_1758459344677/work/src/ksp/ksp/interface/itcl.c:422
[3]PETSC ERROR: --------------------- Error Message --------------------------------------------------------------
[3]PETSC ERROR: Argument out of range
[3]PETSC ERROR: Current value inf. greater than allowed bound 1.79769e+308
[3]PETSC ERROR: WARNING! There are unused option(s) set! Could be the program crashed before usage or a spelling mistake, etc!
[3]PETSC ERROR:   Option left: name:--snes_linesearch_type value: basic source: code
[3]PETSC ERROR:   Option left: name:--snes_monitor_cancel (no value) source: code
[3]PETSC ERROR:   Option left: name:--snes_type value: ksponly source: code
[3]PETSC ERROR:   Option left: name:-i value: th_laminar.i source: command line
[3]PETSC ERROR: See https://petsc.org/release/faq/ for trouble shooting.
[3]PETSC ERROR: PETSc Release Version 3.23.4, unknown
[3]PETSC ERROR: /home/ubuntu/cardinal/cardinal-opt with 4 MPI process(es) and PETSC_ARCH  on RTXWS by ubuntu Thu Apr 23 09:33:11 2026
[3]PETSC ERROR: Configure options: --with-64-bit-indices --with-cxx-dialect=C++17 --with-debugging=no --with-fortran-bindings=0 --with-mpi=1 --with-openmp=1 --with-strict-petscerrorcode=1 --with-shared-libraries=1 --with-sowing=0 --download-fblaslapack=1 --download-hpddm=1 --download-hypre=1 --download-metis=1 --download-mumps=1 --download-ptscotch=1 --download-parmetis=1 --download-scalapack=1 --download-slepc=1 --download-strumpack=1 --download-superlu_dist=1 --download-kokkos=1 --download-kokkos-kernels=1 --download-libceed=1 --with-make-np=14 --with-hdf5-dir=/home/ubuntu/miniconda3/envs/moose --COPTFLAGS=-O3 --CXXOPTFLAGS=-O3 --FOPTFLAGS=-O3 --with-x=0 --with-ssl=0 --with-mpi-dir=/home/ubuntu/miniconda3/envs/moose AR=/home/ubuntu/miniconda3/envs/moose/bin/x86_64-conda-linux-gnu-ar RANLIB=/home/ubuntu/miniconda3/envs/moose/bin/x86_64-conda-linux-gnu-ranlib CFLAGS="-march=nocona -mtune=haswell -ftree-vectorize -fPIC -fstack-protector-strong -fno-plt -O2 -ffunction-sections -pipe -isystem /home/ubuntu/miniconda3/envs/moose/include -fdebug-prefix-map=/tmp/build/_env/conda-bld/moose-mpi_1758458599522/work=/usr/local/src/conda/moose-mpi-base-2025.09.18 -fdebug-prefix-map=/home/ubuntu/miniconda3/envs/moose=/usr/local/src/conda-prefix " CXXFLAGS="-fvisibility-inlines-hidden -fmessage-length=0 -march=nocona -mtune=haswell -ftree-vectorize -fPIC -fstack-protector-strong -fno-plt -O2 -ffunction-sections -pipe -isystem /home/ubuntu/miniconda3/envs/moose/include -fdebug-prefix-map=/tmp/build/_env/conda-bld/moose-mpi_1758458599522/work=/usr/local/src/conda/moose-mpi-base-2025.09.18 -fdebug-prefix-map=/home/ubuntu/miniconda3/envs/moose=/usr/local/src/conda-prefix  " CPPFLAGS="-DNDEBUG -D_FORTIFY_SOURCE=2 -O2 -isystem /home/ubuntu/miniconda3/envs/moose/include " FFLAGS="-march=nocona -mtune=haswell -ftree-vectorize -fPIC -fstack-protector-strong -fno-plt -O2 -ffunction-sections -pipe -isystem /home/ubuntu/miniconda3/envs/moose/include -fdebug-prefix-map=/tmp/build/_env/conda-bld/moose-mpi_1758458599522/work=/usr/local/src/conda/moose-mpi-base-2025.09.18 -fdebug-prefix-map=/home/ubuntu/miniconda3/envs/moose=/usr/local/src/conda-prefix " FCFLAGS="-march=nocona -mtune=haswell -ftree-vectorize -fPIC -fstack-protector-strong -fno-plt -O2 -ffunction-sections -pipe -isystem /home/ubuntu/miniconda3/envs/moose/include -fdebug-prefix-map=/tmp/build/_env/conda-bld/moose-mpi_1758458599522/work=/usr/local/src/conda/moose-mpi-base-2025.09.18 -fdebug-prefix-map=/home/ubuntu/miniconda3/envs/moose=/usr/local/src/conda-prefix " LDFLAGS="-Wl,-O2 -Wl,--sort-common -Wl,--as-needed -Wl,-z,relro -Wl,-z,now -Wl,--disable-new-dtags -Wl,--gc-sections -Wl,--allow-shlib-undefined -Wl,-rpath,/home/ubuntu/miniconda3/envs/moose/lib -Wl,-rpath-link,/home/ubuntu/miniconda3/envs/moose/lib -L/home/ubuntu/miniconda3/envs/moose/lib " --prefix=/home/ubuntu/miniconda3/envs/moose/petsc
[3]PETSC ERROR: #1 PetscOptionsReal_Private() at /tmp/build/_env/conda-bld/moose-petsc_1758459344677/work/src/sys/objects/aoptions.c:782
[1]PETSC ERROR: --------------------- Error Message --------------------------------------------------------------
[1]PETSC ERROR: Argument out of range
[1]PETSC ERROR: Current value inf. greater than allowed bound 1.79769e+308
[1]PETSC ERROR: WARNING! There are unused option(s) set! Could be the program crashed before usage or a spelling mistake, etc!
[1]PETSC ERROR:   Option left: name:--snes_linesearch_type value: basic source: code
[1]PETSC ERROR:   Option left: name:--snes_monitor_cancel (no value) source: code
[1]PETSC ERROR:   Option left: name:--snes_type value: ksponly source: code
[1]PETSC ERROR:   Option left: name:-i value: th_laminar.i source: command line
[1]PETSC ERROR: See https://petsc.org/release/faq/ for trouble shooting.
[1]PETSC ERROR: PETSc Release Version 3.23.4, unknown
[1]PETSC ERROR: /home/ubuntu/cardinal/cardinal-opt with 4 MPI process(es) and PETSC_ARCH  on RTXWS by ubuntu Thu Apr 23 09:33:11 2026
[1]PETSC ERROR: Configure options: --with-64-bit-indices --with-cxx-dialect=C++17 --with-debugging=no --with-fortran-bindings=0 --with-mpi=1 --with-openmp=1 --with-strict-petscerrorcode=1 --with-shared-libraries=1 --with-sowing=0 --download-fblaslapack=1 --download-hpddm=1 --download-hypre=1 --download-metis=1 --download-mumps=1 --download-ptscotch=1 --download-parmetis=1 --download-scalapack=1 --download-slepc=1 --download-strumpack=1 --download-superlu_dist=1 --download-kokkos=1 --download-kokkos-kernels=1 --download-libceed=1 --with-make-np=14 --with-hdf5-dir=/home/ubuntu/miniconda3/envs/moose --COPTFLAGS=-O3 --CXXOPTFLAGS=-O3 --FOPTFLAGS=-O3 --with-x=0 --with-ssl=0 --with-mpi-dir=/home/ubuntu/miniconda3/envs/moose AR=/home/ubuntu/miniconda3/envs/moose/bin/x86_64-conda-linux-gnu-ar RANLIB=/home/ubuntu/miniconda3/envs/moose/bin/x86_64-conda-linux-gnu-ranlib CFLAGS="-march=nocona -mtune=haswell -ftree-vectorize -fPIC -fstack-protector-strong -fno-plt -O2 -ffunction-sections -pipe -isystem /home/ubuntu/miniconda3/envs/moose/include -fdebug-prefix-map=/tmp/build/_env/conda-bld/moose-mpi_1758458599522/work=/usr/local/src/conda/moose-mpi-base-2025.09.18 -fdebug-prefix-map=/home/ubuntu/miniconda3/envs/moose=/usr/local/src/conda-prefix " CXXFLAGS="-fvisibility-inlines-hidden -fmessage-length=0 -march=nocona -mtune=haswell -ftree-vectorize -fPIC -fstack-protector-strong -fno-plt -O2 -ffunction-sections -pipe -isystem /home/ubuntu/miniconda3/envs/moose/include -fdebug-prefix-map=/tmp/build/_env/conda-bld/moose-mpi_1758458599522/work=/usr/local/src/conda/moose-mpi-base-2025.09.18 -fdebug-prefix-map=/home/ubuntu/miniconda3/envs/moose=/usr/local/src/conda-prefix  " CPPFLAGS="-DNDEBUG -D_FORTIFY_SOURCE=2 -O2 -isystem /home/ubuntu/miniconda3/envs/moose/include " FFLAGS="-march=nocona -mtune=haswell -ftree-vectorize -fPIC -fstack-protector-strong -fno-plt -O2 -ffunction-sections -pipe -isystem /home/ubuntu/miniconda3/envs/moose/include -fdebug-prefix-map=/tmp/build/_env/conda-bld/moose-mpi_1758458599522/work=/usr/local/src/conda/moose-mpi-base-2025.09.18 -fdebug-prefix-map=/home/ubuntu/miniconda3/envs/moose=/usr/local/src/conda-prefix " FCFLAGS="-march=nocona -mtune=haswell -ftree-vectorize -fPIC -fstack-protector-strong -fno-plt -O2 -ffunction-sections -pipe -isystem /home/ubuntu/miniconda3/envs/moose/include -fdebug-prefix-map=/tmp/build/_env/conda-bld/moose-mpi_1758458599522/work=/usr/local/src/conda/moose-mpi-base-2025.09.18 -fdebug-prefix-map=/home/ubuntu/miniconda3/envs/moose=/usr/local/src/conda-prefix " LDFLAGS="-Wl,-O2 -Wl,--sort-common -Wl,--as-needed -Wl,-z,relro -Wl,-z,now -Wl,--disable-new-dtags -Wl,--gc-sections -Wl,--allow-shlib-undefined -Wl,-rpath,/home/ubuntu/miniconda3/envs/moose/lib -Wl,-rpath-link,/home/ubuntu/miniconda3/envs/moose/lib -L/home/ubuntu/miniconda3/envs/moose/lib " --prefix=/home/ubuntu/miniconda3/envs/moose/petsc
[1]PETSC ERROR: #1 PetscOptionsReal_Private() at /tmp/build/_env/conda-bld/moose-petsc_1758459344677/work/src/sys/objects/aoptions.c:782
[1]PETSC ERROR: #2 KSPSetFromOptions() at /tmp/build/_env/conda-bld/moose-petsc_1758459344677/work/src/ksp/ksp/interface/itcl.c:422
[3]PETSC ERROR: #2 KSPSetFromOptions() at /tmp/build/_env/conda-bld/moose-petsc_1758459344677/work/src/ksp/ksp/interface/itcl.c:422
libMesh terminating:
Current value inf. greater than allowed bound 1.79769e+308
libMesh terminating:
Current value inf. greater than allowed bound 1.79769e+308
libMesh terminating:
Current value inf. greater than allowed bound 1.79769e+308
libMesh terminating:
Current value inf. greater than allowed bound 1.79769e+308
--------------------------------------------------------------------------
MPI_ABORT was invoked on rank 2 in communicator MPI_COMM_WORLD
with errorcode 1.

NOTE: invoking MPI_ABORT causes Open MPI to kill all MPI processes.
You may or may not see output from other processes, depending on
exactly when Open MPI kills them.
--------------------------------------------------------------------------
[RTXWS:49579] 3 more processes have sent help message help-mpi-api.txt / mpi-abort
[RTXWS:49579] Set MCA parameter "orte_base_help_aggregate" to 0 to see all help / error messages
