--------------------------------------------------------------------------
A requested component was not found, or was unable to be opened.  This
means that this component is either not installed or is unable to be
used on your system (e.g., sometimes this means that shared libraries
that the component requires are unable to be found/loaded).  Note that
PMIX stopped checking at the first component that it did not find.

Host:      RTXWS
Framework: gds
Component: shmem
--------------------------------------------------------------------------

--------------------------------------------------------------------------
A requested component was not found, or was unable to be opened.  This
means that this component is either not installed or is unable to be
used on your system (e.g., sometimes this means that shared libraries
that the component requires are unable to be found/loaded).  Note that
PMIX stopped checking at the first component that it did not find.

Host:      RTXWS
Framework: gds
Component: shmem
--------------------------------------------------------------------------

--------------------------------------------------------------------------
A requested component was not found, or was unable to be opened.  This
means that this component is either not installed or is unable to be
used on your system (e.g., sometimes this means that shared libraries
that the component requires are unable to be found/loaded).  Note that
PMIX stopped checking at the first component that it did not find.

Host:      RTXWS
Framework: gds
Component: shmem
--------------------------------------------------------------------------

--------------------------------------------------------------------------
A requested component was not found, or was unable to be opened.  This
means that this component is either not installed or is unable to be
used on your system (e.g., sometimes this means that shared libraries
that the component requires are unable to be found/loaded).  Note that
PMIX stopped checking at the first component that it did not find.

Host:      RTXWS
Framework: gds
Component: shmem
--------------------------------------------------------------------------

--------------------------------------------------------------------------
A requested component was not found, or was unable to be opened.  This
means that this component is either not installed or is unable to be
used on your system (e.g., sometimes this means that shared libraries
that the component requires are unable to be found/loaded).  Note that
PMIX stopped checking at the first component that it did not find.

Host:      RTXWS
Framework: gds
Component: shmem
--------------------------------------------------------------------------

--------------------------------------------------------------------------
A requested component was not found, or was unable to be opened.  This
means that this component is either not installed or is unable to be
used on your system (e.g., sometimes this means that shared libraries
that the component requires are unable to be found/loaded).  Note that
PMIX stopped checking at the first component that it did not find.

Host:      RTXWS
Framework: gds
Component: shmem
--------------------------------------------------------------------------

--------------------------------------------------------------------------
A requested component was not found, or was unable to be opened.  This
means that this component is either not installed or is unable to be
used on your system (e.g., sometimes this means that shared libraries
that the component requires are unable to be found/loaded).  Note that
PMIX stopped checking at the first component that it did not find.

Host:      RTXWS
Framework: gds
Component: shmem
--------------------------------------------------------------------------

--------------------------------------------------------------------------
A requested component was not found, or was unable to be opened.  This
means that this component is either not installed or is unable to be
used on your system (e.g., sometimes this means that shared libraries
that the component requires are unable to be found/loaded).  Note that
PMIX stopped checking at the first component that it did not find.

Host:      RTXWS
Framework: gds
Component: shmem
--------------------------------------------------------------------------


[36m
*** Info ***
/home/ubuntu/MSR-project/MSFR/stage3_cardinal/th_ml.i:39.1:
The following occurred in the Problem 'MOOSE Problem' of type FEProblem.

Using /home/ubuntu/MSR-project/MSFR/stage3_cardinal/th_stokes_checkpoint_cp/0001 for restart.[39m

[36m
*** Info ***
'execute_on' parameter specified in [Outputs] block is ignored for object 'checkpoint'.
Define this object in its own sub-block of [Outputs] to modify its execution schedule.[39m
Currently Setting Up
  Finished Initializing                                                                  [[33m  2.29 s[39m] [[33m  314 MB[39m]
Finished Setting Up                                                                      [[33m  2.85 s[39m] [[33m  314 MB[39m]
Framework Information:
MOOSE Version:           git commit b1e271b638 on 2025-10-10
LibMesh Version:         
PETSc Version:           3.23.4
SLEPc Version:           3.23.2
Current Time:            Mon Apr 27 12:52:09 2026
Executable Timestamp:    Tue Apr 14 14:29:53 2026

Input File(s):
  /home/ubuntu/MSR-project/MSFR/stage3_cardinal/th_ml.i

Checkpoint:
  Wall Time Interval:      Every 3600 s
  User Checkpoint:         Outputs/checkpoint
  # Checkpoints Kept:      2
  Execute On:              TIMESTEP_END 

Parallelism:
  Num Processors:          4
  Num Threads:             1

Mesh: 
  Parallel Type:           replicated
  Mesh Dimension:          3
  Spatial Dimension:       3
  Nodes:                   
    Total:                 9245
    Local:                 2162
    Min/Max/Avg:           2004/2614/2311
  Elems:                   
    Total:                 35186
    Local:                 8797
    Min/Max/Avg:           8796/8797/8796
  Num Subdomains:          1
  Num Partitions:          4
  Partitioner:             metis

Nonlinear System:
  Num DOFs:                140744
  Num Local DOFs:          35188
  Variables:               { "vel_x" "vel_y" "vel_z" "pressure" } 
  Finite Element Types:    "MONOMIAL" 
  Approximation Orders:    "CONSTANT" 

Auxiliary System:
  Num DOFs:                70372
  Num Local DOFs:          17594
  Variables:               { "mixing_len" "mu_t" } 
  Finite Element Types:    "MONOMIAL" 
  Approximation Orders:    "CONSTANT" 

Execution Information:
  Executioner:             Transient
  TimeStepper:             IterationAdaptiveDT
  TimeIntegrator(s):       ImplicitEuler
  Solver Mode:             NEWTON 
  PETSc Preconditioner:    lu 
  MOOSE Preconditioner:    SMP (auto) 
Currently Executing
  Performing Initial Setup..
  Finished Performing Initial Setup                                                      [[33m 20.24 s[39m] [[33m  314 MB[39m]

Time Step 0, time = 1

Time Step 1, time = 1.00001, dt = 1e-05
    Finished Computing Residual                                                          [[33m  2.31 s[39m] [[33m  450 MB[39m]
 0 Nonlinear |R| = [32m5.993167e+03[39m
/home/ubuntu/miniconda3/envs/moose/libmesh/include/metaphysicl/dynamic_std_array_wrapper.h, line 139, compiled Apr 13 2026 at 09:23:09
/home/ubuntu/miniconda3/envs/moose/libmesh/include/metaphysicl/dynamic_std_array_wrapper.h, line 139, compiled Apr 13 2026 at 09:16:56
/home/ubuntu/miniconda3/envs/moose/libmesh/include/metaphysicl/dynamic_std_array_wrapper.h, line 139, compiled Apr 13 2026 at 09:23:09

[31m
*** ERROR ***
We caught a MetaPhysicL error in while performing element or face loops. This is potentially due to AD not having a sufficiently large derivative container size. To increase the AD container size, you can run configure in the MOOSE root directory with the '--with-derivative-size=<n>' option and then recompile. Other causes of MetaPhysicL logic errors include evaluating functions where they are not defined or differentiable like sqrt (which gets called for vector norm functions) or log with arguments <= 0[39m


[31m
*** ERROR ***
We caught a MetaPhysicL error in while performing element or face loops. This is potentially due to AD not having a sufficiently large derivative container size. To increase the AD container size, you can run configure in the MOOSE root directory with the '--with-derivative-size=<n>' option and then recompile. Other causes of MetaPhysicL logic errors include evaluating functions where they are not defined or differentiable like sqrt (which gets called for vector norm functions) or log with arguments <= 0[39m


[31m
*** ERROR ***
We caught a MetaPhysicL error in while performing element or face loops. This is potentially due to AD not having a sufficiently large derivative container size. To increase the AD container size, you can run configure in the MOOSE root directory with the '--with-derivative-size=<n>' option and then recompile. Other causes of MetaPhysicL logic errors include evaluating functions where they are not defined or differentiable like sqrt (which gets called for vector norm functions) or log with arguments <= 0[39m

--------------------------------------------------------------------------
MPI_ABORT was invoked on rank 2 in communicator MPI_COMM_WORLD
with errorcode 1.

NOTE: invoking MPI_ABORT causes Open MPI to kill all MPI processes.
You may or may not see output from other processes, depending on
exactly when Open MPI kills them.
--------------------------------------------------------------------------
[RTXWS:40821] 2 more processes have sent help message help-mpi-api.txt / mpi-abort
[RTXWS:40821] Set MCA parameter "orte_base_help_aggregate" to 0 to see all help / error messages
