--------------------------------------------------------------------------
A requested component was not found, or was unable to be opened.  This
means that this component is either not installed or is unable to be
used on your system (e.g., sometimes this means that shared libraries
that the component requires are unable to be found/loaded).  Note that
PMIX stopped checking at the first component that it did not find.

Host:      RTXWS
Framework: gds
Component: shmem
--------------------------------------------------------------------------

--------------------------------------------------------------------------
A requested component was not found, or was unable to be opened.  This
means that this component is either not installed or is unable to be
used on your system (e.g., sometimes this means that shared libraries
that the component requires are unable to be found/loaded).  Note that
PMIX stopped checking at the first component that it did not find.

Host:      RTXWS
Framework: gds
Component: shmem
--------------------------------------------------------------------------

--------------------------------------------------------------------------
A requested component was not found, or was unable to be opened.  This
means that this component is either not installed or is unable to be
used on your system (e.g., sometimes this means that shared libraries
that the component requires are unable to be found/loaded).  Note that
PMIX stopped checking at the first component that it did not find.

Host:      RTXWS
Framework: gds
Component: shmem
--------------------------------------------------------------------------

--------------------------------------------------------------------------
A requested component was not found, or was unable to be opened.  This
means that this component is either not installed or is unable to be
used on your system (e.g., sometimes this means that shared libraries
that the component requires are unable to be found/loaded).  Note that
PMIX stopped checking at the first component that it did not find.

Host:      RTXWS
Framework: gds
Component: shmem
--------------------------------------------------------------------------

--------------------------------------------------------------------------
A requested component was not found, or was unable to be opened.  This
means that this component is either not installed or is unable to be
used on your system (e.g., sometimes this means that shared libraries
that the component requires are unable to be found/loaded).  Note that
PMIX stopped checking at the first component that it did not find.

Host:      RTXWS
Framework: gds
Component: shmem
--------------------------------------------------------------------------

--------------------------------------------------------------------------
A requested component was not found, or was unable to be opened.  This
means that this component is either not installed or is unable to be
used on your system (e.g., sometimes this means that shared libraries
that the component requires are unable to be found/loaded).  Note that
PMIX stopped checking at the first component that it did not find.

Host:      RTXWS
Framework: gds
Component: shmem
--------------------------------------------------------------------------

--------------------------------------------------------------------------
A requested component was not found, or was unable to be opened.  This
means that this component is either not installed or is unable to be
used on your system (e.g., sometimes this means that shared libraries
that the component requires are unable to be found/loaded).  Note that
PMIX stopped checking at the first component that it did not find.

Host:      RTXWS
Framework: gds
Component: shmem
--------------------------------------------------------------------------

--------------------------------------------------------------------------
A requested component was not found, or was unable to be opened.  This
means that this component is either not installed or is unable to be
used on your system (e.g., sometimes this means that shared libraries
that the component requires are unable to be found/loaded).  Note that
PMIX stopped checking at the first component that it did not find.

Host:      RTXWS
Framework: gds
Component: shmem
--------------------------------------------------------------------------


[36m
*** Info ***
/home/ubuntu/MSR-project/MSFR/stage3_cardinal/th_ml.i:39.1:
The following occurred in the Problem 'MOOSE Problem' of type FEProblem.

Using /home/ubuntu/MSR-project/MSFR/stage3_cardinal/th_stokes_checkpoint_cp/0001 for restart.[39m

[36m
*** Info ***
'execute_on' parameter specified in [Outputs] block is ignored for object 'checkpoint'.
Define this object in its own sub-block of [Outputs] to modify its execution schedule.[39m
Currently Setting Up
  Finished Initializing                                                                  [[33m  2.39 s[39m] [[33m  314 MB[39m]
Finished Setting Up                                                                      [[33m  2.94 s[39m] [[33m  314 MB[39m]
Framework Information:
MOOSE Version:           git commit b1e271b638 on 2025-10-10
LibMesh Version:         
PETSc Version:           3.23.4
SLEPc Version:           3.23.2
Current Time:            Mon Apr 27 12:50:46 2026
Executable Timestamp:    Tue Apr 14 14:29:53 2026

Input File(s):
  /home/ubuntu/MSR-project/MSFR/stage3_cardinal/th_ml.i

Checkpoint:
  Wall Time Interval:      Every 3600 s
  User Checkpoint:         Outputs/checkpoint
  # Checkpoints Kept:      2
  Execute On:              TIMESTEP_END 

Parallelism:
  Num Processors:          4
  Num Threads:             1

Mesh: 
  Parallel Type:           replicated
  Mesh Dimension:          3
  Spatial Dimension:       3
  Nodes:                   
    Total:                 9245
    Local:                 2162
    Min/Max/Avg:           2004/2614/2311
  Elems:                   
    Total:                 35186
    Local:                 8797
    Min/Max/Avg:           8796/8797/8796
  Num Subdomains:          1
  Num Partitions:          4
  Partitioner:             metis

Nonlinear System:
  Num DOFs:                140744
  Num Local DOFs:          35188
  Variables:               { "vel_x" "vel_y" "vel_z" "pressure" } 
  Finite Element Types:    "MONOMIAL" 
  Approximation Orders:    "CONSTANT" 

Auxiliary System:
  Num DOFs:                70372
  Num Local DOFs:          17594
  Variables:               { "mixing_len" "mu_t" } 
  Finite Element Types:    "MONOMIAL" 
  Approximation Orders:    "CONSTANT" 

Execution Information:
  Executioner:             Transient
  TimeStepper:             IterationAdaptiveDT
  TimeIntegrator(s):       ImplicitEuler
  Solver Mode:             NEWTON 
  PETSc Preconditioner:    lu 
  MOOSE Preconditioner:    SMP (auto) 
Currently Executing
  Performing Initial Setup..
  Finished Performing Initial Setup                                                      [[33m 20.76 s[39m] [[33m  315 MB[39m]

Time Step 0, time = 1
Finished Executing                                                                       [[33m 20.91 s[39m] [[33m  316 MB[39m]
