--------------------------------------------------------------------------
A requested component was not found, or was unable to be opened.  This
means that this component is either not installed or is unable to be
used on your system (e.g., sometimes this means that shared libraries
that the component requires are unable to be found/loaded).  Note that
PMIX stopped checking at the first component that it did not find.

Host:      RTXWS
Framework: gds
Component: shmem
--------------------------------------------------------------------------

--------------------------------------------------------------------------
A requested component was not found, or was unable to be opened.  This
means that this component is either not installed or is unable to be
used on your system (e.g., sometimes this means that shared libraries
that the component requires are unable to be found/loaded).  Note that
PMIX stopped checking at the first component that it did not find.

Host:      RTXWS
Framework: gds
Component: shmem
--------------------------------------------------------------------------

--------------------------------------------------------------------------
A requested component was not found, or was unable to be opened.  This
means that this component is either not installed or is unable to be
used on your system (e.g., sometimes this means that shared libraries
that the component requires are unable to be found/loaded).  Note that
PMIX stopped checking at the first component that it did not find.

Host:      RTXWS
Framework: gds
Component: shmem
--------------------------------------------------------------------------

--------------------------------------------------------------------------
A requested component was not found, or was unable to be opened.  This
means that this component is either not installed or is unable to be
used on your system (e.g., sometimes this means that shared libraries
that the component requires are unable to be found/loaded).  Note that
PMIX stopped checking at the first component that it did not find.

Host:      RTXWS
Framework: gds
Component: shmem
--------------------------------------------------------------------------

--------------------------------------------------------------------------
A requested component was not found, or was unable to be opened.  This
means that this component is either not installed or is unable to be
used on your system (e.g., sometimes this means that shared libraries
that the component requires are unable to be found/loaded).  Note that
PMIX stopped checking at the first component that it did not find.

Host:      RTXWS
Framework: gds
Component: shmem
--------------------------------------------------------------------------

--------------------------------------------------------------------------
A requested component was not found, or was unable to be opened.  This
means that this component is either not installed or is unable to be
used on your system (e.g., sometimes this means that shared libraries
that the component requires are unable to be found/loaded).  Note that
PMIX stopped checking at the first component that it did not find.

Host:      RTXWS
Framework: gds
Component: shmem
--------------------------------------------------------------------------

--------------------------------------------------------------------------
A requested component was not found, or was unable to be opened.  This
means that this component is either not installed or is unable to be
used on your system (e.g., sometimes this means that shared libraries
that the component requires are unable to be found/loaded).  Note that
PMIX stopped checking at the first component that it did not find.

Host:      RTXWS
Framework: gds
Component: shmem
--------------------------------------------------------------------------

--------------------------------------------------------------------------
A requested component was not found, or was unable to be opened.  This
means that this component is either not installed or is unable to be
used on your system (e.g., sometimes this means that shared libraries
that the component requires are unable to be found/loaded).  Note that
PMIX stopped checking at the first component that it did not find.

Host:      RTXWS
Framework: gds
Component: shmem
--------------------------------------------------------------------------


[36m
*** Info ***
/home/ubuntu/MSR-project/MSFR/stage3_cardinal/th_ml.i:39.1:
The following occurred in the Problem 'MOOSE Problem' of type FEProblem.

Using /home/ubuntu/MSR-project/MSFR/stage3_cardinal/th_stokes_checkpoint_cp/0001 for restart.[39m

[36m
*** Info ***
'execute_on' parameter specified in [Outputs] block is ignored for object 'checkpoint'.
Define this object in its own sub-block of [Outputs] to modify its execution schedule.[39m
Finished Setting Up                                                                      [[33m  2.09 s[39m] [[33m  266 MB[39m]
Framework Information:
MOOSE Version:           git commit b1e271b638 on 2025-10-10
LibMesh Version:         
PETSc Version:           3.23.4
SLEPc Version:           3.23.2
Current Time:            Tue Apr 28 09:18:00 2026
Executable Timestamp:    Tue Apr 14 14:29:53 2026

Input File(s):
  /home/ubuntu/MSR-project/MSFR/stage3_cardinal/th_ml.i

Checkpoint:
  Wall Time Interval:      Every 3600 s
  User Checkpoint:         Outputs/checkpoint
  # Checkpoints Kept:      2
  Execute On:              TIMESTEP_END 

Parallelism:
  Num Processors:          4
  Num Threads:             1

Mesh: 
  Parallel Type:           replicated
  Mesh Dimension:          3
  Spatial Dimension:       3
  Nodes:                   
    Total:                 9245
    Local:                 2162
    Min/Max/Avg:           2004/2614/2311
  Elems:                   
    Total:                 35186
    Local:                 8797
    Min/Max/Avg:           8796/8797/8796
  Num Subdomains:          1
  Num Partitions:          4
  Partitioner:             metis

Nonlinear System:
  Num DOFs:                140744
  Num Local DOFs:          35188
  Variables:               { "vel_x" "vel_y" "vel_z" "pressure" } 
  Finite Element Types:    "MONOMIAL" 
  Approximation Orders:    "CONSTANT" 

Auxiliary System:
  Num DOFs:                70372
  Num Local DOFs:          17594
  Variables:               { "mixing_len" "mu_t" } 
  Finite Element Types:    "MONOMIAL" 
  Approximation Orders:    "CONSTANT" 

Execution Information:
  Executioner:             Transient
  TimeStepper:             IterationAdaptiveDT
  TimeIntegrator(s):       ImplicitEuler
  Solver Mode:             Preconditioned JFNK 
  PETSc Preconditioner:    lu 
Currently Executing
  Performing Initial Setup..
  Finished Performing Initial Setup                                                      [[33m 21.00 s[39m] [[33m  268 MB[39m]

[33m
*** Warning ***
/home/ubuntu/MSR-project/MSFR/stage3_cardinal/th_ml.i:42.3: unused parameter 'Problem/solution_invalidity_behavior'
/home/ubuntu/MSR-project/MSFR/stage3_cardinal/th_ml.i:306.5: unused parameter 'Executioner/TimeStepper/dt_min'[39m

Time Step 0, time = 1

Time Step 1, time = 1.00001, dt = 1e-05
    Finished Computing Residual                                                          [[33m  1.89 s[39m] [[33m  428 MB[39m]
 0 Nonlinear |R| = [32m5.995403e+03[39m
      0 Linear |R| = [32m5.995403e+03[39m
      1 Linear |R| = [31m1.018854e+04[39m
 1 Nonlinear |R| = [32m5.395863e+03[39m
      0 Linear |R| = [32m5.395863e+03[39m
      1 Linear |R| = [31m2.790829e+09[39m
 2 Nonlinear |R| = [32m4.856277e+03[39m
      0 Linear |R| = [32m4.856277e+03[39m
      1 Linear |R| = [31m1.532740e+09[39m
 3 Nonlinear |R| = [32m4.370649e+03[39m
      0 Linear |R| = [32m4.370649e+03[39m
      1 Linear |R| = [31m9.988999e+08[39m
 4 Nonlinear |R| = [32m3.933584e+03[39m
      0 Linear |R| = [32m3.933584e+03[39m
      1 Linear |R| = [31m7.075444e+08[39m
 5 Nonlinear |R| = [32m3.540226e+03[39m
      0 Linear |R| = [32m3.540226e+03[39m
      1 Linear |R| = [31m5.275520e+08[39m
 6 Nonlinear |R| = [32m3.186203e+03[39m
      0 Linear |R| = [32m3.186203e+03[39m
      1 Linear |R| = [31m4.068128e+08[39m
 7 Nonlinear |R| = [32m2.867583e+03[39m
      0 Linear |R| = [32m2.867583e+03[39m
      1 Linear |R| = [31m3.206947e+08[39m
 8 Nonlinear |R| = [32m2.580825e+03[39m
      0 Linear |R| = [32m2.580825e+03[39m
      1 Linear |R| = [31m2.563341e+08[39m
 9 Nonlinear |R| = [32m2.322742e+03[39m
      0 Linear |R| = [32m2.322742e+03[39m
      1 Linear |R| = [31m2.066668e+08[39m
10 Nonlinear |R| = [32m2.090468e+03[39m
      0 Linear |R| = [32m2.090468e+03[39m
      1 Linear |R| = [31m1.675305e+08[39m
11 Nonlinear |R| = [32m1.881421e+03[39m
      0 Linear |R| = [32m1.881421e+03[39m
      1 Linear |R| = [31m1.362413e+08[39m
12 Nonlinear |R| = [32m1.693279e+03[39m
      0 Linear |R| = [32m1.693279e+03[39m
      1 Linear |R| = [31m1.110057e+08[39m
13 Nonlinear |R| = [32m1.523951e+03[39m
      0 Linear |R| = [32m1.523951e+03[39m
      1 Linear |R| = [31m9.053291e+07[39m
14 Nonlinear |R| = [32m1.371556e+03[39m
      0 Linear |R| = [32m1.371556e+03[39m
      1 Linear |R| = [31m7.387379e+07[39m
15 Nonlinear |R| = [32m1.234401e+03[39m
      0 Linear |R| = [32m1.234401e+03[39m
      1 Linear |R| = [31m6.025516e+07[39m
16 Nonlinear |R| = [32m1.110960e+03[39m
      0 Linear |R| = [32m1.110960e+03[39m
      1 Linear |R| = [31m4.915215e+07[39m
17 Nonlinear |R| = [32m9.998644e+02[39m
      0 Linear |R| = [32m9.998644e+02[39m
      1 Linear |R| = [31m4.008072e+07[39m
18 Nonlinear |R| = [32m8.998780e+02[39m
      0 Linear |R| = [32m8.998780e+02[39m
      1 Linear |R| = [31m3.267134e+07[39m
19 Nonlinear |R| = [32m8.098902e+02[39m
      0 Linear |R| = [32m8.098902e+02[39m
      1 Linear |R| = [31m2.662064e+07[39m
20 Nonlinear |R| = [32m7.289012e+02[39m
      0 Linear |R| = [32m7.289012e+02[39m
      1 Linear |R| = [31m2.168095e+07[39m
21 Nonlinear |R| = [32m6.560111e+02[39m
      0 Linear |R| = [32m6.560111e+02[39m
      1 Linear |R| = [31m1.765017e+07[39m
22 Nonlinear |R| = [32m5.904100e+02[39m
      0 Linear |R| = [32m5.904100e+02[39m
      1 Linear |R| = [31m1.436150e+07[39m
23 Nonlinear |R| = [32m5.313690e+02[39m
      0 Linear |R| = [32m5.313690e+02[39m
      1 Linear |R| = [31m1.168330e+07[39m
24 Nonlinear |R| = [32m4.782321e+02[39m
      0 Linear |R| = [32m4.782321e+02[39m
      1 Linear |R| = [31m9.500517e+06[39m
25 Nonlinear |R| = [32m4.304089e+02[39m
      0 Linear |R| = [32m4.304089e+02[39m
      1 Linear |R| = [31m7.722346e+06[39m
26 Nonlinear |R| = [32m3.873680e+02[39m
      0 Linear |R| = [32m3.873680e+02[39m
      1 Linear |R| = [31m6.274976e+06[39m
27 Nonlinear |R| = [32m3.486312e+02[39m
      0 Linear |R| = [32m3.486312e+02[39m
      1 Linear |R| = [31m5.096972e+06[39m
28 Nonlinear |R| = [32m3.137681e+02[39m
      0 Linear |R| = [32m3.137681e+02[39m
      1 Linear |R| = [31m4.139236e+06[39m
29 Nonlinear |R| = [32m2.823913e+02[39m
