--------------------------------------------------------------------------
A requested component was not found, or was unable to be opened.  This
means that this component is either not installed or is unable to be
used on your system (e.g., sometimes this means that shared libraries
that the component requires are unable to be found/loaded).  Note that
PMIX stopped checking at the first component that it did not find.

Host:      RTXWS
Framework: gds
Component: shmem
--------------------------------------------------------------------------

--------------------------------------------------------------------------
A requested component was not found, or was unable to be opened.  This
means that this component is either not installed or is unable to be
used on your system (e.g., sometimes this means that shared libraries
that the component requires are unable to be found/loaded).  Note that
PMIX stopped checking at the first component that it did not find.

Host:      RTXWS
Framework: gds
Component: shmem
--------------------------------------------------------------------------

--------------------------------------------------------------------------
A requested component was not found, or was unable to be opened.  This
means that this component is either not installed or is unable to be
used on your system (e.g., sometimes this means that shared libraries
that the component requires are unable to be found/loaded).  Note that
PMIX stopped checking at the first component that it did not find.

Host:      RTXWS
Framework: gds
Component: shmem
--------------------------------------------------------------------------

--------------------------------------------------------------------------
A requested component was not found, or was unable to be opened.  This
means that this component is either not installed or is unable to be
used on your system (e.g., sometimes this means that shared libraries
that the component requires are unable to be found/loaded).  Note that
PMIX stopped checking at the first component that it did not find.

Host:      RTXWS
Framework: gds
Component: shmem
--------------------------------------------------------------------------

--------------------------------------------------------------------------
A requested component was not found, or was unable to be opened.  This
means that this component is either not installed or is unable to be
used on your system (e.g., sometimes this means that shared libraries
that the component requires are unable to be found/loaded).  Note that
PMIX stopped checking at the first component that it did not find.

Host:      RTXWS
Framework: gds
Component: shmem
--------------------------------------------------------------------------

--------------------------------------------------------------------------
A requested component was not found, or was unable to be opened.  This
means that this component is either not installed or is unable to be
used on your system (e.g., sometimes this means that shared libraries
that the component requires are unable to be found/loaded).  Note that
PMIX stopped checking at the first component that it did not find.

Host:      RTXWS
Framework: gds
Component: shmem
--------------------------------------------------------------------------

--------------------------------------------------------------------------
A requested component was not found, or was unable to be opened.  This
means that this component is either not installed or is unable to be
used on your system (e.g., sometimes this means that shared libraries
that the component requires are unable to be found/loaded).  Note that
PMIX stopped checking at the first component that it did not find.

Host:      RTXWS
Framework: gds
Component: shmem
--------------------------------------------------------------------------

--------------------------------------------------------------------------
A requested component was not found, or was unable to be opened.  This
means that this component is either not installed or is unable to be
used on your system (e.g., sometimes this means that shared libraries
that the component requires are unable to be found/loaded).  Note that
PMIX stopped checking at the first component that it did not find.

Host:      RTXWS
Framework: gds
Component: shmem
--------------------------------------------------------------------------


[36m
*** Info ***
/home/ubuntu/MSR-project/MSFR/stage3_cardinal/th_ml.i:39.1:
The following occurred in the Problem 'MOOSE Problem' of type FEProblem.

Using /home/ubuntu/MSR-project/MSFR/stage3_cardinal/th_stokes_checkpoint_cp/0001 for restart.[39m

[36m
*** Info ***
'execute_on' parameter specified in [Outputs] block is ignored for object 'checkpoint'.
Define this object in its own sub-block of [Outputs] to modify its execution schedule.[39m
Finished Setting Up                                                                      [[33m  1.99 s[39m] [[33m  265 MB[39m]
Framework Information:
MOOSE Version:           git commit b1e271b638 on 2025-10-10
LibMesh Version:         
PETSc Version:           3.23.4
SLEPc Version:           3.23.2
Current Time:            Mon Apr 27 13:20:45 2026
Executable Timestamp:    Tue Apr 14 14:29:53 2026

Input File(s):
  /home/ubuntu/MSR-project/MSFR/stage3_cardinal/th_ml.i

Checkpoint:
  Wall Time Interval:      Every 3600 s
  User Checkpoint:         Outputs/checkpoint
  # Checkpoints Kept:      2
  Execute On:              TIMESTEP_END 

Parallelism:
  Num Processors:          4
  Num Threads:             1

Mesh: 
  Parallel Type:           replicated
  Mesh Dimension:          3
  Spatial Dimension:       3
  Nodes:                   
    Total:                 9245
    Local:                 2162
    Min/Max/Avg:           2004/2614/2311
  Elems:                   
    Total:                 35186
    Local:                 8797
    Min/Max/Avg:           8796/8797/8796
  Num Subdomains:          1
  Num Partitions:          4
  Partitioner:             metis

Nonlinear System:
  Num DOFs:                140744
  Num Local DOFs:          35188
  Variables:               { "vel_x" "vel_y" "vel_z" "pressure" } 
  Finite Element Types:    "MONOMIAL" 
  Approximation Orders:    "CONSTANT" 

Auxiliary System:
  Num DOFs:                70372
  Num Local DOFs:          17594
  Variables:               { "mixing_len" "mu_t" } 
  Finite Element Types:    "MONOMIAL" 
  Approximation Orders:    "CONSTANT" 

Execution Information:
  Executioner:             Transient
  TimeStepper:             IterationAdaptiveDT
  TimeIntegrator(s):       ImplicitEuler
  Solver Mode:             Preconditioned JFNK 
  PETSc Preconditioner:    lu 
Currently Executing
  Performing Initial Setup..
  Finished Performing Initial Setup                                                      [[33m 20.49 s[39m] [[33m  267 MB[39m]

Time Step 0, time = 1

Time Step 1, time = 1.00001, dt = 1e-05

[33m
*** Warning ***
/home/ubuntu/MSR-project/MSFR/stage3_cardinal/th_ml.i:142.3:
The following occurred in the FVKernel 'u_viscosity_rans' of type INSFVMomentumDiffusion.

Negative face viscosity has been encountered. Value -5.8544e-11 at (x,y,z)=(-0.525745, 0.252838,  0.92763) limiting it to 0!
Further warnings for this issue will be silenced, but the occurrences will be recorded through the solution invalidity interface.[39m
    Finished Computing Residual                                                          [[33m  1.58 s[39m] [[33m  427 MB[39m]
 0 Nonlinear |R| = [32m5.995403e+03[39m
      0 Linear |R| = [32m5.995403e+03[39m
      1 Linear |R| = [31m1.018854e+04[39m
 1 Nonlinear |R| = [32m5.395863e+03[39m
      0 Linear |R| = [32m5.395863e+03[39m
      1 Linear |R| = [31m2.790829e+09[39m
 2 Nonlinear |R| = [32m4.856277e+03[39m
      0 Linear |R| = [32m4.856277e+03[39m
      1 Linear |R| = [31m1.532740e+09[39m
 3 Nonlinear |R| = [32m4.370649e+03[39m
      0 Linear |R| = [32m4.370649e+03[39m
      1 Linear |R| = [31m9.988998e+08[39m
 4 Nonlinear |R| = [32m3.933584e+03[39m
      0 Linear |R| = [32m3.933584e+03[39m
      1 Linear |R| = [31m7.075444e+08[39m
 5 Nonlinear |R| = [32m3.540226e+03[39m
      0 Linear |R| = [32m3.540226e+03[39m
      1 Linear |R| = [31m5.275520e+08[39m
 6 Nonlinear |R| = [32m3.186203e+03[39m
      0 Linear |R| = [32m3.186203e+03[39m
      1 Linear |R| = [31m4.068128e+08[39m
 7 Nonlinear |R| = [32m2.867583e+03[39m
      0 Linear |R| = [32m2.867583e+03[39m
      1 Linear |R| = [31m3.206947e+08[39m
 8 Nonlinear |R| = [32m2.580825e+03[39m
      0 Linear |R| = [32m2.580825e+03[39m
      1 Linear |R| = [31m2.563341e+08[39m
 9 Nonlinear |R| = [32m2.322742e+03[39m
      0 Linear |R| = [32m2.322742e+03[39m
      1 Linear |R| = [31m2.066668e+08[39m
10 Nonlinear |R| = [32m2.090468e+03[39m
      0 Linear |R| = [32m2.090468e+03[39m
      1 Linear |R| = [31m1.675305e+08[39m
11 Nonlinear |R| = [32m1.881421e+03[39m
      0 Linear |R| = [32m1.881421e+03[39m
      1 Linear |R| = [31m1.362413e+08[39m
12 Nonlinear |R| = [32m1.693279e+03[39m
      0 Linear |R| = [32m1.693279e+03[39m
      1 Linear |R| = [31m1.110057e+08[39m
13 Nonlinear |R| = [32m1.523951e+03[39m
      0 Linear |R| = [32m1.523951e+03[39m
      1 Linear |R| = [31m9.053291e+07[39m
14 Nonlinear |R| = [32m1.371556e+03[39m
      0 Linear |R| = [32m1.371556e+03[39m
      1 Linear |R| = [31m7.387379e+07[39m
15 Nonlinear |R| = [32m1.234401e+03[39m
      0 Linear |R| = [32m1.234401e+03[39m
      1 Linear |R| = [31m6.025516e+07[39m
16 Nonlinear |R| = [32m1.110960e+03[39m
      0 Linear |R| = [32m1.110960e+03[39m
      1 Linear |R| = [31m4.915214e+07[39m
17 Nonlinear |R| = [32m9.998644e+02[39m
      0 Linear |R| = [32m9.998644e+02[39m
      1 Linear |R| = [31m4.008072e+07[39m
18 Nonlinear |R| = [32m8.998780e+02[39m
      0 Linear |R| = [32m8.998780e+02[39m
      1 Linear |R| = [31m3.267134e+07[39m
19 Nonlinear |R| = [32m8.098902e+02[39m
      0 Linear |R| = [32m8.098902e+02[39m
      1 Linear |R| = [31m2.662064e+07[39m
20 Nonlinear |R| = [32m7.289012e+02[39m
      0 Linear |R| = [32m7.289012e+02[39m
      1 Linear |R| = [31m2.168095e+07[39m
21 Nonlinear |R| = [32m6.560111e+02[39m
      0 Linear |R| = [32m6.560111e+02[39m
      1 Linear |R| = [31m1.765017e+07[39m
22 Nonlinear |R| = [32m5.904100e+02[39m
      0 Linear |R| = [32m5.904100e+02[39m
      1 Linear |R| = [31m1.436150e+07[39m
23 Nonlinear |R| = [32m5.313690e+02[39m
      0 Linear |R| = [32m5.313690e+02[39m
      1 Linear |R| = [31m1.168330e+07[39m
24 Nonlinear |R| = [32m4.782321e+02[39m
      0 Linear |R| = [32m4.782321e+02[39m
      1 Linear |R| = [31m9.500517e+06[39m
25 Nonlinear |R| = [32m4.304089e+02[39m
      0 Linear |R| = [32m4.304089e+02[39m
      1 Linear |R| = [31m7.722346e+06[39m
26 Nonlinear |R| = [32m3.873680e+02[39m
      0 Linear |R| = [32m3.873680e+02[39m
      1 Linear |R| = [31m6.274976e+06[39m
27 Nonlinear |R| = [32m3.486312e+02[39m
      0 Linear |R| = [32m3.486312e+02[39m
      1 Linear |R| = [31m5.096973e+06[39m
28 Nonlinear |R| = [32m3.137681e+02[39m
      0 Linear |R| = [32m3.137681e+02[39m
      1 Linear |R| = [31m4.139237e+06[39m
29 Nonlinear |R| = [32m2.823913e+02[39m
      0 Linear |R| = [32m2.823913e+02[39m
      1 Linear |R| = [31m3.360710e+06[39m
30 Nonlinear |R| = [32m2.541521e+02[39m
      0 Linear |R| = [32m2.541521e+02[39m
      1 Linear |R| = [31m2.727934e+06[39m
31 Nonlinear |R| = [32m2.287369e+02[39m
      0 Linear |R| = [32m2.287369e+02[39m
      1 Linear |R| = [31m2.213996e+06[39m
32 Nonlinear |R| = [32m2.058632e+02[39m
      0 Linear |R| = [32m2.058632e+02[39m
      1 Linear |R| = [31m1.796452e+06[39m
33 Nonlinear |R| = [32m1.852769e+02[39m
      0 Linear |R| = [32m1.852769e+02[39m
      1 Linear |R| = [31m1.457408e+06[39m
34 Nonlinear |R| = [32m1.667492e+02[39m
      0 Linear |R| = [32m1.667492e+02[39m
      1 Linear |R| = [31m1.182171e+06[39m
35 Nonlinear |R| = [32m1.500743e+02[39m
      0 Linear |R| = [32m1.500743e+02[39m
      1 Linear |R| = [31m9.587791e+05[39m
36 Nonlinear |R| = [32m1.350669e+02[39m
      0 Linear |R| = [32m1.350669e+02[39m
      1 Linear |R| = [31m7.775048e+05[39m
37 Nonlinear |R| = [32m1.215602e+02[39m
      0 Linear |R| = [32m1.215602e+02[39m
      1 Linear |R| = [31m6.304321e+05[39m
38 Nonlinear |R| = [32m1.094042e+02[39m
      0 Linear |R| = [32m1.094042e+02[39m
      1 Linear |R| = [31m5.111271e+05[39m
39 Nonlinear |R| = [32m9.846375e+01[39m
      0 Linear |R| = [32m9.846375e+01[39m
      1 Linear |R| = [31m4.143619e+05[39m
40 Nonlinear |R| = [32m8.861737e+01[39m
      0 Linear |R| = [32m8.861737e+01[39m
      1 Linear |R| = [31m3.358856e+05[39m
41 Nonlinear |R| = [32m7.975564e+01[39m
      0 Linear |R| = [32m7.975564e+01[39m
      1 Linear |R| = [31m2.722524e+05[39m
42 Nonlinear |R| = [32m7.178007e+01[39m
      0 Linear |R| = [32m7.178007e+01[39m
      1 Linear |R| = [31m2.206603e+05[39m
43 Nonlinear |R| = [32m6.460207e+01[39m
      0 Linear |R| = [32m6.460207e+01[39m
      1 Linear |R| = [31m1.788339e+05[39m
44 Nonlinear |R| = [32m5.814186e+01[39m
      0 Linear |R| = [32m5.814186e+01[39m
      1 Linear |R| = [31m1.449278e+05[39m
45 Nonlinear |R| = [32m5.232767e+01[39m
      0 Linear |R| = [32m5.232767e+01[39m
      1 Linear |R| = [31m1.174444e+05[39m
46 Nonlinear |R| = [32m4.709491e+01[39m
      0 Linear |R| = [32m4.709491e+01[39m
      1 Linear |R| = [31m9.516855e+04[39m
47 Nonlinear |R| = [32m4.238542e+01[39m
      0 Linear |R| = [32m4.238542e+01[39m
      1 Linear |R| = [31m7.711461e+04[39m
48 Nonlinear |R| = [32m3.814687e+01[39m
      0 Linear |R| = [32m3.814687e+01[39m
      1 Linear |R| = [31m6.248323e+04[39m
49 Nonlinear |R| = [32m3.433219e+01[39m
      0 Linear |R| = [32m3.433219e+01[39m
      1 Linear |R| = [31m5.062639e+04[39m
50 Nonlinear |R| = [32m3.089897e+01[39m
  Nonlinear solve did not converge due to DIVERGED_MAX_IT iterations 50

Solution Invalid Warnings:
-------------------------------------------------------------------------------------------------------------------
|         Object         | Converged | Timestep |  Total  |                        Message                        |
-------------------------------------------------------------------------------------------------------------------
| INSFVMomentumDiffusion |     17352 |  2660313 | 2660313 | Negative face dynamic viscosity has been encountered. |
-------------------------------------------------------------------------------------------------------------------

[33m
*** Warning ***
The solution is not converged due to the solution being invalid.[39m
[31m Solve Did NOT Converge![39m
  Finished Solving                                                                       [[33m1146.43 s[39m] [[33m  572 MB[39m]


Solution Invalid Warnings History:
----------------------------------------------------------------------------------------------------------------------------
|                                     Object                                     | Time | Stepinterval Count | Total Count |
----------------------------------------------------------------------------------------------------------------------------
| INSFVMomentumDiffusion : Negative face dynamic viscosity has been encountered. | 0-1  |                  0 |           0 |
----------------------------------------------------------------------------------------------------------------------------
Aborting as solve did not converge

Solve failed, cutting timestep.

Time Step 1, time = 1.00001, dt = 5e-06
 0 Nonlinear |R| = [32m5.995403e+03[39m
      0 Linear |R| = [32m5.995403e+03[39m
      1 Linear |R| = [31m3.130143e+14[39m
 1 Nonlinear |R| = [32m5.395863e+03[39m
      0 Linear |R| = [32m5.395863e+03[39m
      1 Linear |R| = [31m3.943256e+09[39m
 2 Nonlinear |R| = [32m4.856277e+03[39m
      0 Linear |R| = [32m4.856277e+03[39m
      1 Linear |R| = [31m2.165630e+09[39m
 3 Nonlinear |R| = [32m4.370649e+03[39m
      0 Linear |R| = [32m4.370649e+03[39m
      1 Linear |R| = [31m1.411312e+09[39m
 4 Nonlinear |R| = [32m3.933584e+03[39m
      0 Linear |R| = [32m3.933584e+03[39m
      1 Linear |R| = [31m9.996204e+08[39m
 5 Nonlinear |R| = [32m3.540226e+03[39m
      0 Linear |R| = [32m3.540226e+03[39m
      1 Linear |R| = [31m7.452896e+08[39m
 6 Nonlinear |R| = [32m3.186203e+03[39m
      0 Linear |R| = [32m3.186203e+03[39m
      1 Linear |R| = [31m5.746907e+08[39m
 7 Nonlinear |R| = [32m2.867583e+03[39m
      0 Linear |R| = [32m2.867583e+03[39m
      1 Linear |R| = [31m4.530162e+08[39m
 8 Nonlinear |R| = [32m2.580825e+03[39m
      0 Linear |R| = [32m2.580825e+03[39m
      1 Linear |R| = [31m3.620875e+08[39m
 9 Nonlinear |R| = [32m2.322742e+03[39m
      0 Linear |R| = [32m2.322742e+03[39m
      1 Linear |R| = [31m2.919216e+08[39m
10 Nonlinear |R| = [32m2.090468e+03[39m
      0 Linear |R| = [32m2.090468e+03[39m
      1 Linear |R| = [31m2.366356e+08[39m
11 Nonlinear |R| = [32m1.881421e+03[39m
      0 Linear |R| = [32m1.881421e+03[39m
      1 Linear |R| = [31m1.924366e+08[39m
12 Nonlinear |R| = [32m1.693279e+03[39m
      0 Linear |R| = [32m1.693279e+03[39m
      1 Linear |R| = [31m1.567900e+08[39m
13 Nonlinear |R| = [32m1.523951e+03[39m
      0 Linear |R| = [32m1.523951e+03[39m
      1 Linear |R| = [31m1.278717e+08[39m
14 Nonlinear |R| = [32m1.371556e+03[39m
      0 Linear |R| = [32m1.371556e+03[39m
      1 Linear |R| = [31m1.043410e+08[39m
15 Nonlinear |R| = [32m1.234401e+03[39m
      0 Linear |R| = [32m1.234401e+03[39m
      1 Linear |R| = [31m8.510515e+07[39m
16 Nonlinear |R| = [32m1.110960e+03[39m
      0 Linear |R| = [32m1.110960e+03[39m
      1 Linear |R| = [31m6.942276e+07[39m
17 Nonlinear |R| = [32m9.998644e+02[39m
      0 Linear |R| = [32m9.998644e+02[39m
      1 Linear |R| = [31m5.660995e+07[39m
18 Nonlinear |R| = [32m8.998780e+02[39m
      0 Linear |R| = [32m8.998780e+02[39m
      1 Linear |R| = [31m4.614478e+07[39m
19 Nonlinear |R| = [32m8.098902e+02[39m
      0 Linear |R| = [32m8.098902e+02[39m
      1 Linear |R| = [31m3.759870e+07[39m
20 Nonlinear |R| = [32m7.289012e+02[39m
      0 Linear |R| = [32m7.289012e+02[39m
      1 Linear |R| = [31m3.062187e+07[39m
21 Nonlinear |R| = [32m6.560111e+02[39m
      0 Linear |R| = [32m6.560111e+02[39m
      1 Linear |R| = [31m2.492880e+07[39m
22 Nonlinear |R| = [32m5.904100e+02[39m
      0 Linear |R| = [32m5.904100e+02[39m
      1 Linear |R| = [31m2.028392e+07[39m
23 Nonlinear |R| = [32m5.313690e+02[39m
      0 Linear |R| = [32m5.313690e+02[39m
      1 Linear |R| = [31m1.650127e+07[39m
24 Nonlinear |R| = [32m4.782321e+02[39m
      0 Linear |R| = [32m4.782321e+02[39m
      1 Linear |R| = [31m1.341831e+07[39m
25 Nonlinear |R| = [32m4.304089e+02[39m
      0 Linear |R| = [32m4.304089e+02[39m
      1 Linear |R| = [31m1.090686e+07[39m
26 Nonlinear |R| = [32m3.873680e+02[39m
      0 Linear |R| = [32m3.873680e+02[39m
      1 Linear |R| = [31m8.862626e+06[39m
27 Nonlinear |R| = [32m3.486312e+02[39m
      0 Linear |R| = [32m3.486312e+02[39m
      1 Linear |R| = [31m7.198842e+06[39m
28 Nonlinear |R| = [32m3.137681e+02[39m
      0 Linear |R| = [32m3.137681e+02[39m
      1 Linear |R| = [31m5.846151e+06[39m
29 Nonlinear |R| = [32m2.823913e+02[39m
      0 Linear |R| = [32m2.823913e+02[39m
      1 Linear |R| = [31m4.746577e+06[39m
30 Nonlinear |R| = [32m2.541521e+02[39m
      0 Linear |R| = [32m2.541521e+02[39m
      1 Linear |R| = [31m3.852872e+06[39m
31 Nonlinear |R| = [32m2.287369e+02[39m
      0 Linear |R| = [32m2.287369e+02[39m
      1 Linear |R| = [31m3.126989e+06[39m
32 Nonlinear |R| = [32m2.058632e+02[39m
      0 Linear |R| = [32m2.058632e+02[39m
      1 Linear |R| = [31m2.537261e+06[39m
33 Nonlinear |R| = [32m1.852769e+02[39m
      0 Linear |R| = [32m1.852769e+02[39m
      1 Linear |R| = [31m2.058403e+06[39m
34 Nonlinear |R| = [32m1.667492e+02[39m
      0 Linear |R| = [32m1.667492e+02[39m
      1 Linear |R| = [31m1.669665e+06[39m
35 Nonlinear |R| = [32m1.500743e+02[39m
      0 Linear |R| = [32m1.500743e+02[39m
      1 Linear |R| = [31m1.354155e+06[39m
36 Nonlinear |R| = [32m1.350669e+02[39m
      0 Linear |R| = [32m1.350669e+02[39m
      1 Linear |R| = [31m1.098127e+06[39m
37 Nonlinear |R| = [32m1.215602e+02[39m
      0 Linear |R| = [32m1.215602e+02[39m
      1 Linear |R| = [31m8.904052e+05[39m
38 Nonlinear |R| = [32m1.094042e+02[39m
      0 Linear |R| = [32m1.094042e+02[39m
      1 Linear |R| = [31m7.219030e+05[39m
39 Nonlinear |R| = [32m9.846375e+01[39m
      0 Linear |R| = [32m9.846375e+01[39m
      1 Linear |R| = [31m5.852350e+05[39m
40 Nonlinear |R| = [32m8.861737e+01[39m
      0 Linear |R| = [32m8.861737e+01[39m
      1 Linear |R| = [31m4.743960e+05[39m
41 Nonlinear |R| = [32m7.975564e+01[39m
      0 Linear |R| = [32m7.975564e+01[39m
      1 Linear |R| = [31m3.845230e+05[39m
42 Nonlinear |R| = [32m7.178007e+01[39m
      0 Linear |R| = [32m7.178007e+01[39m
      1 Linear |R| = [31m3.116545e+05[39m
43 Nonlinear |R| = [32m6.460207e+01[39m
      0 Linear |R| = [32m6.460207e+01[39m
      1 Linear |R| = [31m2.525801e+05[39m
44 Nonlinear |R| = [32m5.814186e+01[39m
      0 Linear |R| = [32m5.814186e+01[39m
      1 Linear |R| = [31m2.046926e+05[39m
45 Nonlinear |R| = [32m5.232767e+01[39m
      0 Linear |R| = [32m5.232767e+01[39m
      1 Linear |R| = [31m1.658751e+05[39m
46 Nonlinear |R| = [32m4.709491e+01[39m
      0 Linear |R| = [32m4.709491e+01[39m
      1 Linear |R| = [31m1.344136e+05[39m
47 Nonlinear |R| = [32m4.238542e+01[39m
      0 Linear |R| = [32m4.238542e+01[39m
      1 Linear |R| = [31m1.089145e+05[39m
48 Nonlinear |R| = [32m3.814687e+01[39m
      0 Linear |R| = [32m3.814687e+01[39m
      1 Linear |R| = [31m8.824987e+04[39m
49 Nonlinear |R| = [32m3.433219e+01[39m
      0 Linear |R| = [32m3.433219e+01[39m
      1 Linear |R| = [31m7.150366e+04[39m
50 Nonlinear |R| = [32m3.089897e+01[39m
  Nonlinear solve did not converge due to DIVERGED_MAX_IT iterations 50

Solution Invalid Warnings:
-------------------------------------------------------------------------------------------------------------------
|         Object         | Converged | Timestep |  Total  |                        Message                        |
-------------------------------------------------------------------------------------------------------------------
| INSFVMomentumDiffusion |     16815 |  2567103 | 5227416 | Negative face dynamic viscosity has been encountered. |
-------------------------------------------------------------------------------------------------------------------

[33m
*** Warning ***
The solution is not converged due to the solution being invalid.[39m
[31m Solve Did NOT Converge![39m
  Finished Solving                                                                       [[33m1146.24 s[39m] [[33m  571 MB[39m]


Solution Invalid Warnings History:
----------------------------------------------------------------------------------------------------------------------------
|                                     Object                                     | Time | Stepinterval Count | Total Count |
----------------------------------------------------------------------------------------------------------------------------
| INSFVMomentumDiffusion : Negative face dynamic viscosity has been encountered. | 0-1  |                  0 |           0 |
----------------------------------------------------------------------------------------------------------------------------
Aborting as solve did not converge

Solve failed, cutting timestep.

Time Step 1, time = 1, dt = 2.5e-06
 0 Nonlinear |R| = [32m5.995403e+03[39m
      0 Linear |R| = [32m5.995403e+03[39m
      1 Linear |R| = [31m6.255770e+14[39m
 1 Nonlinear |R| = [32m5.395863e+03[39m
      0 Linear |R| = [32m5.395863e+03[39m
      1 Linear |R| = [31m5.574181e+09[39m
 2 Nonlinear |R| = [32m4.856277e+03[39m
      0 Linear |R| = [32m4.856277e+03[39m
      1 Linear |R| = [31m3.061310e+09[39m
 3 Nonlinear |R| = [32m4.370649e+03[39m
      0 Linear |R| = [32m4.370649e+03[39m
      1 Linear |R| = [31m1.994982e+09[39m
 4 Nonlinear |R| = [32m3.933584e+03[39m
      0 Linear |R| = [32m3.933584e+03[39m
      1 Linear |R| = [31m1.412996e+09[39m
 5 Nonlinear |R| = [32m3.540226e+03[39m
      0 Linear |R| = [32m3.540226e+03[39m
      1 Linear |R| = [31m1.053465e+09[39m
 6 Nonlinear |R| = [32m3.186203e+03[39m
      0 Linear |R| = [32m3.186203e+03[39m
      1 Linear |R| = [31m8.123049e+08[39m
 7 Nonlinear |R| = [32m2.867583e+03[39m
      0 Linear |R| = [32m2.867583e+03[39m
      1 Linear |R| = [31m6.403094e+08[39m
 8 Nonlinear |R| = [32m2.580825e+03[39m
      0 Linear |R| = [32m2.580825e+03[39m
      1 Linear |R| = [31m5.117789e+08[39m
 9 Nonlinear |R| = [32m2.322742e+03[39m
      0 Linear |R| = [32m2.322742e+03[39m
      1 Linear |R| = [31m4.125999e+08[39m
10 Nonlinear |R| = [32m2.090468e+03[39m
      0 Linear |R| = [32m2.090468e+03[39m
      1 Linear |R| = [31m3.344554e+08[39m
11 Nonlinear |R| = [32m1.881421e+03[39m
      0 Linear |R| = [32m1.881421e+03[39m
      1 Linear |R| = [31m2.719834e+08[39m
12 Nonlinear |R| = [32m1.693279e+03[39m
      0 Linear |R| = [32m1.693279e+03[39m
      1 Linear |R| = [31m2.216001e+08[39m
13 Nonlinear |R| = [32m1.523951e+03[39m
      0 Linear |R| = [32m1.523951e+03[39m
      1 Linear |R| = [31m1.807272e+08[39m
14 Nonlinear |R| = [32m1.371556e+03[39m
      0 Linear |R| = [32m1.371556e+03[39m
      1 Linear |R| = [31m1.474696e+08[39m
15 Nonlinear |R| = [32m1.234401e+03[39m
      0 Linear |R| = [32m1.234401e+03[39m
      1 Linear |R| = [31m1.202823e+08[39m
16 Nonlinear |R| = [32m1.110960e+03[39m
      0 Linear |R| = [32m1.110960e+03[39m
      1 Linear |R| = [31m9.811755e+07[39m
17 Nonlinear |R| = [32m9.998644e+02[39m
      0 Linear |R| = [32m9.998644e+02[39m
      1 Linear |R| = [31m8.000855e+07[39m
18 Nonlinear |R| = [32m8.998780e+02[39m
      0 Linear |R| = [32m8.998780e+02[39m
      1 Linear |R| = [31m6.521770e+07[39m
19 Nonlinear |R| = [32m8.098902e+02[39m
      0 Linear |R| = [32m8.098902e+02[39m
      1 Linear |R| = [31m5.313920e+07[39m
20 Nonlinear |R| = [32m7.289012e+02[39m
      0 Linear |R| = [32m7.289012e+02[39m
      1 Linear |R| = [31m4.327863e+07[39m
21 Nonlinear |R| = [32m6.560111e+02[39m
      0 Linear |R| = [32m6.560111e+02[39m
      1 Linear |R| = [31m3.523242e+07[39m
22 Nonlinear |R| = [32m5.904100e+02[39m
      0 Linear |R| = [32m5.904100e+02[39m
      1 Linear |R| = [31m2.866772e+07[39m
23 Nonlinear |R| = [32m5.313690e+02[39m
      0 Linear |R| = [32m5.313690e+02[39m
      1 Linear |R| = [31m2.332162e+07[39m
24 Nonlinear |R| = [32m4.782321e+02[39m
      0 Linear |R| = [32m4.782321e+02[39m
      1 Linear |R| = [31m1.896437e+07[39m
25 Nonlinear |R| = [32m4.304089e+02[39m
      0 Linear |R| = [32m4.304089e+02[39m
      1 Linear |R| = [31m1.541487e+07[39m
26 Nonlinear |R| = [32m3.873680e+02[39m
      0 Linear |R| = [32m3.873680e+02[39m
      1 Linear |R| = [31m1.252571e+07[39m
27 Nonlinear |R| = [32m3.486312e+02[39m
      0 Linear |R| = [32m3.486312e+02[39m
      1 Linear |R| = [31m1.017426e+07[39m
28 Nonlinear |R| = [32m3.137681e+02[39m
      0 Linear |R| = [32m3.137681e+02[39m
      1 Linear |R| = [31m8.262470e+06[39m
29 Nonlinear |R| = [32m2.823913e+02[39m
      0 Linear |R| = [32m2.823913e+02[39m
      1 Linear |R| = [31m6.708416e+06[39m
30 Nonlinear |R| = [32m2.541521e+02[39m
      0 Linear |R| = [32m2.541521e+02[39m
      1 Linear |R| = [31m5.445341e+06[39m
31 Nonlinear |R| = [32m2.287369e+02[39m
      0 Linear |R| = [32m2.287369e+02[39m
      1 Linear |R| = [31m4.419434e+06[39m
32 Nonlinear |R| = [32m2.058632e+02[39m
      0 Linear |R| = [32m2.058632e+02[39m
      1 Linear |R| = [31m3.585955e+06[39m
33 Nonlinear |R| = [32m1.852769e+02[39m
      0 Linear |R| = [32m1.852769e+02[39m
      1 Linear |R| = [31m2.909178e+06[39m
34 Nonlinear |R| = [32m1.667492e+02[39m
      0 Linear |R| = [32m1.667492e+02[39m
      1 Linear |R| = [31m2.359763e+06[39m
35 Nonlinear |R| = [32m1.500743e+02[39m
      0 Linear |R| = [32m1.500743e+02[39m
      1 Linear |R| = [31m1.913849e+06[39m
36 Nonlinear |R| = [32m1.350669e+02[39m
      0 Linear |R| = [32m1.350669e+02[39m
      1 Linear |R| = [31m1.552004e+06[39m
37 Nonlinear |R| = [32m1.215602e+02[39m
      0 Linear |R| = [32m1.215602e+02[39m
      1 Linear |R| = [31m1.258425e+06[39m
38 Nonlinear |R| = [32m1.094042e+02[39m
      0 Linear |R| = [32m1.094042e+02[39m
      1 Linear |R| = [31m1.020279e+06[39m
39 Nonlinear |R| = [32m9.846375e+01[39m
      0 Linear |R| = [32m9.846375e+01[39m
      1 Linear |R| = [31m8.271218e+05[39m
40 Nonlinear |R| = [32m8.861737e+01[39m
      0 Linear |R| = [32m8.861737e+01[39m
      1 Linear |R| = [31m6.704740e+05[39m
41 Nonlinear |R| = [32m7.975564e+01[39m
      0 Linear |R| = [32m7.975564e+01[39m
      1 Linear |R| = [31m5.434531e+05[39m
42 Nonlinear |R| = [32m7.178007e+01[39m
      0 Linear |R| = [32m7.178007e+01[39m
      1 Linear |R| = [31m4.404672e+05[39m
43 Nonlinear |R| = [32m6.460207e+01[39m
      0 Linear |R| = [32m6.460207e+01[39m
      1 Linear |R| = [31m3.569780e+05[39m
44 Nonlinear |R| = [32m5.814186e+01[39m
      0 Linear |R| = [32m5.814186e+01[39m
      1 Linear |R| = [31m2.892958e+05[39m
45 Nonlinear |R| = [32m5.232767e+01[39m
      0 Linear |R| = [32m5.232767e+01[39m
      1 Linear |R| = [31m2.344355e+05[39m
46 Nonlinear |R| = [32m4.709491e+01[39m
      0 Linear |R| = [32m4.709491e+01[39m
      1 Linear |R| = [31m1.899679e+05[39m
47 Nonlinear |R| = [32m4.238542e+01[39m
      0 Linear |R| = [32m4.238542e+01[39m
      1 Linear |R| = [31m1.539322e+05[39m
48 Nonlinear |R| = [32m3.814687e+01[39m
      0 Linear |R| = [32m3.814687e+01[39m
      1 Linear |R| = [31m1.247250e+05[39m
49 Nonlinear |R| = [32m3.433219e+01[39m
      0 Linear |R| = [32m3.433219e+01[39m
      1 Linear |R| = [31m1.010580e+05[39m
50 Nonlinear |R| = [32m3.089897e+01[39m
  Nonlinear solve did not converge due to DIVERGED_MAX_IT iterations 50

Solution Invalid Warnings:
-------------------------------------------------------------------------------------------------------------------
|         Object         | Converged | Timestep |  Total  |                        Message                        |
-------------------------------------------------------------------------------------------------------------------
| INSFVMomentumDiffusion |     16344 |  2497263 | 7724679 | Negative face dynamic viscosity has been encountered. |
-------------------------------------------------------------------------------------------------------------------

[33m
*** Warning ***
The solution is not converged due to the solution being invalid.[39m
[31m Solve Did NOT Converge![39m
  Finished Solving                                                                       [[33m1159.95 s[39m] [[33m  573 MB[39m]


Solution Invalid Warnings History:
----------------------------------------------------------------------------------------------------------------------------
|                                     Object                                     | Time | Stepinterval Count | Total Count |
----------------------------------------------------------------------------------------------------------------------------
| INSFVMomentumDiffusion : Negative face dynamic viscosity has been encountered. | 0-1  |                  0 |           0 |
----------------------------------------------------------------------------------------------------------------------------
Aborting as solve did not converge

Solve failed, cutting timestep.

Time Step 1, time = 1, dt = 1.25e-06
 0 Nonlinear |R| = [32m5.995403e+03[39m
      0 Linear |R| = [32m5.995403e+03[39m
      1 Linear |R| = [31m1.250714e+15[39m
 1 Nonlinear |R| = [32m5.395863e+03[39m
      0 Linear |R| = [32m5.395863e+03[39m
      1 Linear |R| = [31m7.881403e+09[39m
 2 Nonlinear |R| = [32m4.856277e+03[39m
      0 Linear |R| = [32m4.856277e+03[39m
      1 Linear |R| = [31m4.328409e+09[39m
 3 Nonlinear |R| = [32m4.370649e+03[39m
      0 Linear |R| = [32m4.370649e+03[39m
      1 Linear |R| = [31m2.820696e+09[39m
 4 Nonlinear |R| = [32m3.933584e+03[39m
      0 Linear |R| = [32m3.933584e+03[39m
      1 Linear |R| = [31m1.997807e+09[39m
 5 Nonlinear |R| = [32m3.540226e+03[39m
      0 Linear |R| = [32m3.540226e+03[39m
      1 Linear |R| = [31m1.489454e+09[39m
 6 Nonlinear |R| = [32m3.186203e+03[39m
      0 Linear |R| = [32m3.186203e+03[39m
      1 Linear |R| = [31m1.148474e+09[39m
 7 Nonlinear |R| = [32m2.867583e+03[39m
      0 Linear |R| = [32m2.867583e+03[39m
      1 Linear |R| = [31m9.052891e+08[39m
 8 Nonlinear |R| = [32m2.580825e+03[39m
      0 Linear |R| = [32m2.580825e+03[39m
      1 Linear |R| = [31m7.235626e+08[39m
 9 Nonlinear |R| = [32m2.322742e+03[39m
      0 Linear |R| = [32m2.322742e+03[39m
      1 Linear |R| = [31m5.833376e+08[39m
10 Nonlinear |R| = [32m2.090468e+03[39m
      0 Linear |R| = [32m2.090468e+03[39m
      1 Linear |R| = [31m4.728537e+08[39m
11 Nonlinear |R| = [32m1.881421e+03[39m
      0 Linear |R| = [32m1.881421e+03[39m
      1 Linear |R| = [31m3.845289e+08[39m
12 Nonlinear |R| = [32m1.693279e+03[39m
      0 Linear |R| = [32m1.693279e+03[39m
      1 Linear |R| = [31m3.132962e+08[39m
13 Nonlinear |R| = [32m1.523951e+03[39m
      0 Linear |R| = [32m1.523951e+03[39m
      1 Linear |R| = [31m2.555099e+08[39m
14 Nonlinear |R| = [32m1.371556e+03[39m
      0 Linear |R| = [32m1.371556e+03[39m
      1 Linear |R| = [31m2.084902e+08[39m
15 Nonlinear |R| = [32m1.234401e+03[39m
      0 Linear |R| = [32m1.234401e+03[39m
      1 Linear |R| = [31m1.700529e+08[39m
16 Nonlinear |R| = [32m1.110960e+03[39m
      0 Linear |R| = [32m1.110960e+03[39m
      1 Linear |R| = [31m1.387166e+08[39m
17 Nonlinear |R| = [32m9.998644e+02[39m
      0 Linear |R| = [32m9.998644e+02[39m
      1 Linear |R| = [31m1.131143e+08[39m
18 Nonlinear |R| = [32m8.998780e+02[39m
      0 Linear |R| = [32m8.998780e+02[39m
      1 Linear |R| = [31m9.220324e+07[39m
19 Nonlinear |R| = [32m8.098902e+02[39m
      0 Linear |R| = [32m8.098902e+02[39m
      1 Linear |R| = [31m7.512691e+07[39m
20 Nonlinear |R| = [32m7.289012e+02[39m
      0 Linear |R| = [32m7.289012e+02[39m
      1 Linear |R| = [31m6.118627e+07[39m
21 Nonlinear |R| = [32m6.560111e+02[39m
      0 Linear |R| = [32m6.560111e+02[39m
      1 Linear |R| = [31m4.981073e+07[39m
22 Nonlinear |R| = [32m5.904100e+02[39m
      0 Linear |R| = [32m5.904100e+02[39m
      1 Linear |R| = [31m4.052967e+07[39m
23 Nonlinear |R| = [32m5.313690e+02[39m
      0 Linear |R| = [32m5.313690e+02[39m
      1 Linear |R| = [31m3.297152e+07[39m
24 Nonlinear |R| = [32m4.782321e+02[39m
      0 Linear |R| = [32m4.782321e+02[39m
      1 Linear |R| = [31m2.681130e+07[39m
25 Nonlinear |R| = [32m4.304089e+02[39m
      0 Linear |R| = [32m4.304089e+02[39m
      1 Linear |R| = [31m2.179311e+07[39m
26 Nonlinear |R| = [32m3.873680e+02[39m
      0 Linear |R| = [32m3.873680e+02[39m
      1 Linear |R| = [31m1.770850e+07[39m
27 Nonlinear |R| = [32m3.486312e+02[39m
      0 Linear |R| = [32m3.486312e+02[39m
      1 Linear |R| = [31m1.438405e+07[39m
28 Nonlinear |R| = [32m3.137681e+02[39m
      0 Linear |R| = [32m3.137681e+02[39m
      1 Linear |R| = [31m1.168125e+07[39m
29 Nonlinear |R| = [32m2.823913e+02[39m
      0 Linear |R| = [32m2.823913e+02[39m
      1 Linear |R| = [31m9.484188e+06[39m
30 Nonlinear |R| = [32m2.541521e+02[39m
      0 Linear |R| = [32m2.541521e+02[39m
      1 Linear |R| = [31m7.698464e+06[39m
31 Nonlinear |R| = [32m2.287369e+02[39m
      0 Linear |R| = [32m2.287369e+02[39m
      1 Linear |R| = [31m6.248060e+06[39m
32 Nonlinear |R| = [32m2.058632e+02[39m
      0 Linear |R| = [32m2.058632e+02[39m
      1 Linear |R| = [31m5.069725e+06[39m
33 Nonlinear |R| = [32m1.852769e+02[39m
      0 Linear |R| = [32m1.852769e+02[39m
      1 Linear |R| = [31m4.112906e+06[39m
34 Nonlinear |R| = [32m1.667492e+02[39m
      0 Linear |R| = [32m1.667492e+02[39m
      1 Linear |R| = [31m3.336161e+06[39m
35 Nonlinear |R| = [32m1.500743e+02[39m
      0 Linear |R| = [32m1.500743e+02[39m
      1 Linear |R| = [31m2.705746e+06[39m
36 Nonlinear |R| = [32m1.350669e+02[39m
      0 Linear |R| = [32m1.350669e+02[39m
      1 Linear |R| = [31m2.194175e+06[39m
37 Nonlinear |R| = [32m1.215602e+02[39m
      0 Linear |R| = [32m1.215602e+02[39m
      1 Linear |R| = [31m1.779130e+06[39m
38 Nonlinear |R| = [32m1.094042e+02[39m
      0 Linear |R| = [32m1.094042e+02[39m
      1 Linear |R| = [31m1.442442e+06[39m
39 Nonlinear |R| = [32m9.846375e+01[39m
      0 Linear |R| = [32m9.846375e+01[39m
      1 Linear |R| = [31m1.169361e+06[39m
40 Nonlinear |R| = [32m8.861737e+01[39m
      0 Linear |R| = [32m8.861737e+01[39m
      1 Linear |R| = [31m9.478949e+05[39m
41 Nonlinear |R| = [32m7.975564e+01[39m
      0 Linear |R| = [32m7.975564e+01[39m
      1 Linear |R| = [31m7.683193e+05[39m
42 Nonlinear |R| = [32m7.178007e+01[39m
      0 Linear |R| = [32m7.178007e+01[39m
      1 Linear |R| = [31m6.227198e+05[39m
43 Nonlinear |R| = [32m6.460207e+01[39m
      0 Linear |R| = [32m6.460207e+01[39m
      1 Linear |R| = [31m5.046851e+05[39m
44 Nonlinear |R| = [32m5.814186e+01[39m
      0 Linear |R| = [32m5.814186e+01[39m
      1 Linear |R| = [31m4.089971e+05[39m
45 Nonlinear |R| = [32m5.232767e+01[39m
      0 Linear |R| = [32m5.232767e+01[39m
      1 Linear |R| = [31m3.314369e+05[39m
46 Nonlinear |R| = [32m4.709491e+01[39m
      0 Linear |R| = [32m4.709491e+01[39m
      1 Linear |R| = [31m2.685720e+05[39m
47 Nonlinear |R| = [32m4.238542e+01[39m
      0 Linear |R| = [32m4.238542e+01[39m
      1 Linear |R| = [31m2.176214e+05[39m
48 Nonlinear |R| = [32m3.814687e+01[39m
      0 Linear |R| = [32m3.814687e+01[39m
      1 Linear |R| = [31m1.763353e+05[39m
49 Nonlinear |R| = [32m3.433219e+01[39m
      0 Linear |R| = [32m3.433219e+01[39m
      1 Linear |R| = [31m1.428718e+05[39m
50 Nonlinear |R| = [32m3.089897e+01[39m
  Nonlinear solve did not converge due to DIVERGED_MAX_IT iterations 50

Solution Invalid Warnings:
--------------------------------------------------------------------------------------------------------------------
|         Object         | Converged | Timestep |   Total  |                        Message                        |
--------------------------------------------------------------------------------------------------------------------
| INSFVMomentumDiffusion |     15945 |  2438067 | 10162746 | Negative face dynamic viscosity has been encountered. |
--------------------------------------------------------------------------------------------------------------------

[33m
*** Warning ***
The solution is not converged due to the solution being invalid.[39m
[31m Solve Did NOT Converge![39m
  Finished Solving                                                                       [[33m1158.65 s[39m] [[33m  573 MB[39m]


Solution Invalid Warnings History:
----------------------------------------------------------------------------------------------------------------------------
|                                     Object                                     | Time | Stepinterval Count | Total Count |
----------------------------------------------------------------------------------------------------------------------------
| INSFVMomentumDiffusion : Negative face dynamic viscosity has been encountered. | 0-1  |                  0 |           0 |
----------------------------------------------------------------------------------------------------------------------------
Aborting as solve did not converge

Solve failed, cutting timestep.

Time Step 1, time = 1, dt = 6.25e-07
 0 Nonlinear |R| = [32m5.995403e+03[39m
      0 Linear |R| = [32m5.995403e+03[39m
      1 Linear |R| = [31m2.500993e+15[39m
 1 Nonlinear |R| = [32m5.395863e+03[39m
      0 Linear |R| = [32m5.395863e+03[39m
      1 Linear |R| = [31m1.114481e+10[39m
 2 Nonlinear |R| = [32m4.856277e+03[39m
      0 Linear |R| = [32m4.856277e+03[39m
      1 Linear |R| = [31m6.120640e+09[39m
 3 Nonlinear |R| = [32m4.370649e+03[39m
      0 Linear |R| = [32m4.370649e+03[39m
      1 Linear |R| = [31m3.988624e+09[39m
 4 Nonlinear |R| = [32m3.933584e+03[39m
      0 Linear |R| = [32m3.933584e+03[39m
      1 Linear |R| = [31m2.824995e+09[39m
 5 Nonlinear |R| = [32m3.540226e+03[39m
      0 Linear |R| = [32m3.540226e+03[39m
      1 Linear |R| = [31m2.106148e+09[39m
 6 Nonlinear |R| = [32m3.186203e+03[39m
      0 Linear |R| = [32m3.186203e+03[39m
      1 Linear |R| = [31m1.623977e+09[39m
 7 Nonlinear |R| = [32m2.867583e+03[39m
      0 Linear |R| = [32m2.867583e+03[39m
      1 Linear |R| = [31m1.280101e+09[39m
 8 Nonlinear |R| = [32m2.580825e+03[39m
      0 Linear |R| = [32m2.580825e+03[39m
      1 Linear |R| = [31m1.023131e+09[39m
 9 Nonlinear |R| = [32m2.322742e+03[39m
      0 Linear |R| = [32m2.322742e+03[39m
      1 Linear |R| = [31m8.248468e+08[39m
10 Nonlinear |R| = [32m2.090468e+03[39m
      0 Linear |R| = [32m2.090468e+03[39m
      1 Linear |R| = [31m6.686196e+08[39m
11 Nonlinear |R| = [32m1.881421e+03[39m
      0 Linear |R| = [32m1.881421e+03[39m
      1 Linear |R| = [31m5.437264e+08[39m
12 Nonlinear |R| = [32m1.693279e+03[39m
      0 Linear |R| = [32m1.693279e+03[39m
      1 Linear |R| = [31m4.430018e+08[39m
13 Nonlinear |R| = [32m1.523951e+03[39m
      0 Linear |R| = [32m1.523951e+03[39m
      1 Linear |R| = [31m3.612917e+08[39m
14 Nonlinear |R| = [32m1.371556e+03[39m
      0 Linear |R| = [32m1.371556e+03[39m
      1 Linear |R| = [31m2.948049e+08[39m
15 Nonlinear |R| = [32m1.234401e+03[39m
      0 Linear |R| = [32m1.234401e+03[39m
      1 Linear |R| = [31m2.404546e+08[39m
16 Nonlinear |R| = [32m1.110960e+03[39m
      0 Linear |R| = [32m1.110960e+03[39m
      1 Linear |R| = [31m1.961450e+08[39m
17 Nonlinear |R| = [32m9.998644e+02[39m
      0 Linear |R| = [32m9.998644e+02[39m
      1 Linear |R| = [31m1.599433e+08[39m
18 Nonlinear |R| = [32m8.998780e+02[39m
      0 Linear |R| = [32m8.998780e+02[39m
      1 Linear |R| = [31m1.303751e+08[39m
19 Nonlinear |R| = [32m8.098902e+02[39m
      0 Linear |R| = [32m8.098902e+02[39m
      1 Linear |R| = [31m1.062294e+08[39m
20 Nonlinear |R| = [32m7.289012e+02[39m
      0 Linear |R| = [32m7.289012e+02[39m
      1 Linear |R| = [31m8.651726e+07[39m
21 Nonlinear |R| = [32m6.560111e+02[39m
      0 Linear |R| = [32m6.560111e+02[39m
      1 Linear |R| = [31m7.043212e+07[39m
22 Nonlinear |R| = [32m5.904100e+02[39m
      0 Linear |R| = [32m5.904100e+02[39m
      1 Linear |R| = [31m5.730881e+07[39m
23 Nonlinear |R| = [32m5.313690e+02[39m
      0 Linear |R| = [32m5.313690e+02[39m
      1 Linear |R| = [31m4.662162e+07[39m
24 Nonlinear |R| = [32m4.782321e+02[39m
      0 Linear |R| = [32m4.782321e+02[39m
      1 Linear |R| = [31m3.791099e+07[39m
25 Nonlinear |R| = [32m4.304089e+02[39m
      0 Linear |R| = [32m4.304089e+02[39m
      1 Linear |R| = [31m3.081531e+07[39m
26 Nonlinear |R| = [32m3.873680e+02[39m
      0 Linear |R| = [32m3.873680e+02[39m
      1 Linear |R| = [31m2.503974e+07[39m
27 Nonlinear |R| = [32m3.486312e+02[39m
      0 Linear |R| = [32m3.486312e+02[39m
      1 Linear |R| = [31m2.033897e+07[39m
28 Nonlinear |R| = [32m3.137681e+02[39m
      0 Linear |R| = [32m3.137681e+02[39m
      1 Linear |R| = [31m1.651726e+07[39m
29 Nonlinear |R| = [32m2.823913e+02[39m
      0 Linear |R| = [32m2.823913e+02[39m
      1 Linear |R| = [31m1.341051e+07[39m
30 Nonlinear |R| = [32m2.541521e+02[39m
      0 Linear |R| = [32m2.541521e+02[39m
      1 Linear |R| = [31m1.088564e+07[39m
31 Nonlinear |R| = [32m2.287369e+02[39m
      0 Linear |R| = [32m2.287369e+02[39m
      1 Linear |R| = [31m8.834714e+06[39m
32 Nonlinear |R| = [32m2.058632e+02[39m
      0 Linear |R| = [32m2.058632e+02[39m
      1 Linear |R| = [31m7.168573e+06[39m
33 Nonlinear |R| = [32m1.852769e+02[39m
      0 Linear |R| = [32m1.852769e+02[39m
      1 Linear |R| = [31m5.815632e+06[39m
34 Nonlinear |R| = [32m1.667492e+02[39m
      0 Linear |R| = [32m1.667492e+02[39m
      1 Linear |R| = [31m4.717342e+06[39m
35 Nonlinear |R| = [32m1.500743e+02[39m
      0 Linear |R| = [32m1.500743e+02[39m
      1 Linear |R| = [31m3.825886e+06[39m
36 Nonlinear |R| = [32m1.350669e+02[39m
      0 Linear |R| = [32m1.350669e+02[39m
      1 Linear |R| = [31m3.102559e+06[39m
37 Nonlinear |R| = [32m1.215602e+02[39m
      0 Linear |R| = [32m1.215602e+02[39m
      1 Linear |R| = [31m2.515688e+06[39m
38 Nonlinear |R| = [32m1.094042e+02[39m
      0 Linear |R| = [32m1.094042e+02[39m
      1 Linear |R| = [31m2.039608e+06[39m
39 Nonlinear |R| = [32m9.846375e+01[39m
      0 Linear |R| = [32m9.846375e+01[39m
      1 Linear |R| = [31m1.653461e+06[39m
40 Nonlinear |R| = [32m8.861737e+01[39m
      0 Linear |R| = [32m8.861737e+01[39m
      1 Linear |R| = [31m1.340319e+06[39m
41 Nonlinear |R| = [32m7.975564e+01[39m
      0 Linear |R| = [32m7.975564e+01[39m
      1 Linear |R| = [31m1.086396e+06[39m
42 Nonlinear |R| = [32m7.178007e+01[39m
      0 Linear |R| = [32m7.178007e+01[39m
      1 Linear |R| = [31m8.805249e+05[39m
43 Nonlinear |R| = [32m6.460207e+01[39m
      0 Linear |R| = [32m6.460207e+01[39m
      1 Linear |R| = [31m7.136066e+05[39m
44 Nonlinear |R| = [32m5.814186e+01[39m
      0 Linear |R| = [32m5.814186e+01[39m
      1 Linear |R| = [31m5.783249e+05[39m
45 Nonlinear |R| = [32m5.232767e+01[39m
      0 Linear |R| = [32m5.232767e+01[39m
      1 Linear |R| = [31m4.686649e+05[39m
46 Nonlinear |R| = [32m4.709491e+01[39m
      0 Linear |R| = [32m4.709491e+01[39m
      1 Linear |R| = [31m3.797539e+05[39m
47 Nonlinear |R| = [32m4.238542e+01[39m
      0 Linear |R| = [32m4.238542e+01[39m
      1 Linear |R| = [31m3.077134e+05[39m
48 Nonlinear |R| = [32m3.814687e+01[39m
      0 Linear |R| = [32m3.814687e+01[39m
      1 Linear |R| = [31m2.493338e+05[39m
49 Nonlinear |R| = [32m3.433219e+01[39m
      0 Linear |R| = [32m3.433219e+01[39m
      1 Linear |R| = [31m2.020197e+05[39m
50 Nonlinear |R| = [32m3.089897e+01[39m
  Nonlinear solve did not converge due to DIVERGED_MAX_IT iterations 50

Solution Invalid Warnings:
--------------------------------------------------------------------------------------------------------------------
|         Object         | Converged | Timestep |   Total  |                        Message                        |
--------------------------------------------------------------------------------------------------------------------
| INSFVMomentumDiffusion |     15627 |  2390841 | 12553587 | Negative face dynamic viscosity has been encountered. |
--------------------------------------------------------------------------------------------------------------------

[33m
*** Warning ***
The solution is not converged due to the solution being invalid.[39m
[31m Solve Did NOT Converge![39m
  Finished Solving                                                                       [[33m1157.79 s[39m] [[33m  571 MB[39m]


Solution Invalid Warnings History:
----------------------------------------------------------------------------------------------------------------------------
|                                     Object                                     | Time | Stepinterval Count | Total Count |
----------------------------------------------------------------------------------------------------------------------------
| INSFVMomentumDiffusion : Negative face dynamic viscosity has been encountered. | 0-1  |                  0 |           0 |
----------------------------------------------------------------------------------------------------------------------------
Aborting as solve did not converge

Solve failed, cutting timestep.

Time Step 1, time = 1, dt = 3.125e-07
 0 Nonlinear |R| = [32m5.995403e+03[39m
      0 Linear |R| = [32m5.995403e+03[39m
      1 Linear |R| = [31m5.001554e+15[39m
 1 Nonlinear |R| = [32m5.395863e+03[39m
      0 Linear |R| = [32m5.395863e+03[39m
      1 Linear |R| = [31m1.576032e+10[39m
 2 Nonlinear |R| = [32m4.856277e+03[39m
      0 Linear |R| = [32m4.856277e+03[39m
      1 Linear |R| = [31m8.655430e+09[39m
 3 Nonlinear |R| = [32m4.370649e+03[39m
      0 Linear |R| = [32m4.370649e+03[39m
      1 Linear |R| = [31m5.640455e+09[39m
 4 Nonlinear |R| = [32m3.933584e+03[39m
      0 Linear |R| = [32m3.933584e+03[39m
      1 Linear |R| = [31m3.994914e+09[39m
 5 Nonlinear |R| = [32m3.540226e+03[39m
      0 Linear |R| = [32m3.540226e+03[39m
      1 Linear |R| = [31m2.978357e+09[39m
 6 Nonlinear |R| = [32m3.186203e+03[39m
      0 Linear |R| = [32m3.186203e+03[39m
      1 Linear |R| = [31m2.296506e+09[39m
 7 Nonlinear |R| = [32m2.867583e+03[39m
      0 Linear |R| = [32m2.867583e+03[39m
      1 Linear |R| = [31m1.810216e+09[39m
 8 Nonlinear |R| = [32m2.580825e+03[39m
      0 Linear |R| = [32m2.580825e+03[39m
      1 Linear |R| = [31m1.446823e+09[39m
 9 Nonlinear |R| = [32m2.322742e+03[39m
      0 Linear |R| = [32m2.322742e+03[39m
      1 Linear |R| = [31m1.166429e+09[39m
10 Nonlinear |R| = [32m2.090468e+03[39m
      0 Linear |R| = [32m2.090468e+03[39m
      1 Linear |R| = [31m9.455026e+08[39m
11 Nonlinear |R| = [32m1.881421e+03[39m
      0 Linear |R| = [32m1.881421e+03[39m
      1 Linear |R| = [31m7.688885e+08[39m
12 Nonlinear |R| = [32m1.693279e+03[39m
      0 Linear |R| = [32m1.693279e+03[39m
      1 Linear |R| = [31m6.264533e+08[39m
13 Nonlinear |R| = [32m1.523951e+03[39m
      0 Linear |R| = [32m1.523951e+03[39m
      1 Linear |R| = [31m5.109049e+08[39m
14 Nonlinear |R| = [32m1.371556e+03[39m
      0 Linear |R| = [32m1.371556e+03[39m
      1 Linear |R| = [31m4.168860e+08[39m
15 Nonlinear |R| = [32m1.234401e+03[39m
      0 Linear |R| = [32m1.234401e+03[39m
      1 Linear |R| = [31m3.400288e+08[39m
16 Nonlinear |R| = [32m1.110960e+03[39m
      0 Linear |R| = [32m1.110960e+03[39m
      1 Linear |R| = [31m2.773703e+08[39m
17 Nonlinear |R| = [32m9.998644e+02[39m
      0 Linear |R| = [32m9.998644e+02[39m
      1 Linear |R| = [31m2.261769e+08[39m
18 Nonlinear |R| = [32m8.998780e+02[39m
      0 Linear |R| = [32m8.998780e+02[39m
      1 Linear |R| = [31m1.843644e+08[39m
19 Nonlinear |R| = [32m8.098902e+02[39m
      0 Linear |R| = [32m8.098902e+02[39m
      1 Linear |R| = [31m1.502196e+08[39m
20 Nonlinear |R| = [32m7.289012e+02[39m
      0 Linear |R| = [32m7.289012e+02[39m
      1 Linear |R| = [31m1.223444e+08[39m
21 Nonlinear |R| = [32m6.560111e+02[39m
      0 Linear |R| = [32m6.560111e+02[39m
      1 Linear |R| = [31m9.959833e+07[39m
22 Nonlinear |R| = [32m5.904100e+02[39m
      0 Linear |R| = [32m5.904100e+02[39m
      1 Linear |R| = [31m8.104065e+07[39m
23 Nonlinear |R| = [32m5.313690e+02[39m
      0 Linear |R| = [32m5.313690e+02[39m
      1 Linear |R| = [31m6.592788e+07[39m
24 Nonlinear |R| = [32m4.782321e+02[39m
      0 Linear |R| = [32m4.782321e+02[39m
      1 Linear |R| = [31m5.361028e+07[39m
25 Nonlinear |R| = [32m4.304089e+02[39m
      0 Linear |R| = [32m4.304089e+02[39m
      1 Linear |R| = [31m4.357612e+07[39m
26 Nonlinear |R| = [32m3.873680e+02[39m
