--------------------------------------------------------------------------
A requested component was not found, or was unable to be opened.  This
means that this component is either not installed or is unable to be
used on your system (e.g., sometimes this means that shared libraries
that the component requires are unable to be found/loaded).  Note that
PMIX stopped checking at the first component that it did not find.

Host:      RTXWS
Framework: gds
Component: shmem
--------------------------------------------------------------------------

--------------------------------------------------------------------------
A requested component was not found, or was unable to be opened.  This
means that this component is either not installed or is unable to be
used on your system (e.g., sometimes this means that shared libraries
that the component requires are unable to be found/loaded).  Note that
PMIX stopped checking at the first component that it did not find.

Host:      RTXWS
Framework: gds
Component: shmem
--------------------------------------------------------------------------

--------------------------------------------------------------------------
A requested component was not found, or was unable to be opened.  This
means that this component is either not installed or is unable to be
used on your system (e.g., sometimes this means that shared libraries
that the component requires are unable to be found/loaded).  Note that
PMIX stopped checking at the first component that it did not find.

Host:      RTXWS
Framework: gds
Component: shmem
--------------------------------------------------------------------------

--------------------------------------------------------------------------
A requested component was not found, or was unable to be opened.  This
means that this component is either not installed or is unable to be
used on your system (e.g., sometimes this means that shared libraries
that the component requires are unable to be found/loaded).  Note that
PMIX stopped checking at the first component that it did not find.

Host:      RTXWS
Framework: gds
Component: shmem
--------------------------------------------------------------------------

--------------------------------------------------------------------------
A requested component was not found, or was unable to be opened.  This
means that this component is either not installed or is unable to be
used on your system (e.g., sometimes this means that shared libraries
that the component requires are unable to be found/loaded).  Note that
PMIX stopped checking at the first component that it did not find.

Host:      RTXWS
Framework: gds
Component: shmem
--------------------------------------------------------------------------

--------------------------------------------------------------------------
A requested component was not found, or was unable to be opened.  This
means that this component is either not installed or is unable to be
used on your system (e.g., sometimes this means that shared libraries
that the component requires are unable to be found/loaded).  Note that
PMIX stopped checking at the first component that it did not find.

Host:      RTXWS
Framework: gds
Component: shmem
-----------------------------------------------------------------------------------------------------------------
A requested component was not found, or was unable to be opened.  This
means that this component is either not installed or is unable to be
used on your system (e.g., sometimes this means that shared libraries
that the component requires are unable to be found/loaded).  Note that
PMIX stopped checking at the first component that it did not find.

Host:      RTXWS
Framework: gds
Component: shmem
--------------------------------------------------------------------------

--------------------------------------------------------------------------
A requested component was not found, or was unable to be opened.  This
means that this component is either not installed or is unable to be
used on your system (e.g., sometimes this means that shared libraries
that the component requires are unable to be found/loaded).  Note that
PMIX stopped checking at the first component that it did not find.

Host:      RTXWS
Framework: gds
Component: shmem
--------------------------------------------------------------------------

-----------------------------------


[36m
*** Info ***
/home/ubuntu/MSR-project/MSFR/stage3_cardinal/th_pure_flow.i:82.1:
The following occurred in the Problem 'MOOSE Problem' of type FEProblem.

Using /home/ubuntu/MSR-project/MSFR/stage3_cardinal/th_stokes_checkpoint_cp/0001 for restart.[39m
Finished Setting Up                                                                      [[33m  2.47 s[39m] [[33m  297 MB[39m]
Framework Information:
MOOSE Version:           git commit b1e271b638 on 2025-10-10
LibMesh Version:         
PETSc Version:           3.23.4
SLEPc Version:           3.23.2
Current Time:            Fri Apr 24 08:34:46 2026
Executable Timestamp:    Tue Apr 14 14:29:53 2026

Input File(s):
  /home/ubuntu/MSR-project/MSFR/stage3_cardinal/th_pure_flow.i

Checkpoint:
  Wall Time Interval:      Every 3600 s
  User Checkpoint:         Disabled
  # Checkpoints Kept:      2
  Execute On:              TIMESTEP_END 

Parallelism:
  Num Processors:          4
  Num Threads:             1

Mesh: 
  Parallel Type:           replicated
  Mesh Dimension:          3
  Spatial Dimension:       3
  Nodes:                   
    Total:                 9245
    Local:                 2162
    Min/Max/Avg:           2004/2614/2311
  Elems:                   
    Total:                 35186
    Local:                 8797
    Min/Max/Avg:           8796/8797/8796
  Num Subdomains:          1
  Num Partitions:          4
  Partitioner:             metis

Nonlinear System [u_system]:
  Num DOFs:                35186
  Num Local DOFs:          8797
  Variables:               "vel_x" 
  Finite Element Types:    "MONOMIAL" 
  Approximation Orders:    "CONSTANT" 

Nonlinear System [v_system]:
  Num DOFs:                35186
  Num Local DOFs:          8797
  Variables:               "vel_y" 
  Finite Element Types:    "MONOMIAL" 
  Approximation Orders:    "CONSTANT" 

Nonlinear System [w_system]:
  Num DOFs:                35186
  Num Local DOFs:          8797
  Variables:               "vel_z" 
  Finite Element Types:    "MONOMIAL" 
  Approximation Orders:    "CONSTANT" 

Nonlinear System [pressure_system]:
  Num DOFs:                35186
  Num Local DOFs:          8797
  Variables:               "pressure" 
  Finite Element Types:    "MONOMIAL" 
  Approximation Orders:    "CONSTANT" 

Nonlinear System [TKE_system]:
  Num DOFs:                35186
  Num Local DOFs:          8797
  Variables:               "TKE" 
  Finite Element Types:    "MONOMIAL" 
  Approximation Orders:    "CONSTANT" 

Nonlinear System [TKED_system]:
  Num DOFs:                35186
  Num Local DOFs:          8797
  Variables:               "TKED" 
  Finite Element Types:    "MONOMIAL" 
  Approximation Orders:    "CONSTANT" 

Auxiliary System:
  Num DOFs:                105558
  Num Local DOFs:          26391
  Variables:               { "power_density" "mu_t" "yplus" } 
  Finite Element Types:    "MONOMIAL" 
  Approximation Orders:    "CONSTANT" 

Execution Information:
  Executioner:             SIMPLENonlinearAssembly
  Solver Mode:             [u_system]: Preconditioned JFNK [v_system]: Preconditioned JFNK [w_system]: Preconditioned JFNK [pressure_system]: Preconditioned JFNK [TKE_system]: Preconditioned JFNK [TKED_system]: Preconditioned JFNK 

[33m
*** Warning ***
/home/ubuntu/MSR-project/MSFR/stage3_cardinal/th_pure_flow.i:36.1: unused parameter 'cp'
/home/ubuntu/MSR-project/MSFR/stage3_cardinal/th_pure_flow.i:37.1: unused parameter 'k'[39m
[0]PETSC ERROR: --------------------- Error Message --------------------------------------------------------------
[0]PETSC ERROR: Argument out of range
[0]PETSC ERROR: Absolute tolerance nan. must be non-negative
[0]PETSC ERROR: WARNING! There are unused option(s) set! Could be the program crashed before usage or a spelling mistake, etc!
[0]PETSC ERROR:   Option left: name:--snes_linesearch_type value: basic source: code
[0]PETSC ERROR:   Option left: name:--snes_monitor_cancel (no value) source: code
[0]PETSC ERROR:   Option left: name:--snes_type value: ksponly source: code
[0]PETSC ERROR:   Option left: name:-i value: th_pure_flow.i source: command line
[0]PETSC ERROR: See https://petsc.org/release/faq/ for trouble shooting.
[0]PETSC ERROR: PETSc Release Version 3.23.4, unknown
[0]PETSC ERROR: /home/ubuntu/cardinal/cardinal-opt with 4 MPI process(es) and PETSC_ARCH  on RTXWS by ubuntu Fri Apr 24 08:34:44 2026
[0]PETSC ERROR: Configure options: --with-64-bit-indices --with-cxx-dialect=C++17 --with-debugging=no --with-fortran-bindings=0 --with-mpi=1 --with-openmp=1 --with-strict-petscerrorcode=1 --with-shared-libraries=1 --with-sowing=0 --download-fblaslapack=1 --download-hpddm=1 --download-hypre=1 --download-metis=1 --download-mumps=1 --download-ptscotch=1 --download-parmetis=1 --download-scalapack=1 --download-slepc=1 --download-strumpack=1 --download-superlu_dist=1 --download-kokkos=1 --download-kokkos-kernels=1 --download-libceed=1 --with-make-np=14 --with-hdf5-dir=/home/ubuntu/miniconda3/envs/moose --COPTFLAGS=-O3 --CXXOPTFLAGS=-O3 --FOPTFLAGS=-O3 --with-x=0 --with-ssl=0 --with-mpi-dir=/home/ubuntu/miniconda3/envs/moose AR=/home/ubuntu/miniconda3/envs/moose/bin/x86_64-conda-linux-gnu-ar RANLIB=/home/ubuntu/miniconda3/envs/moose/bin/x86_64-conda-linux-gnu-ranlib CFLAGS="-march=nocona -mtune=haswell -ftree-vectorize -fPIC -fstack-protector-strong -fno-plt -O2 -ffunction-sections -pipe -isystem /home/ubuntu/miniconda3/envs/moose/include -fdebug-prefix-map=/tmp/build/_env/conda-bld/moose-mpi_1758458599522/work=/usr/local/src/conda/moose-mpi-base-2025.09.18 -fdebug-prefix-map=/home/ubuntu/miniconda3/envs/moose=/usr/local/src/conda-prefix " CXXFLAGS="-fvisibility-inlines-hidden -fmessage-length=0 -march=nocona -mtune=haswell -ftree-vectorize -fPIC -fstack-protector-strong -fno-plt -O2 -ffunction-sections -pipe -isystem /home/ubuntu/miniconda3/envs/moose/include -fdebug-prefix-map=/tmp/build/_env/conda-bld/moose-mpi_1758458599522/work=/usr/local/src/conda/moose-mpi-base-2025.09.18 -fdebug-prefix-map=/home/ubuntu/miniconda3/envs/moose=/usr/local/src/conda-prefix  " CPPFLAGS="-DNDEBUG -D_FORTIFY_SOURCE=2 -O2 -isystem /home/ubuntu/miniconda3/envs/moose/include " FFLAGS="-march=nocona -mtune=haswell -ftree-vectorize -fPIC -fstack-protector-strong -fno-plt -O2 -ffunction-sections -pipe -isystem /home/ubuntu/miniconda3/envs/moose/include -fdebug-prefix-map=/tmp/build/_env/conda-bld/moose-mpi_1758458599522/work=/usr/local/src/conda/moose-mpi-base-2025.09.18 -fdebug-prefix-map=/home/ubuntu/miniconda3/envs/moose=/usr/local/src/conda-prefix " FCFLAGS="-march=nocona -mtune=haswell -ftree-vectorize -fPIC -fstack-protector-strong -fno-plt -O2 -ffunction-sections -pipe -isystem /home/ubuntu/miniconda3/envs/moose/include -fdebug-prefix-map=/tmp/build/_env/conda-bld/moose-mpi_1758458599522/work=/usr/local/src/conda/moose-mpi-base-2025.09.18 -fdebug-prefix-map=/home/ubuntu/miniconda3/envs/moose=/usr/local/src/conda-prefix " LDFLAGS="-Wl,-O2 -Wl,--sort-common -Wl,--as-needed -Wl,-z,relro -Wl,-z,now -Wl,--disable-new-dtags -Wl,--gc-sections -Wl,--allow-shlib-undefined -Wl,-rpath,/home/ubuntu/miniconda3/envs/moose/lib -Wl,-rpath-link,/home/ubuntu/miniconda3/envs/moose/lib -L/home/ubuntu/miniconda3/envs/moose/lib " --prefix=/home/ubuntu/miniconda3/envs/moose/petsc
[0]PETSC ERROR: #1 KSPSetTolerances() at /tmp/build/_env/conda-bld/moose-petsc_1758459344677/work/src/ksp/ksp/interface/itfunc.c:1688
libMesh terminating:
Absolute tolerance nan. must be non-negative
libMesh terminating:
Absolute tolerance nan. must be non-negative
libMesh terminating:
Absolute tolerance nan. must be non-negative
libMesh terminating:
Absolute tolerance nan. must be non-negative
--------------------------------------------------------------------------
MPI_ABORT was invoked on rank 3 in communicator MPI_COMM_WORLD
with errorcode 1.

NOTE: invoking MPI_ABORT causes Open MPI to kill all MPI processes.
You may or may not see output from other processes, depending on
exactly when Open MPI kills them.
--------------------------------------------------------------------------
[RTXWS:124781] 3 more processes have sent help message help-mpi-api.txt / mpi-abort
[RTXWS:124781] Set MCA parameter "orte_base_help_aggregate" to 0 to see all help / error messages
