--------------------------------------------------------------------------
A requested component was not found, or was unable to be opened.  This
means that this component is either not installed or is unable to be
used on your system (e.g., sometimes this means that shared libraries
that the component requires are unable to be found/loaded).  Note that
PMIX stopped checking at the first component that it did not find.

Host:      RTXWS
Framework: gds
Component: shmem
--------------------------------------------------------------------------

--------------------------------------------------------------------------
A requested component was not found, or was unable to be opened.  This
means that this component is either not installed or is unable to be
used on your system (e.g., sometimes this means that shared libraries
that the component requires are unable to be found/loaded).  Note that
PMIX stopped checking at the first component that it did not find.

Host:      RTXWS
Framework: gds
Component: shmem
--------------------------------------------------------------------------

--------------------------------------------------------------------------
A requested component was not found, or was unable to be opened.  This
means that this component is either not installed or is unable to be
used on your system (e.g., sometimes this means that shared libraries
that the component requires are unable to be found/loaded).  Note that
PMIX stopped checking at the first component that it did not find.

Host:      RTXWS
Framework: gds
Component: shmem
--------------------------------------------------------------------------

--------------------------------------------------------------------------
A requested component was not found, or was unable to be opened.  This
means that this component is either not installed or is unable to be
used on your system (e.g., sometimes this means that shared libraries
that the component requires are unable to be found/loaded).  Note that
PMIX stopped checking at the first component that it did not find.

Host:      RTXWS
Framework: gds
Component: shmem
--------------------------------------------------------------------------

--------------------------------------------------------------------------
A requested component was not found, or was unable to be opened.  This
means that this component is either not installed or is unable to be
used on your system (e.g., sometimes this means that shared libraries
that the component requires are unable to be found/loaded).  Note that
PMIX stopped checking at the first component that it did not find.

Host:      RTXWS
Framework: gds
Component: shmem
--------------------------------------------------------------------------

--------------------------------------------------------------------------
A requested component was not found, or was unable to be opened.  This
means that this component is either not installed or is unable to be
used on your system (e.g., sometimes this means that shared libraries
that the component requires are unable to be found/loaded).  Note that
PMIX stopped checking at the first component that it did not find.

Host:      RTXWS
Framework: gds
Component: shmem
--------------------------------------------------------------------------

--------------------------------------------------------------------------
A requested component was not found, or was unable to be opened.  This
means that this component is either not installed or is unable to be
used on your system (e.g., sometimes this means that shared libraries
that the component requires are unable to be found/loaded).  Note that
PMIX stopped checking at the first component that it did not find.

Host:      RTXWS
Framework: gds
Component: shmem
--------------------------------------------------------------------------

--------------------------------------------------------------------------
A requested component was not found, or was unable to be opened.  This
means that this component is either not installed or is unable to be
used on your system (e.g., sometimes this means that shared libraries
that the component requires are unable to be found/loaded).  Note that
PMIX stopped checking at the first component that it did not find.

Host:      RTXWS
Framework: gds
Component: shmem
--------------------------------------------------------------------------

--------------------------------------------------------------------------
A requested component was not found, or was unable to be opened.  This
means that this component is either not installed or is unable to be
used on your system (e.g., sometimes this means that shared libraries
that the component requires are unable to be found/loaded).  Note that
PMIX stopped checking at the first component that it did not find.

Host:      RTXWS
Framework: gds
Component: shmem
--------------------------------------------------------------------------

--------------------------------------------------------------------------
A requested component was not found, or was unable to be opened.  This
means that this component is either not installed or is unable to be
used on your system (e.g., sometimes this means that shared libraries
that the component requires are unable to be found/loaded).  Note that
PMIX stopped checking at the first component that it did not find.

Host:      RTXWS
Framework: gds
Component: shmem
--------------------------------------------------------------------------

--------------------------------------------------------------------------
A requested component was not found, or was unable to be opened.  This
means that this component is either not installed or is unable to be
used on your system (e.g., sometimes this means that shared libraries
that the component requires are unable to be found/loaded).  Note that
PMIX stopped checking at the first component that it did not find.

Host:      RTXWS
Framework: gds
Component: shmem
--------------------------------------------------------------------------

--------------------------------------------------------------------------
A requested component was not found, or was unable to be opened.  This
means that this component is either not installed or is unable to be
used on your system (e.g., sometimes this means that shared libraries
that the component requires are unable to be found/loaded).  Note that
PMIX stopped checking at the first component that it did not find.

Host:      RTXWS
Framework: gds
Component: shmem
--------------------------------------------------------------------------

--------------------------------------------------------------------------
A requested component was not found, or was unable to be opened.  This
means that this component is either not installed or is unable to be
used on your system (e.g., sometimes this means that shared libraries
that the component requires are unable to be found/loaded).  Note that
PMIX stopped checking at the first component that it did not find.

Host:      RTXWS
Framework: gds
Component: shmem
--------------------------------------------------------------------------

--------------------------------------------------------------------------
A requested component was not found, or was unable to be opened.  This
means that this component is either not installed or is unable to be
used on your system (e.g., sometimes this means that shared libraries
that the component requires are unable to be found/loaded).  Note that
PMIX stopped checking at the first component that it did not find.

Host:      RTXWS
Framework: gds
Component: shmem
--------------------------------------------------------------------------

--------------------------------------------------------------------------
A requested component was not found, or was unable to be opened.  This
means that this component is either not installed or is unable to be
used on your system (e.g., sometimes this means that shared libraries
that the component requires are unable to be found/loaded).  Note that
PMIX stopped checking at the first component that it did not find.

Host:      RTXWS
Framework: gds
Component: shmem
--------------------------------------------------------------------------

--------------------------------------------------------------------------
A requested component was not found, or was unable to be opened.  This
means that this component is either not installed or is unable to be
used on your system (e.g., sometimes this means that shared libraries
that the component requires are unable to be found/loaded).  Note that
PMIX stopped checking at the first component that it did not find.

Host:      RTXWS
Framework: gds
Component: shmem
--------------------------------------------------------------------------

--------------------------------------------------------------------------
A requested component was not found, or was unable to be opened.  This
means that this component is either not installed or is unable to be
used on your system (e.g., sometimes this means that shared libraries
that the component requires are unable to be found/loaded).  Note that
PMIX stopped checking at the first component that it did not find.

Host:      RTXWS
Framework: gds
Component: shmem
--------------------------------------------------------------------------

--------------------------------------------------------------------------
A requested component was not found, or was unable to be opened.  This
means that this component is either not installed or is unable to be
used on your system (e.g., sometimes this means that shared libraries
that the component requires are unable to be found/loaded).  Note that
PMIX stopped checking at the first component that it did not find.

Host:      RTXWS
Framework: gds
Component: shmem
--------------------------------------------------------------------------

--------------------------------------------------------------------------
A requested component was not found, or was unable to be opened.  This
means that this component is either not installed or is unable to be
used on your system (e.g., sometimes this means that shared libraries
that the component requires are unable to be found/loaded).  Note that
PMIX stopped checking at the first component that it did not find.

Host:      RTXWS
Framework: gds
Component: shmem
--------------------------------------------------------------------------

--------------------------------------------------------------------------
A requested component was not found, or was unable to be opened.  This
means that this component is either not installed or is unable to be
used on your system (e.g., sometimes this means that shared libraries
that the component requires are unable to be found/loaded).  Note that
PMIX stopped checking at the first component that it did not find.

Host:      RTXWS
Framework: gds
Component: shmem
--------------------------------------------------------------------------

--------------------------------------------------------------------------
A requested component was not found, or was unable to be opened.  This
means that this component is either not installed or is unable to be
used on your system (e.g., sometimes this means that shared libraries
that the component requires are unable to be found/loaded).  Note that
PMIX stopped checking at the first component that it did not find.

Host:      RTXWS
Framework: gds
Component: shmem
--------------------------------------------------------------------------

--------------------------------------------------------------------------
A requested component was not found, or was unable to be opened.  This
means that this component is either not installed or is unable to be
used on your system (e.g., sometimes this means that shared libraries
that the component requires are unable to be found/loaded).  Note that
PMIX stopped checking at the first component that it did not find.

Host:      RTXWS
Framework: gds
Component: shmem
--------------------------------------------------------------------------

--------------------------------------------------------------------------
A requested component was not found, or was unable to be opened.  This
means that this component is either not installed or is unable to be
used on your system (e.g., sometimes this means that shared libraries
that the component requires are unable to be found/loaded).  Note that
PMIX stopped checking at the first component that it did not find.

Host:      RTXWS
Framework: gds
Component: shmem
--------------------------------------------------------------------------

--------------------------------------------------------------------------
A requested component was not found, or was unable to be opened.  This
means that this component is either not installed or is unable to be
used on your system (e.g., sometimes this means that shared libraries
that the component requires are unable to be found/loaded).  Note that
PMIX stopped checking at the first component that it did not find.

Host:      RTXWS
Framework: gds
Component: shmem
--------------------------------------------------------------------------

--------------------------------------------------------------------------
A requested component was not found, or was unable to be opened.  This
means that this component is either not installed or is unable to be
used on your system (e.g., sometimes this means that shared libraries
that the component requires are unable to be found/loaded).  Note that
PMIX stopped checking at the first component that it did not find.

Host:      RTXWS
Framework: gds
Component: shmem
--------------------------------------------------------------------------

--------------------------------------------------------------------------
A requested component was not found, or was unable to be opened.  This
means that this component is either not installed or is unable to be
used on your system (e.g., sometimes this means that shared libraries
that the component requires are unable to be found/loaded).  Note that
PMIX stopped checking at the first component that it did not find.

Host:      RTXWS
Framework: gds
Component: shmem
--------------------------------------------------------------------------

--------------------------------------------------------------------------
A requested component was not found, or was unable to be opened.  This
means that this component is either not installed or is unable to be
used on your system (e.g., sometimes this means that shared libraries
that the component requires are unable to be found/loaded).  Note that
PMIX stopped checking at the first component that it did not find.

Host:      RTXWS
Framework: gds
Component: shmem
--------------------------------------------------------------------------

--------------------------------------------------------------------------
A requested component was not found, or was unable to be opened.  This
means that this component is either not installed or is unable to be
used on your system (e.g., sometimes this means that shared libraries
that the component requires are unable to be found/loaded).  Note that
PMIX stopped checking at the first component that it did not find.

Host:      RTXWS
Framework: gds
Component: shmem
--------------------------------------------------------------------------

--------------------------------------------------------------------------
A requested component was not found, or was unable to be opened.  This
means that this component is either not installed or is unable to be
used on your system (e.g., sometimes this means that shared libraries
that the component requires are unable to be found/loaded).  Note that
PMIX stopped checking at the first component that it did not find.

Host:      RTXWS
Framework: gds
Component: shmem
--------------------------------------------------------------------------

--------------------------------------------------------------------------
A requested component was not found, or was unable to be opened.  This
means that this component is either not installed or is unable to be
used on your system (e.g., sometimes this means that shared libraries
that the component requires are unable to be found/loaded).  Note that
PMIX stopped checking at the first component that it did not find.

Host:      RTXWS
Framework: gds
Component: shmem
--------------------------------------------------------------------------

--------------------------------------------------------------------------
A requested component was not found, or was unable to be opened.  This
means that this component is either not installed or is unable to be
used on your system (e.g., sometimes this means that shared libraries
that the component requires are unable to be found/loaded).  Note that
PMIX stopped checking at the first component that it did not find.

Host:      RTXWS
Framework: gds
Component: shmem
--------------------------------------------------------------------------

--------------------------------------------------------------------------
A requested component was not found, or was unable to be opened.  This
means that this component is either not installed or is unable to be
used on your system (e.g., sometimes this means that shared libraries
that the component requires are unable to be found/loaded).  Note that
PMIX stopped checking at the first component that it did not find.

Host:      RTXWS
Framework: gds
Component: shmem
--------------------------------------------------------------------------

[36mThe following total 2 aux variables:
  k_t_out
  mu_t_out
are added for automatic output by MaterialOutputAction.[39m
Currently Setting Up
  Finished Initializing                                                                  [[33m  2.11 s[39m] [[33m  315 MB[39m]
Finished Setting Up                                                                      [[33m  5.60 s[39m] [[33m  315 MB[39m]
Framework Information:
MOOSE Version:           git commit b1e271b638 on 2025-10-10
LibMesh Version:         
PETSc Version:           3.23.4
SLEPc Version:           3.23.2
Current Time:            Mon May 18 09:48:45 2026
Executable Timestamp:    Tue Apr 14 14:29:53 2026

Input File(s):
  /home/ubuntu/MSR-project/MSFR/stage3_cardinal/th_physics.i

Checkpoint:
  Wall Time Interval:      Every 3600 s
  User Checkpoint:         Disabled
  # Checkpoints Kept:      2
  Execute On:              TIMESTEP_END 

Parallelism:
  Num Processors:          16
  Num Threads:             1

Mesh: 
  Parallel Type:           replicated
  Mesh Dimension:          3
  Spatial Dimension:       3
  Nodes:                   
    Total:                 9245
    Local:                 562
    Min/Max/Avg:           355/676/577
  Elems:                   
    Total:                 35186
    Local:                 2260
    Min/Max/Avg:           2136/2265/2199
  Num Subdomains:          1
  Num Partitions:          16
  Partitioner:             metis

Nonlinear System:
  Num DOFs:                246302
  Num Local DOFs:          15820
  Variables:               { "vel_x" "vel_y" "vel_z" "pressure" "T_fluid" "TKE" "TKED" } 
  Finite Element Types:    "MONOMIAL" 
  Approximation Orders:    "CONSTANT" 

Auxiliary System:
  Num DOFs:                105558
  Num Local DOFs:          6780
  Variables:               { "power_density" "k_t_out" "mu_t_out" } 
  Finite Element Types:    "MONOMIAL" 
  Approximation Orders:    "CONSTANT" 

Execution Information:
  Executioner:             Transient
  TimeStepper:             IterationAdaptiveDT
  TimeIntegrator(s):       ImplicitEuler
  Solver Mode:             NEWTON 
  PETSc Preconditioner:    lu 
  MOOSE Preconditioner:    SMP (auto) 

Time Step 0, time = 0

Postprocessor Values:
+----------------+----------------+----------------+----------------+----------------+----------------+-------------------+
| time           | avg_T          | avg_TKE        | max_vel_z      | min_vel_z      | outlet_avg_T   | power_density_avg |
+----------------+----------------+----------------+----------------+----------------+----------------+-------------------+
|   0.000000e+00 |   0.000000e+00 |   0.000000e+00 |   0.000000e+00 |   0.000000e+00 |   0.000000e+00 |      0.000000e+00 |
+----------------+----------------+----------------+----------------+----------------+----------------+-------------------+


Time Step 1, time = 0.0001, dt = 0.0001
 0 Nonlinear |R| = [32m1.338594e+09[39m
 1 Nonlinear |R| = [32m1.199050e+09[39m

    Computing Jacobian...                                                                [[33m 24.72 s[39m] [[33m 1309 MB[39m]
 2 Nonlinear |R| = [33m1.192312e+09[39m

    Computing Jacobian                                                                   [[33m  9.56 s[39m] [[33m 1180 MB[39m]
 3 Nonlinear |R| = [33m1.191686e+09[39m
 4 Nonlinear |R| = [33m1.191048e+09[39m

    Computing Jacobian                                                                   [[33m  8.63 s[39m] [[33m 1425 MB[39m]
 5 Nonlinear |R| = [33m1.187494e+09[39m

    Computing Jacobian                                                                   [[33m  8.64 s[39m] [[33m 1400 MB[39m]
 6 Nonlinear |R| = [33m1.185115e+09[39m

    Computing Jacobian                                                                   [[33m  5.56 s[39m] [[33m 1655 MB[39m]
 7 Nonlinear |R| = [33m1.185072e+09[39m
 8 Nonlinear |R| = [33m1.185058e+09[39m
 9 Nonlinear |R| = [33m1.181921e+09[39m

    Computing Jacobian                                                                   [[33m  5.56 s[39m] [[33m 1573 MB[39m]
10 Nonlinear |R| = [33m1.172959e+09[39m
11 Nonlinear |R| = [33m1.169236e+09[39m
12 Nonlinear |R| = [33m1.166371e+09[39m
13 Nonlinear |R| = [33m1.152014e+09[39m
14 Nonlinear |R| = [33m1.141505e+09[39m
15 Nonlinear |R| = [33m1.136476e+09[39m
16 Nonlinear |R| = [33m1.135681e+09[39m
17 Nonlinear |R| = [33m1.135107e+09[39m
18 Nonlinear |R| = [33m1.110639e+09[39m

    Computing Jacobian                                                                   [[33m  7.18 s[39m] [[33m 1649 MB[39m]
19 Nonlinear |R| = [33m1.101627e+09[39m

    Computing Jacobian                                                                   [[33m  6.40 s[39m] [[33m 1435 MB[39m]
20 Nonlinear |R| = [33m1.101565e+09[39m
  Nonlinear solve did not converge due to DIVERGED_MAX_IT iterations 20
[31m Solve Did NOT Converge![39m
  Finished Solving                                                                       [[33m968.00 s[39m] [[33m  480 MB[39m]
Aborting as solve did not converge

Solve failed, cutting timestep.

Time Step 1, time = 5e-05, dt = 5e-05
 0 Nonlinear |R| = [32m1.338594e+09[39m
 1 Nonlinear |R| = [32m1.237612e+09[39m
 2 Nonlinear |R| = [33m1.237351e+09[39m
 3 Nonlinear |R| = [33m1.237232e+09[39m
 4 Nonlinear |R| = [33m1.232073e+09[39m
 5 Nonlinear |R| = [33m1.231487e+09[39m
 6 Nonlinear |R| = [33m1.230305e+09[39m
 7 Nonlinear |R| = [33m1.228668e+09[39m
    Finished Computing Jacobian                                                          [[33m  5.17 s[39m] [[33m 1422 MB[39m]
 8 Nonlinear |R| = [33m1.226432e+09[39m
 9 Nonlinear |R| = [33m1.224960e+09[39m
10 Nonlinear |R| = [33m1.224924e+09[39m
11 Nonlinear |R| = [33m1.224515e+09[39m
12 Nonlinear |R| = [33m1.218268e+09[39m
13 Nonlinear |R| = [33m1.217065e+09[39m
14 Nonlinear |R| = [33m1.213629e+09[39m
15 Nonlinear |R| = [33m1.204032e+09[39m
16 Nonlinear |R| = [33m1.195798e+09[39m
17 Nonlinear |R| = [33m1.188355e+09[39m
    Finished Computing Jacobian                                                          [[33m  5.37 s[39m] [[33m 1685 MB[39m]
18 Nonlinear |R| = [33m1.187700e+09[39m
19 Nonlinear |R| = [33m1.185248e+09[39m
20 Nonlinear |R| = [33m1.173008e+09[39m
  Nonlinear solve did not converge due to DIVERGED_MAX_IT iterations 20
[31m Solve Did NOT Converge![39m
  Finished Solving                                                                       [[33m886.01 s[39m] [[33m  571 MB[39m]
Aborting as solve did not converge

Solve failed, cutting timestep.

Time Step 1, time = 2.5e-05, dt = 2.5e-05
 0 Nonlinear |R| = [32m1.338594e+09[39m
 1 Nonlinear |R| = [33m1.274506e+09[39m
 2 Nonlinear |R| = [33m1.274496e+09[39m
 3 Nonlinear |R| = [33m1.274031e+09[39m
 4 Nonlinear |R| = [33m1.273441e+09[39m
    Finished Computing Jacobian                                                          [[33m  5.08 s[39m] [[33m 1609 MB[39m]
 5 Nonlinear |R| = [33m1.268534e+09[39m
 6 Nonlinear |R| = [33m1.260964e+09[39m
 7 Nonlinear |R| = [33m1.260786e+09[39m
 8 Nonlinear |R| = [33m1.253442e+09[39m
 9 Nonlinear |R| = [33m1.252348e+09[39m
10 Nonlinear |R| = [33m1.250502e+09[39m
11 Nonlinear |R| = [33m1.250331e+09[39m
12 Nonlinear |R| = [33m1.247236e+09[39m
13 Nonlinear |R| = [33m1.239741e+09[39m
14 Nonlinear |R| = [33m1.231929e+09[39m
15 Nonlinear |R| = [33m1.231289e+09[39m
16 Nonlinear |R| = [33m1.231002e+09[39m
17 Nonlinear |R| = [33m1.228739e+09[39m
18 Nonlinear |R| = [33m1.220706e+09[39m
19 Nonlinear |R| = [33m1.220560e+09[39m
20 Nonlinear |R| = [33m1.217287e+09[39m
  Nonlinear solve did not converge due to DIVERGED_MAX_IT iterations 20
[31m Solve Did NOT Converge![39m
  Finished Solving                                                                       [[33m880.26 s[39m] [[33m  510 MB[39m]
Aborting as solve did not converge

Solve failed, cutting timestep.

Time Step 1, time = 1.25e-05, dt = 1.25e-05
 0 Nonlinear |R| = [32m1.338594e+09[39m
 1 Nonlinear |R| = [33m1.301832e+09[39m
 2 Nonlinear |R| = [33m1.301022e+09[39m
 3 Nonlinear |R| = [33m1.301015e+09[39m
 4 Nonlinear |R| = [33m1.300701e+09[39m
 5 Nonlinear |R| = [33m1.300519e+09[39m
 6 Nonlinear |R| = [33m1.300230e+09[39m
 7 Nonlinear |R| = [33m1.296964e+09[39m
 8 Nonlinear |R| = [33m1.296962e+09[39m
 9 Nonlinear |R| = [33m1.296574e+09[39m
10 Nonlinear |R| = [33m1.296538e+09[39m
11 Nonlinear |R| = [33m1.296171e+09[39m
12 Nonlinear |R| = [33m1.296166e+09[39m
13 Nonlinear |R| = [33m1.293361e+09[39m
14 Nonlinear |R| = [33m1.292506e+09[39m
15 Nonlinear |R| = [33m1.291928e+09[39m
