--------------------------------------------------------------------------
A requested component was not found, or was unable to be opened.  This
means that this component is either not installed or is unable to be
used on your system (e.g., sometimes this means that shared libraries
that the component requires are unable to be found/loaded).  Note that
PMIX stopped checking at the first component that it did not find.

Host:      RTXWS
Framework: gds
Component: shmem
--------------------------------------------------------------------------

--------------------------------------------------------------------------
A requested component was not found, or was unable to be opened.  This
means that this component is either not installed or is unable to be
used on your system (e.g., sometimes this means that shared libraries
that the component requires are unable to be found/loaded).  Note that
PMIX stopped checking at the first component that it did not find.

Host:      RTXWS
Framework: gds
Component: shmem
--------------------------------------------------------------------------

--------------------------------------------------------------------------
A requested component was not found, or was unable to be opened.  This
means that this component is either not installed or is unable to be
used on your system (e.g., sometimes this means that shared libraries
that the component requires are unable to be found/loaded).  Note that
PMIX stopped checking at the first component that it did not find.

Host:      RTXWS
Framework: gds
Component: shmem
--------------------------------------------------------------------------

--------------------------------------------------------------------------
A requested component was not found, or was unable to be opened.  This
means that this component is either not installed or is unable to be
used on your system (e.g., sometimes this means that shared libraries
that the component requires are unable to be found/loaded).  Note that
PMIX stopped checking at the first component that it did not find.

Host:      RTXWS
Framework: gds
Component: shmem
--------------------------------------------------------------------------

--------------------------------------------------------------------------
A requested component was not found, or was unable to be opened.  This
means that this component is either not installed or is unable to be
used on your system (e.g., sometimes this means that shared libraries
that the component requires are unable to be found/loaded).  Note that
PMIX stopped checking at the first component that it did not find.

Host:      RTXWS
Framework: gds
Component: shmem
--------------------------------------------------------------------------

--------------------------------------------------------------------------
A requested component was not found, or was unable to be opened.  This
means that this component is either not installed or is unable to be
used on your system (e.g., sometimes this means that shared libraries
that the component requires are unable to be found/loaded).  Note that
PMIX stopped checking at the first component that it did not find.

Host:      RTXWS
Framework: gds
Component: shmem
--------------------------------------------------------------------------

--------------------------------------------------------------------------
A requested component was not found, or was unable to be opened.  This
means that this component is either not installed or is unable to be
used on your system (e.g., sometimes this means that shared libraries
that the component requires are unable to be found/loaded).  Note that
PMIX stopped checking at the first component that it did not find.

Host:      RTXWS
Framework: gds
Component: shmem
--------------------------------------------------------------------------

--------------------------------------------------------------------------
A requested component was not found, or was unable to be opened.  This
means that this component is either not installed or is unable to be
used on your system (e.g., sometimes this means that shared libraries
that the component requires are unable to be found/loaded).  Note that
PMIX stopped checking at the first component that it did not find.

Host:      RTXWS
Framework: gds
Component: shmem
--------------------------------------------------------------------------

--------------------------------------------------------------------------
A requested component was not found, or was unable to be opened.  This
means that this component is either not installed or is unable to be
used on your system (e.g., sometimes this means that shared libraries
that the component requires are unable to be found/loaded).  Note that
PMIX stopped checking at the first component that it did not find.

Host:      RTXWS
Framework: gds
Component: shmem
--------------------------------------------------------------------------

--------------------------------------------------------------------------
A requested component was not found, or was unable to be opened.  This
means that this component is either not installed or is unable to be
used on your system (e.g., sometimes this means that shared libraries
that the component requires are unable to be found/loaded).  Note that
PMIX stopped checking at the first component that it did not find.

Host:      RTXWS
Framework: gds
Component: shmem
--------------------------------------------------------------------------

--------------------------------------------------------------------------
A requested component was not found, or was unable to be opened.  This
means that this component is either not installed or is unable to be
used on your system (e.g., sometimes this means that shared libraries
that the component requires are unable to be found/loaded).  Note that
PMIX stopped checking at the first component that it did not find.

Host:      RTXWS
Framework: gds
Component: shmem
--------------------------------------------------------------------------

--------------------------------------------------------------------------
A requested component was not found, or was unable to be opened.  This
means that this component is either not installed or is unable to be
used on your system (e.g., sometimes this means that shared libraries
that the component requires are unable to be found/loaded).  Note that
PMIX stopped checking at the first component that it did not find.

Host:      RTXWS
Framework: gds
Component: shmem
--------------------------------------------------------------------------

--------------------------------------------------------------------------
A requested component was not found, or was unable to be opened.  This
means that this component is either not installed or is unable to be
used on your system (e.g., sometimes this means that shared libraries
that the component requires are unable to be found/loaded).  Note that
PMIX stopped checking at the first component that it did not find.

Host:      RTXWS
Framework: gds
Component: shmem
--------------------------------------------------------------------------

--------------------------------------------------------------------------
A requested component was not found, or was unable to be opened.  This
means that this component is either not installed or is unable to be
used on your system (e.g., sometimes this means that shared libraries
that the component requires are unable to be found/loaded).  Note that
PMIX stopped checking at the first component that it did not find.

Host:      RTXWS
Framework: gds
Component: shmem
--------------------------------------------------------------------------

--------------------------------------------------------------------------
A requested component was not found, or was unable to be opened.  This
means that this component is either not installed or is unable to be
used on your system (e.g., sometimes this means that shared libraries
that the component requires are unable to be found/loaded).  Note that
PMIX stopped checking at the first component that it did not find.

Host:      RTXWS
Framework: gds
Component: shmem
--------------------------------------------------------------------------

--------------------------------------------------------------------------
A requested component was not found, or was unable to be opened.  This
means that this component is either not installed or is unable to be
used on your system (e.g., sometimes this means that shared libraries
that the component requires are unable to be found/loaded).  Note that
PMIX stopped checking at the first component that it did not find.

Host:      RTXWS
Framework: gds
Component: shmem
--------------------------------------------------------------------------

--------------------------------------------------------------------------
A requested component was not found, or was unable to be opened.  This
means that this component is either not installed or is unable to be
used on your system (e.g., sometimes this means that shared libraries
that the component requires are unable to be found/loaded).  Note that
PMIX stopped checking at the first component that it did not find.

Host:      RTXWS
Framework: gds
Component: shmem
--------------------------------------------------------------------------

--------------------------------------------------------------------------
A requested component was not found, or was unable to be opened.  This
means that this component is either not installed or is unable to be
used on your system (e.g., sometimes this means that shared libraries
that the component requires are unable to be found/loaded).  Note that
PMIX stopped checking at the first component that it did not find.

Host:      RTXWS
Framework: gds
Component: shmem
--------------------------------------------------------------------------

--------------------------------------------------------------------------
A requested component was not found, or was unable to be opened.  This
means that this component is either not installed or is unable to be
used on your system (e.g., sometimes this means that shared libraries
that the component requires are unable to be found/loaded).  Note that
PMIX stopped checking at the first component that it did not find.

Host:      RTXWS
Framework: gds
Component: shmem
--------------------------------------------------------------------------

--------------------------------------------------------------------------
A requested component was not found, or was unable to be opened.  This
means that this component is either not installed or is unable to be
used on your system (e.g., sometimes this means that shared libraries
that the component requires are unable to be found/loaded).  Note that
PMIX stopped checking at the first component that it did not find.

Host:      RTXWS
Framework: gds
Component: shmem
--------------------------------------------------------------------------

--------------------------------------------------------------------------
A requested component was not found, or was unable to be opened.  This
means that this component is either not installed or is unable to be
used on your system (e.g., sometimes this means that shared libraries
that the component requires are unable to be found/loaded).  Note that
PMIX stopped checking at the first component that it did not find.

Host:      RTXWS
Framework: gds
Component: shmem
--------------------------------------------------------------------------

--------------------------------------------------------------------------
A requested component was not found, or was unable to be opened.  This
means that this component is either not installed or is unable to be
used on your system (e.g., sometimes this means that shared libraries
that the component requires are unable to be found/loaded).  Note that
PMIX stopped checking at the first component that it did not find.

Host:      RTXWS
Framework: gds
Component: shmem
--------------------------------------------------------------------------

--------------------------------------------------------------------------
A requested component was not found, or was unable to be opened.  This
means that this component is either not installed or is unable to be
used on your system (e.g., sometimes this means that shared libraries
that the component requires are unable to be found/loaded).  Note that
PMIX stopped checking at the first component that it did not find.

Host:      RTXWS
Framework: gds
Component: shmem
--------------------------------------------------------------------------

--------------------------------------------------------------------------
A requested component was not found, or was unable to be opened.  This
means that this component is either not installed or is unable to be
used on your system (e.g., sometimes this means that shared libraries
that the component requires are unable to be found/loaded).  Note that
PMIX stopped checking at the first component that it did not find.

Host:      RTXWS
Framework: gds
Component: shmem
--------------------------------------------------------------------------

--------------------------------------------------------------------------
A requested component was not found, or was unable to be opened.  This
means that this component is either not installed or is unable to be
used on your system (e.g., sometimes this means that shared libraries
that the component requires are unable to be found/loaded).  Note that
PMIX stopped checking at the first component that it did not find.

Host:      RTXWS
Framework: gds
Component: shmem
--------------------------------------------------------------------------

--------------------------------------------------------------------------
A requested component was not found, or was unable to be opened.  This
means that this component is either not installed or is unable to be
used on your system (e.g., sometimes this means that shared libraries
that the component requires are unable to be found/loaded).  Note that
PMIX stopped checking at the first component that it did not find.

Host:      RTXWS
Framework: gds
Component: shmem
--------------------------------------------------------------------------

--------------------------------------------------------------------------
A requested component was not found, or was unable to be opened.  This
means that this component is either not installed or is unable to be
used on your system (e.g., sometimes this means that shared libraries
that the component requires are unable to be found/loaded).  Note that
PMIX stopped checking at the first component that it did not find.

Host:      RTXWS
Framework: gds
Component: shmem
--------------------------------------------------------------------------

--------------------------------------------------------------------------
A requested component was not found, or was unable to be opened.  This
means that this component is either not installed or is unable to be
used on your system (e.g., sometimes this means that shared libraries
that the component requires are unable to be found/loaded).  Note that
PMIX stopped checking at the first component that it did not find.

Host:      RTXWS
Framework: gds
Component: shmem
--------------------------------------------------------------------------

--------------------------------------------------------------------------
A requested component was not found, or was unable to be opened.  This
means that this component is either not installed or is unable to be
used on your system (e.g., sometimes this means that shared libraries
that the component requires are unable to be found/loaded).  Note that
PMIX stopped checking at the first component that it did not find.

Host:      RTXWS
Framework: gds
Component: shmem
--------------------------------------------------------------------------

--------------------------------------------------------------------------
A requested component was not found, or was unable to be opened.  This
means that this component is either not installed or is unable to be
used on your system (e.g., sometimes this means that shared libraries
that the component requires are unable to be found/loaded).  Note that
PMIX stopped checking at the first component that it did not find.

Host:      RTXWS
Framework: gds
Component: shmem
--------------------------------------------------------------------------

--------------------------------------------------------------------------
A requested component was not found, or was unable to be opened.  This
means that this component is either not installed or is unable to be
used on your system (e.g., sometimes this means that shared libraries
that the component requires are unable to be found/loaded).  Note that
PMIX stopped checking at the first component that it did not find.

Host:      RTXWS
Framework: gds
Component: shmem
--------------------------------------------------------------------------

--------------------------------------------------------------------------
A requested component was not found, or was unable to be opened.  This
means that this component is either not installed or is unable to be
used on your system (e.g., sometimes this means that shared libraries
that the component requires are unable to be found/loaded).  Note that
PMIX stopped checking at the first component that it did not find.

Host:      RTXWS
Framework: gds
Component: shmem
--------------------------------------------------------------------------

--------------------------------------------------------------------------
A requested component was not found, or was unable to be opened.  This
means that this component is either not installed or is unable to be
used on your system (e.g., sometimes this means that shared libraries
that the component requires are unable to be found/loaded).  Note that
PMIX stopped checking at the first component that it did not find.

Host:      RTXWS
Framework: gds
Component: shmem
--------------------------------------------------------------------------

--------------------------------------------------------------------------
A requested component was not found, or was unable to be opened.  This
means that this component is either not installed or is unable to be
used on your system (e.g., sometimes this means that shared libraries
that the component requires are unable to be found/loaded).  Note that
PMIX stopped checking at the first component that it did not find.

Host:      RTXWS
Framework: gds
Component: shmem
--------------------------------------------------------------------------

--------------------------------------------------------------------------
A requested component was not found, or was unable to be opened.  This
means that this component is either not installed or is unable to be
used on your system (e.g., sometimes this means that shared libraries
that the component requires are unable to be found/loaded).  Note that
PMIX stopped checking at the first component that it did not find.

Host:      RTXWS
Framework: gds
Component: shmem
--------------------------------------------------------------------------

--------------------------------------------------------------------------
A requested component was not found, or was unable to be opened.  This
means that this component is either not installed or is unable to be
used on your system (e.g., sometimes this means that shared libraries
that the component requires are unable to be found/loaded).  Note that
PMIX stopped checking at the first component that it did not find.

Host:      RTXWS
Framework: gds
Component: shmem
--------------------------------------------------------------------------

--------------------------------------------------------------------------
A requested component was not found, or was unable to be opened.  This
means that this component is either not installed or is unable to be
used on your system (e.g., sometimes this means that shared libraries
that the component requires are unable to be found/loaded).  Note that
PMIX stopped checking at the first component that it did not find.

Host:      RTXWS
Framework: gds
Component: shmem
--------------------------------------------------------------------------

--------------------------------------------------------------------------
A requested component was not found, or was unable to be opened.  This
means that this component is either not installed or is unable to be
used on your system (e.g., sometimes this means that shared libraries
that the component requires are unable to be found/loaded).  Note that
PMIX stopped checking at the first component that it did not find.

Host:      RTXWS
Framework: gds
Component: shmem
--------------------------------------------------------------------------

--------------------------------------------------------------------------
A requested component was not found, or was unable to be opened.  This
means that this component is either not installed or is unable to be
used on your system (e.g., sometimes this means that shared libraries
that the component requires are unable to be found/loaded).  Note that
PMIX stopped checking at the first component that it did not find.

Host:      RTXWS
Framework: gds
Component: shmem
--------------------------------------------------------------------------

--------------------------------------------------------------------------
A requested component was not found, or was unable to be opened.  This
means that this component is either not installed or is unable to be
used on your system (e.g., sometimes this means that shared libraries
that the component requires are unable to be found/loaded).  Note that
PMIX stopped checking at the first component that it did not find.

Host:      RTXWS
Framework: gds
Component: shmem
--------------------------------------------------------------------------

--------------------------------------------------------------------------
A requested component was not found, or was unable to be opened.  This
means that this component is either not installed or is unable to be
used on your system (e.g., sometimes this means that shared libraries
that the component requires are unable to be found/loaded).  Note that
PMIX stopped checking at the first component that it did not find.

Host:      RTXWS
Framework: gds
Component: shmem
--------------------------------------------------------------------------

--------------------------------------------------------------------------
A requested component was not found, or was unable to be opened.  This
means that this component is either not installed or is unable to be
used on your system (e.g., sometimes this means that shared libraries
that the component requires are unable to be found/loaded).  Note that
PMIX stopped checking at the first component that it did not find.

Host:      RTXWS
Framework: gds
Component: shmem
--------------------------------------------------------------------------

--------------------------------------------------------------------------
A requested component was not found, or was unable to be opened.  This
means that this component is either not installed or is unable to be
used on your system (e.g., sometimes this means that shared libraries
that the component requires are unable to be found/loaded).  Note that
PMIX stopped checking at the first component that it did not find.

Host:      RTXWS
Framework: gds
Component: shmem
--------------------------------------------------------------------------

--------------------------------------------------------------------------
A requested component was not found, or was unable to be opened.  This
means that this component is either not installed or is unable to be
used on your system (e.g., sometimes this means that shared libraries
that the component requires are unable to be found/loaded).  Note that
PMIX stopped checking at the first component that it did not find.

Host:      RTXWS
Framework: gds
Component: shmem
--------------------------------------------------------------------------

--------------------------------------------------------------------------
A requested component was not found, or was unable to be opened.  This
means that this component is either not installed or is unable to be
used on your system (e.g., sometimes this means that shared libraries
that the component requires are unable to be found/loaded).  Note that
PMIX stopped checking at the first component that it did not find.

Host:      RTXWS
Framework: gds
Component: shmem
--------------------------------------------------------------------------

--------------------------------------------------------------------------
A requested component was not found, or was unable to be opened.  This
means that this component is either not installed or is unable to be
used on your system (e.g., sometimes this means that shared libraries
that the component requires are unable to be found/loaded).  Note that
PMIX stopped checking at the first component that it did not find.

Host:      RTXWS
Framework: gds
Component: shmem
--------------------------------------------------------------------------

--------------------------------------------------------------------------
A requested component was not found, or was unable to be opened.  This
means that this component is either not installed or is unable to be
used on your system (e.g., sometimes this means that shared libraries
that the component requires are unable to be found/loaded).  Note that
PMIX stopped checking at the first component that it did not find.

Host:      RTXWS
Framework: gds
Component: shmem
--------------------------------------------------------------------------

--------------------------------------------------------------------------
A requested component was not found, or was unable to be opened.  This
means that this component is either not installed or is unable to be
used on your system (e.g., sometimes this means that shared libraries
that the component requires are unable to be found/loaded).  Note that
PMIX stopped checking at the first component that it did not find.

Host:      RTXWS
Framework: gds
Component: shmem
--------------------------------------------------------------------------

--------------------------------------------------------------------------
A requested component was not found, or was unable to be opened.  This
means that this component is either not installed or is unable to be
used on your system (e.g., sometimes this means that shared libraries
that the component requires are unable to be found/loaded).  Note that
PMIX stopped checking at the first component that it did not find.

Host:      RTXWS
Framework: gds
Component: shmem
--------------------------------------------------------------------------

--------------------------------------------------------------------------
A requested component was not found, or was unable to be opened.  This
means that this component is either not installed or is unable to be
used on your system (e.g., sometimes this means that shared libraries
that the component requires are unable to be found/loaded).  Note that
PMIX stopped checking at the first component that it did not find.

Host:      RTXWS
Framework: gds
Component: shmem
--------------------------------------------------------------------------

--------------------------------------------------------------------------
A requested component was not found, or was unable to be opened.  This
means that this component is either not installed or is unable to be
used on your system (e.g., sometimes this means that shared libraries
that the component requires are unable to be found/loaded).  Note that
PMIX stopped checking at the first component that it did not find.

Host:      RTXWS
Framework: gds
Component: shmem
--------------------------------------------------------------------------

--------------------------------------------------------------------------
A requested component was not found, or was unable to be opened.  This
means that this component is either not installed or is unable to be
used on your system (e.g., sometimes this means that shared libraries
that the component requires are unable to be found/loaded).  Note that
PMIX stopped checking at the first component that it did not find.

Host:      RTXWS
Framework: gds
Component: shmem
--------------------------------------------------------------------------

--------------------------------------------------------------------------
A requested component was not found, or was unable to be opened.  This
means that this component is either not installed or is unable to be
used on your system (e.g., sometimes this means that shared libraries
that the component requires are unable to be found/loaded).  Note that
PMIX stopped checking at the first component that it did not find.

Host:      RTXWS
Framework: gds
Component: shmem
--------------------------------------------------------------------------

--------------------------------------------------------------------------
A requested component was not found, or was unable to be opened.  This
means that this component is either not installed or is unable to be
used on your system (e.g., sometimes this means that shared libraries
that the component requires are unable to be found/loaded).  Note that
PMIX stopped checking at the first component that it did not find.

Host:      RTXWS
Framework: gds
Component: shmem
--------------------------------------------------------------------------

--------------------------------------------------------------------------
A requested component was not found, or was unable to be opened.  This
means that this component is either not installed or is unable to be
used on your system (e.g., sometimes this means that shared libraries
that the component requires are unable to be found/loaded).  Note that
PMIX stopped checking at the first component that it did not find.

Host:      RTXWS
Framework: gds
Component: shmem
--------------------------------------------------------------------------

--------------------------------------------------------------------------
A requested component was not found, or was unable to be opened.  This
means that this component is either not installed or is unable to be
used on your system (e.g., sometimes this means that shared libraries
that the component requires are unable to be found/loaded).  Note that
PMIX stopped checking at the first component that it did not find.

Host:      RTXWS
Framework: gds
Component: shmem
--------------------------------------------------------------------------

--------------------------------------------------------------------------
A requested component was not found, or was unable to be opened.  This
means that this component is either not installed or is unable to be
used on your system (e.g., sometimes this means that shared libraries
that the component requires are unable to be found/loaded).  Note that
PMIX stopped checking at the first component that it did not find.

Host:      RTXWS
Framework: gds
Component: shmem
--------------------------------------------------------------------------

--------------------------------------------------------------------------
A requested component was not found, or was unable to be opened.  This
means that this component is either not installed or is unable to be
used on your system (e.g., sometimes this means that shared libraries
that the component requires are unable to be found/loaded).  Note that
PMIX stopped checking at the first component that it did not find.

Host:      RTXWS
Framework: gds
Component: shmem
--------------------------------------------------------------------------

--------------------------------------------------------------------------
A requested component was not found, or was unable to be opened.  This
means that this component is either not installed or is unable to be
used on your system (e.g., sometimes this means that shared libraries
that the component requires are unable to be found/loaded).  Note that
PMIX stopped checking at the first component that it did not find.

Host:      RTXWS
Framework: gds
Component: shmem
--------------------------------------------------------------------------

--------------------------------------------------------------------------
A requested component was not found, or was unable to be opened.  This
means that this component is either not installed or is unable to be
used on your system (e.g., sometimes this means that shared libraries
that the component requires are unable to be found/loaded).  Note that
PMIX stopped checking at the first component that it did not find.

Host:      RTXWS
Framework: gds
Component: shmem
--------------------------------------------------------------------------

--------------------------------------------------------------------------
A requested component was not found, or was unable to be opened.  This
means that this component is either not installed or is unable to be
used on your system (e.g., sometimes this means that shared libraries
that the component requires are unable to be found/loaded).  Note that
PMIX stopped checking at the first component that it did not find.

Host:      RTXWS
Framework: gds
Component: shmem
--------------------------------------------------------------------------

--------------------------------------------------------------------------
A requested component was not found, or was unable to be opened.  This
means that this component is either not installed or is unable to be
used on your system (e.g., sometimes this means that shared libraries
that the component requires are unable to be found/loaded).  Note that
PMIX stopped checking at the first component that it did not find.

Host:      RTXWS
Framework: gds
Component: shmem
--------------------------------------------------------------------------

--------------------------------------------------------------------------
A requested component was not found, or was unable to be opened.  This
means that this component is either not installed or is unable to be
used on your system (e.g., sometimes this means that shared libraries
that the component requires are unable to be found/loaded).  Note that
PMIX stopped checking at the first component that it did not find.

Host:      RTXWS
Framework: gds
Component: shmem
--------------------------------------------------------------------------

--------------------------------------------------------------------------
A requested component was not found, or was unable to be opened.  This
means that this component is either not installed or is unable to be
used on your system (e.g., sometimes this means that shared libraries
that the component requires are unable to be found/loaded).  Note that
PMIX stopped checking at the first component that it did not find.

Host:      RTXWS
Framework: gds
Component: shmem
--------------------------------------------------------------------------

                                                                               [[33m  2.87 s[39m] [[33m  301 MB[39m]
Framework Information:
MOOSE Version:           git commit b1e271b638 on 2025-10-10
LibMesh Version:         
PETSc Version:           3.23.4
SLEPc Version:           3.23.2
Current Time:            Tue May 19 07:45:05 2026
Executable Timestamp:    Tue Apr 14 14:29:53 2026

Input File(s):
  /home/ubuntu/MSR-project/MSFR/stage3_cardinal/th_physics.i

Checkpoint:
  Wall Time Interval:      Every 3600 s
  User Checkpoint:         Disabled
  # Checkpoints Kept:      2
  Execute On:              TIMESTEP_END 

Parallelism:
  Num Processors:          32
  Num Threads:             1

Mesh: 
  Parallel Type:           replicated
  Mesh Dimension:          3
  Spatial Dimension:       3
  Nodes:                   
    Total:                 9245
    Local:                 278
    Min/Max/Avg:           166/355/288
  Elems:                   
    Total:                 35186
    Local:                 1124
    Min/Max/Avg:           1069/1132/1099
  Num Subdomains:          1
  Num Partitions:          32
  Partitioner:             metis

Nonlinear System:
  Num DOFs:                246302
  Num Local DOFs:          7868
  Variables:               { "vel_x" "vel_y" "vel_z" "pressure" "T_fluid" "TKE" "TKED" } 
  Finite Element Types:    "MONOMIAL" 
  Approximation Orders:    "CONSTANT" 

Auxiliary System:
  Num DOFs:                175930
  Num Local DOFs:          5620
  Variables:               { "power_density" "TKE_bound_dummy" "TKED_bound_dummy" "mu_t" "k_t" } 
  Finite Element Types:    "MONOMIAL" 
  Approximation Orders:    "CONSTANT" 

Execution Information:
  Executioner:             Transient
  TimeStepper:             IterationAdaptiveDT
  TimeIntegrator(s):       ImplicitEuler
  Solver Mode:             NEWTON 
  PETSc Preconditioner:    lu 
  MOOSE Preconditioner:    SMP (auto) 

Time Step 0, time = 0

Postprocessor Values:
+----------------+----------------+----------------+----------------+----------------+----------------+-------------------+
| time           | avg_T          | avg_TKE        | max_vel_z      | min_vel_z      | outlet_avg_T   | power_density_avg |
+----------------+----------------+----------------+----------------+----------------+----------------+-------------------+
|   0.000000e+00 |   0.000000e+00 |   0.000000e+00 |   0.000000e+00 |   0.000000e+00 |   0.000000e+00 |      0.000000e+00 |
+----------------+----------------+----------------+----------------+----------------+----------------+-------------------+


Time Step 1, time = 0.0001, dt = 0.0001

Performing automatic scaling calculation

 0 Nonlinear |R| = [32m4.441860e+07[39m
 1 Nonlinear |R| = [33m4.399132e+07[39m
 2 Nonlinear |R| = [33m4.356403e+07[39m
 3 Nonlinear |R| = [33m4.313675e+07[39m
 4 Nonlinear |R| = [33m4.270946e+07[39m
 5 Nonlinear |R| = [33m4.228217e+07[39m
 6 Nonlinear |R| = [33m4.185489e+07[39m
 7 Nonlinear |R| = [33m4.142760e+07[39m
 8 Nonlinear |R| = [33m4.100031e+07[39m
 9 Nonlinear |R| = [33m4.057302e+07[39m
10 Nonlinear |R| = [33m4.014573e+07[39m
11 Nonlinear |R| = [33m3.971844e+07[39m
12 Nonlinear |R| = [33m3.929115e+07[39m
13 Nonlinear |R| = [33m3.886387e+07[39m
14 Nonlinear |R| = [33m3.843658e+07[39m
15 Nonlinear |R| = [33m3.800929e+07[39m
16 Nonlinear |R| = [33m3.758200e+07[39m
17 Nonlinear |R| = [33m3.715471e+07[39m
18 Nonlinear |R| = [33m3.672743e+07[39m
19 Nonlinear |R| = [33m3.630014e+07[39m
20 Nonlinear |R| = [33m3.587285e+07[39m
21 Nonlinear |R| = [33m3.544556e+07[39m
22 Nonlinear |R| = [33m3.501828e+07[39m
23 Nonlinear |R| = [33m3.459099e+07[39m
24 Nonlinear |R| = [33m3.416370e+07[39m
25 Nonlinear |R| = [33m3.373641e+07[39m
26 Nonlinear |R| = [33m3.330913e+07[39m
27 Nonlinear |R| = [33m3.288184e+07[39m
28 Nonlinear |R| = [33m3.245455e+07[39m
29 Nonlinear |R| = [33m3.202726e+07[39m
30 Nonlinear |R| = [33m3.159998e+07[39m
31 Nonlinear |R| = [33m3.117269e+07[39m
32 Nonlinear |R| = [33m3.074540e+07[39m
33 Nonlinear |R| = [33m3.031811e+07[39m
34 Nonlinear |R| = [33m2.989083e+07[39m
35 Nonlinear |R| = [33m2.946354e+07[39m
36 Nonlinear |R| = [33m2.903625e+07[39m
37 Nonlinear |R| = [33m2.860897e+07[39m
38 Nonlinear |R| = [33m2.818168e+07[39m
39 Nonlinear |R| = [33m2.775440e+07[39m
40 Nonlinear |R| = [33m2.732711e+07[39m
41 Nonlinear |R| = [33m2.689983e+07[39m
42 Nonlinear |R| = [33m2.647255e+07[39m
43 Nonlinear |R| = [33m2.604527e+07[39m
44 Nonlinear |R| = [33m2.561799e+07[39m
45 Nonlinear |R| = [33m2.519073e+07[39m
46 Nonlinear |R| = [33m2.476347e+07[39m
47 Nonlinear |R| = [33m2.433623e+07[39m
48 Nonlinear |R| = [33m2.390899e+07[39m
49 Nonlinear |R| = [33m2.348177e+07[39m
50 Nonlinear |R| = [33m2.305454e+07[39m
51 Nonlinear |R| = [33m2.262731e+07[39m
52 Nonlinear |R| = [33m2.220008e+07[39m
53 Nonlinear |R| = [33m2.177285e+07[39m
54 Nonlinear |R| = [33m2.134562e+07[39m
55 Nonlinear |R| = [33m2.091840e+07[39m
56 Nonlinear |R| = [33m2.049117e+07[39m
57 Nonlinear |R| = [33m2.006396e+07[39m
58 Nonlinear |R| = [33m1.963653e+07[39m
59 Nonlinear |R| = [33m1.920965e+07[39m
60 Nonlinear |R| = [33m1.877988e+07[39m
61 Nonlinear |R| = [33m1.835270e+07[39m
62 Nonlinear |R| = [33m1.795929e+07[39m
63 Nonlinear |R| = [33m1.749926e+07[39m
64 Nonlinear |R| = [33m1.707194e+07[39m
65 Nonlinear |R| = [33m1.664463e+07[39m
66 Nonlinear |R| = [33m1.621733e+07[39m
67 Nonlinear |R| = [33m1.579004e+07[39m
68 Nonlinear |R| = [33m1.536275e+07[39m
69 Nonlinear |R| = [33m1.493547e+07[39m
70 Nonlinear |R| = [33m1.450817e+07[39m
71 Nonlinear |R| = [33m1.408090e+07[39m
72 Nonlinear |R| = [33m1.365363e+07[39m
73 Nonlinear |R| = [33m1.322637e+07[39m
74 Nonlinear |R| = [33m1.279911e+07[39m
75 Nonlinear |R| = [33m1.237184e+07[39m
76 Nonlinear |R| = [33m1.194459e+07[39m
77 Nonlinear |R| = [33m1.151734e+07[39m
78 Nonlinear |R| = [33m1.109011e+07[39m
79 Nonlinear |R| = [33m1.066287e+07[39m
80 Nonlinear |R| = [33m1.023560e+07[39m
81 Nonlinear |R| = [33m9.808331e+06[39m
82 Nonlinear |R| = [33m9.381027e+06[39m
83 Nonlinear |R| = [33m8.953750e+06[39m
84 Nonlinear |R| = [33m8.526508e+06[39m
85 Nonlinear |R| = [32m8.099277e+06[39m
86 Nonlinear |R| = [32m7.672068e+06[39m
87 Nonlinear |R| = [32m7.244861e+06[39m
88 Nonlinear |R| = [32m6.817671e+06[39m
89 Nonlinear |R| = [32m6.390462e+06[39m
90 Nonlinear |R| = [32m6.005321e+06[39m
91 Nonlinear |R| = [32m5.539704e+06[39m
92 Nonlinear |R| = [32m5.111713e+06[39m
93 Nonlinear |R| = [32m4.683840e+06[39m
94 Nonlinear |R| = [32m4.256080e+06[39m
95 Nonlinear |R| = [32m3.828422e+06[39m
96 Nonlinear |R| = [32m3.400836e+06[39m
97 Nonlinear |R| = [32m2.973339e+06[39m
98 Nonlinear |R| = [32m2.545939e+06[39m
99 Nonlinear |R| = [32m2.118593e+06[39m

Solution Invalid Warnings:
-----------------------------------------------------------------------------------------------------------------
|         Object         | Converged | Timestep | Total |                        Message                        |
-----------------------------------------------------------------------------------------------------------------
| INSFVMomentumDiffusion |       114 |    13140 | 13140 | Negative face dynamic viscosity has been encountered. |
-----------------------------------------------------------------------------------------------------------------

[33m
*** Warning ***
The solution is not converged due to the solution being invalid.[39m
[31m Solve Did NOT Converge![39m
  Finished Solving                                                                       [[33m3071.71 s[39m] [[33m  544 MB[39m]


Solution Invalid Warnings History:
----------------------------------------------------------------------------------------------------------------------------
|                                     Object                                     | Time | Stepinterval Count | Total Count |
----------------------------------------------------------------------------------------------------------------------------
| INSFVMomentumDiffusion : Negative face dynamic viscosity has been encountered. | 0-1  |                  0 |           0 |
----------------------------------------------------------------------------------------------------------------------------
Aborting as solve did not converge

Solve failed, cutting timestep.

Time Step 1, time = 5e-05, dt = 5e-05
 0 Nonlinear |R| = [32m4.441860e+07[39m
 1 Nonlinear |R| = [33m4.420496e+07[39m
 2 Nonlinear |R| = [33m4.399132e+07[39m
 3 Nonlinear |R| = [33m4.377768e+07[39m
 4 Nonlinear |R| = [33m4.356404e+07[39m
 5 Nonlinear |R| = [33m4.335040e+07[39m
 6 Nonlinear |R| = [33m4.313676e+07[39m
 7 Nonlinear |R| = [33m4.292311e+07[39m
 8 Nonlinear |R| = [33m4.270947e+07[39m
 9 Nonlinear |R| = [33m4.249583e+07[39m
10 Nonlinear |R| = [33m4.228219e+07[39m
11 Nonlinear |R| = [33m4.206855e+07[39m
12 Nonlinear |R| = [33m4.185490e+07[39m
13 Nonlinear |R| = [33m4.164126e+07[39m
14 Nonlinear |R| = [33m4.142762e+07[39m
15 Nonlinear |R| = [33m4.121398e+07[39m
16 Nonlinear |R| = [33m4.100034e+07[39m
17 Nonlinear |R| = [33m4.078669e+07[39m
18 Nonlinear |R| = [33m4.057305e+07[39m
19 Nonlinear |R| = [33m4.035941e+07[39m
20 Nonlinear |R| = [33m4.014577e+07[39m
21 Nonlinear |R| = [33m3.993212e+07[39m
22 Nonlinear |R| = [33m3.971848e+07[39m
23 Nonlinear |R| = [33m3.950484e+07[39m
24 Nonlinear |R| = [33m3.929120e+07[39m
25 Nonlinear |R| = [33m3.907755e+07[39m
26 Nonlinear |R| = [33m3.886391e+07[39m
27 Nonlinear |R| = [33m3.865027e+07[39m
28 Nonlinear |R| = [33m3.843663e+07[39m
29 Nonlinear |R| = [33m3.822298e+07[39m
30 Nonlinear |R| = [33m3.800934e+07[39m
31 Nonlinear |R| = [33m3.779570e+07[39m
32 Nonlinear |R| = [33m3.758206e+07[39m
33 Nonlinear |R| = [33m3.736842e+07[39m
34 Nonlinear |R| = [33m3.715477e+07[39m
35 Nonlinear |R| = [33m3.694113e+07[39m
36 Nonlinear |R| = [33m3.672749e+07[39m
37 Nonlinear |R| = [33m3.651385e+07[39m
38 Nonlinear |R| = [33m3.630021e+07[39m
39 Nonlinear |R| = [33m3.608656e+07[39m
40 Nonlinear |R| = [33m3.587292e+07[39m
41 Nonlinear |R| = [33m3.565928e+07[39m
42 Nonlinear |R| = [33m3.544564e+07[39m
43 Nonlinear |R| = [33m3.523199e+07[39m
44 Nonlinear |R| = [33m3.501835e+07[39m
45 Nonlinear |R| = [33m3.480471e+07[39m
46 Nonlinear |R| = [33m3.459107e+07[39m
47 Nonlinear |R| = [33m3.437743e+07[39m
48 Nonlinear |R| = [33m3.416378e+07[39m
49 Nonlinear |R| = [33m3.395014e+07[39m
50 Nonlinear |R| = [33m3.373650e+07[39m
51 Nonlinear |R| = [33m3.352286e+07[39m
52 Nonlinear |R| = [33m3.330922e+07[39m
53 Nonlinear |R| = [33m3.309557e+07[39m
54 Nonlinear |R| = [33m3.288193e+07[39m
55 Nonlinear |R| = [33m3.266829e+07[39m
56 Nonlinear |R| = [33m3.245465e+07[39m
57 Nonlinear |R| = [33m3.224100e+07[39m
58 Nonlinear |R| = [33m3.202736e+07[39m
59 Nonlinear |R| = [33m3.181372e+07[39m
60 Nonlinear |R| = [33m3.160008e+07[39m
61 Nonlinear |R| = [33m3.138644e+07[39m
62 Nonlinear |R| = [33m3.117279e+07[39m
63 Nonlinear |R| = [33m3.095915e+07[39m
64 Nonlinear |R| = [33m3.074551e+07[39m
65 Nonlinear |R| = [33m3.053187e+07[39m
66 Nonlinear |R| = [33m3.031823e+07[39m
67 Nonlinear |R| = [33m3.010458e+07[39m
68 Nonlinear |R| = [33m2.989094e+07[39m
69 Nonlinear |R| = [33m2.967730e+07[39m
70 Nonlinear |R| = [33m2.946366e+07[39m
71 Nonlinear |R| = [33m2.925002e+07[39m
72 Nonlinear |R| = [33m2.903637e+07[39m
73 Nonlinear |R| = [33m2.882273e+07[39m
74 Nonlinear |R| = [33m2.860909e+07[39m
75 Nonlinear |R| = [33m2.839545e+07[39m
76 Nonlinear |R| = [33m2.818181e+07[39m
77 Nonlinear |R| = [33m2.796816e+07[39m
78 Nonlinear |R| = [33m2.775452e+07[39m
79 Nonlinear |R| = [33m2.754088e+07[39m
80 Nonlinear |R| = [33m2.732724e+07[39m
81 Nonlinear |R| = [33m2.711360e+07[39m
82 Nonlinear |R| = [33m2.689995e+07[39m
83 Nonlinear |R| = [33m2.668631e+07[39m
84 Nonlinear |R| = [33m2.647267e+07[39m
85 Nonlinear |R| = [33m2.625903e+07[39m
86 Nonlinear |R| = [33m2.604539e+07[39m
87 Nonlinear |R| = [33m2.583174e+07[39m
88 Nonlinear |R| = [33m2.561810e+07[39m
89 Nonlinear |R| = [33m2.540446e+07[39m
90 Nonlinear |R| = [33m2.519082e+07[39m
91 Nonlinear |R| = [33m2.497718e+07[39m
92 Nonlinear |R| = [33m2.476353e+07[39m
93 Nonlinear |R| = [33m2.454989e+07[39m
94 Nonlinear |R| = [33m2.433625e+07[39m
95 Nonlinear |R| = [33m2.412261e+07[39m
96 Nonlinear |R| = [33m2.390896e+07[39m
97 Nonlinear |R| = [33m2.369532e+07[39m
98 Nonlinear |R| = [33m2.348168e+07[39m
99 Nonlinear |R| = [33m2.326804e+07[39m
100 Nonlinear |R| = [33m2.305440e+07[39m
101 Nonlinear |R| = [33m2.284075e+07[39m
102 Nonlinear |R| = [33m2.262711e+07[39m
103 Nonlinear |R| = [33m2.241347e+07[39m
104 Nonlinear |R| = [33m2.219983e+07[39m
105 Nonlinear |R| = [33m2.198619e+07[39m
106 Nonlinear |R| = [33m2.177254e+07[39m
107 Nonlinear |R| = [33m2.155890e+07[39m
108 Nonlinear |R| = [33m2.134526e+07[39m
109 Nonlinear |R| = [33m2.113162e+07[39m
110 Nonlinear |R| = [33m2.091798e+07[39m
111 Nonlinear |R| = [33m2.070434e+07[39m
112 Nonlinear |R| = [33m2.049069e+07[39m
113 Nonlinear |R| = [33m2.027705e+07[39m
114 Nonlinear |R| = [33m2.006341e+07[39m
115 Nonlinear |R| = [33m1.984977e+07[39m
116 Nonlinear |R| = [33m1.963613e+07[39m
117 Nonlinear |R| = [33m1.942249e+07[39m
118 Nonlinear |R| = [33m1.920885e+07[39m
119 Nonlinear |R| = [33m1.899521e+07[39m
120 Nonlinear |R| = [33m1.878157e+07[39m
121 Nonlinear |R| = [33m1.856793e+07[39m
122 Nonlinear |R| = [33m1.835430e+07[39m
123 Nonlinear |R| = [33m1.814066e+07[39m
124 Nonlinear |R| = [33m1.792702e+07[39m
125 Nonlinear |R| = [33m1.771338e+07[39m
126 Nonlinear |R| = [33m1.749975e+07[39m
127 Nonlinear |R| = [33m1.728611e+07[39m
128 Nonlinear |R| = [33m1.707248e+07[39m
129 Nonlinear |R| = [33m1.685885e+07[39m
130 Nonlinear |R| = [33m1.664522e+07[39m
131 Nonlinear |R| = [33m1.643159e+07[39m
132 Nonlinear |R| = [33m1.621797e+07[39m
133 Nonlinear |R| = [33m1.600439e+07[39m
134 Nonlinear |R| = [33m1.579081e+07[39m
135 Nonlinear |R| = [33m1.557723e+07[39m
136 Nonlinear |R| = [33m1.536364e+07[39m
137 Nonlinear |R| = [33m1.515006e+07[39m
138 Nonlinear |R| = [33m1.493647e+07[39m
139 Nonlinear |R| = [33m1.472288e+07[39m
140 Nonlinear |R| = [33m1.450929e+07[39m
141 Nonlinear |R| = [33m1.429570e+07[39m
142 Nonlinear |R| = [33m1.408211e+07[39m
143 Nonlinear |R| = [33m1.386851e+07[39m
144 Nonlinear |R| = [33m1.365492e+07[39m
145 Nonlinear |R| = [33m1.344132e+07[39m
146 Nonlinear |R| = [33m1.322772e+07[39m
147 Nonlinear |R| = [33m1.301413e+07[39m
148 Nonlinear |R| = [33m1.280053e+07[39m
149 Nonlinear |R| = [33m1.258693e+07[39m
150 Nonlinear |R| = [33m1.237332e+07[39m
151 Nonlinear |R| = [33m1.215972e+07[39m
152 Nonlinear |R| = [33m1.194612e+07[39m
153 Nonlinear |R| = [33m1.173251e+07[39m
154 Nonlinear |R| = [33m1.151891e+07[39m
155 Nonlinear |R| = [33m1.130530e+07[39m
156 Nonlinear |R| = [33m1.109169e+07[39m
157 Nonlinear |R| = [33m1.087809e+07[39m
158 Nonlinear |R| = [33m1.066447e+07[39m
159 Nonlinear |R| = [33m1.045086e+07[39m
160 Nonlinear |R| = [33m1.023725e+07[39m
161 Nonlinear |R| = [33m1.002364e+07[39m
162 Nonlinear |R| = [33m9.810036e+06[39m
163 Nonlinear |R| = [33m9.596427e+06[39m
164 Nonlinear |R| = [33m9.382818e+06[39m
165 Nonlinear |R| = [33m9.169210e+06[39m
166 Nonlinear |R| = [33m8.955601e+06[39m
167 Nonlinear |R| = [33m8.741991e+06[39m
168 Nonlinear |R| = [33m8.528383e+06[39m
169 Nonlinear |R| = [33m8.314774e+06[39m
170 Nonlinear |R| = [33m8.101163e+06[39m
171 Nonlinear |R| = [33m7.887550e+06[39m
172 Nonlinear |R| = [33m7.673937e+06[39m
173 Nonlinear |R| = [33m7.460325e+06[39m
174 Nonlinear |R| = [33m7.246714e+06[39m
175 Nonlinear |R| = [33m7.033097e+06[39m
176 Nonlinear |R| = [33m6.819476e+06[39m
177 Nonlinear |R| = [33m6.605851e+06[39m
178 Nonlinear |R| = [33m6.392219e+06[39m
