--------------------------------------------------------------------------
A requested component was not found, or was unable to be opened.  This
means that this component is either not installed or is unable to be
used on your system (e.g., sometimes this means that shared libraries
that the component requires are unable to be found/loaded).  Note that
PMIX stopped checking at the first component that it did not find.

Host:      RTXWS
Framework: gds
Component: shmem
--------------------------------------------------------------------------

--------------------------------------------------------------------------
A requested component was not found, or was unable to be opened.  This
means that this component is either not installed or is unable to be
used on your system (e.g., sometimes this means that shared libraries
that the component requires are unable to be found/loaded).  Note that
PMIX stopped checking at the first component that it did not find.

Host:      RTXWS
Framework: gds
Component: shmem
--------------------------------------------------------------------------

--------------------------------------------------------------------------
A requested component was not found, or was unable to be opened.  This
means that this component is either not installed or is unable to be
used on your system (e.g., sometimes this means that shared libraries
that the component requires are unable to be found/loaded).  Note that
PMIX stopped checking at the first component that it did not find.

Host:      RTXWS
Framework: gds
Component: shmem
--------------------------------------------------------------------------

--------------------------------------------------------------------------
A requested component was not found, or was unable to be opened.  This
means that this component is either not installed or is unable to be
used on your system (e.g., sometimes this means that shared libraries
that the component requires are unable to be found/loaded).  Note that
PMIX stopped checking at the first component that it did not find.

Host:      RTXWS
Framework: gds
Component: shmem
--------------------------------------------------------------------------

--------------------------------------------------------------------------
A requested component was not found, or was unable to be opened.  This
means that this component is either not installed or is unable to be
used on your system (e.g., sometimes this means that shared libraries
that the component requires are unable to be found/loaded).  Note that
PMIX stopped checking at the first component that it did not find.

Host:      RTXWS
Framework: gds
Component: shmem
--------------------------------------------------------------------------

--------------------------------------------------------------------------
A requested component was not found, or was unable to be opened.  This
means that this component is either not installed or is unable to be
used on your system (e.g., sometimes this means that shared libraries
that the component requires are unable to be found/loaded).  Note that
PMIX stopped checking at the first component that it did not find.

Host:      RTXWS
Framework: gds
Component: shmem
--------------------------------------------------------------------------

--------------------------------------------------------------------------
A requested component was not found, or was unable to be opened.  This
means that this component is either not installed or is unable to be
used on your system (e.g., sometimes this means that shared libraries
that the component requires are unable to be found/loaded).  Note that
PMIX stopped checking at the first component that it did not find.

Host:      RTXWS
Framework: gds
Component: shmem
--------------------------------------------------------------------------

--------------------------------------------------------------------------
A requested component was not found, or was unable to be opened.  This
means that this component is either not installed or is unable to be
used on your system (e.g., sometimes this means that shared libraries
that the component requires are unable to be found/loaded).  Note that
PMIX stopped checking at the first component that it did not find.

Host:      RTXWS
Framework: gds
Component: shmem
--------------------------------------------------------------------------

--------------------------------------------------------------------------
A requested component was not found, or was unable to be opened.  This
means that this component is either not installed or is unable to be
used on your system (e.g., sometimes this means that shared libraries
that the component requires are unable to be found/loaded).  Note that
PMIX stopped checking at the first component that it did not find.

Host:      RTXWS
Framework: gds
Component: shmem
--------------------------------------------------------------------------

--------------------------------------------------------------------------
A requested component was not found, or was unable to be opened.  This
means that this component is either not installed or is unable to be
used on your system (e.g., sometimes this means that shared libraries
that the component requires are unable to be found/loaded).  Note that
PMIX stopped checking at the first component that it did not find.

Host:      RTXWS
Framework: gds
Component: shmem
--------------------------------------------------------------------------

--------------------------------------------------------------------------
A requested component was not found, or was unable to be opened.  This
means that this component is either not installed or is unable to be
used on your system (e.g., sometimes this means that shared libraries
that the component requires are unable to be found/loaded).  Note that
PMIX stopped checking at the first component that it did not find.

Host:      RTXWS
Framework: gds
Component: shmem
--------------------------------------------------------------------------

--------------------------------------------------------------------------
A requested component was not found, or was unable to be opened.  This
means that this component is either not installed or is unable to be
used on your system (e.g., sometimes this means that shared libraries
that the component requires are unable to be found/loaded).  Note that
PMIX stopped checking at the first component that it did not find.

Host:      RTXWS
Framework: gds
Component: shmem
--------------------------------------------------------------------------

--------------------------------------------------------------------------
A requested component was not found, or was unable to be opened.  This
means that this component is either not installed or is unable to be
used on your system (e.g., sometimes this means that shared libraries
that the component requires are unable to be found/loaded).  Note that
PMIX stopped checking at the first component that it did not find.

Host:      RTXWS
Framework: gds
Component: shmem
--------------------------------------------------------------------------

--------------------------------------------------------------------------
A requested component was not found, or was unable to be opened.  This
means that this component is either not installed or is unable to be
used on your system (e.g., sometimes this means that shared libraries
that the component requires are unable to be found/loaded).  Note that
PMIX stopped checking at the first component that it did not find.

Host:      RTXWS
Framework: gds
Component: shmem
--------------------------------------------------------------------------

--------------------------------------------------------------------------
A requested component was not found, or was unable to be opened.  This
means that this component is either not installed or is unable to be
used on your system (e.g., sometimes this means that shared libraries
that the component requires are unable to be found/loaded).  Note that
PMIX stopped checking at the first component that it did not find.

Host:      RTXWS
Framework: gds
Component: shmem
--------------------------------------------------------------------------

--------------------------------------------------------------------------
A requested component was not found, or was unable to be opened.  This
means that this component is either not installed or is unable to be
used on your system (e.g., sometimes this means that shared libraries
that the component requires are unable to be found/loaded).  Note that
PMIX stopped checking at the first component that it did not find.

Host:      RTXWS
Framework: gds
Component: shmem
--------------------------------------------------------------------------

--------------------------------------------------------------------------
A requested component was not found, or was unable to be opened.  This
means that this component is either not installed or is unable to be
used on your system (e.g., sometimes this means that shared libraries
that the component requires are unable to be found/loaded).  Note that
PMIX stopped checking at the first component that it did not find.

Host:      RTXWS
Framework: gds
Component: shmem
--------------------------------------------------------------------------

--------------------------------------------------------------------------
A requested component was not found, or was unable to be opened.  This
means that this component is either not installed or is unable to be
used on your system (e.g., sometimes this means that shared libraries
that the component requires are unable to be found/loaded).  Note that
PMIX stopped checking at the first component that it did not find.

Host:      RTXWS
Framework: gds
Component: shmem
--------------------------------------------------------------------------

--------------------------------------------------------------------------
A requested component was not found, or was unable to be opened.  This
means that this component is either not installed or is unable to be
used on your system (e.g., sometimes this means that shared libraries
that the component requires are unable to be found/loaded).  Note that
PMIX stopped checking at the first component that it did not find.

Host:      RTXWS
Framework: gds
Component: shmem
--------------------------------------------------------------------------

--------------------------------------------------------------------------
A requested component was not found, or was unable to be opened.  This
means that this component is either not installed or is unable to be
used on your system (e.g., sometimes this means that shared libraries
that the component requires are unable to be found/loaded).  Note that
PMIX stopped checking at the first component that it did not find.

Host:      RTXWS
Framework: gds
Component: shmem
--------------------------------------------------------------------------

--------------------------------------------------------------------------
A requested component was not found, or was unable to be opened.  This
means that this component is either not installed or is unable to be
used on your system (e.g., sometimes this means that shared libraries
that the component requires are unable to be found/loaded).  Note that
PMIX stopped checking at the first component that it did not find.

Host:      RTXWS
Framework: gds
Component: shmem
--------------------------------------------------------------------------

--------------------------------------------------------------------------
A requested component was not found, or was unable to be opened.  This
means that this component is either not installed or is unable to be
used on your system (e.g., sometimes this means that shared libraries
that the component requires are unable to be found/loaded).  Note that
PMIX stopped checking at the first component that it did not find.

Host:      RTXWS
Framework: gds
Component: shmem
--------------------------------------------------------------------------

--------------------------------------------------------------------------
A requested component was not found, or was unable to be opened.  This
means that this component is either not installed or is unable to be
used on your system (e.g., sometimes this means that shared libraries
that the component requires are unable to be found/loaded).  Note that
PMIX stopped checking at the first component that it did not find.

Host:      RTXWS
Framework: gds
Component: shmem
--------------------------------------------------------------------------

--------------------------------------------------------------------------
A requested component was not found, or was unable to be opened.  This
means that this component is either not installed or is unable to be
used on your system (e.g., sometimes this means that shared libraries
that the component requires are unable to be found/loaded).  Note that
PMIX stopped checking at the first component that it did not find.

Host:      RTXWS
Framework: gds
Component: shmem
--------------------------------------------------------------------------

--------------------------------------------------------------------------
A requested component was not found, or was unable to be opened.  This
means that this component is either not installed or is unable to be
used on your system (e.g., sometimes this means that shared libraries
that the component requires are unable to be found/loaded).  Note that
PMIX stopped checking at the first component that it did not find.

Host:      RTXWS
Framework: gds
Component: shmem
--------------------------------------------------------------------------

--------------------------------------------------------------------------
A requested component was not found, or was unable to be opened.  This
means that this component is either not installed or is unable to be
used on your system (e.g., sometimes this means that shared libraries
that the component requires are unable to be found/loaded).  Note that
PMIX stopped checking at the first component that it did not find.

Host:      RTXWS
Framework: gds
Component: shmem
--------------------------------------------------------------------------

--------------------------------------------------------------------------
A requested component was not found, or was unable to be opened.  This
means that this component is either not installed or is unable to be
used on your system (e.g., sometimes this means that shared libraries
that the component requires are unable to be found/loaded).  Note that
PMIX stopped checking at the first component that it did not find.

Host:      RTXWS
Framework: gds
Component: shmem
--------------------------------------------------------------------------

--------------------------------------------------------------------------
A requested component was not found, or was unable to be opened.  This
means that this component is either not installed or is unable to be
used on your system (e.g., sometimes this means that shared libraries
that the component requires are unable to be found/loaded).  Note that
PMIX stopped checking at the first component that it did not find.

Host:      RTXWS
Framework: gds
Component: shmem
--------------------------------------------------------------------------

--------------------------------------------------------------------------
A requested component was not found, or was unable to be opened.  This
means that this component is either not installed or is unable to be
used on your system (e.g., sometimes this means that shared libraries
that the component requires are unable to be found/loaded).  Note that
PMIX stopped checking at the first component that it did not find.

Host:      RTXWS
Framework: gds
Component: shmem
--------------------------------------------------------------------------

--------------------------------------------------------------------------
A requested component was not found, or was unable to be opened.  This
means that this component is either not installed or is unable to be
used on your system (e.g., sometimes this means that shared libraries
that the component requires are unable to be found/loaded).  Note that
PMIX stopped checking at the first component that it did not find.

Host:      RTXWS
Framework: gds
Component: shmem
--------------------------------------------------------------------------

--------------------------------------------------------------------------
A requested component was not found, or was unable to be opened.  This
means that this component is either not installed or is unable to be
used on your system (e.g., sometimes this means that shared libraries
that the component requires are unable to be found/loaded).  Note that
PMIX stopped checking at the first component that it did not find.

Host:      RTXWS
Framework: gds
Component: shmem
--------------------------------------------------------------------------

--------------------------------------------------------------------------
A requested component was not found, or was unable to be opened.  This
means that this component is either not installed or is unable to be
used on your system (e.g., sometimes this means that shared libraries
that the component requires are unable to be found/loaded).  Note that
PMIX stopped checking at the first component that it did not find.

Host:      RTXWS
Framework: gds
Component: shmem
--------------------------------------------------------------------------

Setting Up
  Finished Initializing                                                                  [[33m  2.05 s[39m] [[33m  331 MB[39m]
Finished Setting Up                                                                      [[33m  2.69 s[39m] [[33m  331 MB[39m]
Framework Information:
MOOSE Version:           git commit b1e271b638 on 2025-10-10
LibMesh Version:         
PETSc Version:           3.23.4
SLEPc Version:           3.23.2
Current Time:            Mon May 18 12:01:03 2026
Executable Timestamp:    Tue Apr 14 14:29:53 2026

Input File(s):
  /home/ubuntu/MSR-project/MSFR/stage3_cardinal/th_physics.i

Checkpoint:
  Wall Time Interval:      Every 3600 s
  User Checkpoint:         Disabled
  # Checkpoints Kept:      2
  Execute On:              TIMESTEP_END 

Parallelism:
  Num Processors:          16
  Num Threads:             1

Mesh: 
  Parallel Type:           replicated
  Mesh Dimension:          3
  Spatial Dimension:       3
  Nodes:                   
    Total:                 9245
    Local:                 562
    Min/Max/Avg:           355/676/577
  Elems:                   
    Total:                 35186
    Local:                 2260
    Min/Max/Avg:           2136/2265/2199
  Num Subdomains:          1
  Num Partitions:          16
  Partitioner:             metis

Nonlinear System:
  Num DOFs:                246302
  Num Local DOFs:          15820
  Variables:               { "vel_x" "vel_y" "vel_z" "pressure" "T_fluid" "TKE" "TKED" } 
  Finite Element Types:    "MONOMIAL" 
  Approximation Orders:    "CONSTANT" 

Auxiliary System:
  Num DOFs:                105558
  Num Local DOFs:          6780
  Variables:               { "power_density" "mu_t" "k_t" } 
  Finite Element Types:    "MONOMIAL" 
  Approximation Orders:    "CONSTANT" 

Execution Information:
  Executioner:             Transient
  TimeStepper:             IterationAdaptiveDT
  TimeIntegrator(s):       ImplicitEuler
  Solver Mode:             NEWTON 
  PETSc Preconditioner:    lu 
  MOOSE Preconditioner:    SMP (auto) 

Time Step 0, time = 0

Postprocessor Values:
+----------------+----------------+----------------+----------------+----------------+----------------+-------------------+
| time           | avg_T          | avg_TKE        | max_vel_z      | min_vel_z      | outlet_avg_T   | power_density_avg |
+----------------+----------------+----------------+----------------+----------------+----------------+-------------------+
|   0.000000e+00 |   0.000000e+00 |   0.000000e+00 |   0.000000e+00 |   0.000000e+00 |   0.000000e+00 |      0.000000e+00 |
+----------------+----------------+----------------+----------------+----------------+----------------+-------------------+


Time Step 1, time = 0.0001, dt = 0.0001

Performing automatic scaling calculation

 0 Nonlinear |R| = [32m4.441860e+07[39m
 1 Nonlinear |R| = [33m4.399132e+07[39m
 2 Nonlinear |R| = [33m4.356403e+07[39m
 3 Nonlinear |R| = [33m4.313675e+07[39m
 4 Nonlinear |R| = [33m4.270946e+07[39m
 5 Nonlinear |R| = [33m4.228217e+07[39m
 6 Nonlinear |R| = [33m4.185489e+07[39m
 7 Nonlinear |R| = [33m4.142760e+07[39m
 8 Nonlinear |R| = [33m4.100031e+07[39m
 9 Nonlinear |R| = [33m4.057302e+07[39m
10 Nonlinear |R| = [33m4.014573e+07[39m
11 Nonlinear |R| = [33m3.971844e+07[39m
12 Nonlinear |R| = [33m3.929115e+07[39m
13 Nonlinear |R| = [33m3.886386e+07[39m
14 Nonlinear |R| = [33m3.843658e+07[39m
15 Nonlinear |R| = [33m3.800929e+07[39m
16 Nonlinear |R| = [33m3.758200e+07[39m
17 Nonlinear |R| = [33m3.715471e+07[39m
18 Nonlinear |R| = [33m3.672742e+07[39m
19 Nonlinear |R| = [33m3.630014e+07[39m
20 Nonlinear |R| = [33m3.587285e+07[39m
21 Nonlinear |R| = [33m3.544556e+07[39m
22 Nonlinear |R| = [33m3.501827e+07[39m
23 Nonlinear |R| = [33m3.459098e+07[39m
24 Nonlinear |R| = [33m3.416370e+07[39m
25 Nonlinear |R| = [33m3.373641e+07[39m
26 Nonlinear |R| = [33m3.330912e+07[39m
27 Nonlinear |R| = [33m3.288183e+07[39m
28 Nonlinear |R| = [33m3.245455e+07[39m
29 Nonlinear |R| = [33m3.202726e+07[39m
30 Nonlinear |R| = [33m3.159997e+07[39m
31 Nonlinear |R| = [33m3.117268e+07[39m
32 Nonlinear |R| = [33m3.074540e+07[39m
33 Nonlinear |R| = [33m3.031811e+07[39m
34 Nonlinear |R| = [33m2.989082e+07[39m
35 Nonlinear |R| = [33m2.946354e+07[39m
36 Nonlinear |R| = [33m2.903625e+07[39m
37 Nonlinear |R| = [33m2.860897e+07[39m
38 Nonlinear |R| = [33m2.818168e+07[39m
39 Nonlinear |R| = [33m2.775439e+07[39m
40 Nonlinear |R| = [33m2.732711e+07[39m
41 Nonlinear |R| = [33m2.689982e+07[39m
42 Nonlinear |R| = [33m2.647254e+07[39m
43 Nonlinear |R| = [33m2.604527e+07[39m
44 Nonlinear |R| = [33m2.561800e+07[39m
45 Nonlinear |R| = [33m2.519074e+07[39m
46 Nonlinear |R| = [33m2.476349e+07[39m
47 Nonlinear |R| = [33m2.433626e+07[39m
48 Nonlinear |R| = [33m2.390903e+07[39m
49 Nonlinear |R| = [33m2.348179e+07[39m
50 Nonlinear |R| = [33m2.305456e+07[39m
  Nonlinear solve did not converge due to DIVERGED_MAX_IT iterations 50

Solution Invalid Warnings:
-----------------------------------------------------------------------------------------------------------------
|         Object         | Converged | Timestep | Total |                        Message                        |
-----------------------------------------------------------------------------------------------------------------
| INSFVMomentumDiffusion |        93 |     4512 |  4512 | Negative face dynamic viscosity has been encountered. |
-----------------------------------------------------------------------------------------------------------------

[33m
*** Warning ***
The solution is not converged due to the solution being invalid.[39m
[31m Solve Did NOT Converge![39m
  Finished Solving                                                                       [[33m1639.72 s[39m] [[33m  489 MB[39m]


Solution Invalid Warnings History:
----------------------------------------------------------------------------------------------------------------------------
|                                     Object                                     | Time | Stepinterval Count | Total Count |
----------------------------------------------------------------------------------------------------------------------------
| INSFVMomentumDiffusion : Negative face dynamic viscosity has been encountered. | 0-1  |                  0 |           0 |
----------------------------------------------------------------------------------------------------------------------------
Aborting as solve did not converge

Solve failed, cutting timestep.

Time Step 1, time = 5e-05, dt = 5e-05
 0 Nonlinear |R| = [32m4.441860e+07[39m
 1 Nonlinear |R| = [33m4.420496e+07[39m
 2 Nonlinear |R| = [33m4.399132e+07[39m
