--------------------------------------------------------------------------
A requested component was not found, or was unable to be opened.  This
means that this component is either not installed or is unable to be
used on your system (e.g., sometimes this means that shared libraries
that the component requires are unable to be found/loaded).  Note that
PMIX stopped checking at the first component that it did not find.

Host:      RTXWS
Framework: gds
Component: shmem
--------------------------------------------------------------------------

--------------------------------------------------------------------------
A requested component was not found, or was unable to be opened.  This
means that this component is either not installed or is unable to be
used on your system (e.g., sometimes this means that shared libraries
that the component requires are unable to be found/loaded).  Note that
PMIX stopped checking at the first component that it did not find.

Host:      RTXWS
Framework: gds
Component: shmem
--------------------------------------------------------------------------

--------------------------------------------------------------------------
A requested component was not found, or was unable to be opened.  This
means that this component is either not installed or is unable to be
used on your system (e.g., sometimes this means that shared libraries
that the component requires are unable to be found/loaded).  Note that
PMIX stopped checking at the first component that it did not find.

Host:      RTXWS
Framework: gds
Component: shmem
--------------------------------------------------------------------------

--------------------------------------------------------------------------
A requested component was not found, or was unable to be opened.  This
means that this component is either not installed or is unable to be
used on your system (e.g., sometimes this means that shared libraries
that the component requires are unable to be found/loaded).  Note that
PMIX stopped checking at the first component that it did not find.

Host:      RTXWS
Framework: gds
Component: shmem
--------------------------------------------------------------------------

--------------------------------------------------------------------------
A requested component was not found, or was unable to be opened.  This
means that this component is either not installed or is unable to be
used on your system (e.g., sometimes this means that shared libraries
that the component requires are unable to be found/loaded).  Note that
PMIX stopped checking at the first component that it did not find.

Host:      RTXWS
Framework: gds
Component: shmem
--------------------------------------------------------------------------

--------------------------------------------------------------------------
A requested component was not found, or was unable to be opened.  This
means that this component is either not installed or is unable to be
used on your system (e.g., sometimes this means that shared libraries
that the component requires are unable to be found/loaded).  Note that
PMIX stopped checking at the first component that it did not find.

Host:      RTXWS
Framework: gds
Component: shmem
--------------------------------------------------------------------------

--------------------------------------------------------------------------
A requested component was not found, or was unable to be opened.  This
means that this component is either not installed or is unable to be
used on your system (e.g., sometimes this means that shared libraries
that the component requires are unable to be found/loaded).  Note that
PMIX stopped checking at the first component that it did not find.

Host:      RTXWS
Framework: gds
Component: shmem
--------------------------------------------------------------------------

--------------------------------------------------------------------------
A requested component was not found, or was unable to be opened.  This
means that this component is either not installed or is unable to be
used on your system (e.g., sometimes this means that shared libraries
that the component requires are unable to be found/loaded).  Note that
PMIX stopped checking at the first component that it did not find.

Host:      RTXWS
Framework: gds
Component: shmem
--------------------------------------------------------------------------

--------------------------------------------------------------------------
A requested component was not found, or was unable to be opened.  This
means that this component is either not installed or is unable to be
used on your system (e.g., sometimes this means that shared libraries
that the component requires are unable to be found/loaded).  Note that
PMIX stopped checking at the first component that it did not find.

Host:      RTXWS
Framework: gds
Component: shmem
--------------------------------------------------------------------------

--------------------------------------------------------------------------
A requested component was not found, or was unable to be opened.  This
means that this component is either not installed or is unable to be
used on your system (e.g., sometimes this means that shared libraries
that the component requires are unable to be found/loaded).  Note that
PMIX stopped checking at the first component that it did not find.

Host:      RTXWS
Framework: gds
Component: shmem
--------------------------------------------------------------------------

--------------------------------------------------------------------------
A requested component was not found, or was unable to be opened.  This
means that this component is either not installed or is unable to be
used on your system (e.g., sometimes this means that shared libraries
that the component requires are unable to be found/loaded).  Note that
PMIX stopped checking at the first component that it did not find.

Host:      RTXWS
Framework: gds
Component: shmem
--------------------------------------------------------------------------

--------------------------------------------------------------------------
A requested component was not found, or was unable to be opened.  This
means that this component is either not installed or is unable to be
used on your system (e.g., sometimes this means that shared libraries
that the component requires are unable to be found/loaded).  Note that
PMIX stopped checking at the first component that it did not find.

Host:      RTXWS
Framework: gds
Component: shmem
--------------------------------------------------------------------------

--------------------------------------------------------------------------
A requested component was not found, or was unable to be opened.  This
means that this component is either not installed or is unable to be
used on your system (e.g., sometimes this means that shared libraries
that the component requires are unable to be found/loaded).  Note that
PMIX stopped checking at the first component that it did not find.

Host:      RTXWS
Framework: gds
Component: shmem
--------------------------------------------------------------------------

--------------------------------------------------------------------------
A requested component was not found, or was unable to be opened.  This
means that this component is either not installed or is unable to be
used on your system (e.g., sometimes this means that shared libraries
that the component requires are unable to be found/loaded).  Note that
PMIX stopped checking at the first component that it did not find.

Host:      RTXWS
Framework: gds
Component: shmem
--------------------------------------------------------------------------

--------------------------------------------------------------------------
A requested component was not found, or was unable to be opened.  This
means that this component is either not installed or is unable to be
used on your system (e.g., sometimes this means that shared libraries
that the component requires are unable to be found/loaded).  Note that
PMIX stopped checking at the first component that it did not find.

Host:      RTXWS
Framework: gds
Component: shmem
--------------------------------------------------------------------------

--------------------------------------------------------------------------
A requested component was not found, or was unable to be opened.  This
means that this component is either not installed or is unable to be
used on your system (e.g., sometimes this means that shared libraries
that the component requires are unable to be found/loaded).  Note that
PMIX stopped checking at the first component that it did not find.

Host:      RTXWS
Framework: gds
Component: shmem
--------------------------------------------------------------------------

--------------------------------------------------------------------------
A requested component was not found, or was unable to be opened.  This
means that this component is either not installed or is unable to be
used on your system (e.g., sometimes this means that shared libraries
that the component requires are unable to be found/loaded).  Note that
PMIX stopped checking at the first component that it did not find.

Host:      RTXWS
Framework: gds
Component: shmem
--------------------------------------------------------------------------

--------------------------------------------------------------------------
A requested component was not found, or was unable to be opened.  This
means that this component is either not installed or is unable to be
used on your system (e.g., sometimes this means that shared libraries
that the component requires are unable to be found/loaded).  Note that
PMIX stopped checking at the first component that it did not find.

Host:      RTXWS
Framework: gds
Component: shmem
--------------------------------------------------------------------------

--------------------------------------------------------------------------
A requested component was not found, or was unable to be opened.  This
means that this component is either not installed or is unable to be
used on your system (e.g., sometimes this means that shared libraries
that the component requires are unable to be found/loaded).  Note that
PMIX stopped checking at the first component that it did not find.

Host:      RTXWS
Framework: gds
Component: shmem
--------------------------------------------------------------------------

--------------------------------------------------------------------------
A requested component was not found, or was unable to be opened.  This
means that this component is either not installed or is unable to be
used on your system (e.g., sometimes this means that shared libraries
that the component requires are unable to be found/loaded).  Note that
PMIX stopped checking at the first component that it did not find.

Host:      RTXWS
Framework: gds
Component: shmem
--------------------------------------------------------------------------

--------------------------------------------------------------------------
A requested component was not found, or was unable to be opened.  This
means that this component is either not installed or is unable to be
used on your system (e.g., sometimes this means that shared libraries
that the component requires are unable to be found/loaded).  Note that
PMIX stopped checking at the first component that it did not find.

Host:      RTXWS
Framework: gds
Component: shmem
--------------------------------------------------------------------------

--------------------------------------------------------------------------
A requested component was not found, or was unable to be opened.  This
means that this component is either not installed or is unable to be
used on your system (e.g., sometimes this means that shared libraries
that the component requires are unable to be found/loaded).  Note that
PMIX stopped checking at the first component that it did not find.

Host:      RTXWS
Framework: gds
Component: shmem
--------------------------------------------------------------------------

--------------------------------------------------------------------------
A requested component was not found, or was unable to be opened.  This
means that this component is either not installed or is unable to be
used on your system (e.g., sometimes this means that shared libraries
that the component requires are unable to be found/loaded).  Note that
PMIX stopped checking at the first component that it did not find.

Host:      RTXWS
Framework: gds
Component: shmem
--------------------------------------------------------------------------

--------------------------------------------------------------------------
A requested component was not found, or was unable to be opened.  This
means that this component is either not installed or is unable to be
used on your system (e.g., sometimes this means that shared libraries
that the component requires are unable to be found/loaded).  Note that
PMIX stopped checking at the first component that it did not find.

Host:      RTXWS
Framework: gds
Component: shmem
--------------------------------------------------------------------------

--------------------------------------------------------------------------
A requested component was not found, or was unable to be opened.  This
means that this component is either not installed or is unable to be
used on your system (e.g., sometimes this means that shared libraries
that the component requires are unable to be found/loaded).  Note that
PMIX stopped checking at the first component that it did not find.

Host:      RTXWS
Framework: gds
Component: shmem
--------------------------------------------------------------------------

--------------------------------------------------------------------------
A requested component was not found, or was unable to be opened.  This
means that this component is either not installed or is unable to be
used on your system (e.g., sometimes this means that shared libraries
that the component requires are unable to be found/loaded).  Note that
PMIX stopped checking at the first component that it did not find.

Host:      RTXWS
Framework: gds
Component: shmem
--------------------------------------------------------------------------

--------------------------------------------------------------------------
A requested component was not found, or was unable to be opened.  This
means that this component is either not installed or is unable to be
used on your system (e.g., sometimes this means that shared libraries
that the component requires are unable to be found/loaded).  Note that
PMIX stopped checking at the first component that it did not find.

Host:      RTXWS
Framework: gds
Component: shmem
--------------------------------------------------------------------------

--------------------------------------------------------------------------
A requested component was not found, or was unable to be opened.  This
means that this component is either not installed or is unable to be
used on your system (e.g., sometimes this means that shared libraries
that the component requires are unable to be found/loaded).  Note that
PMIX stopped checking at the first component that it did not find.

Host:      RTXWS
Framework: gds
Component: shmem
--------------------------------------------------------------------------

--------------------------------------------------------------------------
A requested component was not found, or was unable to be opened.  This
means that this component is either not installed or is unable to be
used on your system (e.g., sometimes this means that shared libraries
that the component requires are unable to be found/loaded).  Note that
PMIX stopped checking at the first component that it did not find.

Host:      RTXWS
Framework: gds
Component: shmem
--------------------------------------------------------------------------

--------------------------------------------------------------------------
A requested component was not found, or was unable to be opened.  This
means that this component is either not installed or is unable to be
used on your system (e.g., sometimes this means that shared libraries
that the component requires are unable to be found/loaded).  Note that
PMIX stopped checking at the first component that it did not find.

Host:      RTXWS
Framework: gds
Component: shmem
--------------------------------------------------------------------------

--------------------------------------------------------------------------
A requested component was not found, or was unable to be opened.  This
means that this component is either not installed or is unable to be
used on your system (e.g., sometimes this means that shared libraries
that the component requires are unable to be found/loaded).  Note that
PMIX stopped checking at the first component that it did not find.

Host:      RTXWS
Framework: gds
Component: shmem
--------------------------------------------------------------------------

--------------------------------------------------------------------------
A requested component was not found, or was unable to be opened.  This
means that this component is either not installed or is unable to be
used on your system (e.g., sometimes this means that shared libraries
that the component requires are unable to be found/loaded).  Note that
PMIX stopped checking at the first component that it did not find.

Host:      RTXWS
Framework: gds
Component: shmem
--------------------------------------------------------------------------

                                                                               [[33m  2.22 s[39m] [[33m  274 MB[39m]
Framework Information:
MOOSE Version:           git commit b1e271b638 on 2025-10-10
LibMesh Version:         
PETSc Version:           3.23.4
SLEPc Version:           3.23.2
Current Time:            Thu May 14 10:08:58 2026
Executable Timestamp:    Tue Apr 14 14:29:53 2026

Input File(s):
  /home/ubuntu/MSR-project/MSFR/stage3_cardinal/th_physics.i

Checkpoint:
  Wall Time Interval:      Every 3600 s
  User Checkpoint:         Disabled
  # Checkpoints Kept:      2
  Execute On:              TIMESTEP_END 

Parallelism:
  Num Processors:          16
  Num Threads:             1

Mesh: 
  Parallel Type:           replicated
  Mesh Dimension:          3
  Spatial Dimension:       3
  Nodes:                   
    Total:                 9245
    Local:                 562
    Min/Max/Avg:           355/676/577
  Elems:                   
    Total:                 35186
    Local:                 2260
    Min/Max/Avg:           2136/2265/2199
  Num Subdomains:          1
  Num Partitions:          16
  Partitioner:             metis

Nonlinear System:
  Num DOFs:                175930
  Num Local DOFs:          11300
  Variables:               { "vel_x" "vel_y" "vel_z" "pressure" "T_fluid" } 
  Finite Element Types:    "MONOMIAL" 
  Approximation Orders:    "CONSTANT" 

Auxiliary System:
  Num DOFs:                35186
  Num Local DOFs:          2260
  Variables:               "power_density" 
  Finite Element Types:    "MONOMIAL" 
  Approximation Orders:    "CONSTANT" 

Execution Information:
  Executioner:             Transient
  TimeStepper:             IterationAdaptiveDT
  TimeIntegrator(s):       ImplicitEuler
  Solver Mode:             NEWTON 
  PETSc Preconditioner:    lu 
  MOOSE Preconditioner:    SMP (auto) 

[33m
*** Warning ***
/home/ubuntu/MSR-project/MSFR/stage3_cardinal/th_physics.i:442.5: unused parameter 'Executioner/TimeStepper/dtmax'[39m

Time Step 0, time = 0

Postprocessor Values:
+----------------+----------------+----------------+----------------+----------------+-------------------+
| time           | avg_T          | max_vel_z      | min_vel_z      | outlet_avg_T   | power_density_avg |
+----------------+----------------+----------------+----------------+----------------+-------------------+
|   0.000000e+00 |   0.000000e+00 |   0.000000e+00 |   0.000000e+00 |   0.000000e+00 |      0.000000e+00 |
+----------------+----------------+----------------+----------------+----------------+-------------------+


Time Step 1, time = 0.0001, dt = 0.0001
 0 Nonlinear |R| = [32m1.338594e+09[39m
 1 Nonlinear |R| = [32m9.975506e+08[39m
 2 Nonlinear |R| = [32m6.565048e+08[39m
 3 Nonlinear |R| = [32m3.154559e+08[39m
 4 Nonlinear |R| = [32m9.287786e+03[39m
 5 Nonlinear |R| = [32m4.015772e+02[39m
[32m Solve Converged![39m
  Finished Solving                                                                       [[33m 74.96 s[39m] [[33m  393 MB[39m]

Outlier Variable Residual Norms:
  vel_z: [33m2.737420e+02[39m

Postprocessor Values:
+----------------+----------------+----------------+----------------+----------------+-------------------+
| time           | avg_T          | max_vel_z      | min_vel_z      | outlet_avg_T   | power_density_avg |
+----------------+----------------+----------------+----------------+----------------+-------------------+
|   0.000000e+00 |   0.000000e+00 |   0.000000e+00 |   0.000000e+00 |   0.000000e+00 |      0.000000e+00 |
|   1.000000e-04 |   8.980000e+02 |   1.304815e+00 |  -5.905049e-01 |   8.980000e+02 |      0.000000e+00 |
+----------------+----------------+----------------+----------------+----------------+-------------------+


Time Step 2, time = 0.0002, dt = 0.0001
 0 Nonlinear |R| = [32m1.357585e+06[39m
 1 Nonlinear |R| = [32m1.011748e+06[39m
 2 Nonlinear |R| = [32m6.659117e+05[39m
 3 Nonlinear |R| = [32m3.200759e+05[39m
 4 Nonlinear |R| = [32m5.799083e+02[39m
 5 Nonlinear |R| = [32m1.517171e+00[39m
 6 Nonlinear |R| = [32m1.413914e+00[39m
 7 Nonlinear |R| = [32m1.335565e+00[39m
[32m Solve Converged![39m
  Finished Solving                                                                       [[33m108.31 s[39m] [[33m  397 MB[39m]

Outlier Variable Residual Norms:
  vel_z: [33m8.532620e-01[39m

Postprocessor Values:
+----------------+----------------+----------------+----------------+----------------+-------------------+
| time           | avg_T          | max_vel_z      | min_vel_z      | outlet_avg_T   | power_density_avg |
+----------------+----------------+----------------+----------------+----------------+-------------------+
|   0.000000e+00 |   0.000000e+00 |   0.000000e+00 |   0.000000e+00 |   0.000000e+00 |      0.000000e+00 |
|   1.000000e-04 |   8.980000e+02 |   1.304815e+00 |  -5.905049e-01 |   8.980000e+02 |      0.000000e+00 |
|   2.000000e-04 |   8.980000e+02 |   1.377723e+00 |  -5.907169e-01 |   8.980000e+02 |      0.000000e+00 |
+----------------+----------------+----------------+----------------+----------------+-------------------+


Time Step 3, time = 0.0003, dt = 0.0001
 0 Nonlinear |R| = [32m3.431653e+04[39m
 1 Nonlinear |R| = [32m1.126942e+03[39m
 2 Nonlinear |R| = [32m7.356590e-01[39m
 3 Nonlinear |R| = [32m6.840764e-01[39m
 4 Nonlinear |R| = [32m5.608440e-01[39m
 5 Nonlinear |R| = [33m5.602499e-01[39m
 6 Nonlinear |R| = [33m5.566007e-01[39m
 7 Nonlinear |R| = [32m5.099805e-01[39m
 8 Nonlinear |R| = [32m4.345994e-01[39m
 9 Nonlinear |R| = [33m4.344611e-01[39m
  Nonlinear solve did not converge due to DIVERGED_LINE_SEARCH iterations 9
[31m Solve Did NOT Converge![39m
  Finished Solving                                                                       [[33m167.56 s[39m] [[33m  398 MB[39m]
Aborting as solve did not converge

Solve failed, cutting timestep.

Time Step 3, time = 0.00025, dt = 5e-05
 0 Nonlinear |R| = [32m2.747791e+07[39m
 1 Nonlinear |R| = [32m1.027993e+02[39m
 2 Nonlinear |R| = [32m1.411578e+00[39m
[32m Solve Converged![39m
  Finished Solving                                                                       [[33m 29.14 s[39m] [[33m  399 MB[39m]

Outlier Variable Residual Norms:
  vel_z: [33m1.141334e+00[39m

Postprocessor Values:
+----------------+----------------+----------------+----------------+----------------+-------------------+
| time           | avg_T          | max_vel_z      | min_vel_z      | outlet_avg_T   | power_density_avg |
+----------------+----------------+----------------+----------------+----------------+-------------------+
|   0.000000e+00 |   0.000000e+00 |   0.000000e+00 |   0.000000e+00 |   0.000000e+00 |      0.000000e+00 |
|   1.000000e-04 |   8.980000e+02 |   1.304815e+00 |  -5.905049e-01 |   8.980000e+02 |      0.000000e+00 |
|   2.000000e-04 |   8.980000e+02 |   1.377723e+00 |  -5.907169e-01 |   8.980000e+02 |      0.000000e+00 |
|   2.500000e-04 |   8.980000e+02 |   1.458423e+00 |  -5.910363e-01 |   8.980000e+02 |      0.000000e+00 |
+----------------+----------------+----------------+----------------+----------------+-------------------+


Time Step 4, time = 0.0003, dt = 5e-05
 0 Nonlinear |R| = [32m2.635679e+04[39m
 1 Nonlinear |R| = [32m9.248087e+01[39m
 2 Nonlinear |R| = [32m9.233106e-01[39m
 3 Nonlinear |R| = [32m7.958774e-01[39m
 4 Nonlinear |R| = [33m7.725019e-01[39m
 5 Nonlinear |R| = [32m6.924965e-01[39m
 6 Nonlinear |R| = [33m6.794551e-01[39m
 7 Nonlinear |R| = [33m6.536876e-01[39m
 8 Nonlinear |R| = [33m6.455290e-01[39m
 9 Nonlinear |R| = [32m5.587328e-01[39m
10 Nonlinear |R| = [33m5.586391e-01[39m
11 Nonlinear |R| = [33m5.585954e-01[39m
  Nonlinear solve did not converge due to DIVERGED_LINE_SEARCH iterations 11
[31m Solve Did NOT Converge![39m
  Finished Solving                                                                       [[33m229.21 s[39m] [[33m  440 MB[39m]
Aborting as solve did not converge

Solve failed, cutting timestep.

Time Step 4, time = 0.000275, dt = 2.5e-05
 0 Nonlinear |R| = [32m1.611256e+07[39m
 1 Nonlinear |R| = [32m1.053471e+01[39m
[32m Solve Converged![39m
  Finished Solving                                                                       [[33m 17.50 s[39m] [[33m  440 MB[39m]

Outlier Variable Residual Norms:
  T_fluid: [31m1.031992e+01[39m

Postprocessor Values:
+----------------+----------------+----------------+----------------+----------------+-------------------+
| time           | avg_T          | max_vel_z      | min_vel_z      | outlet_avg_T   | power_density_avg |
+----------------+----------------+----------------+----------------+----------------+-------------------+
|   0.000000e+00 |   0.000000e+00 |   0.000000e+00 |   0.000000e+00 |   0.000000e+00 |      0.000000e+00 |
|   1.000000e-04 |   8.980000e+02 |   1.304815e+00 |  -5.905049e-01 |   8.980000e+02 |      0.000000e+00 |
|   2.000000e-04 |   8.980000e+02 |   1.377723e+00 |  -5.907169e-01 |   8.980000e+02 |      0.000000e+00 |
|   2.500000e-04 |   8.980000e+02 |   1.458423e+00 |  -5.910363e-01 |   8.980000e+02 |      0.000000e+00 |
|   2.750000e-04 |   8.980000e+02 |   1.491917e+00 |  -5.911607e-01 |   8.980000e+02 |      0.000000e+00 |
+----------------+----------------+----------------+----------------+----------------+-------------------+


Time Step 5, time = 0.0003, dt = 2.5e-05
 0 Nonlinear |R| = [32m2.520134e+04[39m
 1 Nonlinear |R| = [32m1.054007e+01[39m
 2 Nonlinear |R| = [32m9.540504e-01[39m
 3 Nonlinear |R| = [33m9.334845e-01[39m
 4 Nonlinear |R| = [32m8.039897e-01[39m
 5 Nonlinear |R| = [33m8.039022e-01[39m
 6 Nonlinear |R| = [32m7.316404e-01[39m
 7 Nonlinear |R| = [32m6.316955e-01[39m
 8 Nonlinear |R| = [32m5.980968e-01[39m
 9 Nonlinear |R| = [33m5.980966e-01[39m
  Nonlinear solve did not converge due to DIVERGED_LINE_SEARCH iterations 9
[31m Solve Did NOT Converge![39m
  Finished Solving                                                                       [[33m192.08 s[39m] [[33m  453 MB[39m]
Aborting as solve did not converge

Solve failed, cutting timestep.

Time Step 5, time = 0.0002875, dt = 1.25e-05
 0 Nonlinear |R| = [32m1.029038e+07[39m
 1 Nonlinear |R| = [32m2.835820e+00[39m
[32m Solve Converged![39m
  Finished Solving                                                                       [[33m 16.08 s[39m] [[33m  454 MB[39m]

Outlier Variable Residual Norms:
  T_fluid: [33m1.827713e+00[39m

Postprocessor Values:
+----------------+----------------+----------------+----------------+----------------+-------------------+
| time           | avg_T          | max_vel_z      | min_vel_z      | outlet_avg_T   | power_density_avg |
+----------------+----------------+----------------+----------------+----------------+-------------------+
|   0.000000e+00 |   0.000000e+00 |   0.000000e+00 |   0.000000e+00 |   0.000000e+00 |      0.000000e+00 |
|   1.000000e-04 |   8.980000e+02 |   1.304815e+00 |  -5.905049e-01 |   8.980000e+02 |      0.000000e+00 |
|   2.000000e-04 |   8.980000e+02 |   1.377723e+00 |  -5.907169e-01 |   8.980000e+02 |      0.000000e+00 |
|   2.500000e-04 |   8.980000e+02 |   1.458423e+00 |  -5.910363e-01 |   8.980000e+02 |      0.000000e+00 |
|   2.750000e-04 |   8.980000e+02 |   1.491917e+00 |  -5.911607e-01 |   8.980000e+02 |      0.000000e+00 |
|   2.875000e-04 |   8.980000e+02 |   1.506286e+00 |  -5.912051e-01 |   8.980000e+02 |      0.000000e+00 |
+----------------+----------------+----------------+----------------+----------------+-------------------+


Time Step 6, time = 0.0003, dt = 1.25e-05
 0 Nonlinear |R| = [32m2.889797e+04[39m
 1 Nonlinear |R| = [32m2.133746e+00[39m
 2 Nonlinear |R| = [32m9.527938e-01[39m
 3 Nonlinear |R| = [32m7.815431e-01[39m
 4 Nonlinear |R| = [32m7.094419e-01[39m
