--------------------------------------------------------------------------
A requested component was not found, or was unable to be opened.  This
means that this component is either not installed or is unable to be
used on your system (e.g., sometimes this means that shared libraries
that the component requires are unable to be found/loaded).  Note that
PMIX stopped checking at the first component that it did not find.

Host:      RTXWS
Framework: gds
Component: shmem
--------------------------------------------------------------------------

--------------------------------------------------------------------------
A requested component was not found, or was unable to be opened.  This
means that this component is either not installed or is unable to be
used on your system (e.g., sometimes this means that shared libraries
that the component requires are unable to be found/loaded).  Note that
PMIX stopped checking at the first component that it did not find.

Host:      RTXWS
Framework: gds
Component: shmem
--------------------------------------------------------------------------

--------------------------------------------------------------------------
A requested component was not found, or was unable to be opened.  This
means that this component is either not installed or is unable to be
used on your system (e.g., sometimes this means that shared libraries
that the component requires are unable to be found/loaded).  Note that
PMIX stopped checking at the first component that it did not find.

Host:      RTXWS
Framework: gds
Component: shmem
--------------------------------------------------------------------------

--------------------------------------------------------------------------
A requested component was not found, or was unable to be opened.  This
means that this component is either not installed or is unable to be
used on your system (e.g., sometimes this means that shared libraries
that the component requires are unable to be found/loaded).  Note that
PMIX stopped checking at the first component that it did not find.

Host:      RTXWS
Framework: gds
Component: shmem
--------------------------------------------------------------------------

--------------------------------------------------------------------------
A requested component was not found, or was unable to be opened.  This
means that this component is either not installed or is unable to be
used on your system (e.g., sometimes this means that shared libraries
that the component requires are unable to be found/loaded).  Note that
PMIX stopped checking at the first component that it did not find.

Host:      RTXWS
Framework: gds
Component: shmem
--------------------------------------------------------------------------

--------------------------------------------------------------------------
A requested component was not found, or was unable to be opened.  This
means that this component is either not installed or is unable to be
used on your system (e.g., sometimes this means that shared libraries
that the component requires are unable to be found/loaded).  Note that
PMIX stopped checking at the first component that it did not find.

Host:      RTXWS
Framework: gds
Component: shmem
--------------------------------------------------------------------------

--------------------------------------------------------------------------
A requested component was not found, or was unable to be opened.  This
means that this component is either not installed or is unable to be
used on your system (e.g., sometimes this means that shared libraries
that the component requires are unable to be found/loaded).  Note that
PMIX stopped checking at the first component that it did not find.

Host:      RTXWS
Framework: gds
Component: shmem
--------------------------------------------------------------------------

--------------------------------------------------------------------------
A requested component was not found, or was unable to be opened.  This
means that this component is either not installed or is unable to be
used on your system (e.g., sometimes this--------------------------------------------------------------------------
A requested component was not found, or was unable to be opened.  This
means that this component is either not installed or is unable to be
used on your system (e.g., sometimes this means that shared libraries
that the component requires are unable to be found/loaded).  Note that
PMIX stopped checking at the first component that it did not find.

Host:      RTXWS
Framework: gds
Component: shmem
--------------------------------------------------------------------------

--------------------------------------------------------------------------
A requested component was not found, or was unable to be opened.  This
means that this component is either not installed or is unable to be
used on your system (e.g., sometimes this means that shared libraries
that the component requires are unable to be found/loaded).  Note that
PMIX stopped checking at the first component that it did not find.

Host:      RTXWS
Framework: gds
Component: shmem
--------------------------------------------------------------------------

--------------------------------------------------------------------------
A requested component was not found, or was unable to be opened.  This
means that this component is either not installed or is unable to be
used on your system (e.g., sometimes this means that shared libraries
that the component requires are unable to be found/loaded).  Note that
PMIX stopped checking at the first component that it did not find.

Host:      RTXWS
Framework: gds
Component: shmem
--------------------------------------------------------------------------

--------------------------------------------------------------------------
A requested component was not found, or was unable to be opened.  This
means that this component is either not installed or is unable to be
used on your system (e.g., sometimes this means that shared libraries
that the component requires are unable to be found/loaded).  Note that
PMIX stopped checking at the first component that it did not find.

Host:      RTXWS
Framework: gds
Component: shmem
--------------------------------------------------------------------------

 means that shared libraries
that the component requires are unable to be found/loaded).  Note that
PMIX stopped checking at the first component that it did not find.

Host:      RTXWS
Framework: gds
Component: shmem
--------------------------------------------------------------------------

--------------------------------------------------------------------------
A requested component was not found, or was unable to be opened.  This
means that this component is either not installed or is unable to be
used on your system (e.g., sometimes this means that shared libraries
that the component requires are unable to be found/loaded).  Note that
PMIX stopped checking at the first component that it did not find.

Host:      RTXWS
Framework: gds
Component: shmem
--------------------------------------------------------------------------

--------------------------------------------------------------------------
A requested component was not found, or was unable to be opened.  This
means that this component is either not installed or is unable to be
used on your system (e.g., sometimes this means that shared libraries
that the component requires are unable to be found/loaded).  Note that
PMIX stopped checking at the first component that it did not find.

Host:      RTXWS
Framework: gds
Component: shmem
--------------------------------------------------------------------------

--------------------------------------------------------------------------
A requested component was not found, or was unable to be opened.  This
means that this component is either not installed or is unable to be
used on your system (e.g., sometimes this means that shared libraries
that the component requires are unable to be found/loaded).  Note that
PMIX stopped checking at the first component that it did not find.

Host:      RTXWS
Framework: gds
Component: shmem
--------------------------------------------------------------------------

--------------------------------------------------------------------------
A requested component was not found, or was unable to be opened.  This
means that this component is either not installed or is unable to be
used on your system (e.g., sometimes this means that shared libraries
that the component requires are unable to be found/loaded).  Note that
PMIX stopped checking at the first component that it did not find.

Host:      RTXWS
Framework: gds
Component: shmem
--------------------------------------------------------------------------

--------------------------------------------------------------------------
A requested component was not found, or was unable to be opened.  This
means that this component is either not installed or is unable to be
used on your system (e.g., sometimes this means that shared libraries
that the component requires are unable to be found/loaded).  Note that
PMIX stopped checking at the first component that it did not find.

Host:      RTXWS
Framework: gds
Component: shmem
--------------------------------------------------------------------------

--------------------------------------------------------------------------
A requested component was not found, or was unable to be opened.  This
means that this component is either not installed or is unable to be
used on your system (e.g., sometimes this means that shared libraries
that the component requires are unable to be found/loaded).  Note that
PMIX stopped checking at the first component that it did not find.

Host:      RTXWS
Framework: gds
Component: shmem
--------------------------------------------------------------------------

--------------------------------------------------------------------------
A requested component was not found, or was unable to be opened.  This
means that this component is either not installed or is unable to be
used on your system (e.g., sometimes this means that shared libraries
that the component requires are unable to be found/loaded).  Note that
PMIX stopped checking at the first component that it did not find.

Host:      RTXWS
Framework: gds
Component: shmem
--------------------------------------------------------------------------

--------------------------------------------------------------------------
A requested component was not found, or was unable to be opened.  This
means that this component is either not installed or is unable to be
used on your system (e.g., sometimes this means that shared libraries
that the component requires are unable to be found/loaded).  Note that
PMIX stopped checking at the first component that it did not find.

Host:      RTXWS
Framework: gds
Component: shmem
--------------------------------------------------------------------------

--------------------------------------------------------------------------
A requested component was not found, or was unable to be opened.  This
means that this component is either not installed or is unable to be
used on your system (e.g., sometimes this means that shared libraries
that the component requires are unable to be found/loaded).  Note that
PMIX stopped checking at the first component that it did not find.

Host:      RTXWS
Framework: gds
Component: shmem
--------------------------------------------------------------------------

--------------------------------------------------------------------------
A requested component was not found, or was unable to be opened.  This
means that this component is either not installed or is unable to be
used on your system (e.g., sometimes this means that shared libraries
that the component requires are unable to be found/loaded).  Note that
PMIX stopped checking at the first component that it did not find.

Host:      RTXWS
Framework: gds
Component: shmem
--------------------------------------------------------------------------

--------------------------------------------------------------------------
A requested component was not found, or was unable to be opened.  This
means that this component is either not installed or is unable to be
used on your system (e.g., sometimes this means that shared libraries
that the component requires are unable to be found/loaded).  Note that
PMIX stopped checking at the first component that it did not find.

Host:      RTXWS
Framework: gds
Component: shmem
--------------------------------------------------------------------------

--------------------------------------------------------------------------
A requested component was not found, or was unable to be opened.  This
means that this component is either not installed or is unable to be
used on your system (e.g., sometimes this means that shared libraries
that the component requires are unable to be found/loaded).  Note that
PMIX stopped checking at the first component that it did not find.

Host:      RTXWS
Framework: gds
Component: shmem
--------------------------------------------------------------------------

--------------------------------------------------------------------------
A requested component was not found, or was unable to be opened.  This
means that this component is either not installed or is unable to be
used on your system (e.g., sometimes this means that shared libraries
that the component requires are unable to be found/loaded).  Note that
PMIX stopped checking at the first component that it did not find.

Host:      RTXWS
Framework: gds
Component: shmem
--------------------------------------------------------------------------

--------------------------------------------------------------------------
A requested component was not found, or was unable to be opened.  This
means that this component is either not installed or is unable to be
used on your system (e.g., sometimes this means that shared libraries
that the component requires are unable to be found/loaded).  Note that
PMIX stopped checking at the first component that it did not find.

Host:      RTXWS
Framework: gds
Component: shmem
--------------------------------------------------------------------------

--------------------------------------------------------------------------
A requested component was not found, or was unable to be opened.  This
means that this component is either not installed or is unable to be
used on your system (e.g., sometimes this means that shared libraries
that the component requires are unable to be found/loaded).  Note that
PMIX stopped checking at the first component that it did not find.

Host:      RTXWS
Framework: gds
Component: shmem
--------------------------------------------------------------------------

--------------------------------------------------------------------------
A requested component was not found, or was unable to be opened.  This
means that this component is either not installed or is unable to be
used on your system (e.g., sometimes this means that shared libraries
that the component requires are unable to be found/loaded).  Note that
PMIX stopped checking at the first component that it did not find.

Host:      RTXWS
Framework: gds
Component: shmem
--------------------------------------------------------------------------

--------------------------------------------------------------------------
A requested component was not found, or was unable to be opened.  This
means that this component is either not installed or is unable to be
used on your system (e.g., sometimes this means that shared libraries
that the component requires are unable to be found/loaded).  Note that
PMIX stopped checking at the first component that it did not find.

Host:      RTXWS
Framework: gds
Component: shmem
--------------------------------------------------------------------------

--------------------------------------------------------------------------
A requested component was not found, or was unable to be opened.  This
means that this component is either not installed or is unable to be
used on your system (e.g., sometimes this means that shared libraries
that the component requires are unable to be found/loaded).  Note that
PMIX stopped checking at the first component that it did not find.

Host:      RTXWS
Framework: gds
Component: shmem
--------------------------------------------------------------------------

--------------------------------------------------------------------------
A requested component was not found, or was unable to be opened.  This
means that this component is either not installed or is unable to be
used on your system (e.g., sometimes this means that shared libraries
that the component requires are unable to be found/loaded).  Note that
PMIX stopped checking at the first component that it did not find.

Host:      RTXWS
Framework: gds
Component: shmem
--------------------------------------------------------------------------

--------------------------------------------------------------------------
A requested component was not found, or was unable to be opened.  This
means that this component is either not installed or is unable to be
used on your system (e.g., sometimes this means that shared libraries
that the component requires are unable to be found/loaded).  Note that
PMIX stopped checking at the first component that it did not find.

Host:      RTXWS
Framework: gds
Component: shmem
--------------------------------------------------------------------------

Setting Up
  Finished Initializing                                                                  [[33m  2.02 s[39m] [[33m  315 MB[39m]
Finished Setting Up                                                                      [[33m  2.63 s[39m] [[33m  315 MB[39m]
Framework Information:
MOOSE Version:           git commit b1e271b638 on 2025-10-10
LibMesh Version:         
PETSc Version:           3.23.4
SLEPc Version:           3.23.2
Current Time:            Mon May 18 14:50:07 2026
Executable Timestamp:    Tue Apr 14 14:29:53 2026

Input File(s):
  /home/ubuntu/MSR-project/MSFR/stage3_cardinal/th_physics.i

Checkpoint:
  Wall Time Interval:      Every 3600 s
  User Checkpoint:         Disabled
  # Checkpoints Kept:      2
  Execute On:              TIMESTEP_END 

Parallelism:
  Num Processors:          16
  Num Threads:             1

Mesh: 
  Parallel Type:           replicated
  Mesh Dimension:          3
  Spatial Dimension:       3
  Nodes:                   
    Total:                 9245
    Local:                 562
    Min/Max/Avg:           355/676/577
  Elems:                   
    Total:                 35186
    Local:                 2260
    Min/Max/Avg:           2136/2265/2199
  Num Subdomains:          1
  Num Partitions:          16
  Partitioner:             metis

Nonlinear System:
  Num DOFs:                246302
  Num Local DOFs:          15820
  Variables:               { "vel_x" "vel_y" "vel_z" "pressure" "T_fluid" "TKE" "TKED" } 
  Finite Element Types:    "MONOMIAL" 
  Approximation Orders:    "CONSTANT" 

Auxiliary System:
  Num DOFs:                105558
  Num Local DOFs:          6780
  Variables:               { "power_density" "mu_t" "k_t" } 
  Finite Element Types:    "MONOMIAL" 
  Approximation Orders:    "CONSTANT" 

Execution Information:
  Executioner:             Transient
  TimeStepper:             IterationAdaptiveDT
  TimeIntegrator(s):       ImplicitEuler
  Solver Mode:             NEWTON 
  PETSc Preconditioner:    lu 
  MOOSE Preconditioner:    SMP (auto) 

Time Step 0, time = 0

Postprocessor Values:
+----------------+----------------+----------------+----------------+----------------+----------------+-------------------+
| time           | avg_T          | avg_TKE        | max_vel_z      | min_vel_z      | outlet_avg_T   | power_density_avg |
+----------------+----------------+----------------+----------------+----------------+----------------+-------------------+
|   0.000000e+00 |   0.000000e+00 |   0.000000e+00 |   0.000000e+00 |   0.000000e+00 |   0.000000e+00 |      0.000000e+00 |
+----------------+----------------+----------------+----------------+----------------+----------------+-------------------+


Time Step 1, time = 0.0001, dt = 0.0001

Performing automatic scaling calculation

 0 Nonlinear |R| = [32m4.441860e+07[39m
 1 Nonlinear |R| = [33m4.399132e+07[39m
 2 Nonlinear |R| = [33m4.356403e+07[39m
 3 Nonlinear |R| = [33m4.313675e+07[39m
 4 Nonlinear |R| = [33m4.270946e+07[39m
 5 Nonlinear |R| = [33m4.228217e+07[39m
 6 Nonlinear |R| = [33m4.185489e+07[39m
 7 Nonlinear |R| = [33m4.142760e+07[39m
 8 Nonlinear |R| = [33m4.100031e+07[39m
 9 Nonlinear |R| = [33m4.057302e+07[39m
10 Nonlinear |R| = [33m4.014573e+07[39m
11 Nonlinear |R| = [33m3.971844e+07[39m
12 Nonlinear |R| = [33m3.929115e+07[39m
13 Nonlinear |R| = [33m3.886386e+07[39m
14 Nonlinear |R| = [33m3.843658e+07[39m
15 Nonlinear |R| = [33m3.800929e+07[39m
16 Nonlinear |R| = [33m3.758200e+07[39m
17 Nonlinear |R| = [33m3.715471e+07[39m
18 Nonlinear |R| = [33m3.672742e+07[39m
19 Nonlinear |R| = [33m3.630014e+07[39m
20 Nonlinear |R| = [33m3.587285e+07[39m
21 Nonlinear |R| = [33m3.544556e+07[39m
22 Nonlinear |R| = [33m3.501827e+07[39m
23 Nonlinear |R| = [33m3.459098e+07[39m
24 Nonlinear |R| = [33m3.416369e+07[39m
25 Nonlinear |R| = [33m3.373641e+07[39m
26 Nonlinear |R| = [33m3.330912e+07[39m
27 Nonlinear |R| = [33m3.288183e+07[39m
28 Nonlinear |R| = [33m3.245454e+07[39m
29 Nonlinear |R| = [33m3.202726e+07[39m
30 Nonlinear |R| = [33m3.159997e+07[39m
31 Nonlinear |R| = [33m3.117268e+07[39m
32 Nonlinear |R| = [33m3.074539e+07[39m
33 Nonlinear |R| = [33m3.031810e+07[39m
34 Nonlinear |R| = [33m2.989082e+07[39m
35 Nonlinear |R| = [33m2.946353e+07[39m
36 Nonlinear |R| = [33m2.903624e+07[39m
37 Nonlinear |R| = [33m2.860896e+07[39m
38 Nonlinear |R| = [33m2.818167e+07[39m
39 Nonlinear |R| = [33m2.775438e+07[39m
40 Nonlinear |R| = [33m2.732710e+07[39m
41 Nonlinear |R| = [33m2.689981e+07[39m
42 Nonlinear |R| = [33m2.647253e+07[39m
43 Nonlinear |R| = [33m2.604525e+07[39m
44 Nonlinear |R| = [33m2.561798e+07[39m
45 Nonlinear |R| = [33m2.519071e+07[39m
46 Nonlinear |R| = [33m2.476345e+07[39m
47 Nonlinear |R| = [33m2.433620e+07[39m
48 Nonlinear |R| = [33m2.390896e+07[39m
49 Nonlinear |R| = [33m2.348173e+07[39m
50 Nonlinear |R| = [33m2.305450e+07[39m
51 Nonlinear |R| = [33m2.262727e+07[39m
52 Nonlinear |R| = [33m2.220004e+07[39m
53 Nonlinear |R| = [33m2.177280e+07[39m
54 Nonlinear |R| = [33m2.134557e+07[39m
55 Nonlinear |R| = [33m2.091834e+07[39m
56 Nonlinear |R| = [33m2.049112e+07[39m
57 Nonlinear |R| = [33m2.006390e+07[39m
58 Nonlinear |R| = [33m1.963647e+07[39m
59 Nonlinear |R| = [33m1.921265e+07[39m
60 Nonlinear |R| = [33m1.878060e+07[39m
61 Nonlinear |R| = [33m1.835341e+07[39m
62 Nonlinear |R| = [33m1.792838e+07[39m
63 Nonlinear |R| = [33m1.749979e+07[39m
64 Nonlinear |R| = [33m1.707256e+07[39m
65 Nonlinear |R| = [33m1.664534e+07[39m
66 Nonlinear |R| = [33m1.621813e+07[39m
67 Nonlinear |R| = [33m1.579092e+07[39m
68 Nonlinear |R| = [33m1.536370e+07[39m
69 Nonlinear |R| = [33m1.493648e+07[39m
70 Nonlinear |R| = [33m1.465742e+07[39m
71 Nonlinear |R| = [33m1.408965e+07[39m
72 Nonlinear |R| = [33m1.366112e+07[39m
73 Nonlinear |R| = [33m1.323332e+07[39m
74 Nonlinear |R| = [33m1.280557e+07[39m
75 Nonlinear |R| = [33m1.237784e+07[39m
76 Nonlinear |R| = [33m1.195015e+07[39m
77 Nonlinear |R| = [33m1.164226e+07[39m
78 Nonlinear |R| = [33m1.120357e+07[39m
79 Nonlinear |R| = [33m1.076531e+07[39m
80 Nonlinear |R| = [33m1.032247e+07[39m
81 Nonlinear |R| = [33m9.884498e+06[39m
82 Nonlinear |R| = [33m9.459818e+06[39m
83 Nonlinear |R| = [33m9.010505e+06[39m
84 Nonlinear |R| = [33m8.570120e+06[39m
85 Nonlinear |R| = [33m8.173208e+06[39m
86 Nonlinear |R| = [32m7.737225e+06[39m
87 Nonlinear |R| = [32m7.303131e+06[39m
88 Nonlinear |R| = [32m6.865282e+06[39m
89 Nonlinear |R| = [32m6.428765e+06[39m
90 Nonlinear |R| = [33m6.135654e+06[39m
91 Nonlinear |R| = [32m5.694030e+06[39m
92 Nonlinear |R| = [32m5.231797e+06[39m
93 Nonlinear |R| = [32m4.774464e+06[39m
94 Nonlinear |R| = [33m4.729497e+06[39m
95 Nonlinear |R| = [33m4.676200e+06[39m
96 Nonlinear |R| = [32m4.280877e+06[39m
97 Nonlinear |R| = [32m3.851026e+06[39m
98 Nonlinear |R| = [32m3.391209e+06[39m
99 Nonlinear |R| = [32m3.076181e+06[39m
100 Nonlinear |R| = [33m2.935706e+06[39m
101 Nonlinear |R| = [32m2.381399e+06[39m
102 Nonlinear |R| = [32m2.214737e+06[39m

Solution Invalid Warnings:
-----------------------------------------------------------------------------------------------------------------
|         Object         | Converged | Timestep | Total |                        Message                        |
-----------------------------------------------------------------------------------------------------------------
| INSFVMomentumDiffusion |        96 |    13110 | 13110 | Negative face dynamic viscosity has been encountered. |
-----------------------------------------------------------------------------------------------------------------

[33m
*** Warning ***
The solution is not converged due to the solution being invalid.[39m
[31m Solve Did NOT Converge![39m
  Finished Solving                                                                       [[33m3066.73 s[39m] [[33m  467 MB[39m]


Solution Invalid Warnings History:
----------------------------------------------------------------------------------------------------------------------------
|                                     Object                                     | Time | Stepinterval Count | Total Count |
----------------------------------------------------------------------------------------------------------------------------
| INSFVMomentumDiffusion : Negative face dynamic viscosity has been encountered. | 0-1  |                  0 |           0 |
----------------------------------------------------------------------------------------------------------------------------
Aborting as solve did not converge

Solve failed, cutting timestep.

Time Step 1, time = 5e-05, dt = 5e-05
 0 Nonlinear |R| = [32m4.441860e+07[39m
 1 Nonlinear |R| = [33m4.420496e+07[39m
 2 Nonlinear |R| = [33m4.399132e+07[39m
 3 Nonlinear |R| = [33m4.377768e+07[39m
 4 Nonlinear |R| = [33m4.356404e+07[39m
 5 Nonlinear |R| = [33m4.335040e+07[39m
 6 Nonlinear |R| = [33m4.313676e+07[39m
 7 Nonlinear |R| = [33m4.292311e+07[39m
 8 Nonlinear |R| = [33m4.270947e+07[39m
 9 Nonlinear |R| = [33m4.249583e+07[39m
