--------------------------------------------------------------------------
A requested component was not found, or was unable to be opened.  This
means that this component is either not installed or is unable to be
used on your system (e.g., sometimes this means that shared libraries
that the component requires are unable to be found/loaded).  Note that
PMIX stopped checking at the first component that it did not find.

Host:      RTXWS
Framework: gds
Component: shmem
--------------------------------------------------------------------------

--------------------------------------------------------------------------
A requested component was not found, or was unable to be opened.  This
means that this component is either not installed or is unable to be
used on your system (e.g., sometimes this means that shared libraries
that the component requires are unable to be found/loaded).  Note that
PMIX stopped checking at the first component that it did not find.

Host:      RTXWS
Framework: gds
Component: shmem
--------------------------------------------------------------------------

--------------------------------------------------------------------------
A requested component was not found, or was unable to be opened.  This
means that this component is either not installed or is unable to be
used on your system (e.g., sometimes this means that shared libraries
that the component requires are unable to be found/loaded).  Note that
PMIX stopped checking at the first component that it did not find.

Host:      RTXWS
Framework: gds
Component: shmem
--------------------------------------------------------------------------

--------------------------------------------------------------------------
A requested component was not found, or was unable to be opened.  This
means that this component is either not installed or is unable to be
used on your system (e.g., sometimes this means that shared libraries
that the component requires are unable to be found/loaded).  Note that
PMIX stopped checking at the first component that it did not find.

Host:      RTXWS
Framework: gds
Component: shmem
--------------------------------------------------------------------------

--------------------------------------------------------------------------
A requested component was not found, or was unable to be opened.  This
means that this component is either not installed or is unable to be
used on your system (e.g., sometimes this means that shared libraries
that the component requires are unable to be found/loaded).  Note that
PMIX stopped checking at the first component that it did not find.

Host:      RTXWS
Framework: gds
Component: shmem
--------------------------------------------------------------------------

--------------------------------------------------------------------------
A requested component was not found, or was unable to be opened.  This
means that this component is either not installed or is unable to be
used on your system (e.g., sometimes this means that shared libraries
that the component requires are unable to be found/loaded).  Note that
PMIX stopped checking at the first component that it did not find.

Host:      RTXWS
Framework: gds
Component: shmem
--------------------------------------------------------------------------

--------------------------------------------------------------------------
A requested component was not found, or was unable to be opened.  This
means that this component is either not installed or is unable to be
used on your system (e.g., sometimes this means that shared libraries
that the component requires are unable to be found/loaded).  Note that
PMIX stopped checking at the first component that it did not find.

Host:      RTXWS
Framework: gds
Component: shmem
--------------------------------------------------------------------------

--------------------------------------------------------------------------
A requested component was not found, or was unable to be opened.  This
means that this component is either not installed or is unable to be
used on your system (e.g., sometimes this means that shared libraries
that the component requires are unable to be found/loaded).  Note that
PMIX stopped checking at the first component that it did not find.

Host:      RTXWS
Framework: gds
Component: shmem
--------------------------------------------------------------------------

--------------------------------------------------------------------------
A requested component was not found, or was unable to be opened.  This
means that this component is either not installed or is unable to be
used on your system (e.g., sometimes this means that shared libraries
that the component requires are unable to be found/loaded).  Note that
PMIX stopped checking at the first component that it did not find.

Host:      RTXWS
Framework: gds
Component: shmem
--------------------------------------------------------------------------

--------------------------------------------------------------------------
A requested component was not found, or was unable to be opened.  This
means that this component is either not installed or is unable to be
used on your system (e.g., sometimes this means that shared libraries
that the component requires are unable to be found/loaded).  Note that
PMIX stopped checking at the first component that it did not find.

Host:      RTXWS
Framework: gds
Component: shmem
--------------------------------------------------------------------------

--------------------------------------------------------------------------
A requested component was not found, or was unable to be opened.  This
means that this component is either not installed or is unable to be
used on your system (e.g., sometimes this means that shared libraries
that the component requires are unable to be found/loaded).  Note that
PMIX stopped checking at the first component that it did not find.

Host:      RTXWS
Framework: gds
Component: shmem
--------------------------------------------------------------------------

--------------------------------------------------------------------------
A requested component was not found, or was unable to be opened.  This
means that this component is either not installed or is unable to be
used on your system (e.g., sometimes this means that shared libraries
that the component requires are unable to be found/loaded).  Note that
PMIX stopped checking at the first component that it did not find.

Host:      RTXWS
Framework: gds
Component: shmem
--------------------------------------------------------------------------

--------------------------------------------------------------------------
A requested component was not found, or was unable to be opened.  This
means that this component is either not installed or is unable to be
used on your system (e.g., sometimes this means that shared libraries
that the component requires are unable to be found/loaded).  Note that
PMIX stopped checking at the first component that it did not find.

Host:      RTXWS
Framework: gds
Component: shmem
--------------------------------------------------------------------------

--------------------------------------------------------------------------
A requested component was not found, or was unable to be opened.  This
means that this component is either not installed or is unable to be
used on your system (e.g., sometimes this means that shared libraries
that the component requires are unable to be found/loaded).  Note that
PMIX stopped checking at the first component that it did not find.

Host:      RTXWS
Framework: gds
Component: shmem
--------------------------------------------------------------------------

--------------------------------------------------------------------------
A requested component was not found, or was unable to be opened.  This
means that this component is either not installed or is unable to be
used on your system (e.g., sometimes this means that shared libraries
that the component requires are unable to be found/loaded).  Note that
PMIX stopped checking at the first component that it did not find.

Host:      RTXWS
Framework: gds
Component: shmem
--------------------------------------------------------------------------

--------------------------------------------------------------------------
A requested component was not found, or was unable to be opened.  This
means that this component is either not installed or is unable to be
used on your system (e.g., sometimes this means that shared libraries
that the component requires are unable to be found/loaded).  Note that
PMIX stopped checking at the first component that it did not find.

Host:      RTXWS
Framework: gds
Component: shmem
--------------------------------------------------------------------------

--------------------------------------------------------------------------
A requested component was not found, or was unable to be opened.  This
means that this component is either not installed or is unable to be
used on your system (e.g., sometimes this means that shared libraries
that the component requires are unable to be found/loaded).  Note that
PMIX stopped checking at the first component that it did not find.

Host:      RTXWS
Framework: gds
Component: shmem
--------------------------------------------------------------------------

--------------------------------------------------------------------------
A requested component was not found, or was unable to be opened.  This
means that this component is either not installed or is unable to be
used on your system (e.g., sometimes this means that shared libraries
that the component requires are unable to be found/loaded).  Note that
PMIX stopped checking at the first component that it did not find.

Host:      RTXWS
Framework: gds
Component: shmem
--------------------------------------------------------------------------

--------------------------------------------------------------------------
A requested component was not found, or was unable to be opened.  This
means that this component is either not installed or is unable to be
used on your system (e.g., sometimes this means that shared libraries
that the component requires are unable to be found/loaded).  Note that
PMIX stopped checking at the first component that it did not find.

Host:      RTXWS
Framework: gds
Component: shmem
--------------------------------------------------------------------------

--------------------------------------------------------------------------
A requested component was not found, or was unable to be opened.  This
means that this component is either not installed or is unable to be
used on your system (e.g., sometimes this means that shared libraries
that the component requires are unable to be found/loaded).  Note that
PMIX stopped checking at the first component that it did not find.

Host:      RTXWS
Framework: gds
Component: shmem
--------------------------------------------------------------------------

--------------------------------------------------------------------------
A requested component was not found, or was unable to be opened.  This
means that this component is either not installed or is unable to be
used on your system (e.g., sometimes this means that shared libraries
that the component requires are unable to be found/loaded).  Note that
PMIX stopped checking at the first component that it did not find.

Host:      RTXWS
Framework: gds
Component: shmem
--------------------------------------------------------------------------

--------------------------------------------------------------------------
A requested component was not found, or was unable to be opened.  This
means that this component is either not installed or is unable to be
used on your system (e.g., sometimes this means that shared libraries
that the component requires are unable to be found/loaded).  Note that
PMIX stopped checking at the first component that it did not find.

Host:      RTXWS
Framework: gds
Component: shmem
--------------------------------------------------------------------------

--------------------------------------------------------------------------
A requested component was not found, or was unable to be opened.  This
means that this component is either not installed or is unable to be
used on your system (e.g., sometimes this means that shared libraries
that the component requires are unable to be found/loaded).  Note that
PMIX stopped checking at the first component that it did not find.

Host:      RTXWS
Framework: gds
Component: shmem
--------------------------------------------------------------------------

--------------------------------------------------------------------------
A requested component was not found, or was unable to be opened.  This
means that this component is either not installed or is unable to be
used on your system (e.g., sometimes this means that shared libraries
that the component requires are unable to be found/loaded).  Note that
PMIX stopped checking at the first component that it did not find.

Host:      RTXWS
Framework: gds
Component: shmem
--------------------------------------------------------------------------

--------------------------------------------------------------------------
A requested component was not found, or was unable to be opened.  This
means that this component is either not installed or is unable to be
used on your system (e.g., sometimes this means that shared libraries
that the component requires are unable to be found/loaded).  Note that
PMIX stopped checking at the first component that it did not find.

Host:      RTXWS
Framework: gds
Component: shmem
--------------------------------------------------------------------------

--------------------------------------------------------------------------
A requested component was not found, or was unable to be opened.  This
means that this component is either not installed or is unable to be
used on your system (e.g., sometimes this means that shared libraries
that the component requires are unable to be found/loaded).  Note that
PMIX stopped checking at the first component that it did not find.

Host:      RTXWS
Framework: gds
Component: shmem
--------------------------------------------------------------------------

--------------------------------------------------------------------------
A requested component was not found, or was unable to be opened.  This
means that this component is either not installed or is unable to be
used on your system (e.g., sometimes this means that shared libraries
that the component requires are unable to be found/loaded).  Note that
PMIX stopped checking at the first component that it did not find.

Host:      RTXWS
Framework: gds
Component: shmem
--------------------------------------------------------------------------

--------------------------------------------------------------------------
A requested component was not found, or was unable to be opened.  This
means that this component is either not installed or is unable to be
used on your system (e.g., sometimes this means that shared libraries
that the component requires are unable to be found/loaded).  Note that
PMIX stopped checking at the first component that it did not find.

Host:      RTXWS
Framework: gds
Component: shmem
--------------------------------------------------------------------------

--------------------------------------------------------------------------
A requested component was not found, or was unable to be opened.  This
means that this component is either not installed or is unable to be
used on your system (e.g., sometimes this means that shared libraries
that the component requires are unable to be found/loaded).  Note that
PMIX stopped checking at the first component that it did not find.

Host:      RTXWS
Framework: gds
Component: shmem
--------------------------------------------------------------------------

--------------------------------------------------------------------------
A requested component was not found, or was unable to be opened.  This
means that this component is either not installed or is unable to be
used on your system (e.g., sometimes this means that shared libraries
that the component requires are unable to be found/loaded).  Note that
PMIX stopped checking at the first component that it did not find.

Host:      RTXWS
Framework: gds
Component: shmem
--------------------------------------------------------------------------

--------------------------------------------------------------------------
A requested component was not found, or was unable to be opened.  This
means that this component is either not installed or is unable to be
used on your system (e.g., sometimes this means that shared libraries
that the component requires are unable to be found/loaded).  Note that
PMIX stopped checking at the first component that it did not find.

Host:      RTXWS
Framework: gds
Component: shmem
--------------------------------------------------------------------------

--------------------------------------------------------------------------
A requested component was not found, or was unable to be opened.  This
means that this component is either not installed or is unable to be
used on your system (e.g., sometimes this means that shared libraries
that the component requires are unable to be found/loaded).  Note that
PMIX stopped checking at the first component that it did not find.

Host:      RTXWS
Framework: gds
Component: shmem
--------------------------------------------------------------------------

--------------------------------------------------------------------------
A requested component was not found, or was unable to be opened.  This
means that this component is either not installed or is unable to be
used on your system (e.g., sometimes this means that shared libraries
that the component requires are unable to be found/loaded).  Note that
PMIX stopped checking at the first component that it did not find.

Host:      RTXWS
Framework: gds
Component: shmem
--------------------------------------------------------------------------

--------------------------------------------------------------------------
A requested component was not found, or was unable to be opened.  This
means that this component is either not installed or is unable to be
used on your system (e.g., sometimes this means that shared libraries
that the component requires are unable to be found/loaded).  Note that
PMIX stopped checking at the first component that it did not find.

Host:      RTXWS
Framework: gds
Component: shmem
--------------------------------------------------------------------------

--------------------------------------------------------------------------
A requested component was not found, or was unable to be opened.  This
means that this component is either not installed or is unable to be
used on your system (e.g., sometimes this means that shared libraries
that the component requires are unable to be found/loaded).  Note that
PMIX stopped checking at the first component that it did not find.

Host:      RTXWS
Framework: gds
Component: shmem
--------------------------------------------------------------------------

--------------------------------------------------------------------------
A requested component was not found, or was unable to be opened.  This
means that this component is either not installed or is unable to be
used on your system (e.g., sometimes this means that shared libraries
that the component requires are unable to be found/loaded).  Note that
PMIX stopped checking at the first component that it did not find.

Host:      RTXWS
Framework: gds
Component: shmem
--------------------------------------------------------------------------

--------------------------------------------------------------------------
A requested component was not found, or was unable to be opened.  This
means that this component is either not installed or is unable to be
used on your system (e.g., sometimes this means that shared libraries
that the component requires are unable to be found/loaded).  Note that
PMIX stopped checking at the first component that it did not find.

Host:      RTXWS
Framework: gds
Component: shmem
--------------------------------------------------------------------------

--------------------------------------------------------------------------
A requested component was not found, or was unable to be opened.  This
means that this component is either not installed or is unable to be
used on your system (e.g., sometimes this means that shared libraries
that the component requires are unable to be found/loaded).  Note that
PMIX stopped checking at the first component that it did not find.

Host:      RTXWS
Framework: gds
Component: shmem
--------------------------------------------------------------------------

--------------------------------------------------------------------------
A requested component was not found, or was unable to be opened.  This
means that this component is either not installed or is unable to be
used on your system (e.g., sometimes this means that shared libraries
that the component requires are unable to be found/loaded).  Note that
PMIX stopped checking at the first component that it did not find.

Host:      RTXWS
Framework: gds
Component: shmem
--------------------------------------------------------------------------

--------------------------------------------------------------------------
A requested component was not found, or was unable to be opened.  This
means that this component is either not installed or is unable to be
used on your system (e.g., sometimes this means that shared libraries
that the component requires are unable to be found/loaded).  Note that
PMIX stopped checking at the first component that it did not find.

Host:      RTXWS
Framework: gds
Component: shmem
--------------------------------------------------------------------------

--------------------------------------------------------------------------
A requested component was not found, or was unable to be opened.  This
means that this component is either not installed or is unable to be
used on your system (e.g., sometimes this means that shared libraries
that the component requires are unable to be found/loaded).  Note that
PMIX stopped checking at the first component that it did not find.

Host:      RTXWS
Framework: gds
Component: shmem
--------------------------------------------------------------------------

--------------------------------------------------------------------------
A requested component was not found, or was unable to be opened.  This
means that this component is either not installed or is unable to be
used on your system (e.g., sometimes this means that shared libraries
that the component requires are unable to be found/loaded).  Note that
PMIX stopped checking at the first component that it did not find.

Host:      RTXWS
Framework: gds
Component: shmem
--------------------------------------------------------------------------

--------------------------------------------------------------------------
A requested component was not found, or was unable to be opened.  This
means that this component is either not installed or is unable to be
used on your system (e.g., sometimes this means that shared libraries
that the component requires are unable to be found/loaded).  Note that
PMIX stopped checking at the first component that it did not find.

Host:      RTXWS
Framework: gds
Component: shmem
--------------------------------------------------------------------------

--------------------------------------------------------------------------
A requested component was not found, or was unable to be opened.  This
means that this component is either not installed or is unable to be
used on your system (e.g., sometimes this means that shared libraries
that the component requires are unable to be found/loaded).  Note that
PMIX stopped checking at the first component that it did not find.

Host:      RTXWS
Framework: gds
Component: shmem
--------------------------------------------------------------------------

--------------------------------------------------------------------------
A requested component was not found, or was unable to be opened.  This
means that this component is either not installed or is unable to be
used on your system (e.g., sometimes this means that shared libraries
that the component requires are unable to be found/loaded).  Note that
PMIX stopped checking at the first component that it did not find.

Host:      RTXWS
Framework: gds
Component: shmem
--------------------------------------------------------------------------

--------------------------------------------------------------------------
A requested component was not found, or was unable to be opened.  This
means that this component is either not installed or is unable to be
used on your system (e.g., sometimes this means that shared libraries
that the component requires are unable to be found/loaded).  Note that
PMIX stopped checking at the first component that it did not find.

Host:      RTXWS
Framework: gds
Component: shmem
--------------------------------------------------------------------------

--------------------------------------------------------------------------
A requested component was not found, or was unable to be opened.  This
means that this component is either not installed or is unable to be
used on your system (e.g., sometimes this means that shared libraries
that the component requires are unable to be found/loaded).  Note that
PMIX stopped checking at the first component that it did not find.

Host:      RTXWS
Framework: gds
Component: shmem
--------------------------------------------------------------------------

--------------------------------------------------------------------------
A requested component was not found, or was unable to be opened.  This
means that this component is either not installed or is unable to be
used on your system (e.g., sometimes this means that shared libraries
that the component requires are unable to be found/loaded).  Note that
PMIX stopped checking at the first component that it did not find.

Host:      RTXWS
Framework: gds
Component: shmem
--------------------------------------------------------------------------

--------------------------------------------------------------------------
A requested component was not found, or was unable to be opened.  This
means that this component is either not installed or is unable to be
used on your system (e.g., sometimes this means that shared libraries
that the component requires are unable to be found/loaded).  Note that
PMIX stopped checking at the first component that it did not find.

Host:      RTXWS
Framework: gds
Component: shmem
--------------------------------------------------------------------------

--------------------------------------------------------------------------
A requested component was not found, or was unable to be opened.  This
means that this component is either not installed or is unable to be
used on your system (e.g., sometimes this means that shared libraries
that the component requires are unable to be found/loaded).  Note that
PMIX stopped checking at the first component that it did not find.

Host:      RTXWS
Framework: gds
Component: shmem
--------------------------------------------------------------------------

--------------------------------------------------------------------------
A requested component was not found, or was unable to be opened.  This
means that this component is either not installed or is unable to be
used on your system (e.g., sometimes this means that shared libraries
that the component requires are unable to be found/loaded).  Note that
PMIX stopped checking at the first component that it did not find.

Host:      RTXWS
Framework: gds
Component: shmem
--------------------------------------------------------------------------

--------------------------------------------------------------------------
A requested component was not found, or was unable to be opened.  This
means that this component is either not installed or is unable to be
used on your system (e.g., sometimes this means that shared libraries
that the component requires are unable to be found/loaded).  Note that
PMIX stopped checking at the first component that it did not find.

Host:      RTXWS
Framework: gds
Component: shmem
--------------------------------------------------------------------------

--------------------------------------------------------------------------
A requested component was not found, or was unable to be opened.  This
means that this component is either not installed or is unable to be
used on your system (e.g., sometimes this means that shared libraries
that the component requires are unable to be found/loaded).  Note that
PMIX stopped checking at the first component that it did not find.

Host:      RTXWS
Framework: gds
Component: shmem
--------------------------------------------------------------------------

--------------------------------------------------------------------------
A requested component was not found, or was unable to be opened.  This
means that this component is either not installed or is unable to be
used on your system (e.g., sometimes this means that shared libraries
that the component requires are unable to be found/loaded).  Note that
PMIX stopped checking at the first component that it did not find.

Host:      RTXWS
Framework: gds
Component: shmem
--------------------------------------------------------------------------

--------------------------------------------------------------------------
A requested component was not found, or was unable to be opened.  This
means that this component is either not installed or is unable to be
used on your system (e.g., sometimes this means that shared libraries
that the component requires are unable to be found/loaded).  Note that
PMIX stopped checking at the first component that it did not find.

Host:      RTXWS
Framework: gds
Component: shmem
--------------------------------------------------------------------------

--------------------------------------------------------------------------
A requested component was not found, or was unable to be opened.  This
means that this component is either not installed or is unable to be
used on your system (e.g., sometimes this means that shared libraries
that the component requires are unable to be found/loaded).  Note that
PMIX stopped checking at the first component that it did not find.

Host:      RTXWS
Framework: gds
Component: shmem
--------------------------------------------------------------------------

--------------------------------------------------------------------------
A requested component was not found, or was unable to be opened.  This
means that this component is either not installed or is unable to be
used on your system (e.g., sometimes this means that shared libraries
that the component requires are unable to be found/loaded).  Note that
PMIX stopped checking at the first component that it did not find.

Host:      RTXWS
Framework: gds
Component: shmem
--------------------------------------------------------------------------

--------------------------------------------------------------------------
A requested component was not found, or was unable to be opened.  This
means that this component is either not installed or is unable to be
used on your system (e.g., sometimes this means that shared libraries
that the component requires are unable to be found/loaded).  Note that
PMIX stopped checking at the first component that it did not find.

Host:      RTXWS
Framework: gds
Component: shmem
--------------------------------------------------------------------------

--------------------------------------------------------------------------
A requested component was not found, or was unable to be opened.  This
means that this component is either not installed or is unable to be
used on your system (e.g., sometimes this means that shared libraries
that the component requires are unable to be found/loaded).  Note that
PMIX stopped checking at the first component that it did not find.

Host:      RTXWS
Framework: gds
Component: shmem
--------------------------------------------------------------------------

--------------------------------------------------------------------------
A requested component was not found, or was unable to be opened.  This
means that this component is either not installed or is unable to be
used on your system (e.g., sometimes this means that shared libraries
that the component requires are unable to be found/loaded).  Note that
PMIX stopped checking at the first component that it did not find.

Host:      RTXWS
Framework: gds
Component: shmem
--------------------------------------------------------------------------

--------------------------------------------------------------------------
A requested component was not found, or was unable to be opened.  This
means that this component is either not installed or is unable to be
used on your system (e.g., sometimes this means that shared libraries
that the component requires are unable to be found/loaded).  Note that
PMIX stopped checking at the first component that it did not find.

Host:      RTXWS
Framework: gds
Component: shmem
--------------------------------------------------------------------------

--------------------------------------------------------------------------
A requested component was not found, or was unable to be opened.  This
means that this component is either not installed or is unable to be
used on your system (e.g., sometimes this means that shared libraries
that the component requires are unable to be found/loaded).  Note that
PMIX stopped checking at the first component that it did not find.

Host:      RTXWS
Framework: gds
Component: shmem
--------------------------------------------------------------------------

--------------------------------------------------------------------------
A requested component was not found, or was unable to be opened.  This
means that this component is either not installed or is unable to be
used on your system (e.g., sometimes this means that shared libraries
that the component requires are unable to be found/loaded).  Note that
PMIX stopped checking at the first component that it did not find.

Host:      RTXWS
Framework: gds
Component: shmem
--------------------------------------------------------------------------

--------------------------------------------------------------------------
A requested component was not found, or was unable to be opened.  This
means that this component is either not installed or is unable to be
used on your system (e.g., sometimes this means that shared libraries
that the component requires are unable to be found/loaded).  Note that
PMIX stopped checking at the first component that it did not find.

Host:      RTXWS
Framework: gds
Component: shmem
--------------------------------------------------------------------------

                                                                               [[33m  2.79 s[39m] [[33m  300 MB[39m]
Framework Information:
MOOSE Version:           git commit b1e271b638 on 2025-10-10
LibMesh Version:         
PETSc Version:           3.23.4
SLEPc Version:           3.23.2
Current Time:            Tue May 19 10:13:16 2026
Executable Timestamp:    Tue Apr 14 14:29:53 2026

Input File(s):
  /home/ubuntu/MSR-project/MSFR/stage3_cardinal/th_physics.i

Checkpoint:
  Wall Time Interval:      Every 3600 s
  User Checkpoint:         Disabled
  # Checkpoints Kept:      2
  Execute On:              TIMESTEP_END 

Parallelism:
  Num Processors:          32
  Num Threads:             1

Mesh: 
  Parallel Type:           replicated
  Mesh Dimension:          3
  Spatial Dimension:       3
  Nodes:                   
    Total:                 9245
    Local:                 278
    Min/Max/Avg:           166/355/288
  Elems:                   
    Total:                 35186
    Local:                 1124
    Min/Max/Avg:           1069/1132/1099
  Num Subdomains:          1
  Num Partitions:          32
  Partitioner:             metis

Nonlinear System:
  Num DOFs:                246302
  Num Local DOFs:          7868
  Variables:               { "vel_x" "vel_y" "vel_z" "pressure" "T_fluid" "TKE" "TKED" } 
  Finite Element Types:    "MONOMIAL" 
  Approximation Orders:    "CONSTANT" 

Auxiliary System:
  Num DOFs:                175930
  Num Local DOFs:          5620
  Variables:               { "power_density" "TKE_bound_dummy" "TKED_bound_dummy" "mu_t" "k_t" } 
  Finite Element Types:    "MONOMIAL" 
  Approximation Orders:    "CONSTANT" 

Execution Information:
  Executioner:             Transient
  TimeStepper:             IterationAdaptiveDT
  TimeIntegrator(s):       ImplicitEuler
  Solver Mode:             NEWTON 
  PETSc Preconditioner:    lu 
  MOOSE Preconditioner:    SMP (auto) 

Time Step 0, time = 0

Postprocessor Values:
+----------------+----------------+----------------+----------------+----------------+----------------+-------------------+
| time           | avg_T          | avg_TKE        | max_vel_z      | min_vel_z      | outlet_avg_T   | power_density_avg |
+----------------+----------------+----------------+----------------+----------------+----------------+-------------------+
|   0.000000e+00 |   0.000000e+00 |   0.000000e+00 |   0.000000e+00 |   0.000000e+00 |   0.000000e+00 |      0.000000e+00 |
+----------------+----------------+----------------+----------------+----------------+----------------+-------------------+


Time Step 1, time = 0.0001, dt = 0.0001

Performing automatic scaling calculation

 0 Nonlinear |R| = [32m4.441860e+07[39m
 1 Nonlinear |R| = [33m4.399132e+07[39m
 2 Nonlinear |R| = [33m4.356403e+07[39m
 3 Nonlinear |R| = [33m4.313675e+07[39m
 4 Nonlinear |R| = [33m4.270946e+07[39m
 5 Nonlinear |R| = [33m4.228217e+07[39m
 6 Nonlinear |R| = [33m4.185489e+07[39m
 7 Nonlinear |R| = [33m4.142760e+07[39m
 8 Nonlinear |R| = [33m4.100031e+07[39m
 9 Nonlinear |R| = [33m4.057302e+07[39m
10 Nonlinear |R| = [33m4.014573e+07[39m
11 Nonlinear |R| = [33m3.971844e+07[39m
12 Nonlinear |R| = [33m3.929115e+07[39m
13 Nonlinear |R| = [33m3.886386e+07[39m
14 Nonlinear |R| = [33m3.843658e+07[39m
15 Nonlinear |R| = [33m3.800929e+07[39m
16 Nonlinear |R| = [33m3.758200e+07[39m
17 Nonlinear |R| = [33m3.715471e+07[39m
18 Nonlinear |R| = [33m3.672742e+07[39m
19 Nonlinear |R| = [33m3.630014e+07[39m
20 Nonlinear |R| = [33m3.587285e+07[39m
21 Nonlinear |R| = [33m3.544556e+07[39m
22 Nonlinear |R| = [33m3.501827e+07[39m
23 Nonlinear |R| = [33m3.459098e+07[39m
24 Nonlinear |R| = [33m3.416370e+07[39m
25 Nonlinear |R| = [33m3.373641e+07[39m
26 Nonlinear |R| = [33m3.330912e+07[39m
27 Nonlinear |R| = [33m3.288183e+07[39m
28 Nonlinear |R| = [33m3.245455e+07[39m
29 Nonlinear |R| = [33m3.202726e+07[39m
30 Nonlinear |R| = [33m3.159997e+07[39m
31 Nonlinear |R| = [33m3.117268e+07[39m
32 Nonlinear |R| = [33m3.074540e+07[39m
33 Nonlinear |R| = [33m3.031811e+07[39m
34 Nonlinear |R| = [33m2.989082e+07[39m
35 Nonlinear |R| = [33m2.946353e+07[39m
36 Nonlinear |R| = [33m2.903625e+07[39m
37 Nonlinear |R| = [33m2.860896e+07[39m
38 Nonlinear |R| = [33m2.818167e+07[39m
39 Nonlinear |R| = [33m2.775439e+07[39m
40 Nonlinear |R| = [33m2.732710e+07[39m
41 Nonlinear |R| = [33m2.689982e+07[39m
42 Nonlinear |R| = [33m2.647254e+07[39m
43 Nonlinear |R| = [33m2.604526e+07[39m
44 Nonlinear |R| = [33m2.561798e+07[39m
45 Nonlinear |R| = [33m2.519071e+07[39m
46 Nonlinear |R| = [33m2.476346e+07[39m
47 Nonlinear |R| = [33m2.433621e+07[39m
48 Nonlinear |R| = [33m2.390897e+07[39m
49 Nonlinear |R| = [33m2.348174e+07[39m
50 Nonlinear |R| = [33m2.305451e+07[39m
51 Nonlinear |R| = [33m2.262728e+07[39m
52 Nonlinear |R| = [33m2.220005e+07[39m
53 Nonlinear |R| = [33m2.177282e+07[39m
54 Nonlinear |R| = [33m2.134559e+07[39m
55 Nonlinear |R| = [33m2.091836e+07[39m
56 Nonlinear |R| = [33m2.049113e+07[39m
57 Nonlinear |R| = [33m2.006392e+07[39m
58 Nonlinear |R| = [33m1.963649e+07[39m
59 Nonlinear |R| = [33m1.921059e+07[39m
60 Nonlinear |R| = [33m1.878016e+07[39m
61 Nonlinear |R| = [33m1.835297e+07[39m
62 Nonlinear |R| = [33m1.792634e+07[39m
63 Nonlinear |R| = [33m1.754826e+07[39m
64 Nonlinear |R| = [33m1.707181e+07[39m
65 Nonlinear |R| = [33m1.664462e+07[39m
66 Nonlinear |R| = [33m1.621743e+07[39m
67 Nonlinear |R| = [33m1.579024e+07[39m
68 Nonlinear |R| = [33m1.536301e+07[39m
69 Nonlinear |R| = [33m1.493579e+07[39m
70 Nonlinear |R| = [33m1.450856e+07[39m
71 Nonlinear |R| = [33m1.408133e+07[39m
72 Nonlinear |R| = [33m1.365413e+07[39m
73 Nonlinear |R| = [33m1.322690e+07[39m
74 Nonlinear |R| = [33m1.279968e+07[39m
75 Nonlinear |R| = [33m1.237248e+07[39m
76 Nonlinear |R| = [33m1.194526e+07[39m
77 Nonlinear |R| = [33m1.151813e+07[39m
78 Nonlinear |R| = [33m1.109099e+07[39m
79 Nonlinear |R| = [33m1.072193e+07[39m
80 Nonlinear |R| = [33m1.023678e+07[39m
81 Nonlinear |R| = [33m9.809759e+06[39m
82 Nonlinear |R| = [33m9.408956e+06[39m
83 Nonlinear |R| = [33m8.956584e+06[39m
84 Nonlinear |R| = [33m8.529170e+06[39m
85 Nonlinear |R| = [32m8.101754e+06[39m
86 Nonlinear |R| = [32m7.674333e+06[39m
87 Nonlinear |R| = [32m7.247882e+06[39m
88 Nonlinear |R| = [32m6.820323e+06[39m
89 Nonlinear |R| = [32m6.392769e+06[39m
90 Nonlinear |R| = [32m5.965241e+06[39m
91 Nonlinear |R| = [32m5.537724e+06[39m
92 Nonlinear |R| = [32m5.110222e+06[39m
93 Nonlinear |R| = [32m4.682774e+06[39m
94 Nonlinear |R| = [32m4.255255e+06[39m
95 Nonlinear |R| = [32m3.827791e+06[39m
96 Nonlinear |R| = [32m3.400331e+06[39m
97 Nonlinear |R| = [32m2.972810e+06[39m
98 Nonlinear |R| = [32m2.545388e+06[39m
99 Nonlinear |R| = [32m2.117964e+06[39m

Solution Invalid Warnings:
-----------------------------------------------------------------------------------------------------------------
|         Object         | Converged | Timestep | Total |                        Message                        |
-----------------------------------------------------------------------------------------------------------------
| INSFVMomentumDiffusion |       114 |    12834 | 12834 | Negative face dynamic viscosity has been encountered. |
-----------------------------------------------------------------------------------------------------------------
[32m Solve Converged![39m
  Finished Solving                                                                       [[33m3112.25 s[39m] [[33m  545 MB[39m]

Outlier Variable Residual Norms:
  vel_x: [31m2.579244e-02[39m
  vel_y: [31m1.984316e-02[39m
  vel_z: [31m2.768462e-02[39m
  pressure: [31m2.117964e+06[39m
  T_fluid: [31m1.037529e+00[39m
  TKE: [31m1.210010e+00[39m
  TKED: [31m3.754323e+01[39m

Postprocessor Values:
+----------------+----------------+----------------+----------------+----------------+----------------+-------------------+
| time           | avg_T          | avg_TKE        | max_vel_z      | min_vel_z      | outlet_avg_T   | power_density_avg |
+----------------+----------------+----------------+----------------+----------------+----------------+-------------------+
|   0.000000e+00 |   0.000000e+00 |   0.000000e+00 |   0.000000e+00 |   0.000000e+00 |   0.000000e+00 |      0.000000e+00 |
|   1.000000e-04 |   8.980000e+02 |   4.514300e-03 |   5.796316e+00 |  -1.147929e+00 |   8.980000e+02 |      0.000000e+00 |
+----------------+----------------+----------------+----------------+----------------+----------------+-------------------+


Time Step 2, time = 0.00015, dt = 5e-05
 0 Nonlinear |R| = [32m2.444064e+06[39m
 1 Nonlinear |R| = [33m2.416674e+06[39m
 2 Nonlinear |R| = [33m2.389228e+06[39m
 3 Nonlinear |R| = [33m2.361800e+06[39m
 4 Nonlinear |R| = [33m2.334374e+06[39m
 5 Nonlinear |R| = [33m2.306947e+06[39m
 6 Nonlinear |R| = [33m2.279520e+06[39m
 7 Nonlinear |R| = [33m2.252093e+06[39m
 8 Nonlinear |R| = [33m2.224682e+06[39m
 9 Nonlinear |R| = [33m2.197585e+06[39m
10 Nonlinear |R| = [33m2.170070e+06[39m
11 Nonlinear |R| = [33m2.142609e+06[39m
12 Nonlinear |R| = [33m2.115151e+06[39m
13 Nonlinear |R| = [33m2.087696e+06[39m
14 Nonlinear |R| = [33m2.060243e+06[39m
15 Nonlinear |R| = [33m2.032804e+06[39m
16 Nonlinear |R| = [33m2.005345e+06[39m
17 Nonlinear |R| = [33m1.977900e+06[39m
18 Nonlinear |R| = [33m1.950456e+06[39m
19 Nonlinear |R| = [33m1.923015e+06[39m
20 Nonlinear |R| = [33m1.895572e+06[39m
21 Nonlinear |R| = [33m1.868144e+06[39m
22 Nonlinear |R| = [33m1.840698e+06[39m
23 Nonlinear |R| = [33m1.813263e+06[39m
24 Nonlinear |R| = [33m1.785829e+06[39m
25 Nonlinear |R| = [33m1.758396e+06[39m
26 Nonlinear |R| = [33m1.730966e+06[39m
27 Nonlinear |R| = [33m1.703539e+06[39m
28 Nonlinear |R| = [33m1.676101e+06[39m
29 Nonlinear |R| = [33m1.648669e+06[39m
30 Nonlinear |R| = [33m1.621238e+06[39m
31 Nonlinear |R| = [33m1.593809e+06[39m
32 Nonlinear |R| = [33m1.566382e+06[39m
33 Nonlinear |R| = [33m1.538962e+06[39m
34 Nonlinear |R| = [33m1.511524e+06[39m
35 Nonlinear |R| = [33m1.484094e+06[39m
36 Nonlinear |R| = [33m1.456665e+06[39m
37 Nonlinear |R| = [33m1.429231e+06[39m
38 Nonlinear |R| = [33m1.401800e+06[39m
39 Nonlinear |R| = [33m1.374370e+06[39m
40 Nonlinear |R| = [33m1.346939e+06[39m
41 Nonlinear |R| = [33m1.319513e+06[39m
42 Nonlinear |R| = [33m1.292079e+06[39m
43 Nonlinear |R| = [33m1.264647e+06[39m
44 Nonlinear |R| = [33m1.237216e+06[39m
45 Nonlinear |R| = [33m1.209786e+06[39m
46 Nonlinear |R| = [33m1.182357e+06[39m
47 Nonlinear |R| = [33m1.154924e+06[39m
48 Nonlinear |R| = [33m1.127492e+06[39m
49 Nonlinear |R| = [33m1.100061e+06[39m
50 Nonlinear |R| = [33m1.072627e+06[39m
51 Nonlinear |R| = [33m1.045197e+06[39m
52 Nonlinear |R| = [33m1.017764e+06[39m
53 Nonlinear |R| = [33m9.903304e+05[39m
54 Nonlinear |R| = [33m9.632205e+05[39m
  Nonlinear solve did not converge due to DIVERGED_LINE_SEARCH iterations 54

Solution Invalid Warnings:
-----------------------------------------------------------------------------------------------------------------
|         Object         | Converged | Timestep | Total |                        Message                        |
-----------------------------------------------------------------------------------------------------------------
| INSFVMomentumDiffusion |       138 |    15900 | 28734 | Negative face dynamic viscosity has been encountered. |
-----------------------------------------------------------------------------------------------------------------
[31m Solve Did NOT Converge![39m
  Finished Solving                                                                       [[33m1763.97 s[39m] [[33m  501 MB[39m]


Solution Invalid Warnings History:
----------------------------------------------------------------------------------------------------------------------------
|                                     Object                                     | Time | Stepinterval Count | Total Count |
----------------------------------------------------------------------------------------------------------------------------
| INSFVMomentumDiffusion : Negative face dynamic viscosity has been encountered. | 0-1  |                  0 |           0 |
| INSFVMomentumDiffusion : Negative face dynamic viscosity has been encountered. | 1-2  |              12834 |       12834 |
----------------------------------------------------------------------------------------------------------------------------
Aborting as solve did not converge

Solve failed, cutting timestep.

Time Step 2, time = 0.000125, dt = 2.5e-05
 0 Nonlinear |R| = [32m2.748731e+06[39m
 1 Nonlinear |R| = [33m2.714039e+06[39m
 2 Nonlinear |R| = [33m2.679304e+06[39m
 3 Nonlinear |R| = [33m2.644589e+06[39m
 4 Nonlinear |R| = [33m2.609870e+06[39m
 5 Nonlinear |R| = [33m2.575152e+06[39m
 6 Nonlinear |R| = [33m2.540436e+06[39m
 7 Nonlinear |R| = [33m2.505719e+06[39m
 8 Nonlinear |R| = [33m2.471016e+06[39m
 9 Nonlinear |R| = [33m2.436285e+06[39m
10 Nonlinear |R| = [33m2.401567e+06[39m
11 Nonlinear |R| = [33m2.366852e+06[39m
12 Nonlinear |R| = [33m2.332135e+06[39m
13 Nonlinear |R| = [33m2.297418e+06[39m
14 Nonlinear |R| = [33m2.262699e+06[39m
15 Nonlinear |R| = [33m2.227981e+06[39m
16 Nonlinear |R| = [33m2.193275e+06[39m
17 Nonlinear |R| = [33m2.158549e+06[39m
18 Nonlinear |R| = [33m2.123831e+06[39m
19 Nonlinear |R| = [33m2.089113e+06[39m
20 Nonlinear |R| = [33m2.054396e+06[39m
21 Nonlinear |R| = [33m2.019679e+06[39m
22 Nonlinear |R| = [33m1.984961e+06[39m
23 Nonlinear |R| = [33m1.950244e+06[39m
24 Nonlinear |R| = [33m1.915527e+06[39m
25 Nonlinear |R| = [33m1.880810e+06[39m
26 Nonlinear |R| = [33m1.846093e+06[39m
27 Nonlinear |R| = [33m1.811376e+06[39m
28 Nonlinear |R| = [33m1.776658e+06[39m
29 Nonlinear |R| = [33m1.741941e+06[39m
30 Nonlinear |R| = [33m1.707224e+06[39m
31 Nonlinear |R| = [33m1.672507e+06[39m
32 Nonlinear |R| = [33m1.637790e+06[39m
33 Nonlinear |R| = [33m1.603083e+06[39m
34 Nonlinear |R| = [33m1.568364e+06[39m
35 Nonlinear |R| = [33m1.533645e+06[39m
36 Nonlinear |R| = [33m1.498927e+06[39m
37 Nonlinear |R| = [33m1.464208e+06[39m
38 Nonlinear |R| = [33m1.429490e+06[39m
39 Nonlinear |R| = [33m1.394772e+06[39m
40 Nonlinear |R| = [33m1.360054e+06[39m
41 Nonlinear |R| = [33m1.325336e+06[39m
42 Nonlinear |R| = [33m1.290617e+06[39m
43 Nonlinear |R| = [33m1.255898e+06[39m
44 Nonlinear |R| = [33m1.221178e+06[39m
45 Nonlinear |R| = [33m1.186459e+06[39m
46 Nonlinear |R| = [33m1.151739e+06[39m
47 Nonlinear |R| = [33m1.117016e+06[39m
48 Nonlinear |R| = [33m1.082292e+06[39m
49 Nonlinear |R| = [33m1.047548e+06[39m
50 Nonlinear |R| = [33m1.012792e+06[39m
51 Nonlinear |R| = [33m9.780592e+05[39m
52 Nonlinear |R| = [33m9.433317e+05[39m
53 Nonlinear |R| = [33m9.086063e+05[39m
54 Nonlinear |R| = [33m8.738833e+05[39m
55 Nonlinear |R| = [33m8.391616e+05[39m
56 Nonlinear |R| = [33m8.044422e+05[39m
57 Nonlinear |R| = [33m7.697222e+05[39m
58 Nonlinear |R| = [33m7.350029e+05[39m
59 Nonlinear |R| = [33m7.002845e+05[39m
60 Nonlinear |R| = [33m6.655669e+05[39m
61 Nonlinear |R| = [32m6.308500e+05[39m
62 Nonlinear |R| = [32m5.961333e+05[39m
63 Nonlinear |R| = [32m5.614213e+05[39m
64 Nonlinear |R| = [32m5.267060e+05[39m
65 Nonlinear |R| = [32m4.919915e+05[39m
66 Nonlinear |R| = [32m4.572767e+05[39m
67 Nonlinear |R| = [32m4.225627e+05[39m
68 Nonlinear |R| = [32m3.878498e+05[39m
69 Nonlinear |R| = [32m3.531364e+05[39m
70 Nonlinear |R| = [32m3.184237e+05[39m
71 Nonlinear |R| = [32m2.837092e+05[39m
72 Nonlinear |R| = [32m2.489951e+05[39m
73 Nonlinear |R| = [32m2.142808e+05[39m
74 Nonlinear |R| = [32m1.795677e+05[39m
75 Nonlinear |R| = [32m1.448521e+05[39m
76 Nonlinear |R| = [33m1.413807e+05[39m
77 Nonlinear |R| = [32m1.066700e+05[39m

Solution Invalid Warnings:
-----------------------------------------------------------------------------------------------------------------
|         Object         | Converged | Timestep | Total |                        Message                        |
-----------------------------------------------------------------------------------------------------------------
| INSFVMomentumDiffusion |       111 |    17775 | 46509 | Negative face dynamic viscosity has been encountered. |
-----------------------------------------------------------------------------------------------------------------
[32m Solve Converged![39m
  Finished Solving                                                                       [[33m2391.70 s[39m] [[33m  502 MB[39m]

Outlier Variable Residual Norms:
  vel_x: [31m1.396390e-01[39m
  vel_y: [31m1.056128e-01[39m
  vel_z: [31m1.479587e+00[39m
  pressure: [31m1.066700e+05[39m
  T_fluid: [31m5.225454e-02[39m
  TKE: [31m1.831027e-01[39m
  TKED: [31m3.331407e+01[39m

Postprocessor Values:
+----------------+----------------+----------------+----------------+----------------+----------------+-------------------+
| time           | avg_T          | avg_TKE        | max_vel_z      | min_vel_z      | outlet_avg_T   | power_density_avg |
+----------------+----------------+----------------+----------------+----------------+----------------+-------------------+
|   0.000000e+00 |   0.000000e+00 |   0.000000e+00 |   0.000000e+00 |   0.000000e+00 |   0.000000e+00 |      0.000000e+00 |
|   1.000000e-04 |   8.980000e+02 |   4.514300e-03 |   5.796316e+00 |  -1.147929e+00 |   8.980000e+02 |      0.000000e+00 |
|   1.250000e-04 |   8.980000e+02 |   5.458897e-03 |   5.849567e+00 |  -1.264699e+00 |   8.980000e+02 |      0.000000e+00 |
+----------------+----------------+----------------+----------------+----------------+----------------+-------------------+


Time Step 3, time = 0.0001375, dt = 1.25e-05
 0 Nonlinear |R| = [32m6.286126e+05[39m
 1 Nonlinear |R| = [33m5.991918e+05[39m
 2 Nonlinear |R| = [33m5.697668e+05[39m
 3 Nonlinear |R| = [32m5.403416e+05[39m
 4 Nonlinear |R| = [32m5.109164e+05[39m
 5 Nonlinear |R| = [33m4.949800e+05[39m
 6 Nonlinear |R| = [32m4.632486e+05[39m
 7 Nonlinear |R| = [32m4.317932e+05[39m
 8 Nonlinear |R| = [32m4.005969e+05[39m
 9 Nonlinear |R| = [32m3.696430e+05[39m
10 Nonlinear |R| = [32m3.389144e+05[39m
11 Nonlinear |R| = [32m3.083939e+05[39m
12 Nonlinear |R| = [32m2.780639e+05[39m
13 Nonlinear |R| = [32m2.479065e+05[39m
14 Nonlinear |R| = [32m2.179039e+05[39m
15 Nonlinear |R| = [32m1.880381e+05[39m
16 Nonlinear |R| = [32m1.582906e+05[39m
17 Nonlinear |R| = [32m1.284618e+05[39m
18 Nonlinear |R| = [32m9.896555e+04[39m
19 Nonlinear |R| = [32m6.953472e+04[39m
20 Nonlinear |R| = [32m4.011149e+04[39m
21 Nonlinear |R| = [32m1.072888e+04[39m

Solution Invalid Warnings:
-----------------------------------------------------------------------------------------------------------------
|         Object         | Converged | Timestep | Total |                        Message                        |
-----------------------------------------------------------------------------------------------------------------
| INSFVMomentumDiffusion |       105 |     4551 | 51060 | Negative face dynamic viscosity has been encountered. |
-----------------------------------------------------------------------------------------------------------------
[32m Solve Converged![39m
  Finished Solving                                                                       [[33m661.78 s[39m] [[33m  541 MB[39m]

Outlier Variable Residual Norms:
  vel_x: [31m2.161854e-02[39m
  vel_y: [31m1.814437e-02[39m
  vel_z: [31m1.524697e-01[39m
  pressure: [31m1.069181e+04[39m
  T_fluid: [31m5.237605e-03[39m
  TKE: [31m3.793142e-01[39m
  TKED: [31m8.911957e+02[39m

Postprocessor Values:
+----------------+----------------+----------------+----------------+----------------+----------------+-------------------+
| time           | avg_T          | avg_TKE        | max_vel_z      | min_vel_z      | outlet_avg_T   | power_density_avg |
+----------------+----------------+----------------+----------------+----------------+----------------+-------------------+
|   0.000000e+00 |   0.000000e+00 |   0.000000e+00 |   0.000000e+00 |   0.000000e+00 |   0.000000e+00 |      0.000000e+00 |
|   1.000000e-04 |   8.980000e+02 |   4.514300e-03 |   5.796316e+00 |  -1.147929e+00 |   8.980000e+02 |      0.000000e+00 |
|   1.250000e-04 |   8.980000e+02 |   5.458897e-03 |   5.849567e+00 |  -1.264699e+00 |   8.980000e+02 |      0.000000e+00 |
|   1.375000e-04 |   8.980000e+02 |   6.208006e-03 |   5.880482e+00 |  -1.270076e+00 |   8.980000e+02 |      0.000000e+00 |
+----------------+----------------+----------------+----------------+----------------+----------------+-------------------+


Time Step 4, time = 0.00014375, dt = 6.25e-06
 0 Nonlinear |R| = [32m3.561147e+05[39m
 1 Nonlinear |R| = [32m1.658127e+05[39m
 2 Nonlinear |R| = [32m2.638265e+03[39m

Solution Invalid Warnings:
-----------------------------------------------------------------------------------------------------------------
|         Object         | Converged | Timestep | Total |                        Message                        |
-----------------------------------------------------------------------------------------------------------------
| INSFVMomentumDiffusion |       111 |      543 | 51603 | Negative face dynamic viscosity has been encountered. |
-----------------------------------------------------------------------------------------------------------------
[32m Solve Converged![39m
  Finished Solving                                                                       [[33m 62.24 s[39m] [[33m  501 MB[39m]

Outlier Variable Residual Norms:
  vel_x: [31m1.599915e-03[39m
  vel_y: [31m7.142943e-04[39m
  vel_z: [31m1.214844e-03[39m
  pressure: [31m7.744980e+00[39m
  T_fluid: [31m3.794040e-06[39m
  TKE: [31m1.683560e-01[39m
  TKED: [31m2.638253e+03[39m

Postprocessor Values:
+----------------+----------------+----------------+----------------+----------------+----------------+-------------------+
| time           | avg_T          | avg_TKE        | max_vel_z      | min_vel_z      | outlet_avg_T   | power_density_avg |
+----------------+----------------+----------------+----------------+----------------+----------------+-------------------+
|   0.000000e+00 |   0.000000e+00 |   0.000000e+00 |   0.000000e+00 |   0.000000e+00 |   0.000000e+00 |      0.000000e+00 |
|   1.000000e-04 |   8.980000e+02 |   4.514300e-03 |   5.796316e+00 |  -1.147929e+00 |   8.980000e+02 |      0.000000e+00 |
|   1.250000e-04 |   8.980000e+02 |   5.458897e-03 |   5.849567e+00 |  -1.264699e+00 |   8.980000e+02 |      0.000000e+00 |
|   1.375000e-04 |   8.980000e+02 |   6.208006e-03 |   5.880482e+00 |  -1.270076e+00 |   8.980000e+02 |      0.000000e+00 |
|   1.437500e-04 |   8.980000e+02 |   6.543376e-03 |   5.920654e+00 |  -1.270064e+00 |   8.980000e+02 |      0.000000e+00 |
+----------------+----------------+----------------+----------------+----------------+----------------+-------------------+


Time Step 5, time = 0.00015125, dt = 7.5e-06
 0 Nonlinear |R| = [32m8.957385e+04[39m
 1 Nonlinear |R| = [32m2.522623e+03[39m

Solution Invalid Warnings:
-----------------------------------------------------------------------------------------------------------------
|         Object         | Converged | Timestep | Total |                        Message                        |
-----------------------------------------------------------------------------------------------------------------
| INSFVMomentumDiffusion |       111 |      333 | 51936 | Negative face dynamic viscosity has been encountered. |
-----------------------------------------------------------------------------------------------------------------
[32m Solve Converged![39m
  Finished Solving                                                                       [[33m 29.78 s[39m] [[33m  544 MB[39m]

Outlier Variable Residual Norms:
  vel_x: [31m5.583181e-03[39m
  vel_y: [31m1.937099e-03[39m
  vel_z: [31m3.028269e-03[39m
  pressure: [31m1.278859e+01[39m
  T_fluid: [31m6.264756e-06[39m
  TKE: [31m2.379059e-01[39m
  TKED: [31m2.522590e+03[39m

Postprocessor Values:
+----------------+----------------+----------------+----------------+----------------+----------------+-------------------+
| time           | avg_T          | avg_TKE        | max_vel_z      | min_vel_z      | outlet_avg_T   | power_density_avg |
+----------------+----------------+----------------+----------------+----------------+----------------+-------------------+
|   0.000000e+00 |   0.000000e+00 |   0.000000e+00 |   0.000000e+00 |   0.000000e+00 |   0.000000e+00 |      0.000000e+00 |
|   1.000000e-04 |   8.980000e+02 |   4.514300e-03 |   5.796316e+00 |  -1.147929e+00 |   8.980000e+02 |      0.000000e+00 |
|   1.250000e-04 |   8.980000e+02 |   5.458897e-03 |   5.849567e+00 |  -1.264699e+00 |   8.980000e+02 |      0.000000e+00 |
|   1.375000e-04 |   8.980000e+02 |   6.208006e-03 |   5.880482e+00 |  -1.270076e+00 |   8.980000e+02 |      0.000000e+00 |
|   1.437500e-04 |   8.980000e+02 |   6.543376e-03 |   5.920654e+00 |  -1.270064e+00 |   8.980000e+02 |      0.000000e+00 |
|   1.512500e-04 |   8.980000e+02 |   6.982749e-03 |   5.937080e+00 |  -1.269636e+00 |   8.980000e+02 |      0.000000e+00 |
+----------------+----------------+----------------+----------------+----------------+----------------+-------------------+


Time Step 6, time = 0.00016025, dt = 9e-06
 0 Nonlinear |R| = [32m6.014155e+04[39m
 1 Nonlinear |R| = [32m2.394442e+01[39m

Solution Invalid Warnings:
-----------------------------------------------------------------------------------------------------------------
|         Object         | Converged | Timestep | Total |                        Message                        |
-----------------------------------------------------------------------------------------------------------------
| INSFVMomentumDiffusion |       117 |      345 | 52281 | Negative face dynamic viscosity has been encountered. |
-----------------------------------------------------------------------------------------------------------------
[32m Solve Converged![39m
  Finished Solving                                                                       [[33m 34.61 s[39m] [[33m  502 MB[39m]

Outlier Variable Residual Norms:
  vel_x: [31m2.254628e-03[39m
  vel_y: [31m1.541805e-03[39m
  vel_z: [31m3.794517e-03[39m
  pressure: [31m2.346914e+01[39m
  T_fluid: [31m1.149685e-05[39m
  TKE: [31m2.691469e-01[39m
  TKED: [31m4.739477e+00[39m

Postprocessor Values:
+----------------+----------------+----------------+----------------+----------------+----------------+-------------------+
| time           | avg_T          | avg_TKE        | max_vel_z      | min_vel_z      | outlet_avg_T   | power_density_avg |
+----------------+----------------+----------------+----------------+----------------+----------------+-------------------+
|   0.000000e+00 |   0.000000e+00 |   0.000000e+00 |   0.000000e+00 |   0.000000e+00 |   0.000000e+00 |      0.000000e+00 |
|   1.000000e-04 |   8.980000e+02 |   4.514300e-03 |   5.796316e+00 |  -1.147929e+00 |   8.980000e+02 |      0.000000e+00 |
|   1.250000e-04 |   8.980000e+02 |   5.458897e-03 |   5.849567e+00 |  -1.264699e+00 |   8.980000e+02 |      0.000000e+00 |
|   1.375000e-04 |   8.980000e+02 |   6.208006e-03 |   5.880482e+00 |  -1.270076e+00 |   8.980000e+02 |      0.000000e+00 |
|   1.437500e-04 |   8.980000e+02 |   6.543376e-03 |   5.920654e+00 |  -1.270064e+00 |   8.980000e+02 |      0.000000e+00 |
|   1.512500e-04 |   8.980000e+02 |   6.982749e-03 |   5.937080e+00 |  -1.269636e+00 |   8.980000e+02 |      0.000000e+00 |
|   1.602500e-04 |   8.980000e+02 |   7.573122e-03 |   5.939093e+00 |  -1.269118e+00 |   8.980000e+02 |      0.000000e+00 |
+----------------+----------------+----------------+----------------+----------------+----------------+-------------------+


Time Step 7, time = 0.00017105, dt = 1.08e-05
 0 Nonlinear |R| = [32m4.198007e+04[39m
 1 Nonlinear |R| = [32m2.714640e+02[39m

Solution Invalid Warnings:
-----------------------------------------------------------------------------------------------------------------
|         Object         | Converged | Timestep | Total |                        Message                        |
-----------------------------------------------------------------------------------------------------------------
| INSFVMomentumDiffusion |       117 |      351 | 52632 | Negative face dynamic viscosity has been encountered. |
-----------------------------------------------------------------------------------------------------------------
[32m Solve Converged![39m
  Finished Solving                                                                       [[33m 31.07 s[39m] [[33m  558 MB[39m]

Outlier Variable Residual Norms:
  vel_x: [31m3.763875e-03[39m
  vel_y: [31m2.492014e-03[39m
  vel_z: [31m7.956002e-03[39m
  pressure: [31m2.527716e+01[39m
  T_fluid: [31m1.238254e-05[39m
  TKE: [31m5.718381e-01[39m
  TKED: [31m2.702840e+02[39m

Postprocessor Values:
+----------------+----------------+----------------+----------------+----------------+----------------+-------------------+
| time           | avg_T          | avg_TKE        | max_vel_z      | min_vel_z      | outlet_avg_T   | power_density_avg |
+----------------+----------------+----------------+----------------+----------------+----------------+-------------------+
|   0.000000e+00 |   0.000000e+00 |   0.000000e+00 |   0.000000e+00 |   0.000000e+00 |   0.000000e+00 |      0.000000e+00 |
|   1.000000e-04 |   8.980000e+02 |   4.514300e-03 |   5.796316e+00 |  -1.147929e+00 |   8.980000e+02 |      0.000000e+00 |
|   1.250000e-04 |   8.980000e+02 |   5.458897e-03 |   5.849567e+00 |  -1.264699e+00 |   8.980000e+02 |      0.000000e+00 |
|   1.375000e-04 |   8.980000e+02 |   6.208006e-03 |   5.880482e+00 |  -1.270076e+00 |   8.980000e+02 |      0.000000e+00 |
|   1.437500e-04 |   8.980000e+02 |   6.543376e-03 |   5.920654e+00 |  -1.270064e+00 |   8.980000e+02 |      0.000000e+00 |
|   1.512500e-04 |   8.980000e+02 |   6.982749e-03 |   5.937080e+00 |  -1.269636e+00 |   8.980000e+02 |      0.000000e+00 |
|   1.602500e-04 |   8.980000e+02 |   7.573122e-03 |   5.939093e+00 |  -1.269118e+00 |   8.980000e+02 |      0.000000e+00 |
|   1.710500e-04 |   8.980000e+02 |   8.240232e-03 |   5.935859e+00 |  -1.268551e+00 |   8.980000e+02 |      0.000000e+00 |
+----------------+----------------+----------------+----------------+----------------+----------------+-------------------+


Time Step 8, time = 0.00018401, dt = 1.296e-05
 0 Nonlinear |R| = [32m3.043536e+04[39m
 1 Nonlinear |R| = [32m3.952415e+01[39m

Solution Invalid Warnings:
-----------------------------------------------------------------------------------------------------------------
|         Object         | Converged | Timestep | Total |                        Message                        |
-----------------------------------------------------------------------------------------------------------------
| INSFVMomentumDiffusion |       120 |      357 | 52989 | Negative face dynamic viscosity has been encountered. |
-----------------------------------------------------------------------------------------------------------------
[32m Solve Converged![39m
  Finished Solving                                                                       [[33m 34.98 s[39m] [[33m  501 MB[39m]

Outlier Variable Residual Norms:
  vel_x: [31m3.259515e-03[39m
  vel_y: [31m2.593590e-03[39m
  vel_z: [31m8.987980e-03[39m
  pressure: [31m3.920288e+01[39m
  T_fluid: [31m1.920435e-05[39m
  TKE: [31m7.305494e-01[39m
  TKED: [31m4.975804e+00[39m

Postprocessor Values:
+----------------+----------------+----------------+----------------+----------------+----------------+-------------------+
| time           | avg_T          | avg_TKE        | max_vel_z      | min_vel_z      | outlet_avg_T   | power_density_avg |
+----------------+----------------+----------------+----------------+----------------+----------------+-------------------+
|   0.000000e+00 |   0.000000e+00 |   0.000000e+00 |   0.000000e+00 |   0.000000e+00 |   0.000000e+00 |      0.000000e+00 |
|   1.000000e-04 |   8.980000e+02 |   4.514300e-03 |   5.796316e+00 |  -1.147929e+00 |   8.980000e+02 |      0.000000e+00 |
|   1.250000e-04 |   8.980000e+02 |   5.458897e-03 |   5.849567e+00 |  -1.264699e+00 |   8.980000e+02 |      0.000000e+00 |
|   1.375000e-04 |   8.980000e+02 |   6.208006e-03 |   5.880482e+00 |  -1.270076e+00 |   8.980000e+02 |      0.000000e+00 |
|   1.437500e-04 |   8.980000e+02 |   6.543376e-03 |   5.920654e+00 |  -1.270064e+00 |   8.980000e+02 |      0.000000e+00 |
|   1.512500e-04 |   8.980000e+02 |   6.982749e-03 |   5.937080e+00 |  -1.269636e+00 |   8.980000e+02 |      0.000000e+00 |
|   1.602500e-04 |   8.980000e+02 |   7.573122e-03 |   5.939093e+00 |  -1.269118e+00 |   8.980000e+02 |      0.000000e+00 |
|   1.710500e-04 |   8.980000e+02 |   8.240232e-03 |   5.935859e+00 |  -1.268551e+00 |   8.980000e+02 |      0.000000e+00 |
|   1.840100e-04 |   8.980000e+02 |   8.988278e-03 |   5.930871e+00 |  -1.267935e+00 |   8.980000e+02 |      0.000000e+00 |
+----------------+----------------+----------------+----------------+----------------+----------------+-------------------+


Time Step 9, time = 0.000199562, dt = 1.5552e-05
 0 Nonlinear |R| = [32m2.323482e+04[39m
 1 Nonlinear |R| = [32m5.314767e+02[39m

Solution Invalid Warnings:
-----------------------------------------------------------------------------------------------------------------
|         Object         | Converged | Timestep | Total |                        Message                        |
-----------------------------------------------------------------------------------------------------------------
| INSFVMomentumDiffusion |       129 |      378 | 53367 | Negative face dynamic viscosity has been encountered. |
-----------------------------------------------------------------------------------------------------------------
[32m Solve Converged![39m
  Finished Solving                                                                       [[33m 31.58 s[39m] [[33m  501 MB[39m]

Outlier Variable Residual Norms:
  vel_x: [31m4.581038e-03[39m
  vel_y: [31m2.506141e-03[39m
  vel_z: [31m5.294323e-03[39m
  pressure: [31m4.906884e+01[39m
  T_fluid: [31m2.403740e-05[39m
  TKE: [31m5.040824e-01[39m
  TKED: [31m5.292065e+02[39m

Postprocessor Values:
+----------------+----------------+----------------+----------------+----------------+----------------+-------------------+
| time           | avg_T          | avg_TKE        | max_vel_z      | min_vel_z      | outlet_avg_T   | power_density_avg |
+----------------+----------------+----------------+----------------+----------------+----------------+-------------------+
|   0.000000e+00 |   0.000000e+00 |   0.000000e+00 |   0.000000e+00 |   0.000000e+00 |   0.000000e+00 |      0.000000e+00 |
|   1.000000e-04 |   8.980000e+02 |   4.514300e-03 |   5.796316e+00 |  -1.147929e+00 |   8.980000e+02 |      0.000000e+00 |
|   1.250000e-04 |   8.980000e+02 |   5.458897e-03 |   5.849567e+00 |  -1.264699e+00 |   8.980000e+02 |      0.000000e+00 |
|   1.375000e-04 |   8.980000e+02 |   6.208006e-03 |   5.880482e+00 |  -1.270076e+00 |   8.980000e+02 |      0.000000e+00 |
|   1.437500e-04 |   8.980000e+02 |   6.543376e-03 |   5.920654e+00 |  -1.270064e+00 |   8.980000e+02 |      0.000000e+00 |
|   1.512500e-04 |   8.980000e+02 |   6.982749e-03 |   5.937080e+00 |  -1.269636e+00 |   8.980000e+02 |      0.000000e+00 |
|   1.602500e-04 |   8.980000e+02 |   7.573122e-03 |   5.939093e+00 |  -1.269118e+00 |   8.980000e+02 |      0.000000e+00 |
|   1.710500e-04 |   8.980000e+02 |   8.240232e-03 |   5.935859e+00 |  -1.268551e+00 |   8.980000e+02 |      0.000000e+00 |
|   1.840100e-04 |   8.980000e+02 |   8.988278e-03 |   5.930871e+00 |  -1.267935e+00 |   8.980000e+02 |      0.000000e+00 |
|   1.995620e-04 |   8.980000e+02 |   9.831050e-03 |   8.827976e+00 |  -1.267290e+00 |   8.980000e+02 |      0.000000e+00 |
+----------------+----------------+----------------+----------------+----------------+----------------+-------------------+


Time Step 10, time = 0.000218224, dt = 1.86624e-05
 0 Nonlinear |R| = [32m2.004179e+04[39m
 1 Nonlinear |R| = [32m3.806096e+02[39m

Solution Invalid Warnings:
-----------------------------------------------------------------------------------------------------------------
|         Object         | Converged | Timestep | Total |                        Message                        |
-----------------------------------------------------------------------------------------------------------------
| INSFVMomentumDiffusion |       150 |      429 | 53796 | Negative face dynamic viscosity has been encountered. |
-----------------------------------------------------------------------------------------------------------------
[32m Solve Converged![39m
  Finished Solving                                                                       [[33m 28.90 s[39m] [[33m  543 MB[39m]

Outlier Variable Residual Norms:
  vel_x: [31m8.007549e-03[39m
  vel_y: [31m4.003988e-03[39m
  vel_z: [31m1.423219e-02[39m
  pressure: [31m1.213993e+02[39m
  T_fluid: [31m5.946998e-05[39m
  TKE: [31m2.213894e+01[39m
  TKED: [31m3.600497e+02[39m

Postprocessor Values:
+----------------+----------------+----------------+----------------+----------------+----------------+-------------------+
| time           | avg_T          | avg_TKE        | max_vel_z      | min_vel_z      | outlet_avg_T   | power_density_avg |
+----------------+----------------+----------------+----------------+----------------+----------------+-------------------+
|   0.000000e+00 |   0.000000e+00 |   0.000000e+00 |   0.000000e+00 |   0.000000e+00 |   0.000000e+00 |      0.000000e+00 |
|   1.000000e-04 |   8.980000e+02 |   4.514300e-03 |   5.796316e+00 |  -1.147929e+00 |   8.980000e+02 |      0.000000e+00 |
|   1.250000e-04 |   8.980000e+02 |   5.458897e-03 |   5.849567e+00 |  -1.264699e+00 |   8.980000e+02 |      0.000000e+00 |
|   1.375000e-04 |   8.980000e+02 |   6.208006e-03 |   5.880482e+00 |  -1.270076e+00 |   8.980000e+02 |      0.000000e+00 |
|   1.437500e-04 |   8.980000e+02 |   6.543376e-03 |   5.920654e+00 |  -1.270064e+00 |   8.980000e+02 |      0.000000e+00 |
|   1.512500e-04 |   8.980000e+02 |   6.982749e-03 |   5.937080e+00 |  -1.269636e+00 |   8.980000e+02 |      0.000000e+00 |
|   1.602500e-04 |   8.980000e+02 |   7.573122e-03 |   5.939093e+00 |  -1.269118e+00 |   8.980000e+02 |      0.000000e+00 |
|   1.710500e-04 |   8.980000e+02 |   8.240232e-03 |   5.935859e+00 |  -1.268551e+00 |   8.980000e+02 |      0.000000e+00 |
|   1.840100e-04 |   8.980000e+02 |   8.988278e-03 |   5.930871e+00 |  -1.267935e+00 |   8.980000e+02 |      0.000000e+00 |
|   1.995620e-04 |   8.980000e+02 |   9.831050e-03 |   8.827976e+00 |  -1.267290e+00 |   8.980000e+02 |      0.000000e+00 |
|   2.182244e-04 |   8.980000e+02 |   1.076157e-02 |   1.593138e+01 |  -1.266714e+00 |   8.980000e+02 |      0.000000e+00 |
+----------------+----------------+----------------+----------------+----------------+----------------+-------------------+


Time Step 11, time = 0.000240619, dt = 2.23949e-05
 0 Nonlinear |R| = [32m2.319025e+04[39m
 1 Nonlinear |R| = [33m2.221246e+04[39m
 2 Nonlinear |R| = [32m2.025280e+04[39m
  Nonlinear solve did not converge due to DIVERGED_LINE_SEARCH iterations 2

Solution Invalid Warnings:
-----------------------------------------------------------------------------------------------------------------
|         Object         | Converged | Timestep | Total |                        Message                        |
-----------------------------------------------------------------------------------------------------------------
| INSFVMomentumDiffusion |       174 |     4491 | 58287 | Negative face dynamic viscosity has been encountered. |
-----------------------------------------------------------------------------------------------------------------
[31m Solve Did NOT Converge![39m
  Finished Solving                                                                       [[33m105.27 s[39m] [[33m  551 MB[39m]


Solution Invalid Warnings History:
-----------------------------------------------------------------------------------------------------------------------------
|                                     Object                                     | Time  | Stepinterval Count | Total Count |
-----------------------------------------------------------------------------------------------------------------------------
| INSFVMomentumDiffusion : Negative face dynamic viscosity has been encountered. | 0-1   |                  0 |           0 |
| INSFVMomentumDiffusion : Negative face dynamic viscosity has been encountered. | 1-2   |              12834 |       12834 |
| INSFVMomentumDiffusion : Negative face dynamic viscosity has been encountered. | 2-3   |              17775 |       30609 |
| INSFVMomentumDiffusion : Negative face dynamic viscosity has been encountered. | 3-4   |               4551 |       35160 |
| INSFVMomentumDiffusion : Negative face dynamic viscosity has been encountered. | 4-5   |                543 |       35703 |
| INSFVMomentumDiffusion : Negative face dynamic viscosity has been encountered. | 5-6   |                333 |       36036 |
| INSFVMomentumDiffusion : Negative face dynamic viscosity has been encountered. | 6-7   |                345 |       36381 |
| INSFVMomentumDiffusion : Negative face dynamic viscosity has been encountered. | 7-8   |                351 |       36732 |
| INSFVMomentumDiffusion : Negative face dynamic viscosity has been encountered. | 8-9   |                357 |       37089 |
| INSFVMomentumDiffusion : Negative face dynamic viscosity has been encountered. | 9-10  |                378 |       37467 |
| INSFVMomentumDiffusion : Negative face dynamic viscosity has been encountered. | 10-11 |                429 |       37896 |
-----------------------------------------------------------------------------------------------------------------------------
Aborting as solve did not converge

Solve failed, cutting timestep.

Time Step 11, time = 0.000229422, dt = 1.11974e-05
 0 Nonlinear |R| = [32m4.653364e+04[39m
 1 Nonlinear |R| = [32m4.190460e+04[39m
 2 Nonlinear |R| = [32m3.771577e+04[39m
 3 Nonlinear |R| = [32m3.394786e+04[39m
 4 Nonlinear |R| = [32m3.139869e+04[39m
 5 Nonlinear |R| = [33m3.122401e+04[39m
 6 Nonlinear |R| = [32m2.924677e+04[39m
  Nonlinear solve did not converge due to DIVERGED_LINE_SEARCH iterations 6

Solution Invalid Warnings:
-----------------------------------------------------------------------------------------------------------------
|         Object         | Converged | Timestep | Total |                        Message                        |
-----------------------------------------------------------------------------------------------------------------
| INSFVMomentumDiffusion |       171 |     6177 | 64464 | Negative face dynamic viscosity has been encountered. |
-----------------------------------------------------------------------------------------------------------------
[31m Solve Did NOT Converge![39m
  Finished Solving                                                                       [[33m234.56 s[39m] [[33m  501 MB[39m]


Solution Invalid Warnings History:
-----------------------------------------------------------------------------------------------------------------------------
|                                     Object                                     | Time  | Stepinterval Count | Total Count |
-----------------------------------------------------------------------------------------------------------------------------
| INSFVMomentumDiffusion : Negative face dynamic viscosity has been encountered. | 0-1   |                  0 |           0 |
| INSFVMomentumDiffusion : Negative face dynamic viscosity has been encountered. | 1-2   |              12834 |       12834 |
| INSFVMomentumDiffusion : Negative face dynamic viscosity has been encountered. | 2-3   |              17775 |       30609 |
| INSFVMomentumDiffusion : Negative face dynamic viscosity has been encountered. | 3-4   |               4551 |       35160 |
| INSFVMomentumDiffusion : Negative face dynamic viscosity has been encountered. | 4-5   |                543 |       35703 |
| INSFVMomentumDiffusion : Negative face dynamic viscosity has been encountered. | 5-6   |                333 |       36036 |
| INSFVMomentumDiffusion : Negative face dynamic viscosity has been encountered. | 6-7   |                345 |       36381 |
| INSFVMomentumDiffusion : Negative face dynamic viscosity has been encountered. | 7-8   |                351 |       36732 |
| INSFVMomentumDiffusion : Negative face dynamic viscosity has been encountered. | 8-9   |                357 |       37089 |
| INSFVMomentumDiffusion : Negative face dynamic viscosity has been encountered. | 9-10  |                378 |       37467 |
| INSFVMomentumDiffusion : Negative face dynamic viscosity has been encountered. | 10-11 |                429 |       37896 |
-----------------------------------------------------------------------------------------------------------------------------
Aborting as solve did not converge

Solve failed, cutting timestep.

Time Step 11, time = 0.000223823, dt = 5.59872e-06
 0 Nonlinear |R| = [32m8.148876e+04[39m
 1 Nonlinear |R| = [32m1.378460e+04[39m
 2 Nonlinear |R| = [32m1.023707e+04[39m
 3 Nonlinear |R| = [32m7.056712e+03[39m
 4 Nonlinear |R| = [32m4.623948e+03[39m
  Nonlinear solve did not converge due to DIVERGED_LINE_SEARCH iterations 4

Solution Invalid Warnings:
-----------------------------------------------------------------------------------------------------------------
|         Object         | Converged | Timestep | Total |                        Message                        |
-----------------------------------------------------------------------------------------------------------------
| INSFVMomentumDiffusion |       156 |     4449 | 68913 | Negative face dynamic viscosity has been encountered. |
-----------------------------------------------------------------------------------------------------------------
[31m Solve Did NOT Converge![39m
  Finished Solving                                                                       [[33m165.83 s[39m] [[33m  500 MB[39m]


Solution Invalid Warnings History:
-----------------------------------------------------------------------------------------------------------------------------
|                                     Object                                     | Time  | Stepinterval Count | Total Count |
-----------------------------------------------------------------------------------------------------------------------------
| INSFVMomentumDiffusion : Negative face dynamic viscosity has been encountered. | 0-1   |                  0 |           0 |
| INSFVMomentumDiffusion : Negative face dynamic viscosity has been encountered. | 1-2   |              12834 |       12834 |
| INSFVMomentumDiffusion : Negative face dynamic viscosity has been encountered. | 2-3   |              17775 |       30609 |
| INSFVMomentumDiffusion : Negative face dynamic viscosity has been encountered. | 3-4   |               4551 |       35160 |
| INSFVMomentumDiffusion : Negative face dynamic viscosity has been encountered. | 4-5   |                543 |       35703 |
| INSFVMomentumDiffusion : Negative face dynamic viscosity has been encountered. | 5-6   |                333 |       36036 |
| INSFVMomentumDiffusion : Negative face dynamic viscosity has been encountered. | 6-7   |                345 |       36381 |
| INSFVMomentumDiffusion : Negative face dynamic viscosity has been encountered. | 7-8   |                351 |       36732 |
| INSFVMomentumDiffusion : Negative face dynamic viscosity has been encountered. | 8-9   |                357 |       37089 |
| INSFVMomentumDiffusion : Negative face dynamic viscosity has been encountered. | 9-10  |                378 |       37467 |
| INSFVMomentumDiffusion : Negative face dynamic viscosity has been encountered. | 10-11 |                429 |       37896 |
-----------------------------------------------------------------------------------------------------------------------------
Aborting as solve did not converge

Solve failed, cutting timestep.

Time Step 11, time = 0.000221024, dt = 2.79936e-06
 0 Nonlinear |R| = [32m9.899930e+04[39m
 1 Nonlinear |R| = [32m1.139546e+02[39m

Solution Invalid Warnings:
-----------------------------------------------------------------------------------------------------------------
|         Object         | Converged | Timestep | Total |                        Message                        |
-----------------------------------------------------------------------------------------------------------------
| INSFVMomentumDiffusion |       177 |      504 | 69417 | Negative face dynamic viscosity has been encountered. |
-----------------------------------------------------------------------------------------------------------------
[32m Solve Converged![39m
  Finished Solving                                                                       [[33m 34.81 s[39m] [[33m  500 MB[39m]

Outlier Variable Residual Norms:
  vel_x: [31m9.686683e-03[39m
  vel_y: [31m4.213380e-03[39m
  vel_z: [31m1.360692e-02[39m
  pressure: [31m3.711517e+00[39m
  T_fluid: [31m1.818164e-06[39m
  TKE: [31m2.600638e+01[39m
  TKED: [31m1.108853e+02[39m

Postprocessor Values:
+----------------+----------------+----------------+----------------+----------------+----------------+-------------------+
| time           | avg_T          | avg_TKE        | max_vel_z      | min_vel_z      | outlet_avg_T   | power_density_avg |
+----------------+----------------+----------------+----------------+----------------+----------------+-------------------+
|   0.000000e+00 |   0.000000e+00 |   0.000000e+00 |   0.000000e+00 |   0.000000e+00 |   0.000000e+00 |      0.000000e+00 |
|   1.000000e-04 |   8.980000e+02 |   4.514300e-03 |   5.796316e+00 |  -1.147929e+00 |   8.980000e+02 |      0.000000e+00 |
|   1.250000e-04 |   8.980000e+02 |   5.458897e-03 |   5.849567e+00 |  -1.264699e+00 |   8.980000e+02 |      0.000000e+00 |
|   1.375000e-04 |   8.980000e+02 |   6.208006e-03 |   5.880482e+00 |  -1.270076e+00 |   8.980000e+02 |      0.000000e+00 |
|   1.437500e-04 |   8.980000e+02 |   6.543376e-03 |   5.920654e+00 |  -1.270064e+00 |   8.980000e+02 |      0.000000e+00 |
|   1.512500e-04 |   8.980000e+02 |   6.982749e-03 |   5.937080e+00 |  -1.269636e+00 |   8.980000e+02 |      0.000000e+00 |
|   1.602500e-04 |   8.980000e+02 |   7.573122e-03 |   5.939093e+00 |  -1.269118e+00 |   8.980000e+02 |      0.000000e+00 |
|   1.710500e-04 |   8.980000e+02 |   8.240232e-03 |   5.935859e+00 |  -1.268551e+00 |   8.980000e+02 |      0.000000e+00 |
|   1.840100e-04 |   8.980000e+02 |   8.988278e-03 |   5.930871e+00 |  -1.267935e+00 |   8.980000e+02 |      0.000000e+00 |
|   1.995620e-04 |   8.980000e+02 |   9.831050e-03 |   8.827976e+00 |  -1.267290e+00 |   8.980000e+02 |      0.000000e+00 |
|   2.182244e-04 |   8.980000e+02 |   1.076157e-02 |   1.593138e+01 |  -1.266714e+00 |   8.980000e+02 |      0.000000e+00 |
|   2.210238e-04 |   8.980000e+02 |   1.095006e-02 |   1.708369e+01 |  -1.266529e+00 |   8.980000e+02 |      0.000000e+00 |
+----------------+----------------+----------------+----------------+----------------+----------------+-------------------+


Time Step 12, time = 0.000223823, dt = 2.79936e-06
 0 Nonlinear |R| = [32m3.379141e+02[39m
  Nonlinear solve did not converge due to DIVERGED_LINE_SEARCH iterations 0

Solution Invalid Warnings:
-----------------------------------------------------------------------------------------------------------------
|         Object         | Converged | Timestep | Total |                        Message                        |
-----------------------------------------------------------------------------------------------------------------
| INSFVMomentumDiffusion |       168 |     2697 | 72114 | Negative face dynamic viscosity has been encountered. |
-----------------------------------------------------------------------------------------------------------------
[31m Solve Did NOT Converge![39m
  Finished Solving                                                                       [[33m 38.19 s[39m] [[33m  560 MB[39m]


Solution Invalid Warnings History:
-----------------------------------------------------------------------------------------------------------------------------
|                                     Object                                     | Time  | Stepinterval Count | Total Count |
-----------------------------------------------------------------------------------------------------------------------------
| INSFVMomentumDiffusion : Negative face dynamic viscosity has been encountered. | 0-1   |                  0 |           0 |
| INSFVMomentumDiffusion : Negative face dynamic viscosity has been encountered. | 1-2   |              12834 |       12834 |
| INSFVMomentumDiffusion : Negative face dynamic viscosity has been encountered. | 2-3   |              17775 |       30609 |
| INSFVMomentumDiffusion : Negative face dynamic viscosity has been encountered. | 3-4   |               4551 |       35160 |
| INSFVMomentumDiffusion : Negative face dynamic viscosity has been encountered. | 4-5   |                543 |       35703 |
| INSFVMomentumDiffusion : Negative face dynamic viscosity has been encountered. | 5-6   |                333 |       36036 |
| INSFVMomentumDiffusion : Negative face dynamic viscosity has been encountered. | 6-7   |                345 |       36381 |
| INSFVMomentumDiffusion : Negative face dynamic viscosity has been encountered. | 7-8   |                351 |       36732 |
| INSFVMomentumDiffusion : Negative face dynamic viscosity has been encountered. | 8-9   |                357 |       37089 |
| INSFVMomentumDiffusion : Negative face dynamic viscosity has been encountered. | 9-10  |                378 |       37467 |
| INSFVMomentumDiffusion : Negative face dynamic viscosity has been encountered. | 10-11 |                429 |       37896 |
| INSFVMomentumDiffusion : Negative face dynamic viscosity has been encountered. | 11-12 |                504 |       38400 |
-----------------------------------------------------------------------------------------------------------------------------
Aborting as solve did not converge

Solve failed, cutting timestep.

Time Step 12, time = 0.000222423, dt = 1.39968e-06
 0 Nonlinear |R| = [32m4.204386e+04[39m
 1 Nonlinear |R| = [32m3.832696e+04[39m
 2 Nonlinear |R| = [33m3.760526e+04[39m
 3 Nonlinear |R| = [32m2.220244e+04[39m
 4 Nonlinear |R| = [32m1.992042e+04[39m
 5 Nonlinear |R| = [32m1.798547e+04[39m
 6 Nonlinear |R| = [32m1.624236e+04[39m
 7 Nonlinear |R| = [32m1.518139e+04[39m
 8 Nonlinear |R| = [32m1.325743e+04[39m
 9 Nonlinear |R| = [32m1.198301e+04[39m
