
[36m
*** Info ***
'execute_on' parameter specified in [Outputs] block is ignored for object 'checkpoint'.
Define this object in its own sub-block of [Outputs] to modify its execution schedule.[39m
Setting Up
  Finished Initializing                                                                  [[33m  2.32 s[39m] [[33m  327 MB[39m]
Finished Setting Up                                                                      [[33m  2.84 s[39m] [[33m  327 MB[39m]
Framework Information:
MOOSE Version:           git commit b1e271b638 on 2025-10-10
LibMesh Version:         
PETSc Version:           3.23.4
SLEPc Version:           3.23.2
Current Time:            Mon Apr 27 10:55:19 2026
Executable Timestamp:    Tue Apr 14 14:29:53 2026

Input File(s):
  /home/ubuntu/MSR-project/MSFR/stage3_cardinal/th_transient.i

Checkpoint:
  Wall Time Interval:      Every 3600 s
  User Checkpoint:         Outputs/checkpoint
  # Checkpoints Kept:      2
  Execute On:              TIMESTEP_END 

Parallelism:
  Num Processors:          4
  Num Threads:             1

Mesh: 
  Parallel Type:           replicated
  Mesh Dimension:          3
  Spatial Dimension:       3
  Nodes:                   
    Total:                 9245
    Local:                 2162
    Min/Max/Avg:           2004/2614/2311
  Elems:                   
    Total:                 35186
    Local:                 8797
    Min/Max/Avg:           8796/8797/8796
  Num Subdomains:          1
  Num Partitions:          4
  Partitioner:             metis

Nonlinear System:
  Num DOFs:                211116
  Num Local DOFs:          52782
  Variables:               { "vel_x" "vel_y" "vel_z" "pressure" "TKE" "TKED" } 
  Finite Element Types:    "MONOMIAL" 
  Approximation Orders:    "CONSTANT" 

Auxiliary System:
  Num DOFs:                105558
  Num Local DOFs:          26391
  Variables:               { "power_density" "mu_t" "yplus" } 
  Finite Element Types:    "MONOMIAL" 
  Approximation Orders:    "CONSTANT" 

Execution Information:
  Executioner:             Transient
  TimeStepper:             IterationAdaptiveDT
  TimeIntegrator(s):       ImplicitEuler
  Solver Mode:             Preconditioned JFNK 
  PETSc Preconditioner:    fieldsplit 

[33m
*** Warning ***
/home/ubuntu/MSR-project/MSFR/stage3_cardinal/th_transient.i:36.1: unused parameter 'cp'
/home/ubuntu/MSR-project/MSFR/stage3_cardinal/th_transient.i:37.1: unused parameter 'k'
/home/ubuntu/MSR-project/MSFR/stage3_cardinal/th_transient.i:215.5: unused parameter 'Variables/TKE/lower_bound'
/home/ubuntu/MSR-project/MSFR/stage3_cardinal/th_transient.i:231.5: unused parameter 'Variables/TKED/lower_bound'
/home/ubuntu/MSR-project/MSFR/stage3_cardinal/th_transient.i:895.3: unused parameter 'Outputs/output_frequency'[39m

Time Step 0, time = 0

Time Step 1, time = 0.0001, dt = 0.0001
Currently Executing
    Computing Residual
      Finished Computing Rhie-Chow coefficients                                          [[33m  1.00 s[39m] [[33m  466 MB[39m]
    Finished Computing Residual                                                          [[33m  2.06 s[39m] [[33m  553 MB[39m]
 0 Nonlinear |R| = [32m6.004574e+03[39m
[0]PETSC ERROR: --------------------- Error Message --------------------------------------------------------------
[0]PETSC ERROR: PETSc has generated inconsistent data
[0]PETSC ERROR: Unhandled case, must have at least two fields, not 0
[0]PETSC ERROR: WARNING! There are unused option(s) set! Could be the program crashed before usage or a spelling mistake, etc!
[0]PETSC ERROR:   Option left: name:-i value: th_transient.i source: command line
[0]PETSC ERROR:   Option left: name:-PC_FIELDSPLIT_0_PC_TYPE value: hypre source: code
[0]PETSC ERROR:   Option left: name:-PC_FIELDSPLIT_1_KSP_TYPE value: preonly source: code
[0]PETSC ERROR:   Option left: name:-PC_FIELDSPLIT_1_PC_TYPE value: jacobi source: code
[0]PETSC ERROR: See https://petsc.org/release/faq/ for trouble shooting.
[0]PETSC ERROR: PETSc Release Version 3.23.4, unknown
[0]PETSC ERROR: /home/ubuntu/cardinal/cardinal-opt with 4 MPI process(es) and PETSC_ARCH  on RTXWS by ubuntu Mon Apr 27 10:55:16 2026
[0]PETSC ERROR: Configure options: --with-64-bit-indices --with-cxx-dialect=C++17 --with-debugging=no --with-fortran-bindings=0 --with-mpi=1 --with-openmp=1 --with-strict-petscerrorcode=1 --with-shared-libraries=1 --with-sowing=0 --download-fblaslapack=1 --download-hpddm=1 --download-hypre=1 --download-metis=1 --download-mumps=1 --download-ptscotch=1 --download-parmetis=1 --download-scalapack=1 --download-slepc=1 --download-strumpack=1 --download-superlu_dist=1 --download-kokkos=1 --download-kokkos-kernels=1 --download-libceed=1 --with-make-np=14 --with-hdf5-dir=/home/ubuntu/miniconda3/envs/moose --COPTFLAGS=-O3 --CXXOPTFLAGS=-O3 --FOPTFLAGS=-O3 --with-x=0 --with-ssl=0 --with-mpi-dir=/home/ubuntu/miniconda3/envs/moose AR=/home/ubuntu/miniconda3/envs/moose/bin/x86_64-conda-linux-gnu-ar RANLIB=/home/ubuntu/miniconda3/envs/moose/bin/x86_64-conda-linux-gnu-ranlib CFLAGS="-march=nocona -mtune=haswell -ftree-vectorize -fPIC -fstack-protector-strong -fno-plt -O2 -ffunction-sections -pipe -isystem /home/ubuntu/miniconda3/envs/moose/include -fdebug-prefix-map=/tmp/build/_env/conda-bld/moose-mpi_1758458599522/work=/usr/local/src/conda/moose-mpi-base-2025.09.18 -fdebug-prefix-map=/home/ubuntu/miniconda3/envs/moose=/usr/local/src/conda-prefix " CXXFLAGS="-fvisibility-inlines-hidden -fmessage-length=0 -march=nocona -mtune=haswell -ftree-vectorize -fPIC -fstack-protector-strong -fno-plt -O2 -ffunction-sections -pipe -isystem /home/ubuntu/miniconda3/envs/moose/include -fdebug-prefix-map=/tmp/build/_env/conda-bld/moose-mpi_1758458599522/work=/usr/local/src/conda/moose-mpi-base-2025.09.18 -fdebug-prefix-map=/home/ubuntu/miniconda3/envs/moose=/usr/local/src/conda-prefix  " CPPFLAGS="-DNDEBUG -D_FORTIFY_SOURCE=2 -O2 -isystem /home/ubuntu/miniconda3/envs/moose/include " FFLAGS="-march=nocona -mtune=haswell -ftree-vectorize -fPIC -fstack-protector-strong -fno-plt -O2 -ffunction-sections -pipe -isystem /home/ubuntu/miniconda3/envs/moose/include -fdebug-prefix-map=/tmp/build/_env/conda-bld/moose-mpi_1758458599522/work=/usr/local/src/conda/moose-mpi-base-2025.09.18 -fdebug-prefix-map=/home/ubuntu/miniconda3/envs/moose=/usr/local/src/conda-prefix " FCFLAGS="-march=nocona -mtune=haswell -ftree-vectorize -fPIC -fstack-protector-strong -fno-plt -O2 -ffunction-sections -pipe -isystem /home/ubuntu/miniconda3/envs/moose/include -fdebug-prefix-map=/tmp/build/_env/conda-bld/moose-mpi_1758458599522/work=/usr/local/src/conda/moose-mpi-base-2025.09.18 -fdebug-prefix-map=/home/ubuntu/miniconda3/envs/moose=/usr/local/src/conda-prefix " LDFLAGS="-Wl,-O2 -Wl,--sort-common -Wl,--as-needed -Wl,-z,relro -Wl,-z,now -Wl,--disable-new-dtags -Wl,--gc-sections -Wl,--allow-shlib-undefined -Wl,-rpath,/home/ubuntu/miniconda3/envs/moose/lib -Wl,-rpath-link,/home/ubuntu/miniconda3/envs/moose/lib -L/home/ubuntu/miniconda3/envs/moose/lib " --prefix=/home/ubuntu/miniconda3/envs/moose/petsc
[0]PETSC ERROR: #1 PCFieldSplitSetDefaults() at /tmp/build/_env/conda-bld/moose-petsc_1758459344677/work/src/ksp/pc/impls/fieldsplit/fieldsplit.c:548
[0]PETSC ERROR: #2 PCSetUp_FieldSplit() at /tmp/build/_env/conda-bld/moose-petsc_1758459344677/work/src/ksp/pc/impls/fieldsplit/fieldsplit.c:586
[0]PETSC ERROR: #3 PCSetUp() at /tmp/build/_env/conda-bld/moose-petsc_1758459344677/work/src/ksp/pc/interface/precon.c:1086
[0]PETSC ERROR: #4 KSPSetUp() at /tmp/build/_env/conda-bld/moose-petsc_1758459344677/work/src/ksp/ksp/interface/itfunc.c:429
[0]PETSC ERROR: #5 KSPSolve_Private() at /tmp/build/_env/conda-bld/moose-petsc_1758459344677/work/src/ksp/ksp/interface/itfunc.c:840
[0]PETSC ERROR: #6 KSPSolve() at /tmp/build/_env/conda-bld/moose-petsc_1758459344677/work/src/ksp/ksp/interface/itfunc.c:1091
[0]PETSC ERROR: #7 SNESSolve_NEWTONLS() at /tmp/build/_env/conda-bld/moose-petsc_1758459344677/work/src/snes/impls/ls/ls.c:221
[0]PETSC ERROR: #8 SNESSolve() at /tmp/build/_env/conda-bld/moose-petsc_1758459344677/work/src/snes/interface/snes.c:4846
libMesh terminatinglibMesh terminatinglibMesh terminatinglibMesh terminating:
Unhandled case, must have at least two fields, not 0
:
Unhandled case, must have at least two fields, not 0
:
Unhandled case, must have at least two fields, not 0
:
Unhandled case, must have at least two fields, not 0
--------------------------------------------------------------------------
MPI_ABORT was invoked on rank 2 in communicator MPI_COMM_WORLD
with errorcode 1.

NOTE: invoking MPI_ABORT causes Open MPI to kill all MPI processes.
You may or may not see output from other processes, depending on
exactly when Open MPI kills them.
--------------------------------------------------------------------------
[RTXWS:14907] 3 more processes have sent help message help-mpi-api.txt / mpi-abort
[RTXWS:14907] Set MCA parameter "orte_base_help_aggregate" to 0 to see all help / error messages
