--------------------------------------------------------------------------
A requested component was not found, or was unable to be opened.  This
means that this component is either not installed or is unable to be
used on your system (e.g., sometimes this means that shared libraries
that the component requires are unable to be found/loaded).  Note that
PMIX stopped checking at the first component that it did not find.

Host:      RTXWS
Framework: gds
Component: shmem
--------------------------------------------------------------------------

--------------------------------------------------------------------------
A requested component was not found, or was unable to be opened.  This
means that this component is either not installed or is unable to be
used on your system (e.g., sometimes this means that shared libraries
that the component requires are unable to be found/loaded).  Note that
PMIX stopped checking at the first component that it did not find.

Host:      RTXWS
Framework: gds
Component: shmem
--------------------------------------------------------------------------

--------------------------------------------------------------------------
A requested component was not found, or was unable to be opened.  This
means that this component is either not installed or is unable to be
used on your system (e.g., sometimes this means that shared libraries
that the component requires are unable to be found/loaded).  Note that
PMIX stopped checking at the first component that it did not find.

Host:      RTXWS
Framework: gds
Component: shmem
--------------------------------------------------------------------------

--------------------------------------------------------------------------
A requested component was not found, or was unable to be opened.  This
means that this component is either not installed or is unable to be
used on your system (e.g., sometimes this means that shared libraries
that the component requires are unable to be found/loaded).  Note that
PMIX stopped checking at the first component that it did not find.

Host:      RTXWS
Framework: gds
Component: shmem
--------------------------------------------------------------------------

--------------------------------------------------------------------------
A requested component was not found, or was unable to be opened.  This
means that this component is either not installed or is unable to be
used on your system (e.g., sometimes this means that shared libraries
that the component requires are unable to be found/loaded).  Note that
PMIX stopped checking at the first component that it did not find.

Host:      RTXWS
Framework: gds
Component: shmem
--------------------------------------------------------------------------

--------------------------------------------------------------------------
A requested component was not found, or was unable to be opened.  This
means that this component is either not installed or is unable to be
used on your system (e.g., sometimes this means that shared libraries
that the component requires are unable to be found/loaded).  Note that
PMIX stopped checking at the first component that it did not find.

Host:      RTXWS
Framework: gds
Component: shmem
--------------------------------------------------------------------------

--------------------------------------------------------------------------
A requested component was not found, or was unable to be opened.  This
means that this component is either not installed or is unable to be
used on your system (e.g., sometimes this means that shared libraries
that the component requires are unable to be found/loaded).  Note that
PMIX stopped checking at the first component that it did not find.

Host:      RTXWS
Framework: gds
Component: shmem
--------------------------------------------------------------------------

--------------------------------------------------------------------------
A requested component was not found, or was unable to be opened.  This
means that this component is either not installed or is unable to be
used on your system (e.g., sometimes this means that shared libraries
that the component requires are unable to be found/loaded).  Note that
PMIX stopped checking at the first component that it did not find.

Host:      RTXWS
Framework: gds
Component: shmem
--------------------------------------------------------------------------


[36m
*** Info ***
'execute_on' parameter specified in [Outputs] block is ignored for object 'checkpoint'.
Define this object in its own sub-block of [Outputs] to modify its execution schedule.[39m
Setting Up
  Finished Initializing                                                                  [[33m  2.18 s[39m] [[33m  314 MB[39m]
Finished Setting Up                                                                      [[33m  2.72 s[39m] [[33m  314 MB[39m]
Framework Information:
MOOSE Version:           git commit b1e271b638 on 2025-10-10
LibMesh Version:         
PETSc Version:           3.23.4
SLEPc Version:           3.23.2
Current Time:            Mon Apr 27 12:26:54 2026
Executable Timestamp:    Tue Apr 14 14:29:53 2026

Input File(s):
  /home/ubuntu/MSR-project/MSFR/stage3_cardinal/th_transient.i

Checkpoint:
  Wall Time Interval:      Every 3600 s
  User Checkpoint:         Outputs/checkpoint
  # Checkpoints Kept:      2
  Execute On:              TIMESTEP_END 

Parallelism:
  Num Processors:          4
  Num Threads:             1

Mesh: 
  Parallel Type:           replicated
  Mesh Dimension:          3
  Spatial Dimension:       3
  Nodes:                   
    Total:                 9245
    Local:                 2162
    Min/Max/Avg:           2004/2614/2311
  Elems:                   
    Total:                 35186
    Local:                 8797
    Min/Max/Avg:           8796/8797/8796
  Num Subdomains:          1
  Num Partitions:          4
  Partitioner:             metis

Nonlinear System:
  Num DOFs:                211116
  Num Local DOFs:          52782
  Variables:               { "vel_x" "vel_y" "vel_z" "pressure" "TKE" "TKED" } 
  Finite Element Types:    "MONOMIAL" 
  Approximation Orders:    "CONSTANT" 

Auxiliary System:
  Num DOFs:                105558
  Num Local DOFs:          26391
  Variables:               { "power_density" "mu_t" "yplus" } 
  Finite Element Types:    "MONOMIAL" 
  Approximation Orders:    "CONSTANT" 

Execution Information:
  Executioner:             Transient
  TimeStepper:             IterationAdaptiveDT
  TimeIntegrator(s):       ImplicitEuler
  Solver Mode:             NEWTON 
  PETSc Preconditioner:    lu 
  MOOSE Preconditioner:    SMP (auto) 

[33m
*** Warning ***
/home/ubuntu/MSR-project/MSFR/stage3_cardinal/th_transient.i:36.1: unused parameter 'cp'
/home/ubuntu/MSR-project/MSFR/stage3_cardinal/th_transient.i:37.1: unused parameter 'k'
/home/ubuntu/MSR-project/MSFR/stage3_cardinal/th_transient.i:86.3: unused parameter 'Problem/solution_invalidity_behavior'
/home/ubuntu/MSR-project/MSFR/stage3_cardinal/th_transient.i:218.5: unused parameter 'Variables/TKE/lower_bound'
/home/ubuntu/MSR-project/MSFR/stage3_cardinal/th_transient.i:234.5: unused parameter 'Variables/TKED/lower_bound'
/home/ubuntu/MSR-project/MSFR/stage3_cardinal/th_transient.i:897.3: unused parameter 'Outputs/output_frequency'[39m

Time Step 0, time = 0

Time Step 1, time = 1e-05, dt = 1e-05
Currently Executing
    Computing Residual
      Finished Computing Rhie-Chow coefficients                                          [[33m  1.04 s[39m] [[33m  431 MB[39m]
    Finished Computing Residual                                                          [[33m  2.16 s[39m] [[33m  518 MB[39m]
 0 Nonlinear |R| = [32m6.004574e+03[39m
      0 Linear |R| = [32m6.004574e+03[39m
      1 Linear |R| = [32m5.973565e-08[39m
 1 Nonlinear |R| = [33m5.945304e+03[39m

[33m
*** Warning ***
/home/ubuntu/MSR-project/MSFR/stage3_cardinal/th_transient.i:484.3:
The following occurred in the FVKernel 'vel_x_diffusion_turbulent' of type INSFVMomentumDiffusion.

Negative face viscosity has been encountered. Value -43.5881 at (x,y,z)=( 2.00841, 0.389381, 0.472314) limiting it to 0!
Further warnings for this issue will be silenced, but the occurrences will be recorded through the solution invalidity interface.[39m
      0 Linear |R| = [32m5.945304e+03[39m
      1 Linear |R| = [32m5.949644e-08[39m
 2 Nonlinear |R| = [31m1.592236e+05[39m
