--------------------------------------------------------------------------
A requested component was not found, or was unable to be opened.  This
means that this component is either not installed or is unable to be
used on your system (e.g., sometimes this means that shared libraries
that the component requires are unable to be found/loaded).  Note that
PMIX stopped checking at the first component that it did not find.

Host:      RTXWS
Framework: gds
Component: shmem
--------------------------------------------------------------------------

--------------------------------------------------------------------------
A requested component was not found, or was unable to be opened.  This
means that this component is either not installed or is unable to be
used on your system (e.g., sometimes this means that shared libraries
that the component requires are unable to be found/loaded).  Note that
PMIX stopped checking at the first component that it did not find.

Host:      RTXWS
Framework: gds
Component: shmem
--------------------------------------------------------------------------

--------------------------------------------------------------------------
A requested component was not found, or was unable to be opened.  This
means that this component is either not installed or is unable to be
used on your system (e.g., sometimes this means that shared libraries
that the component requires are unable to be found/loaded).  Note that
PMIX stopped checking at the first component that it did not find.

Host:      RTXWS
Framework: gds
Component: shmem
--------------------------------------------------------------------------

--------------------------------------------------------------------------
A requested component was not found, or was unable to be opened.  This
means that this component is either not installed or is unable to be
used on your system (e.g., sometimes this means that shared libraries
that the component requires are unable to be found/loaded).  Note that
PMIX stopped checking at the first component that it did not find.

Host:      RTXWS
Framework: gds
Component: shmem
--------------------------------------------------------------------------

--------------------------------------------------------------------------
A requested component was not found, or was unable to be opened.  This
means that this component is either not installed or is unable to be
used on your system (e.g., sometimes this means that shared libraries
that the component requires are unable to be found/loaded).  Note that
PMIX stopped checking at the first component that it did not find.

Host:      RTXWS
Framework: gds
Component: shmem
--------------------------------------------------------------------------

--------------------------------------------------------------------------
A requested component was not found, or was unable to be opened.  This
means that this component is either not installed or is unable to be
used on your system (e.g., sometimes this means that shared libraries
that the component requires are unable to be found/loaded).  Note that
PMIX stopped checking at the first component that it did not find.

Host:      RTXWS
Framework: gds
Component: shmem
--------------------------------------------------------------------------

--------------------------------------------------------------------------
A requested component was not found, or was unable to be opened.  This
means that this component is either not installed or is unable to be
used on your system (e.g., sometimes this means that shared libraries
that the component requires are unable to be found/loaded).  Note that
PMIX stopped checking at the first component that it did not find.

Host:      RTXWS
Framework: gds
Component: shmem
--------------------------------------------------------------------------

--------------------------------------------------------------------------
A requested component was not found, or was unable to be opened.  This
means that this component is either not installed or is unable to be
used on your system (e.g., sometimes this means that shared libraries
that the component requires are unable to be found/loaded).  Note that
PMIX stopped checking at the first component that it did not find.

Host:      RTXWS
Framework: gds
Component: shmem
--------------------------------------------------------------------------


[36m
*** Info ***
'execute_on' parameter specified in [Outputs] block is ignored for object 'checkpoint'.
Define this object in its own sub-block of [Outputs] to modify its execution schedule.[39m
Setting Up
  Finished Initializing                                                                  [[33m  2.19 s[39m] [[33m  328 MB[39m]
Finished Setting Up                                                                      [[33m  2.77 s[39m] [[33m  328 MB[39m]

[31m
*** ERROR ***
/home/ubuntu/MSR-project/MSFR/stage3_cardinal/th_transient.i:82.1:
The following occurred in the Problem 'MOOSE Problem' of type FEProblem.

Need Exodus reader to restart variables but the reader is not available
Use either FileMesh with an Exodus mesh file or FileMeshGenerator with an Exodus mesh file and with use_for_exodus_restart equal to true[39m


[31m
*** ERROR ***
/home/ubuntu/MSR-project/MSFR/stage3_cardinal/th_transient.i:82.1:
The following occurred in the Problem 'MOOSE Problem' of type FEProblem.

Need Exodus reader to restart variables but the reader is not available
Use either FileMesh with an Exodus mesh file or FileMeshGenerator with an Exodus mesh file and with use_for_exodus_restart equal to true[39m


[31m
*** ERROR ***
/home/ubuntu/MSR-project/MSFR/stage3_cardinal/th_transient.i:82.1:
The following occurred in the Problem 'MOOSE Problem' of type FEProblem.

Need Exodus reader to restart variables but the reader is not available
Use either FileMesh with an Exodus mesh file or FileMeshGenerator with an Exodus mesh file and with use_for_exodus_restart equal to true[39m


[31m
*** ERROR ***
/home/ubuntu/MSR-project/MSFR/stage3_cardinal/th_transient.i:82.1:
The following occurred in the Problem 'MOOSE Problem' of type FEProblem.

Need Exodus reader to restart variables but the reader is not available
Use either FileMesh with an Exodus mesh file or FileMeshGenerator with an Exodus mesh file and with use_for_exodus_restart equal to true[39m

--------------------------------------------------------------------------
MPI_ABORT was invoked on rank 2 in communicator MPI_COMM_WORLD
with errorcode 1.

NOTE: invoking MPI_ABORT causes Open MPI to kill all MPI processes.
You may or may not see output from other processes, depending on
exactly when Open MPI kills them.
--------------------------------------------------------------------------
[RTXWS:38254] 3 more processes have sent help message help-mpi-api.txt / mpi-abort
[RTXWS:38254] Set MCA parameter "orte_base_help_aggregate" to 0 to see all help / error messages
