--------------------------------------------------------------------------
A requested component was not found, or was unable to be opened.  This
means that this component is either not installed or is unable to be
used on your system (e.g., sometimes this means that shared libraries
that the component requires are unable to be found/loaded).  Note that
PMIX stopped checking at the first component that it did not find.

Host:      RTXWS
Framework: gds
Component: shmem
--------------------------------------------------------------------------

--------------------------------------------------------------------------
A requested component was not found, or was unable to be opened.  This
means that this component is either not installed or is unable to be
used on your system (e.g., sometimes this means that shared libraries
that the component requires are unable to be found/loaded).  Note that
PMIX stopped checking at the first component that it did not find.

Host:      RTXWS
Framework: gds
Component: shmem
--------------------------------------------------------------------------

--------------------------------------------------------------------------
A requested component was not found, or was unable to be opened.  This
means that this component is either not installed or is unable to be
used on your system (e.g., sometimes this means that shared libraries
that the component requires are unable to be found/loaded).  Note that
PMIX stopped checking at the first component that it did not find.

Host:      RTXWS
Framework: gds
Component: shmem
--------------------------------------------------------------------------

--------------------------------------------------------------------------
A requested component was not found, or was unable to be opened.  This
means that this component is either not installed or is unable to be
used on your system (e.g., sometimes this means that shared libraries
that the component requires are unable to be found/loaded).  Note that
PMIX stopped checking at the first component that it did not find.

Host:      RTXWS
Framework: gds
Component: shmem
--------------------------------------------------------------------------

--------------------------------------------------------------------------
A requested component was not found, or was unable to be opened.  This
means that this component is either not installed or is unable to be
used on your system (e.g., sometimes this means that shared libraries
that the component requires are unable to be found/loaded).  Note that
PMIX stopped checking at the first component that it did not find.

Host:      RTXWS
Framework: gds
Component: shmem
--------------------------------------------------------------------------

--------------------------------------------------------------------------
A requested component was not found, or was unable to be opened.  This
means that this component is either not installed or is unable to be
used on your system (e.g., sometimes this means that shared libraries
that the component requires are unable to be found/loaded).  Note that
PMIX stopped checking at the first component that it did not find.

Host:      RTXWS
Framework: gds
Component: shmem
--------------------------------------------------------------------------

--------------------------------------------------------------------------
A requested component was not found, or was unable to be opened.  This
means that this component is either not installed or is unable to be
used on your system (e.g., sometimes this means that shared libraries
that the component requires are unable to be found/loaded).  Note that
PMIX stopped checking at the first component that it did not find.

Host:      RTXWS
Framework: gds
Component: shmem
--------------------------------------------------------------------------

--------------------------------------------------------------------------
A requested component was not found, or was unable to be opened.  This
means that this component is either not installed or is unable to be
used on your system (e.g., sometimes this means that shared libraries
that the component requires are unable to be found/loaded).  Note that
PMIX stopped checking at the first component that it did not find.

Host:      RTXWS
Framework: gds
Component: shmem
--------------------------------------------------------------------------


[36m
*** Info ***
'execute_on' parameter specified in [Outputs] block is ignored for object 'checkpoint'.
Define this object in its own sub-block of [Outputs] to modify its execution schedule.[39m
Setting Up
  Finished Initializing                                                                  [[33m  2.23 s[39m] [[33m  329 MB[39m]
Finished Setting Up                                                                      [[33m  2.83 s[39m] [[33m  329 MB[39m]
Framework Information:
MOOSE Version:           git commit b1e271b638 on 2025-10-10
LibMesh Version:         
PETSc Version:           3.23.4
SLEPc Version:           3.23.2
Current Time:            Mon Apr 27 11:20:16 2026
Executable Timestamp:    Tue Apr 14 14:29:53 2026

Input File(s):
  /home/ubuntu/MSR-project/MSFR/stage3_cardinal/th_transient.i

Checkpoint:
  Wall Time Interval:      Every 3600 s
  User Checkpoint:         Outputs/checkpoint
  # Checkpoints Kept:      2
  Execute On:              TIMESTEP_END 

Parallelism:
  Num Processors:          4
  Num Threads:             1

Mesh: 
  Parallel Type:           replicated
  Mesh Dimension:          3
  Spatial Dimension:       3
  Nodes:                   
    Total:                 9245
    Local:                 2162
    Min/Max/Avg:           2004/2614/2311
  Elems:                   
    Total:                 35186
    Local:                 8797
    Min/Max/Avg:           8796/8797/8796
  Num Subdomains:          1
  Num Partitions:          4
  Partitioner:             metis

Nonlinear System:
  Num DOFs:                211116
  Num Local DOFs:          52782
  Variables:               { "vel_x" "vel_y" "vel_z" "pressure" "TKE" "TKED" } 
  Finite Element Types:    "MONOMIAL" 
  Approximation Orders:    "CONSTANT" 

Auxiliary System:
  Num DOFs:                105558
  Num Local DOFs:          26391
  Variables:               { "power_density" "mu_t" "yplus" } 
  Finite Element Types:    "MONOMIAL" 
  Approximation Orders:    "CONSTANT" 

Execution Information:
  Executioner:             Transient
  TimeStepper:             IterationAdaptiveDT
  TimeIntegrator(s):       ImplicitEuler
  Solver Mode:             NEWTON 
  PETSc Preconditioner:    lu 
  MOOSE Preconditioner:    SMP (auto) 

[33m
*** Warning ***
/home/ubuntu/MSR-project/MSFR/stage3_cardinal/th_transient.i:36.1: unused parameter 'cp'
/home/ubuntu/MSR-project/MSFR/stage3_cardinal/th_transient.i:37.1: unused parameter 'k'
/home/ubuntu/MSR-project/MSFR/stage3_cardinal/th_transient.i:215.5: unused parameter 'Variables/TKE/lower_bound'
/home/ubuntu/MSR-project/MSFR/stage3_cardinal/th_transient.i:231.5: unused parameter 'Variables/TKED/lower_bound'
/home/ubuntu/MSR-project/MSFR/stage3_cardinal/th_transient.i:895.3: unused parameter 'Outputs/output_frequency'[39m

Time Step 0, time = 0

Time Step 1, time = 0.0001, dt = 0.0001
Currently Executing
    Computing Residual
      Finished Computing Rhie-Chow coefficients                                          [[33m  1.03 s[39m] [[33m  468 MB[39m]
    Finished Computing Residual                                                          [[33m  2.17 s[39m] [[33m  555 MB[39m]
 0 Nonlinear |R| = [32m6.004574e+03[39m
      0 Linear |R| = [32m6.004574e+03[39m
      1 Linear |R| = [32m6.125098e-09[39m
 1 Nonlinear |R| = [32m5.280619e+03[39m

[33m
*** Warning ***
/home/ubuntu/MSR-project/MSFR/stage3_cardinal/th_transient.i:482.3:
The following occurred in the FVKernel 'vel_x_diffusion_turbulent' of type INSFVMomentumDiffusion.

Negative face viscosity has been encountered. Value -0.699961 at (x,y,z)=( 2.00841, 0.389381, 0.472314) limiting it to 0!
Further warnings for this issue will be silenced, but the occurrences will be recorded through the solution invalidity interface.[39m
      0 Linear |R| = [32m5.280619e+03[39m
      1 Linear |R| = [32m5.311891e-09[39m
 2 Nonlinear |R| = [32m4.555597e+03[39m
      0 Linear |R| = [32m4.555597e+03[39m
      1 Linear |R| = [32m4.676978e-09[39m
  Nonlinear solve did not converge due to DIVERGED_LINE_SEARCH iterations 2

Solution Invalid Warnings:
-----------------------------------------------------------------------------------------------------------------
|         Object         | Converged | Timestep | Total |                        Message                        |
-----------------------------------------------------------------------------------------------------------------
| INSFVMomentumDiffusion |      1926 |    29370 | 29370 | Negative face dynamic viscosity has been encountered. |
-----------------------------------------------------------------------------------------------------------------

[33m
*** Warning ***
The solution is not converged due to the solution being invalid.[39m
[31m Solve Did NOT Converge![39m
  Finished Solving                                                                       [[33m182.59 s[39m] [[33m  684 MB[39m]


Solution Invalid Warnings History:
----------------------------------------------------------------------------------------------------------------------------
|                                     Object                                     | Time | Stepinterval Count | Total Count |
----------------------------------------------------------------------------------------------------------------------------
| INSFVMomentumDiffusion : Negative face dynamic viscosity has been encountered. | 0-1  |                  0 |           0 |
----------------------------------------------------------------------------------------------------------------------------
Aborting as solve did not converge

Solve failed, cutting timestep.

Time Step 1, time = 5e-05, dt = 5e-05
 0 Nonlinear |R| = [32m6.004574e+03[39m
      0 Linear |R| = [32m6.004574e+03[39m
      1 Linear |R| = [32m1.206547e-08[39m
 1 Nonlinear |R| = [32m5.644768e+03[39m
      0 Linear |R| = [32m5.644768e+03[39m
      1 Linear |R| = [32m1.152949e-08[39m
 2 Nonlinear |R| = [32m5.284045e+03[39m
      0 Linear |R| = [32m5.284045e+03[39m
      1 Linear |R| = [32m1.084172e-08[39m
  Nonlinear solve did not converge due to DIVERGED_LINE_SEARCH iterations 2

Solution Invalid Warnings:
-----------------------------------------------------------------------------------------------------------------
|         Object         | Converged | Timestep | Total |                        Message                        |
-----------------------------------------------------------------------------------------------------------------
| INSFVMomentumDiffusion |      2949 |    44679 | 74049 | Negative face dynamic viscosity has been encountered. |
-----------------------------------------------------------------------------------------------------------------

[33m
*** Warning ***
The solution is not converged due to the solution being invalid.[39m
[31m Solve Did NOT Converge![39m
  Finished Solving                                                                       [[33m184.51 s[39m] [[33m  684 MB[39m]


Solution Invalid Warnings History:
----------------------------------------------------------------------------------------------------------------------------
|                                     Object                                     | Time | Stepinterval Count | Total Count |
----------------------------------------------------------------------------------------------------------------------------
| INSFVMomentumDiffusion : Negative face dynamic viscosity has been encountered. | 0-1  |                  0 |           0 |
----------------------------------------------------------------------------------------------------------------------------
Aborting as solve did not converge

Solve failed, cutting timestep.

Time Step 1, time = 2.5e-05, dt = 2.5e-05
 0 Nonlinear |R| = [32m6.004574e+03[39m
      0 Linear |R| = [32m6.004574e+03[39m
      1 Linear |R| = [32m2.413533e-08[39m
 1 Nonlinear |R| = [33m5.825501e+03[39m
      0 Linear |R| = [32m5.825501e+03[39m
      1 Linear |R| = [32m2.355748e-08[39m
 2 Nonlinear |R| = [33m5.645583e+03[39m
      0 Linear |R| = [32m5.645583e+03[39m
      1 Linear |R| = [32m2.327224e-08[39m
  Nonlinear solve did not converge due to DIVERGED_LINE_SEARCH iterations 2

Solution Invalid Warnings:
-----------------------------------------------------------------------------------------------------------------
|         Object         | Converged | Timestep | Total |                        Message                        |
-----------------------------------------------------------------------------------------------------------------
| INSFVMomentumDiffusion |       378 |     6066 | 80115 | Negative face dynamic viscosity has been encountered. |
-----------------------------------------------------------------------------------------------------------------

[33m
*** Warning ***
The solution is not converged due to the solution being invalid.[39m
[31m Solve Did NOT Converge![39m
  Finished Solving                                                                       [[33m183.61 s[39m] [[33m  684 MB[39m]


Solution Invalid Warnings History:
----------------------------------------------------------------------------------------------------------------------------
|                                     Object                                     | Time | Stepinterval Count | Total Count |
----------------------------------------------------------------------------------------------------------------------------
| INSFVMomentumDiffusion : Negative face dynamic viscosity has been encountered. | 0-1  |                  0 |           0 |
----------------------------------------------------------------------------------------------------------------------------
Aborting as solve did not converge

Solve failed, cutting timestep.

Time Step 1, time = 1.25e-05, dt = 1.25e-05
 0 Nonlinear |R| = [32m6.004574e+03[39m
      0 Linear |R| = [32m6.004574e+03[39m
      1 Linear |R| = [31m-nan[39m
    Linear solve did not converge due to DIVERGED_PC_FAILED iterations 0
                   PC failed due to FACTOR_OUTMEMORY
  Nonlinear solve did not converge due to DIVERGED_LINE_SEARCH iterations 0
[31m Solve Did NOT Converge![39m
  Finished Solving                                                                       [[33m 59.19 s[39m] [[33m  684 MB[39m]
Aborting as solve did not converge

Solve failed, cutting timestep.

Time Step 1, time = 6.25e-06, dt = 6.25e-06
 0 Nonlinear |R| = [32m6.004574e+03[39m
      0 Linear |R| = [32m6.004574e+03[39m
      1 Linear |R| = [32m9.845605e-08[39m
 1 Nonlinear |R| = [33m5.960469e+03[39m
      0 Linear |R| = [32m5.960469e+03[39m
      1 Linear |R| = [32m9.874570e-08[39m
 2 Nonlinear |R| = [33m5.915575e+03[39m
      0 Linear |R| = [32m5.915575e+03[39m
      1 Linear |R| = [32m9.473580e-08[39m
  Nonlinear solve did not converge due to DIVERGED_LINE_SEARCH iterations 2

Solution Invalid Warnings:
-----------------------------------------------------------------------------------------------------------------
|         Object         | Converged | Timestep | Total |                        Message                        |
-----------------------------------------------------------------------------------------------------------------
| INSFVMomentumDiffusion |        21 |      357 | 80472 | Negative face dynamic viscosity has been encountered. |
-----------------------------------------------------------------------------------------------------------------

[33m
*** Warning ***
The solution is not converged due to the solution being invalid.[39m
[31m Solve Did NOT Converge![39m
  Finished Solving                                                                       [[33m182.39 s[39m] [[33m  688 MB[39m]


Solution Invalid Warnings History:
----------------------------------------------------------------------------------------------------------------------------
|                                     Object                                     | Time | Stepinterval Count | Total Count |
----------------------------------------------------------------------------------------------------------------------------
| INSFVMomentumDiffusion : Negative face dynamic viscosity has been encountered. | 0-1  |                  0 |           0 |
----------------------------------------------------------------------------------------------------------------------------
Aborting as solve did not converge

Solve failed, cutting timestep.

Time Step 1, time = 3.125e-06, dt = 3.125e-06
 0 Nonlinear |R| = [32m6.004574e+03[39m
      0 Linear |R| = [32m6.004574e+03[39m
      1 Linear |R| = [32m1.958411e-07[39m
 1 Nonlinear |R| = [33m5.982916e+03[39m
      0 Linear |R| = [32m5.982916e+03[39m
      1 Linear |R| = [32m1.964502e-07[39m
 2 Nonlinear |R| = [33m5.960471e+03[39m
      0 Linear |R| = [32m5.960471e+03[39m
      1 Linear |R| = [32m1.953540e-07[39m
 3 Nonlinear |R| = [33m5.938026e+03[39m
      0 Linear |R| = [32m5.938026e+03[39m
      1 Linear |R| = [32m1.934201e-07[39m
 4 Nonlinear |R| = [33m5.915581e+03[39m
      0 Linear |R| = [32m5.915581e+03[39m
      1 Linear |R| = [32m1.927611e-07[39m
 5 Nonlinear |R| = [33m5.893135e+03[39m
      0 Linear |R| = [32m5.893135e+03[39m
      1 Linear |R| = [32m1.969804e-07[39m
  Nonlinear solve did not converge due to DIVERGED_LINE_SEARCH iterations 5

Solution Invalid Warnings:
-----------------------------------------------------------------------------------------------------------------
|         Object         | Converged | Timestep | Total |                        Message                        |
-----------------------------------------------------------------------------------------------------------------
| INSFVMomentumDiffusion |        96 |     1452 | 81924 | Negative face dynamic viscosity has been encountered. |
-----------------------------------------------------------------------------------------------------------------

[33m
*** Warning ***
The solution is not converged due to the solution being invalid.[39m
[31m Solve Did NOT Converge![39m
  Finished Solving                                                                       [[33m340.92 s[39m] [[33m  688 MB[39m]


Solution Invalid Warnings History:
----------------------------------------------------------------------------------------------------------------------------
|                                     Object                                     | Time | Stepinterval Count | Total Count |
----------------------------------------------------------------------------------------------------------------------------
| INSFVMomentumDiffusion : Negative face dynamic viscosity has been encountered. | 0-1  |                  0 |           0 |
----------------------------------------------------------------------------------------------------------------------------
Aborting as solve did not converge

Solve failed, cutting timestep.

Time Step 1, time = 1.5625e-06, dt = 1.5625e-06
 0 Nonlinear |R| = [32m6.004574e+03[39m
      0 Linear |R| = [32m6.004574e+03[39m
      1 Linear |R| = [31m-nan[39m
    Linear solve did not converge due to DIVERGED_PC_FAILED iterations 0
                   PC failed due to FACTOR_OUTMEMORY
  Nonlinear solve did not converge due to DIVERGED_LINE_SEARCH iterations 0
[31m Solve Did NOT Converge![39m
  Finished Solving                                                                       [[33m 58.69 s[39m] [[33m  688 MB[39m]
Aborting as solve did not converge

Solve failed, cutting timestep.

Time Step 1, time = 7.8125e-07, dt = 7.8125e-07
 0 Nonlinear |R| = [32m6.004574e+03[39m
      0 Linear |R| = [32m6.004574e+03[39m
      1 Linear |R| = [31m-nan[39m
    Linear solve did not converge due to DIVERGED_PC_FAILED iterations 0
                   PC failed due to FACTOR_OUTMEMORY
  Nonlinear solve did not converge due to DIVERGED_LINE_SEARCH iterations 0
[31m Solve Did NOT Converge![39m
  Finished Solving                                                                       [[33m 56.90 s[39m] [[33m  688 MB[39m]
Aborting as solve did not converge

Solve failed, cutting timestep.

Time Step 1, time = 3.90625e-07, dt = 3.90625e-07
 0 Nonlinear |R| = [32m6.004574e+03[39m
      0 Linear |R| = [32m6.004574e+03[39m
      1 Linear |R| = [31m-nan[39m
    Linear solve did not converge due to DIVERGED_PC_FAILED iterations 0
                   PC failed due to FACTOR_OUTMEMORY
  Nonlinear solve did not converge due to DIVERGED_LINE_SEARCH iterations 0
[31m Solve Did NOT Converge![39m
  Finished Solving                                                                       [[33m 54.46 s[39m] [[33m  688 MB[39m]
Aborting as solve did not converge

Solve failed, cutting timestep.

Time Step 1, time = 1.95313e-07, dt = 1.95313e-07
 0 Nonlinear |R| = [32m6.004574e+03[39m
      0 Linear |R| = [32m6.004574e+03[39m
      1 Linear |R| = [32m3.045426e-06[39m
 1 Nonlinear |R| = [33m6.003947e+03[39m
      0 Linear |R| = [32m6.003947e+03[39m
      1 Linear |R| = [32m3.182124e-06[39m
 2 Nonlinear |R| = [33m6.002544e+03[39m
      0 Linear |R| = [32m6.002544e+03[39m
      1 Linear |R| = [32m3.142625e-06[39m
 3 Nonlinear |R| = [33m6.001142e+03[39m
      0 Linear |R| = [32m6.001142e+03[39m
      1 Linear |R| = [32m3.159007e-06[39m
 4 Nonlinear |R| = [33m5.999740e+03[39m
      0 Linear |R| = [32m5.999740e+03[39m
      1 Linear |R| = [32m3.149141e-06[39m
 5 Nonlinear |R| = [33m5.998338e+03[39m
      0 Linear |R| = [32m5.998338e+03[39m
      1 Linear |R| = [32m3.087331e-06[39m
 6 Nonlinear |R| = [33m5.996935e+03[39m
      0 Linear |R| = [32m5.996935e+03[39m
      1 Linear |R| = [32m3.165527e-06[39m
 7 Nonlinear |R| = [33m5.995533e+03[39m
      0 Linear |R| = [32m5.995533e+03[39m
      1 Linear |R| = [32m3.144039e-06[39m
 8 Nonlinear |R| = [33m5.994131e+03[39m
      0 Linear |R| = [32m5.994131e+03[39m
      1 Linear |R| = [32m3.128246e-06[39m
 9 Nonlinear |R| = [33m5.992728e+03[39m
      0 Linear |R| = [32m5.992728e+03[39m
      1 Linear |R| = [32m3.136135e-06[39m
10 Nonlinear |R| = [33m5.991326e+03[39m
  Nonlinear solve did not converge due to DIVERGED_MAX_IT iterations 10
[31m Solve Did NOT Converge![39m
  Finished Solving                                                                       [[33m535.73 s[39m] [[33m  686 MB[39m]
Aborting as solve did not converge

Solve failed, cutting timestep.

Time Step 1, time = 9.76563e-08, dt = 9.76563e-08
 0 Nonlinear |R| = [32m6.004574e+03[39m
      0 Linear |R| = [32m6.004574e+03[39m
      1 Linear |R| = [32m6.221095e-06[39m
  Nonlinear solve did not converge due to DIVERGED_LINE_SEARCH iterations 0
[31m Solve Did NOT Converge![39m
  Finished Solving                                                                       [[33m 78.34 s[39m] [[33m  686 MB[39m]
Aborting as solve did not converge

Solve failed, cutting timestep.

Time Step 1, time = 4.88281e-08, dt = 4.88281e-08
 0 Nonlinear |R| = [32m6.004574e+03[39m
