--------------------------------------------------------------------------
WARNING: Linux kernel CMA support was requested via the
btl_vader_single_copy_mechanism MCA variable, but CMA support is
not available due to restrictive ptrace settings.

The vader shared memory BTL will fall back on another single-copy
mechanism if one is available. This may result in lower performance.

  Local host: I0950B
--------------------------------------------------------------------------

[36m
*** Info ***
'execute_on' parameter specified in [Outputs] block is ignored for object 'checkpoint'.
Define this object in its own sub-block of [Outputs] to modify its execution schedule.[39m
Setting Up
  Finished Initializing                                                                  [[33m  1.06 s[39m] [[33m  329 MB[39m]
Finished Setting Up                                                                      [[33m  1.40 s[39m] [[33m  329 MB[39m]
Framework Information:
MOOSE Version:           git commit b1e271b638 on 2025-10-10
LibMesh Version:         
PETSc Version:           3.23.4
SLEPc Version:           3.23.2
Current Time:            Sat Apr 25 00:07:26 2026
Executable Timestamp:    Sun Apr 12 16:51:55 2026

Input File(s):
  /home/bruce/MSR-project/MSFR/stage3_cardinal/th_transient.i

Checkpoint:
  Wall Time Interval:      Every 3600 s
  User Checkpoint:         Outputs/checkpoint
  # Checkpoints Kept:      2
  Execute On:              TIMESTEP_END 

Parallelism:
  Num Processors:          4
  Num Threads:             1

Mesh: 
  Parallel Type:           replicated
  Mesh Dimension:          3
  Spatial Dimension:       3
  Nodes:                   
    Total:                 9245
    Local:                 2162
    Min/Max/Avg:           2004/2614/2311
  Elems:                   
    Total:                 35186
    Local:                 8797
    Min/Max/Avg:           8796/8797/8796
  Num Subdomains:          1
  Num Partitions:          4
  Partitioner:             metis

Nonlinear System:
  Num DOFs:                211116
  Num Local DOFs:          52782
  Variables:               { "vel_x" "vel_y" "vel_z" "pressure" "TKE" "TKED" } 
  Finite Element Types:    "MONOMIAL" 
  Approximation Orders:    "CONSTANT" 

Auxiliary System:
  Num DOFs:                105558
  Num Local DOFs:          26391
  Variables:               { "power_density" "mu_t" "yplus" } 
  Finite Element Types:    "MONOMIAL" 
  Approximation Orders:    "CONSTANT" 

Execution Information:
  Executioner:             Transient
  TimeStepper:             IterationAdaptiveDT
  TimeIntegrator(s):       ImplicitEuler
  Solver Mode:             Preconditioned JFNK 
  PETSc Preconditioner:    asm ilu 

[33m
*** Warning ***
/home/bruce/MSR-project/MSFR/stage3_cardinal/th_transient.i:36.1: unused parameter 'cp'
/home/bruce/MSR-project/MSFR/stage3_cardinal/th_transient.i:37.1: unused parameter 'k'
/home/bruce/MSR-project/MSFR/stage3_cardinal/th_transient.i:215.5: unused parameter 'Variables/TKE/lower_bound'
/home/bruce/MSR-project/MSFR/stage3_cardinal/th_transient.i:231.5: unused parameter 'Variables/TKED/lower_bound'
/home/bruce/MSR-project/MSFR/stage3_cardinal/th_transient.i:895.3: unused parameter 'Outputs/output_frequency'[39m

Time Step 0, time = 0

Time Step 1, time = 0.0001, dt = 0.0001
Currently Executing
    Computing Residual
      Finished Computing Rhie-Chow coefficients                                          [[33m  0.49 s[39m] [[33m  467 MB[39m]
    Finished Computing Residual                                                          [[33m  1.09 s[39m] [[33m  554 MB[39m]
 0 Nonlinear |R| = [32m6.004574e+03[39m
[I0950B:13575] 3 more processes have sent help message help-btl-vader.txt / cma-permission-denied
[I0950B:13575] Set MCA parameter "orte_base_help_aggregate" to 0 to see all help / error messages
      0 Linear |R| = [32m6.004574e+03[39m
      1 Linear |R| = [33m6.004106e+03[39m
      2 Linear |R| = [33m6.004060e+03[39m
      3 Linear |R| = [33m6.004014e+03[39m
      4 Linear |R| = [33m6.003967e+03[39m
      5 Linear |R| = [33m6.003921e+03[39m
      6 Linear |R| = [33m6.003875e+03[39m
      7 Linear |R| = [33m6.003828e+03[39m
      8 Linear |R| = [33m6.003782e+03[39m
      9 Linear |R| = [33m6.003736e+03[39m
     10 Linear |R| = [33m6.003690e+03[39m
     11 Linear |R| = [33m6.003643e+03[39m
     12 Linear |R| = [33m6.003597e+03[39m
     13 Linear |R| = [33m6.003551e+03[39m
     14 Linear |R| = [33m6.003504e+03[39m
     15 Linear |R| = [33m6.003458e+03[39m
     16 Linear |R| = [33m6.003412e+03[39m
     17 Linear |R| = [33m6.003366e+03[39m
     18 Linear |R| = [33m6.003319e+03[39m
     19 Linear |R| = [33m6.003273e+03[39m
     20 Linear |R| = [33m6.003227e+03[39m
     21 Linear |R| = [33m6.003181e+03[39m
     22 Linear |R| = [33m6.003134e+03[39m
     23 Linear |R| = [33m6.003088e+03[39m
     24 Linear |R| = [33m6.003042e+03[39m
     25 Linear |R| = [33m6.002995e+03[39m
     26 Linear |R| = [33m6.002949e+03[39m
     27 Linear |R| = [33m6.002903e+03[39m
     28 Linear |R| = [33m6.002857e+03[39m
     29 Linear |R| = [33m6.002810e+03[39m
     30 Linear |R| = [33m6.002764e+03[39m
     31 Linear |R| = [33m6.002718e+03[39m
     32 Linear |R| = [33m6.002672e+03[39m
     33 Linear |R| = [33m6.002625e+03[39m
     34 Linear |R| = [33m6.002579e+03[39m
     35 Linear |R| = [33m6.002533e+03[39m
     36 Linear |R| = [33m6.002487e+03[39m
     37 Linear |R| = [33m6.002440e+03[39m
     38 Linear |R| = [33m6.002394e+03[39m
     39 Linear |R| = [33m6.002348e+03[39m
     40 Linear |R| = [33m6.002302e+03[39m
     41 Linear |R| = [33m6.002255e+03[39m
     42 Linear |R| = [33m6.002209e+03[39m
     43 Linear |R| = [33m6.002163e+03[39m
     44 Linear |R| = [33m6.002117e+03[39m
     45 Linear |R| = [33m6.002070e+03[39m
     46 Linear |R| = [33m6.002024e+03[39m
     47 Linear |R| = [33m6.001978e+03[39m
     48 Linear |R| = [33m6.001932e+03[39m
     49 Linear |R| = [33m6.001885e+03[39m
     50 Linear |R| = [33m6.001839e+03[39m
     51 Linear |R| = [33m6.001793e+03[39m
     52 Linear |R| = [33m6.001747e+03[39m
     53 Linear |R| = [33m6.001700e+03[39m
     54 Linear |R| = [33m6.001654e+03[39m
     55 Linear |R| = [33m6.001608e+03[39m
     56 Linear |R| = [33m6.001562e+03[39m
     57 Linear |R| = [33m6.001515e+03[39m
     58 Linear |R| = [33m6.001469e+03[39m
     59 Linear |R| = [33m6.001423e+03[39m
     60 Linear |R| = [33m6.001377e+03[39m
     61 Linear |R| = [33m6.001331e+03[39m
     62 Linear |R| = [33m6.001284e+03[39m
     63 Linear |R| = [33m6.001238e+03[39m
     64 Linear |R| = [33m6.001192e+03[39m
     65 Linear |R| = [33m6.001146e+03[39m
     66 Linear |R| = [33m6.001099e+03[39m
     67 Linear |R| = [33m6.001053e+03[39m
     68 Linear |R| = [33m6.001007e+03[39m
     69 Linear |R| = [33m6.000961e+03[39m
     70 Linear |R| = [33m6.000914e+03[39m
     71 Linear |R| = [33m6.000868e+03[39m
     72 Linear |R| = [33m6.000822e+03[39m
     73 Linear |R| = [33m6.000776e+03[39m
     74 Linear |R| = [33m6.000730e+03[39m
     75 Linear |R| = [33m6.000683e+03[39m
     76 Linear |R| = [33m6.000637e+03[39m
     77 Linear |R| = [33m6.000591e+03[39m
     78 Linear |R| = [33m6.000545e+03[39m
     79 Linear |R| = [33m6.000499e+03[39m
     80 Linear |R| = [33m6.000452e+03[39m
     81 Linear |R| = [33m6.000406e+03[39m
     82 Linear |R| = [33m6.000360e+03[39m
     83 Linear |R| = [33m6.000314e+03[39m
     84 Linear |R| = [33m6.000268e+03[39m
     85 Linear |R| = [33m6.000221e+03[39m
     86 Linear |R| = [33m6.000175e+03[39m
     87 Linear |R| = [33m6.000129e+03[39m
     88 Linear |R| = [33m6.000083e+03[39m
     89 Linear |R| = [33m6.000037e+03[39m
     90 Linear |R| = [33m5.999990e+03[39m
     91 Linear |R| = [33m5.999944e+03[39m
     92 Linear |R| = [33m5.999898e+03[39m
     93 Linear |R| = [33m5.999852e+03[39m
     94 Linear |R| = [33m5.999806e+03[39m
     95 Linear |R| = [33m5.999759e+03[39m
     96 Linear |R| = [33m5.999713e+03[39m
     97 Linear |R| = [33m5.999667e+03[39m
     98 Linear |R| = [33m5.999621e+03[39m
     99 Linear |R| = [33m5.999575e+03[39m
    100 Linear |R| = [33m5.999528e+03[39m
    Linear solve did not converge due to DIVERGED_ITS iterations 100
 1 Nonlinear |R| = [31m7.416589e+03[39m
    Finished Computing Jacobian                                                          [[33m  1.98 s[39m] [[33m  881 MB[39m]
      0 Linear |R| = [32m7.416589e+03[39m
      1 Linear |R| = [33m7.414595e+03[39m
      2 Linear |R| = [33m7.411217e+03[39m
      3 Linear |R| = [33m7.407844e+03[39m
      4 Linear |R| = [33m7.404475e+03[39m
      5 Linear |R| = [33m7.401111e+03[39m
      6 Linear |R| = [33m7.397751e+03[39m
      7 Linear |R| = [33m7.394396e+03[39m
      8 Linear |R| = [33m7.391046e+03[39m
      9 Linear |R| = [33m7.387700e+03[39m
     10 Linear |R| = [33m7.384358e+03[39m
     11 Linear |R| = [33m7.381022e+03[39m
     12 Linear |R| = [33m7.377689e+03[39m
     13 Linear |R| = [33m7.374361e+03[39m
     14 Linear |R| = [33m7.371038e+03[39m
     15 Linear |R| = [33m7.367719e+03[39m
     16 Linear |R| = [33m7.364405e+03[39m
     17 Linear |R| = [33m7.361095e+03[39m
     18 Linear |R| = [33m7.357790e+03[39m
     19 Linear |R| = [33m7.354489e+03[39m
     20 Linear |R| = [33m7.351192e+03[39m
     21 Linear |R| = [33m7.347900e+03[39m
     22 Linear |R| = [33m7.344612e+03[39m
     23 Linear |R| = [33m7.341329e+03[39m
     24 Linear |R| = [33m7.338050e+03[39m
     25 Linear |R| = [33m7.334776e+03[39m
     26 Linear |R| = [33m7.331506e+03[39m
     27 Linear |R| = [33m7.328240e+03[39m
     28 Linear |R| = [33m7.324979e+03[39m
     29 Linear |R| = [33m7.321722e+03[39m
     30 Linear |R| = [33m7.318469e+03[39m
     31 Linear |R| = [33m7.315221e+03[39m
     32 Linear |R| = [33m7.311977e+03[39m
     33 Linear |R| = [33m7.308737e+03[39m
     34 Linear |R| = [33m7.305502e+03[39m
     35 Linear |R| = [33m7.302270e+03[39m
     36 Linear |R| = [33m7.299044e+03[39m
     37 Linear |R| = [33m7.295821e+03[39m
     38 Linear |R| = [33m7.292603e+03[39m
     39 Linear |R| = [33m7.289389e+03[39m
     40 Linear |R| = [33m7.286179e+03[39m
     41 Linear |R| = [33m7.282973e+03[39m
     42 Linear |R| = [33m7.279772e+03[39m
     43 Linear |R| = [33m7.276575e+03[39m
     44 Linear |R| = [33m7.273382e+03[39m
     45 Linear |R| = [33m7.270193e+03[39m
     46 Linear |R| = [33m7.267009e+03[39m
     47 Linear |R| = [33m7.263829e+03[39m
     48 Linear |R| = [33m7.260652e+03[39m
     49 Linear |R| = [33m7.257480e+03[39m
     50 Linear |R| = [33m7.254313e+03[39m
     51 Linear |R| = [33m7.251149e+03[39m
     52 Linear |R| = [33m7.247989e+03[39m
     53 Linear |R| = [33m7.244834e+03[39m
     54 Linear |R| = [33m7.241683e+03[39m
     55 Linear |R| = [33m7.238535e+03[39m
     56 Linear |R| = [33m7.235392e+03[39m
     57 Linear |R| = [33m7.232253e+03[39m
     58 Linear |R| = [33m7.229118e+03[39m
     59 Linear |R| = [33m7.225987e+03[39m
     60 Linear |R| = [33m7.222861e+03[39m
     61 Linear |R| = [33m7.219738e+03[39m
     62 Linear |R| = [33m7.216619e+03[39m
     63 Linear |R| = [33m7.213505e+03[39m
     64 Linear |R| = [33m7.210394e+03[39m
     65 Linear |R| = [33m7.207287e+03[39m
     66 Linear |R| = [33m7.204185e+03[39m
     67 Linear |R| = [33m7.201086e+03[39m
     68 Linear |R| = [33m7.197991e+03[39m
     69 Linear |R| = [33m7.194901e+03[39m
     70 Linear |R| = [33m7.191814e+03[39m
     71 Linear |R| = [33m7.188732e+03[39m
     72 Linear |R| = [33m7.185653e+03[39m
     73 Linear |R| = [33m7.182578e+03[39m
     74 Linear |R| = [33m7.179507e+03[39m
     75 Linear |R| = [33m7.176440e+03[39m
     76 Linear |R| = [33m7.173377e+03[39m
     77 Linear |R| = [33m7.170318e+03[39m
     78 Linear |R| = [33m7.167263e+03[39m
     79 Linear |R| = [33m7.164212e+03[39m
     80 Linear |R| = [33m7.161165e+03[39m
     81 Linear |R| = [33m7.158121e+03[39m
     82 Linear |R| = [33m7.155082e+03[39m
     83 Linear |R| = [33m7.152046e+03[39m
     84 Linear |R| = [33m7.149014e+03[39m
     85 Linear |R| = [33m7.145986e+03[39m
     86 Linear |R| = [33m7.142962e+03[39m
     87 Linear |R| = [33m7.139942e+03[39m
     88 Linear |R| = [33m7.136925e+03[39m
     89 Linear |R| = [33m7.133913e+03[39m
     90 Linear |R| = [33m7.130904e+03[39m
     91 Linear |R| = [33m7.127899e+03[39m
     92 Linear |R| = [33m7.124898e+03[39m
     93 Linear |R| = [33m7.121900e+03[39m
     94 Linear |R| = [33m7.118907e+03[39m
     95 Linear |R| = [33m7.115917e+03[39m
     96 Linear |R| = [33m7.112931e+03[39m
     97 Linear |R| = [33m7.109948e+03[39m
     98 Linear |R| = [33m7.106970e+03[39m
     99 Linear |R| = [33m7.103995e+03[39m
    100 Linear |R| = [33m7.101023e+03[39m
    Linear solve did not converge due to DIVERGED_ITS iterations 100
 2 Nonlinear |R| = [31m9.253776e+05[39m

[33m
*** Warning ***
/home/bruce/MSR-project/MSFR/stage3_cardinal/th_transient.i:522.3:
The following occurred in the FVKernel 'vel_y_diffusion_turbulent' of type INSFVMomentumDiffusion.

Negative face viscosity has been encountered. Value -13.1448 at (x,y,z)=(0.379372, 0.883855, -0.503337) limiting it to 0!
Further warnings for this issue will be silenced, but the occurrences will be recorded through the solution invalidity interface.[39m
      0 Linear |R| = [32m9.253776e+05[39m
      1 Linear |R| = [33m9.249791e+05[39m
      2 Linear |R| = [33m9.246807e+05[39m
      3 Linear |R| = [33m9.243826e+05[39m
      4 Linear |R| = [33m9.240848e+05[39m
      5 Linear |R| = [33m9.237873e+05[39m
      6 Linear |R| = [33m9.234900e+05[39m
      7 Linear |R| = [33m9.231931e+05[39m
      8 Linear |R| = [33m9.228964e+05[39m
      9 Linear |R| = [33m9.226001e+05[39m
     10 Linear |R| = [33m9.223040e+05[39m
     11 Linear |R| = [33m9.220082e+05[39m
     12 Linear |R| = [33m9.217126e+05[39m
     13 Linear |R| = [33m9.214174e+05[39m
     14 Linear |R| = [33m9.211225e+05[39m
     15 Linear |R| = [33m9.208278e+05[39m
     16 Linear |R| = [33m9.205334e+05[39m
     17 Linear |R| = [33m9.202393e+05[39m
     18 Linear |R| = [33m9.199455e+05[39m
     19 Linear |R| = [33m9.196520e+05[39m
     20 Linear |R| = [33m9.193587e+05[39m
     21 Linear |R| = [33m9.190657e+05[39m
     22 Linear |R| = [33m9.187730e+05[39m
     23 Linear |R| = [33m9.184806e+05[39m
     24 Linear |R| = [33m9.181885e+05[39m
     25 Linear |R| = [33m9.178966e+05[39m
     26 Linear |R| = [33m9.176050e+05[39m
     27 Linear |R| = [33m9.173137e+05[39m
     28 Linear |R| = [33m9.170227e+05[39m
     29 Linear |R| = [33m9.167319e+05[39m
     30 Linear |R| = [33m9.164415e+05[39m
     31 Linear |R| = [33m9.161513e+05[39m
     32 Linear |R| = [33m9.158613e+05[39m
     33 Linear |R| = [33m9.155717e+05[39m
     34 Linear |R| = [33m9.152823e+05[39m
     35 Linear |R| = [33m9.149932e+05[39m
     36 Linear |R| = [33m9.147044e+05[39m
     37 Linear |R| = [33m9.144158e+05[39m
     38 Linear |R| = [33m9.141276e+05[39m
     39 Linear |R| = [33m9.138396e+05[39m
     40 Linear |R| = [33m9.135518e+05[39m
     41 Linear |R| = [33m9.132644e+05[39m
     42 Linear |R| = [33m9.129772e+05[39m
     43 Linear |R| = [33m9.126902e+05[39m
     44 Linear |R| = [33m9.124036e+05[39m
     45 Linear |R| = [33m9.121172e+05[39m
     46 Linear |R| = [33m9.118311e+05[39m
     47 Linear |R| = [33m9.115453e+05[39m
     48 Linear |R| = [33m9.112597e+05[39m
     49 Linear |R| = [33m9.109744e+05[39m
     50 Linear |R| = [33m9.106893e+05[39m
     51 Linear |R| = [33m9.104046e+05[39m
     52 Linear |R| = [33m9.101201e+05[39m
     53 Linear |R| = [33m9.098358e+05[39m
     54 Linear |R| = [33m9.095519e+05[39m
     55 Linear |R| = [33m9.092682e+05[39m
     56 Linear |R| = [33m9.089847e+05[39m
     57 Linear |R| = [33m9.087015e+05[39m
     58 Linear |R| = [33m9.084186e+05[39m
     59 Linear |R| = [33m9.081360e+05[39m
     60 Linear |R| = [33m9.078536e+05[39m
     61 Linear |R| = [33m9.075715e+05[39m
     62 Linear |R| = [33m9.072896e+05[39m
     63 Linear |R| = [33m9.070080e+05[39m
     64 Linear |R| = [33m9.067267e+05[39m
     65 Linear |R| = [33m9.064456e+05[39m
     66 Linear |R| = [33m9.061648e+05[39m
     67 Linear |R| = [33m9.058843e+05[39m
     68 Linear |R| = [33m9.056040e+05[39m
     69 Linear |R| = [33m9.053240e+05[39m
     70 Linear |R| = [33m9.050442e+05[39m
     71 Linear |R| = [33m9.047647e+05[39m
     72 Linear |R| = [33m9.044854e+05[39m
     73 Linear |R| = [33m9.042064e+05[39m
     74 Linear |R| = [33m9.039277e+05[39m
     75 Linear |R| = [33m9.036492e+05[39m
     76 Linear |R| = [33m9.033710e+05[39m
     77 Linear |R| = [33m9.030931e+05[39m
     78 Linear |R| = [33m9.028153e+05[39m
     79 Linear |R| = [33m9.025379e+05[39m
     80 Linear |R| = [33m9.022607e+05[39m
     81 Linear |R| = [33m9.019838e+05[39m
     82 Linear |R| = [33m9.017071e+05[39m
     83 Linear |R| = [33m9.014307e+05[39m
     84 Linear |R| = [33m9.011545e+05[39m
     85 Linear |R| = [33m9.008786e+05[39m
     86 Linear |R| = [33m9.006029e+05[39m
     87 Linear |R| = [33m9.003275e+05[39m
     88 Linear |R| = [33m9.000523e+05[39m
     89 Linear |R| = [33m8.997774e+05[39m
     90 Linear |R| = [33m8.995027e+05[39m
     91 Linear |R| = [33m8.992283e+05[39m
     92 Linear |R| = [33m8.989542e+05[39m
     93 Linear |R| = [33m8.986803e+05[39m
     94 Linear |R| = [33m8.984066e+05[39m
     95 Linear |R| = [33m8.981332e+05[39m
     96 Linear |R| = [33m8.978601e+05[39m
     97 Linear |R| = [33m8.975871e+05[39m
     98 Linear |R| = [33m8.973145e+05[39m
     99 Linear |R| = [33m8.970421e+05[39m
    100 Linear |R| = [33m8.967699e+05[39m
    Linear solve did not converge due to DIVERGED_ITS iterations 100
  Nonlinear solve did not converge due to DIVERGED_FNORM_NAN iterations 2

Solution Invalid Warnings:
--------------------------------------------------------------------------------------------------------------------
|         Object         | Converged | Timestep |   Total  |                        Message                        |
--------------------------------------------------------------------------------------------------------------------
| INSFVMomentumDiffusion |    151905 | 15502878 | 15502878 | Negative face dynamic viscosity has been encountered. |
--------------------------------------------------------------------------------------------------------------------

[33m
*** Warning ***
The solution is not converged due to the solution being invalid.[39m
  Finished Solving                                                                       [[33m292.34 s[39m] [[33m  689 MB[39m]
[31m Solve Did NOT Converge![39m


Solution Invalid Warnings History:
----------------------------------------------------------------------------------------------------------------------------
|                                     Object                                     | Time | Stepinterval Count | Total Count |
----------------------------------------------------------------------------------------------------------------------------
| INSFVMomentumDiffusion : Negative face dynamic viscosity has been encountered. | 0-1  |                  0 |           0 |
----------------------------------------------------------------------------------------------------------------------------
Aborting as solve did not converge

Solve failed, cutting timestep.

Time Step 1, time = 5e-05, dt = 5e-05
 0 Nonlinear |R| = [32m6.004574e+03[39m
      0 Linear |R| = [32m6.004574e+03[39m
